[2024-02-12 10:08:04,785] {taskinstance.py:1159} INFO - Dependencies all met for <TaskInstance: sales_mart_inc.truncate_user_order_log scheduled__2024-02-07T10:05:47.421232+00:00 [queued]>
[2024-02-12 10:08:04,791] {taskinstance.py:1159} INFO - Dependencies all met for <TaskInstance: sales_mart_inc.truncate_user_order_log scheduled__2024-02-07T10:05:47.421232+00:00 [queued]>
[2024-02-12 10:08:04,791] {taskinstance.py:1356} INFO - 
--------------------------------------------------------------------------------
[2024-02-12 10:08:04,792] {taskinstance.py:1357} INFO - Starting attempt 1 of 1
[2024-02-12 10:08:04,792] {taskinstance.py:1358} INFO - 
--------------------------------------------------------------------------------
[2024-02-12 10:08:04,798] {taskinstance.py:1377} INFO - Executing <Task(PostgresOperator): truncate_user_order_log> on 2024-02-07 10:05:47.421232+00:00
[2024-02-12 10:08:04,801] {standard_task_runner.py:52} INFO - Started process 19435 to run task
[2024-02-12 10:08:04,802] {standard_task_runner.py:79} INFO - Running: ['airflow', 'tasks', 'run', 'sales_mart_inc', 'truncate_user_order_log', 'scheduled__2024-02-07T10:05:47.421232+00:00', '--job-id', '419', '--raw', '--subdir', 'DAGS_FOLDER/sales_mart_inc.py', '--cfg-path', '/tmp/tmp4z57fxyh', '--error-file', '/tmp/tmpkmubj5ul']
[2024-02-12 10:08:04,802] {standard_task_runner.py:80} INFO - Job 419: Subtask truncate_user_order_log
[2024-02-12 10:08:04,838] {task_command.py:369} INFO - Running <TaskInstance: sales_mart_inc.truncate_user_order_log scheduled__2024-02-07T10:05:47.421232+00:00 [running]> on host 91766ce79ef0
[2024-02-12 10:08:04,878] {taskinstance.py:1569} INFO - Exporting the following env vars:
AIRFLOW_CTX_DAG_EMAIL=student@example.com
AIRFLOW_CTX_DAG_OWNER=student
AIRFLOW_CTX_DAG_ID=sales_mart_inc
AIRFLOW_CTX_TASK_ID=truncate_user_order_log
AIRFLOW_CTX_EXECUTION_DATE=2024-02-07T10:05:47.421232+00:00
AIRFLOW_CTX_TRY_NUMBER=1
AIRFLOW_CTX_DAG_RUN_ID=scheduled__2024-02-07T10:05:47.421232+00:00
[2024-02-12 10:08:04,883] {base.py:68} INFO - Using connection ID 'postgresql_de' for task execution.
[2024-02-12 10:08:04,888] {sql.py:315} INFO - Running statement: truncate staging.user_order_log;, parameters: None
[2024-02-12 10:08:04,904] {taskinstance.py:1395} INFO - Marking task as SUCCESS. dag_id=sales_mart_inc, task_id=truncate_user_order_log, execution_date=20240207T100547, start_date=20240212T100804, end_date=20240212T100804
[2024-02-12 10:08:04,934] {local_task_job.py:156} INFO - Task exited with return code 0
[2024-02-12 10:08:04,960] {local_task_job.py:273} INFO - 0 downstream tasks scheduled from follow-on schedule check
