[2024-02-12 08:14:32,919] {taskinstance.py:1159} INFO - Dependencies all met for <TaskInstance: sales_mart_inc.get_report scheduled__2024-02-08T08:09:37.968777+00:00 [queued]>
[2024-02-12 08:14:32,925] {taskinstance.py:1159} INFO - Dependencies all met for <TaskInstance: sales_mart_inc.get_report scheduled__2024-02-08T08:09:37.968777+00:00 [queued]>
[2024-02-12 08:14:32,925] {taskinstance.py:1356} INFO - 
--------------------------------------------------------------------------------
[2024-02-12 08:14:32,925] {taskinstance.py:1357} INFO - Starting attempt 1 of 1
[2024-02-12 08:14:32,925] {taskinstance.py:1358} INFO - 
--------------------------------------------------------------------------------
[2024-02-12 08:14:32,930] {taskinstance.py:1377} INFO - Executing <Task(PythonOperator): get_report> on 2024-02-08 08:09:37.968777+00:00
[2024-02-12 08:14:32,933] {standard_task_runner.py:52} INFO - Started process 13539 to run task
[2024-02-12 08:14:32,934] {standard_task_runner.py:79} INFO - Running: ['airflow', 'tasks', 'run', 'sales_mart_inc', 'get_report', 'scheduled__2024-02-08T08:09:37.968777+00:00', '--job-id', '310', '--raw', '--subdir', 'DAGS_FOLDER/sales_mart_inc.py', '--cfg-path', '/tmp/tmpd0romb6z', '--error-file', '/tmp/tmpxrfix47z']
[2024-02-12 08:14:32,935] {standard_task_runner.py:80} INFO - Job 310: Subtask get_report
[2024-02-12 08:14:32,965] {task_command.py:369} INFO - Running <TaskInstance: sales_mart_inc.get_report scheduled__2024-02-08T08:09:37.968777+00:00 [running]> on host 91766ce79ef0
[2024-02-12 08:14:32,999] {taskinstance.py:1569} INFO - Exporting the following env vars:
AIRFLOW_CTX_DAG_EMAIL=student@example.com
AIRFLOW_CTX_DAG_OWNER=student
AIRFLOW_CTX_DAG_ID=sales_mart_inc
AIRFLOW_CTX_TASK_ID=get_report
AIRFLOW_CTX_EXECUTION_DATE=2024-02-08T08:09:37.968777+00:00
AIRFLOW_CTX_TRY_NUMBER=1
AIRFLOW_CTX_DAG_RUN_ID=scheduled__2024-02-08T08:09:37.968777+00:00
[2024-02-12 08:14:33,000] {logging_mixin.py:115} INFO - Making request get_report
[2024-02-12 08:14:33,602] {logging_mixin.py:115} INFO - Response is b'{"task_id":"MjAyNC0wMi0xMlQwODoxNDozMQlkYW1pci1rYWxpbmluNw==","status":"RUNNING","data":{"report_id":null,"start_day":null,"end_date":null,"s3_path":{}}}'
[2024-02-12 08:14:43,990] {logging_mixin.py:115} INFO - Response is b'{"task_id":"MjAyNC0wMi0xMlQwODoxNDozMQlkYW1pci1rYWxpbmluNw==","status":"RUNNING","data":{"report_id":null,"start_day":null,"end_date":null,"s3_path":{}}}'
[2024-02-12 08:14:54,414] {logging_mixin.py:115} INFO - Response is b'{"task_id":"MjAyNC0wMi0xMlQwODoxNDozMQlkYW1pci1rYWxpbmluNw==","status":"RUNNING","data":{"report_id":null,"start_day":null,"end_date":null,"s3_path":{}}}'
[2024-02-12 08:15:04,907] {logging_mixin.py:115} INFO - Response is b'{"task_id":"MjAyNC0wMi0xMlQwODoxNDozMQlkYW1pci1rYWxpbmluNw==","status":"RUNNING","data":{"report_id":null,"start_day":null,"end_date":null,"s3_path":{}}}'
[2024-02-12 08:15:15,456] {logging_mixin.py:115} INFO - Response is b'{"task_id":"MjAyNC0wMi0xMlQwODoxNDozMQlkYW1pci1rYWxpbmluNw==","status":"RUNNING","data":{"report_id":null,"start_day":null,"end_date":null,"s3_path":{}}}'
[2024-02-12 08:15:25,879] {logging_mixin.py:115} INFO - Response is b'{"task_id":"MjAyNC0wMi0xMlQwODoxNDozMQlkYW1pci1rYWxpbmluNw==","status":"RUNNING","data":{"report_id":null,"start_day":null,"end_date":null,"s3_path":{}}}'
[2024-02-12 08:15:39,547] {logging_mixin.py:115} INFO - Response is b'{"task_id":"MjAyNC0wMi0xMlQwODoxNDozMQlkYW1pci1rYWxpbmluNw==","status":"SUCCESS","data":{"report_id":"TWpBeU5DMHdNaTB4TWxRd09Eb3hORG96TVFsa1lXMXBjaTFyWVd4cGJtbHVOdz09","start_day":"2024-01-13 00:00:00","end_date":"2024-02-04 00:00:00","s3_path":{"customer_research":"https://storage.yandexcloud.net/s3-sprint3/cohort_22/damir-kalinin7/project/TWpBeU5DMHdNaTB4TWxRd09Eb3hORG96TVFsa1lXMXBjaTFyWVd4cGJtbHVOdz09/customer_research.csv","user_order_log":"https://storage.yandexcloud.net/s3-sprint3/cohort_22/damir-kalinin7/project/TWpBeU5DMHdNaTB4TWxRd09Eb3hORG96TVFsa1lXMXBjaTFyWVd4cGJtbHVOdz09/user_order_log.csv","user_activity_log":"https://storage.yandexcloud.net/s3-sprint3/cohort_22/damir-kalinin7/project/TWpBeU5DMHdNaTB4TWxRd09Eb3hORG96TVFsa1lXMXBjaTFyWVd4cGJtbHVOdz09/user_activity_log.csv","price_log":"https://storage.yandexcloud.net/s3-sprint3/cohort_22/damir-kalinin7/project/TWpBeU5DMHdNaTB4TWxRd09Eb3hORG96TVFsa1lXMXBjaTFyWVd4cGJtbHVOdz09/price_log.csv"}}}'
[2024-02-12 08:15:39,559] {logging_mixin.py:115} INFO - Report_id=TWpBeU5DMHdNaTB4TWxRd09Eb3hORG96TVFsa1lXMXBjaTFyWVd4cGJtbHVOdz09
[2024-02-12 08:15:39,559] {python.py:173} INFO - Done. Returned value was: None
[2024-02-12 08:15:39,566] {taskinstance.py:1395} INFO - Marking task as SUCCESS. dag_id=sales_mart_inc, task_id=get_report, execution_date=20240208T080937, start_date=20240212T081432, end_date=20240212T081539
[2024-02-12 08:15:39,586] {local_task_job.py:156} INFO - Task exited with return code 0
[2024-02-12 08:15:39,614] {local_task_job.py:273} INFO - 1 downstream tasks scheduled from follow-on schedule check
