[2024-02-12 13:59:56,915] {taskinstance.py:1159} INFO - Dependencies all met for <TaskInstance: sales_mart.truncate_customer_research manual__2024-02-12T13:59:54.803582+00:00 [queued]>
[2024-02-12 13:59:56,920] {taskinstance.py:1159} INFO - Dependencies all met for <TaskInstance: sales_mart.truncate_customer_research manual__2024-02-12T13:59:54.803582+00:00 [queued]>
[2024-02-12 13:59:56,920] {taskinstance.py:1356} INFO - 
--------------------------------------------------------------------------------
[2024-02-12 13:59:56,920] {taskinstance.py:1357} INFO - Starting attempt 1 of 1
[2024-02-12 13:59:56,920] {taskinstance.py:1358} INFO - 
--------------------------------------------------------------------------------
[2024-02-12 13:59:56,925] {taskinstance.py:1377} INFO - Executing <Task(PostgresOperator): truncate_customer_research> on 2024-02-12 13:59:54.803582+00:00
[2024-02-12 13:59:56,928] {standard_task_runner.py:52} INFO - Started process 26741 to run task
[2024-02-12 13:59:56,930] {standard_task_runner.py:79} INFO - Running: ['airflow', 'tasks', 'run', 'sales_mart', 'truncate_customer_research', 'manual__2024-02-12T13:59:54.803582+00:00', '--job-id', '507', '--raw', '--subdir', 'DAGS_FOLDER/sales_mart.py', '--cfg-path', '/tmp/tmpodoaqpgt', '--error-file', '/tmp/tmpi2_qz1gb']
[2024-02-12 13:59:56,930] {standard_task_runner.py:80} INFO - Job 507: Subtask truncate_customer_research
[2024-02-12 13:59:56,962] {task_command.py:369} INFO - Running <TaskInstance: sales_mart.truncate_customer_research manual__2024-02-12T13:59:54.803582+00:00 [running]> on host 91766ce79ef0
[2024-02-12 13:59:57,001] {taskinstance.py:1569} INFO - Exporting the following env vars:
AIRFLOW_CTX_DAG_EMAIL=student@example.com
AIRFLOW_CTX_DAG_OWNER=student
AIRFLOW_CTX_DAG_ID=sales_mart
AIRFLOW_CTX_TASK_ID=truncate_customer_research
AIRFLOW_CTX_EXECUTION_DATE=2024-02-12T13:59:54.803582+00:00
AIRFLOW_CTX_TRY_NUMBER=1
AIRFLOW_CTX_DAG_RUN_ID=manual__2024-02-12T13:59:54.803582+00:00
[2024-02-12 13:59:57,007] {base.py:68} INFO - Using connection ID 'postgresql_de' for task execution.
[2024-02-12 13:59:57,011] {sql.py:315} INFO - Running statement: truncate staging.customer_research;, parameters: None
[2024-02-12 13:59:57,021] {taskinstance.py:1395} INFO - Marking task as SUCCESS. dag_id=sales_mart, task_id=truncate_customer_research, execution_date=20240212T135954, start_date=20240212T135956, end_date=20240212T135957
[2024-02-12 13:59:57,062] {local_task_job.py:156} INFO - Task exited with return code 0
[2024-02-12 13:59:57,087] {local_task_job.py:273} INFO - 0 downstream tasks scheduled from follow-on schedule check
