[2024-02-11 22:25:46,246] {taskinstance.py:1159} INFO - Dependencies all met for <TaskInstance: sales_mart.upload_customer_research_inc scheduled__2024-02-08T22:18:04.422328+00:00 [queued]>
[2024-02-11 22:25:46,250] {taskinstance.py:1159} INFO - Dependencies all met for <TaskInstance: sales_mart.upload_customer_research_inc scheduled__2024-02-08T22:18:04.422328+00:00 [queued]>
[2024-02-11 22:25:46,250] {taskinstance.py:1356} INFO - 
--------------------------------------------------------------------------------
[2024-02-11 22:25:46,250] {taskinstance.py:1357} INFO - Starting attempt 1 of 1
[2024-02-11 22:25:46,251] {taskinstance.py:1358} INFO - 
--------------------------------------------------------------------------------
[2024-02-11 22:25:46,256] {taskinstance.py:1377} INFO - Executing <Task(PythonOperator): upload_customer_research_inc> on 2024-02-08 22:18:04.422328+00:00
[2024-02-11 22:25:46,260] {standard_task_runner.py:52} INFO - Started process 41415 to run task
[2024-02-11 22:25:46,261] {standard_task_runner.py:79} INFO - Running: ['airflow', 'tasks', 'run', 'sales_mart', 'upload_customer_research_inc', 'scheduled__2024-02-08T22:18:04.422328+00:00', '--job-id', '999', '--raw', '--subdir', 'DAGS_FOLDER/sprint3 copy.py', '--cfg-path', '/tmp/tmpnz13xdmk', '--error-file', '/tmp/tmp2zwyqi7n']
[2024-02-11 22:25:46,261] {standard_task_runner.py:80} INFO - Job 999: Subtask upload_customer_research_inc
[2024-02-11 22:25:46,295] {task_command.py:369} INFO - Running <TaskInstance: sales_mart.upload_customer_research_inc scheduled__2024-02-08T22:18:04.422328+00:00 [running]> on host 2a8d1eb5116f
[2024-02-11 22:25:46,333] {taskinstance.py:1569} INFO - Exporting the following env vars:
AIRFLOW_CTX_DAG_EMAIL=student@example.com
AIRFLOW_CTX_DAG_OWNER=student
AIRFLOW_CTX_DAG_ID=sales_mart
AIRFLOW_CTX_TASK_ID=upload_customer_research_inc
AIRFLOW_CTX_EXECUTION_DATE=2024-02-08T22:18:04.422328+00:00
AIRFLOW_CTX_TRY_NUMBER=1
AIRFLOW_CTX_DAG_RUN_ID=scheduled__2024-02-08T22:18:04.422328+00:00
[2024-02-11 22:25:46,340] {logging_mixin.py:115} INFO - https://storage.yandexcloud.net/s3-sprint3/cohort_22/damir-kalinin7/project/MjAyNC0wMi0wOFQwMDowMDowMAlUV3BCZVU1RE1IZE5hVEI0VFZaUmVVMXFiM2xPUkc5NVRrRnNhMWxYTVhCamFURnlXVmQ0Y0dKdGJIVk9kejA5/customer_research_inc.csv
[2024-02-11 22:25:46,340] {logging_mixin.py:115} INFO - 20240208_customer_research_inc.csv
[2024-02-11 22:25:46,636] {logging_mixin.py:115} INFO - b'date_id,category_id,geo_id,sales_qty,sales_amt\r\n2024-02-08T00:00:00,1001,1,8,4416\r\n2024-02-08T00:00:00,1001,2,7,3864\r\n2024-02-08T00:00:00,1001,3,2,1104\r\n2024-02-08T00:00:00,1002,1,2,1104\r\n2024-02-08T00:00:00,1002,2,4,2208\r\n2024-02-08T00:00:00,1002,3,6,3312\r\n2024-02-08T00:00:00,1003,1,0,0\r\n2024-02-08T00:00:00,1003,2,1,552\r\n2024-02-08T00:00:00,1003,3,1,552\r\n2024-02-08T00:00:00,1004,1,8,4416\r\n2024-02-08T00:00:00,1004,2,2,1104\r\n2024-02-08T00:00:00,1004,3,5,2760\r\n2024-02-08T00:00:00,1005,1,1,552\r\n2024-02-08T00:00:00,1005,2,1,552\r\n2024-02-08T00:00:00,1005,3,4,2208\r\n2024-02-08T00:00:00,1006,1,0,0\r\n2024-02-08T00:00:00,1006,2,3,1656\r\n2024-02-08T00:00:00,1006,3,3,1656\r\n2024-02-08T00:00:00,1007,1,4,2208\r\n2024-02-08T00:00:00,1007,2,3,1656\r\n2024-02-08T00:00:00,1007,3,9,4968\r\n2024-02-08T00:00:00,1008,1,2,1104\r\n2024-02-08T00:00:00,1008,2,4,2208\r\n2024-02-08T00:00:00,1008,3,3,1656\r\n2024-02-08T00:00:00,1009,1,3,1656\r\n2024-02-08T00:00:00,1009,2,1,552\r\n2024-02-08T00:00:00,1009,3,4,2208\r\n2024-02-08T00:00:00,1010,1,2,1104\r\n2024-02-08T00:00:00,1010,2,7,3864\r\n2024-02-08T00:00:00,1010,3,6,3312\r\n'
[2024-02-11 22:25:46,640] {logging_mixin.py:115} INFO - Index(['date_id', 'category_id', 'geo_id', 'sales_qty', 'sales_amt'], dtype='object')
[2024-02-11 22:25:46,646] {base.py:68} INFO - Using connection ID 'postgresql_de' for task execution.
[2024-02-11 22:25:46,660] {logging_mixin.py:115} INFO - 30 rows was inserted
[2024-02-11 22:25:46,660] {python.py:173} INFO - Done. Returned value was: None
[2024-02-11 22:25:46,668] {taskinstance.py:1395} INFO - Marking task as SUCCESS. dag_id=sales_mart, task_id=upload_customer_research_inc, execution_date=20240208T221804, start_date=20240211T222546, end_date=20240211T222546
[2024-02-11 22:25:46,715] {local_task_job.py:156} INFO - Task exited with return code 0
[2024-02-11 22:25:46,731] {local_task_job.py:273} INFO - 0 downstream tasks scheduled from follow-on schedule check
