[2024-02-12 07:32:59,748] {taskinstance.py:1159} INFO - Dependencies all met for <TaskInstance: sales_mart_inc.generate_report scheduled__2024-02-07T07:30:05.907678+00:00 [queued]>
[2024-02-12 07:32:59,752] {taskinstance.py:1159} INFO - Dependencies all met for <TaskInstance: sales_mart_inc.generate_report scheduled__2024-02-07T07:30:05.907678+00:00 [queued]>
[2024-02-12 07:32:59,752] {taskinstance.py:1356} INFO - 
--------------------------------------------------------------------------------
[2024-02-12 07:32:59,752] {taskinstance.py:1357} INFO - Starting attempt 1 of 1
[2024-02-12 07:32:59,752] {taskinstance.py:1358} INFO - 
--------------------------------------------------------------------------------
[2024-02-12 07:32:59,758] {taskinstance.py:1377} INFO - Executing <Task(PythonOperator): generate_report> on 2024-02-07 07:30:05.907678+00:00
[2024-02-12 07:32:59,760] {standard_task_runner.py:52} INFO - Started process 4450 to run task
[2024-02-12 07:32:59,762] {standard_task_runner.py:79} INFO - Running: ['airflow', 'tasks', 'run', 'sales_mart_inc', 'generate_report', 'scheduled__2024-02-07T07:30:05.907678+00:00', '--job-id', '74', '--raw', '--subdir', 'DAGS_FOLDER/sprint3 copy 2.py', '--cfg-path', '/tmp/tmpex79ipti', '--error-file', '/tmp/tmpx5u9tf0m']
[2024-02-12 07:32:59,762] {standard_task_runner.py:80} INFO - Job 74: Subtask generate_report
[2024-02-12 07:32:59,790] {task_command.py:369} INFO - Running <TaskInstance: sales_mart_inc.generate_report scheduled__2024-02-07T07:30:05.907678+00:00 [running]> on host 91766ce79ef0
[2024-02-12 07:32:59,821] {taskinstance.py:1569} INFO - Exporting the following env vars:
AIRFLOW_CTX_DAG_EMAIL=student@example.com
AIRFLOW_CTX_DAG_OWNER=student
AIRFLOW_CTX_DAG_ID=sales_mart_inc
AIRFLOW_CTX_TASK_ID=generate_report
AIRFLOW_CTX_EXECUTION_DATE=2024-02-07T07:30:05.907678+00:00
AIRFLOW_CTX_TRY_NUMBER=1
AIRFLOW_CTX_DAG_RUN_ID=scheduled__2024-02-07T07:30:05.907678+00:00
[2024-02-12 07:32:59,821] {logging_mixin.py:115} INFO - Making request generate_report
[2024-02-12 07:33:00,241] {logging_mixin.py:115} INFO - Response is b'{"task_id":"MjAyNC0wMi0xMlQwNzozMzowMAlkYW1pci1rYWxpbmluNw=="}'
[2024-02-12 07:33:00,241] {python.py:173} INFO - Done. Returned value was: None
[2024-02-12 07:33:00,250] {taskinstance.py:1395} INFO - Marking task as SUCCESS. dag_id=sales_mart_inc, task_id=generate_report, execution_date=20240207T073005, start_date=20240212T073259, end_date=20240212T073300
[2024-02-12 07:33:00,296] {local_task_job.py:156} INFO - Task exited with return code 0
[2024-02-12 07:33:00,323] {local_task_job.py:273} INFO - 1 downstream tasks scheduled from follow-on schedule check
