[2024-02-12 07:31:34,671] {taskinstance.py:1159} INFO - Dependencies all met for <TaskInstance: sales_mart_inc.truncate_user_activity_log scheduled__2024-02-06T07:30:05.907678+00:00 [queued]>
[2024-02-12 07:31:34,676] {taskinstance.py:1159} INFO - Dependencies all met for <TaskInstance: sales_mart_inc.truncate_user_activity_log scheduled__2024-02-06T07:30:05.907678+00:00 [queued]>
[2024-02-12 07:31:34,676] {taskinstance.py:1356} INFO - 
--------------------------------------------------------------------------------
[2024-02-12 07:31:34,676] {taskinstance.py:1357} INFO - Starting attempt 1 of 1
[2024-02-12 07:31:34,676] {taskinstance.py:1358} INFO - 
--------------------------------------------------------------------------------
[2024-02-12 07:31:34,682] {taskinstance.py:1377} INFO - Executing <Task(PostgresOperator): truncate_user_activity_log> on 2024-02-06 07:30:05.907678+00:00
[2024-02-12 07:31:34,684] {standard_task_runner.py:52} INFO - Started process 3942 to run task
[2024-02-12 07:31:34,686] {standard_task_runner.py:79} INFO - Running: ['airflow', 'tasks', 'run', 'sales_mart_inc', 'truncate_user_activity_log', 'scheduled__2024-02-06T07:30:05.907678+00:00', '--job-id', '60', '--raw', '--subdir', 'DAGS_FOLDER/sprint3 copy 2.py', '--cfg-path', '/tmp/tmp4s8gz8nf', '--error-file', '/tmp/tmproiuu8r7']
[2024-02-12 07:31:34,686] {standard_task_runner.py:80} INFO - Job 60: Subtask truncate_user_activity_log
[2024-02-12 07:31:34,715] {task_command.py:369} INFO - Running <TaskInstance: sales_mart_inc.truncate_user_activity_log scheduled__2024-02-06T07:30:05.907678+00:00 [running]> on host 91766ce79ef0
[2024-02-12 07:31:34,748] {taskinstance.py:1569} INFO - Exporting the following env vars:
AIRFLOW_CTX_DAG_EMAIL=student@example.com
AIRFLOW_CTX_DAG_OWNER=student
AIRFLOW_CTX_DAG_ID=sales_mart_inc
AIRFLOW_CTX_TASK_ID=truncate_user_activity_log
AIRFLOW_CTX_EXECUTION_DATE=2024-02-06T07:30:05.907678+00:00
AIRFLOW_CTX_TRY_NUMBER=1
AIRFLOW_CTX_DAG_RUN_ID=scheduled__2024-02-06T07:30:05.907678+00:00
[2024-02-12 07:31:34,754] {base.py:68} INFO - Using connection ID 'postgresql_de' for task execution.
[2024-02-12 07:31:34,757] {sql.py:315} INFO - Running statement: truncate staging.user_activity_log;, parameters: None
[2024-02-12 07:31:34,766] {taskinstance.py:1395} INFO - Marking task as SUCCESS. dag_id=sales_mart_inc, task_id=truncate_user_activity_log, execution_date=20240206T073005, start_date=20240212T073134, end_date=20240212T073134
[2024-02-12 07:31:34,777] {local_task_job.py:156} INFO - Task exited with return code 0
[2024-02-12 07:31:34,806] {local_task_job.py:273} INFO - 0 downstream tasks scheduled from follow-on schedule check
