[2024-02-11 19:02:08,387] {taskinstance.py:1159} INFO - Dependencies all met for <TaskInstance: sales_mart.get_increment scheduled__2024-02-05T18:59:21.955301+00:00 [queued]>
[2024-02-11 19:02:08,395] {taskinstance.py:1159} INFO - Dependencies all met for <TaskInstance: sales_mart.get_increment scheduled__2024-02-05T18:59:21.955301+00:00 [queued]>
[2024-02-11 19:02:08,395] {taskinstance.py:1356} INFO - 
--------------------------------------------------------------------------------
[2024-02-11 19:02:08,395] {taskinstance.py:1357} INFO - Starting attempt 1 of 1
[2024-02-11 19:02:08,396] {taskinstance.py:1358} INFO - 
--------------------------------------------------------------------------------
[2024-02-11 19:02:08,404] {taskinstance.py:1377} INFO - Executing <Task(PythonOperator): get_increment> on 2024-02-05 18:59:21.955301+00:00
[2024-02-11 19:02:08,407] {standard_task_runner.py:52} INFO - Started process 13287 to run task
[2024-02-11 19:02:08,410] {standard_task_runner.py:79} INFO - Running: ['airflow', 'tasks', 'run', 'sales_mart', 'get_increment', 'scheduled__2024-02-05T18:59:21.955301+00:00', '--job-id', '290', '--raw', '--subdir', 'DAGS_FOLDER/sprint3.py', '--cfg-path', '/tmp/tmpfp7rc86c', '--error-file', '/tmp/tmprd4oyzw7']
[2024-02-11 19:02:08,410] {standard_task_runner.py:80} INFO - Job 290: Subtask get_increment
[2024-02-11 19:02:08,457] {task_command.py:369} INFO - Running <TaskInstance: sales_mart.get_increment scheduled__2024-02-05T18:59:21.955301+00:00 [running]> on host 2a8d1eb5116f
[2024-02-11 19:02:08,495] {taskinstance.py:1569} INFO - Exporting the following env vars:
AIRFLOW_CTX_DAG_EMAIL=student@example.com
AIRFLOW_CTX_DAG_OWNER=student
AIRFLOW_CTX_DAG_ID=sales_mart
AIRFLOW_CTX_TASK_ID=get_increment
AIRFLOW_CTX_EXECUTION_DATE=2024-02-05T18:59:21.955301+00:00
AIRFLOW_CTX_TRY_NUMBER=1
AIRFLOW_CTX_DAG_RUN_ID=scheduled__2024-02-05T18:59:21.955301+00:00
[2024-02-11 19:02:08,496] {logging_mixin.py:115} INFO - Making request get_increment
[2024-02-11 19:02:10,686] {logging_mixin.py:115} INFO - Response is b'{"report_id":"TWpBeU5DMHdNaTB4TVZReE9EbzFPVG8xTkFsa1lXMXBjaTFyWVd4cGJtbHVOdz09","date":"2024-02-05 00:00:00","status":"SUCCESS","data":{"increment_id":"MjAyNC0wMi0wNVQwMDowMDowMAlUV3BCZVU1RE1IZE5hVEI0VFZaUmVFOUViekZQVkc4eFRrRnNhMWxYTVhCamFURnlXVmQ0Y0dKdGJIVk9kejA5","s3_path":{"customer_research_inc":"https://storage.yandexcloud.net/s3-sprint3/cohort_22/damir-kalinin7/project/MjAyNC0wMi0wNVQwMDowMDowMAlUV3BCZVU1RE1IZE5hVEI0VFZaUmVFOUViekZQVkc4eFRrRnNhMWxYTVhCamFURnlXVmQ0Y0dKdGJIVk9kejA5/customer_research_inc.csv","user_order_log_inc":"https://storage.yandexcloud.net/s3-sprint3/cohort_22/damir-kalinin7/project/MjAyNC0wMi0wNVQwMDowMDowMAlUV3BCZVU1RE1IZE5hVEI0VFZaUmVFOUViekZQVkc4eFRrRnNhMWxYTVhCamFURnlXVmQ0Y0dKdGJIVk9kejA5/user_order_log_inc.csv","user_activity_log_inc":"https://storage.yandexcloud.net/s3-sprint3/cohort_22/damir-kalinin7/project/MjAyNC0wMi0wNVQwMDowMDowMAlUV3BCZVU1RE1IZE5hVEI0VFZaUmVFOUViekZQVkc4eFRrRnNhMWxYTVhCamFURnlXVmQ0Y0dKdGJIVk9kejA5/user_activity_log_inc.csv","price_log_inc":"https://storage.yandexcloud.net/s3-sprint3/cohort_22/damir-kalinin7/project/TWpBeU5DMHdNaTB4TVZReE9EbzFPVG8xTkFsa1lXMXBjaTFyWVd4cGJtbHVOdz09/price_log_inc.csv"}}}'
[2024-02-11 19:02:10,699] {logging_mixin.py:115} INFO - increment_id=MjAyNC0wMi0wNVQwMDowMDowMAlUV3BCZVU1RE1IZE5hVEI0VFZaUmVFOUViekZQVkc4eFRrRnNhMWxYTVhCamFURnlXVmQ0Y0dKdGJIVk9kejA5
[2024-02-11 19:02:10,699] {python.py:173} INFO - Done. Returned value was: None
[2024-02-11 19:02:10,707] {taskinstance.py:1395} INFO - Marking task as SUCCESS. dag_id=sales_mart, task_id=get_increment, execution_date=20240205T185921, start_date=20240211T190208, end_date=20240211T190210
[2024-02-11 19:02:10,750] {local_task_job.py:156} INFO - Task exited with return code 0
[2024-02-11 19:02:10,772] {local_task_job.py:273} INFO - 2 downstream tasks scheduled from follow-on schedule check
