[2024-02-11 18:42:38,038] {taskinstance.py:1159} INFO - Dependencies all met for <TaskInstance: sales_mart.get_report scheduled__2024-02-04T18:42:14.555547+00:00 [queued]>
[2024-02-11 18:42:38,045] {taskinstance.py:1159} INFO - Dependencies all met for <TaskInstance: sales_mart.get_report scheduled__2024-02-04T18:42:14.555547+00:00 [queued]>
[2024-02-11 18:42:38,045] {taskinstance.py:1356} INFO - 
--------------------------------------------------------------------------------
[2024-02-11 18:42:38,045] {taskinstance.py:1357} INFO - Starting attempt 1 of 1
[2024-02-11 18:42:38,045] {taskinstance.py:1358} INFO - 
--------------------------------------------------------------------------------
[2024-02-11 18:42:38,053] {taskinstance.py:1377} INFO - Executing <Task(PythonOperator): get_report> on 2024-02-04 18:42:14.555547+00:00
[2024-02-11 18:42:38,056] {standard_task_runner.py:52} INFO - Started process 10429 to run task
[2024-02-11 18:42:38,057] {standard_task_runner.py:79} INFO - Running: ['airflow', 'tasks', 'run', 'sales_mart', 'get_report', 'scheduled__2024-02-04T18:42:14.555547+00:00', '--job-id', '213', '--raw', '--subdir', 'DAGS_FOLDER/sprint3.py', '--cfg-path', '/tmp/tmp2k13ycnm', '--error-file', '/tmp/tmpt360eynd']
[2024-02-11 18:42:38,057] {standard_task_runner.py:80} INFO - Job 213: Subtask get_report
[2024-02-11 18:42:38,089] {task_command.py:369} INFO - Running <TaskInstance: sales_mart.get_report scheduled__2024-02-04T18:42:14.555547+00:00 [running]> on host 2a8d1eb5116f
[2024-02-11 18:42:38,123] {taskinstance.py:1569} INFO - Exporting the following env vars:
AIRFLOW_CTX_DAG_EMAIL=student@example.com
AIRFLOW_CTX_DAG_OWNER=student
AIRFLOW_CTX_DAG_ID=sales_mart
AIRFLOW_CTX_TASK_ID=get_report
AIRFLOW_CTX_EXECUTION_DATE=2024-02-04T18:42:14.555547+00:00
AIRFLOW_CTX_TRY_NUMBER=1
AIRFLOW_CTX_DAG_RUN_ID=scheduled__2024-02-04T18:42:14.555547+00:00
[2024-02-11 18:42:38,124] {logging_mixin.py:115} INFO - Making request get_report
[2024-02-11 18:42:38,902] {logging_mixin.py:115} INFO - Response is b'{"task_id":"MjAyNC0wMi0xMVQxODo0MjozMAlkYW1pci1rYWxpbmluNw==","status":"RUNNING","data":{"report_id":null,"start_day":null,"end_date":null,"s3_path":{}}}'
[2024-02-11 18:42:49,302] {logging_mixin.py:115} INFO - Response is b'{"task_id":"MjAyNC0wMi0xMVQxODo0MjozMAlkYW1pci1rYWxpbmluNw==","status":"RUNNING","data":{"report_id":null,"start_day":null,"end_date":null,"s3_path":{}}}'
[2024-02-11 18:42:59,532] {logging_mixin.py:115} INFO - Response is b'{"task_id":"MjAyNC0wMi0xMVQxODo0MjozMAlkYW1pci1rYWxpbmluNw==","status":"RUNNING","data":{"report_id":null,"start_day":null,"end_date":null,"s3_path":{}}}'
[2024-02-11 18:43:09,807] {logging_mixin.py:115} INFO - Response is b'{"task_id":"MjAyNC0wMi0xMVQxODo0MjozMAlkYW1pci1rYWxpbmluNw==","status":"RUNNING","data":{"report_id":null,"start_day":null,"end_date":null,"s3_path":{}}}'
[2024-02-11 18:43:20,180] {logging_mixin.py:115} INFO - Response is b'{"task_id":"MjAyNC0wMi0xMVQxODo0MjozMAlkYW1pci1rYWxpbmluNw==","status":"RUNNING","data":{"report_id":null,"start_day":null,"end_date":null,"s3_path":{}}}'
[2024-02-11 18:43:33,505] {logging_mixin.py:115} INFO - Response is b'{"task_id":"MjAyNC0wMi0xMVQxODo0MjozMAlkYW1pci1rYWxpbmluNw==","status":"SUCCESS","data":{"report_id":"TWpBeU5DMHdNaTB4TVZReE9EbzBNam96TUFsa1lXMXBjaTFyWVd4cGJtbHVOdz09","start_day":"2024-01-12 00:00:00","end_date":"2024-02-03 00:00:00","s3_path":{"customer_research":"https://storage.yandexcloud.net/s3-sprint3/cohort_22/damir-kalinin7/project/TWpBeU5DMHdNaTB4TVZReE9EbzBNam96TUFsa1lXMXBjaTFyWVd4cGJtbHVOdz09/customer_research.csv","user_order_log":"https://storage.yandexcloud.net/s3-sprint3/cohort_22/damir-kalinin7/project/TWpBeU5DMHdNaTB4TVZReE9EbzBNam96TUFsa1lXMXBjaTFyWVd4cGJtbHVOdz09/user_order_log.csv","user_activity_log":"https://storage.yandexcloud.net/s3-sprint3/cohort_22/damir-kalinin7/project/TWpBeU5DMHdNaTB4TVZReE9EbzBNam96TUFsa1lXMXBjaTFyWVd4cGJtbHVOdz09/user_activity_log.csv","price_log":"https://storage.yandexcloud.net/s3-sprint3/cohort_22/damir-kalinin7/project/TWpBeU5DMHdNaTB4TVZReE9EbzBNam96TUFsa1lXMXBjaTFyWVd4cGJtbHVOdz09/price_log.csv"}}}'
[2024-02-11 18:43:33,516] {logging_mixin.py:115} INFO - Report_id=TWpBeU5DMHdNaTB4TVZReE9EbzBNam96TUFsa1lXMXBjaTFyWVd4cGJtbHVOdz09
[2024-02-11 18:43:33,516] {python.py:173} INFO - Done. Returned value was: None
[2024-02-11 18:43:33,524] {taskinstance.py:1395} INFO - Marking task as SUCCESS. dag_id=sales_mart, task_id=get_report, execution_date=20240204T184214, start_date=20240211T184238, end_date=20240211T184333
[2024-02-11 18:43:33,558] {local_task_job.py:156} INFO - Task exited with return code 0
[2024-02-11 18:43:33,584] {local_task_job.py:273} INFO - 1 downstream tasks scheduled from follow-on schedule check
