[2024-02-12 09:51:17,559] {taskinstance.py:1159} INFO - Dependencies all met for <TaskInstance: sales_mart.get_report manual__2024-02-12T09:51:07.647434+00:00 [queued]>
[2024-02-12 09:51:17,564] {taskinstance.py:1159} INFO - Dependencies all met for <TaskInstance: sales_mart.get_report manual__2024-02-12T09:51:07.647434+00:00 [queued]>
[2024-02-12 09:51:17,564] {taskinstance.py:1356} INFO - 
--------------------------------------------------------------------------------
[2024-02-12 09:51:17,564] {taskinstance.py:1357} INFO - Starting attempt 1 of 1
[2024-02-12 09:51:17,564] {taskinstance.py:1358} INFO - 
--------------------------------------------------------------------------------
[2024-02-12 09:51:17,569] {taskinstance.py:1377} INFO - Executing <Task(PythonOperator): get_report> on 2024-02-12 09:51:07.647434+00:00
[2024-02-12 09:51:17,572] {standard_task_runner.py:52} INFO - Started process 17404 to run task
[2024-02-12 09:51:17,574] {standard_task_runner.py:79} INFO - Running: ['airflow', 'tasks', 'run', 'sales_mart', 'get_report', 'manual__2024-02-12T09:51:07.647434+00:00', '--job-id', '370', '--raw', '--subdir', 'DAGS_FOLDER/sales_mart.py', '--cfg-path', '/tmp/tmpbori7x57', '--error-file', '/tmp/tmp007b0l5s']
[2024-02-12 09:51:17,574] {standard_task_runner.py:80} INFO - Job 370: Subtask get_report
[2024-02-12 09:51:17,603] {task_command.py:369} INFO - Running <TaskInstance: sales_mart.get_report manual__2024-02-12T09:51:07.647434+00:00 [running]> on host 91766ce79ef0
[2024-02-12 09:51:17,636] {taskinstance.py:1569} INFO - Exporting the following env vars:
AIRFLOW_CTX_DAG_EMAIL=student@example.com
AIRFLOW_CTX_DAG_OWNER=student
AIRFLOW_CTX_DAG_ID=sales_mart
AIRFLOW_CTX_TASK_ID=get_report
AIRFLOW_CTX_EXECUTION_DATE=2024-02-12T09:51:07.647434+00:00
AIRFLOW_CTX_TRY_NUMBER=1
AIRFLOW_CTX_DAG_RUN_ID=manual__2024-02-12T09:51:07.647434+00:00
[2024-02-12 09:51:17,637] {logging_mixin.py:115} INFO - Making request get_report
[2024-02-12 09:51:18,875] {logging_mixin.py:115} INFO - Response is b'{"task_id":"MjAyNC0wMi0xMlQwOTo1MToxNglkYW1pci1rYWxpbmluNw==","status":"RUNNING","data":{"report_id":null,"start_day":null,"end_date":null,"s3_path":{}}}'
[2024-02-12 09:51:29,241] {logging_mixin.py:115} INFO - Response is b'{"task_id":"MjAyNC0wMi0xMlQwOTo1MToxNglkYW1pci1rYWxpbmluNw==","status":"RUNNING","data":{"report_id":null,"start_day":null,"end_date":null,"s3_path":{}}}'
[2024-02-12 09:51:39,656] {logging_mixin.py:115} INFO - Response is b'{"task_id":"MjAyNC0wMi0xMlQwOTo1MToxNglkYW1pci1rYWxpbmluNw==","status":"RUNNING","data":{"report_id":null,"start_day":null,"end_date":null,"s3_path":{}}}'
[2024-02-12 09:51:50,031] {logging_mixin.py:115} INFO - Response is b'{"task_id":"MjAyNC0wMi0xMlQwOTo1MToxNglkYW1pci1rYWxpbmluNw==","status":"RUNNING","data":{"report_id":null,"start_day":null,"end_date":null,"s3_path":{}}}'
[2024-02-12 09:52:00,438] {logging_mixin.py:115} INFO - Response is b'{"task_id":"MjAyNC0wMi0xMlQwOTo1MToxNglkYW1pci1rYWxpbmluNw==","status":"RUNNING","data":{"report_id":null,"start_day":null,"end_date":null,"s3_path":{}}}'
[2024-02-12 09:52:10,904] {logging_mixin.py:115} INFO - Response is b'{"task_id":"MjAyNC0wMi0xMlQwOTo1MToxNglkYW1pci1rYWxpbmluNw==","status":"RUNNING","data":{"report_id":null,"start_day":null,"end_date":null,"s3_path":{}}}'
[2024-02-12 09:52:25,173] {logging_mixin.py:115} INFO - Response is b'{"task_id":"MjAyNC0wMi0xMlQwOTo1MToxNglkYW1pci1rYWxpbmluNw==","status":"SUCCESS","data":{"report_id":"TWpBeU5DMHdNaTB4TWxRd09UbzFNVG94Tmdsa1lXMXBjaTFyWVd4cGJtbHVOdz09","start_day":"2024-01-13 00:00:00","end_date":"2024-02-04 00:00:00","s3_path":{"customer_research":"https://storage.yandexcloud.net/s3-sprint3/cohort_22/damir-kalinin7/project/TWpBeU5DMHdNaTB4TWxRd09UbzFNVG94Tmdsa1lXMXBjaTFyWVd4cGJtbHVOdz09/customer_research.csv","user_order_log":"https://storage.yandexcloud.net/s3-sprint3/cohort_22/damir-kalinin7/project/TWpBeU5DMHdNaTB4TWxRd09UbzFNVG94Tmdsa1lXMXBjaTFyWVd4cGJtbHVOdz09/user_order_log.csv","user_activity_log":"https://storage.yandexcloud.net/s3-sprint3/cohort_22/damir-kalinin7/project/TWpBeU5DMHdNaTB4TWxRd09UbzFNVG94Tmdsa1lXMXBjaTFyWVd4cGJtbHVOdz09/user_activity_log.csv","price_log":"https://storage.yandexcloud.net/s3-sprint3/cohort_22/damir-kalinin7/project/TWpBeU5DMHdNaTB4TWxRd09UbzFNVG94Tmdsa1lXMXBjaTFyWVd4cGJtbHVOdz09/price_log.csv"}}}'
[2024-02-12 09:52:25,186] {logging_mixin.py:115} INFO - Report_id=TWpBeU5DMHdNaTB4TWxRd09UbzFNVG94Tmdsa1lXMXBjaTFyWVd4cGJtbHVOdz09
[2024-02-12 09:52:25,186] {python.py:173} INFO - Done. Returned value was: None
[2024-02-12 09:52:25,195] {taskinstance.py:1395} INFO - Marking task as SUCCESS. dag_id=sales_mart, task_id=get_report, execution_date=20240212T095107, start_date=20240212T095117, end_date=20240212T095225
[2024-02-12 09:52:25,215] {local_task_job.py:156} INFO - Task exited with return code 0
[2024-02-12 09:52:25,239] {local_task_job.py:273} INFO - 4 downstream tasks scheduled from follow-on schedule check
