[2024-02-12 09:59:56,471] {taskinstance.py:1159} INFO - Dependencies all met for <TaskInstance: sales_mart.generate_report manual__2024-02-12T09:59:49.063603+00:00 [queued]>
[2024-02-12 09:59:56,476] {taskinstance.py:1159} INFO - Dependencies all met for <TaskInstance: sales_mart.generate_report manual__2024-02-12T09:59:49.063603+00:00 [queued]>
[2024-02-12 09:59:56,476] {taskinstance.py:1356} INFO - 
--------------------------------------------------------------------------------
[2024-02-12 09:59:56,476] {taskinstance.py:1357} INFO - Starting attempt 1 of 1
[2024-02-12 09:59:56,476] {taskinstance.py:1358} INFO - 
--------------------------------------------------------------------------------
[2024-02-12 09:59:56,482] {taskinstance.py:1377} INFO - Executing <Task(PythonOperator): generate_report> on 2024-02-12 09:59:49.063603+00:00
[2024-02-12 09:59:56,484] {standard_task_runner.py:52} INFO - Started process 18064 to run task
[2024-02-12 09:59:56,486] {standard_task_runner.py:79} INFO - Running: ['airflow', 'tasks', 'run', 'sales_mart', 'generate_report', 'manual__2024-02-12T09:59:49.063603+00:00', '--job-id', '384', '--raw', '--subdir', 'DAGS_FOLDER/sales_mart.py', '--cfg-path', '/tmp/tmpg1c6zwde', '--error-file', '/tmp/tmposiinhs6']
[2024-02-12 09:59:56,486] {standard_task_runner.py:80} INFO - Job 384: Subtask generate_report
[2024-02-12 09:59:56,520] {task_command.py:369} INFO - Running <TaskInstance: sales_mart.generate_report manual__2024-02-12T09:59:49.063603+00:00 [running]> on host 91766ce79ef0
[2024-02-12 09:59:56,570] {taskinstance.py:1569} INFO - Exporting the following env vars:
AIRFLOW_CTX_DAG_EMAIL=student@example.com
AIRFLOW_CTX_DAG_OWNER=student
AIRFLOW_CTX_DAG_ID=sales_mart
AIRFLOW_CTX_TASK_ID=generate_report
AIRFLOW_CTX_EXECUTION_DATE=2024-02-12T09:59:49.063603+00:00
AIRFLOW_CTX_TRY_NUMBER=1
AIRFLOW_CTX_DAG_RUN_ID=manual__2024-02-12T09:59:49.063603+00:00
[2024-02-12 09:59:56,571] {logging_mixin.py:115} INFO - Making request generate_report
[2024-02-12 09:59:58,048] {logging_mixin.py:115} INFO - Response is b'{"task_id":"MjAyNC0wMi0xMlQwOTo1OTo1NwlkYW1pci1rYWxpbmluNw=="}'
[2024-02-12 09:59:58,048] {python.py:173} INFO - Done. Returned value was: None
[2024-02-12 09:59:58,058] {taskinstance.py:1395} INFO - Marking task as SUCCESS. dag_id=sales_mart, task_id=generate_report, execution_date=20240212T095949, start_date=20240212T095956, end_date=20240212T095958
[2024-02-12 09:59:58,106] {local_task_job.py:156} INFO - Task exited with return code 0
[2024-02-12 09:59:58,136] {local_task_job.py:273} INFO - 1 downstream tasks scheduled from follow-on schedule check
