[2024-02-11 22:24:25,581] {taskinstance.py:1159} INFO - Dependencies all met for <TaskInstance: sales_mart.get_report scheduled__2024-02-08T22:18:04.422328+00:00 [queued]>
[2024-02-11 22:24:25,587] {taskinstance.py:1159} INFO - Dependencies all met for <TaskInstance: sales_mart.get_report scheduled__2024-02-08T22:18:04.422328+00:00 [queued]>
[2024-02-11 22:24:25,587] {taskinstance.py:1356} INFO - 
--------------------------------------------------------------------------------
[2024-02-11 22:24:25,587] {taskinstance.py:1357} INFO - Starting attempt 1 of 1
[2024-02-11 22:24:25,587] {taskinstance.py:1358} INFO - 
--------------------------------------------------------------------------------
[2024-02-11 22:24:25,593] {taskinstance.py:1377} INFO - Executing <Task(PythonOperator): get_report> on 2024-02-08 22:18:04.422328+00:00
[2024-02-11 22:24:25,595] {standard_task_runner.py:52} INFO - Started process 41131 to run task
[2024-02-11 22:24:25,597] {standard_task_runner.py:79} INFO - Running: ['airflow', 'tasks', 'run', 'sales_mart', 'get_report', 'scheduled__2024-02-08T22:18:04.422328+00:00', '--job-id', '992', '--raw', '--subdir', 'DAGS_FOLDER/sprint3 copy.py', '--cfg-path', '/tmp/tmpoi6p3m25', '--error-file', '/tmp/tmp6pbs0i24']
[2024-02-11 22:24:25,597] {standard_task_runner.py:80} INFO - Job 992: Subtask get_report
[2024-02-11 22:24:25,633] {task_command.py:369} INFO - Running <TaskInstance: sales_mart.get_report scheduled__2024-02-08T22:18:04.422328+00:00 [running]> on host 2a8d1eb5116f
[2024-02-11 22:24:25,677] {taskinstance.py:1569} INFO - Exporting the following env vars:
AIRFLOW_CTX_DAG_EMAIL=student@example.com
AIRFLOW_CTX_DAG_OWNER=student
AIRFLOW_CTX_DAG_ID=sales_mart
AIRFLOW_CTX_TASK_ID=get_report
AIRFLOW_CTX_EXECUTION_DATE=2024-02-08T22:18:04.422328+00:00
AIRFLOW_CTX_TRY_NUMBER=1
AIRFLOW_CTX_DAG_RUN_ID=scheduled__2024-02-08T22:18:04.422328+00:00
[2024-02-11 22:24:25,677] {logging_mixin.py:115} INFO - Making request get_report
[2024-02-11 22:24:26,168] {logging_mixin.py:115} INFO - Response is b'{"task_id":"MjAyNC0wMi0xMVQyMjoyNDoyNAlkYW1pci1rYWxpbmluNw==","status":"RUNNING","data":{"report_id":null,"start_day":null,"end_date":null,"s3_path":{}}}'
[2024-02-11 22:24:36,421] {logging_mixin.py:115} INFO - Response is b'{"task_id":"MjAyNC0wMi0xMVQyMjoyNDoyNAlkYW1pci1rYWxpbmluNw==","status":"RUNNING","data":{"report_id":null,"start_day":null,"end_date":null,"s3_path":{}}}'
[2024-02-11 22:24:46,881] {logging_mixin.py:115} INFO - Response is b'{"task_id":"MjAyNC0wMi0xMVQyMjoyNDoyNAlkYW1pci1rYWxpbmluNw==","status":"RUNNING","data":{"report_id":null,"start_day":null,"end_date":null,"s3_path":{}}}'
[2024-02-11 22:24:57,225] {logging_mixin.py:115} INFO - Response is b'{"task_id":"MjAyNC0wMi0xMVQyMjoyNDoyNAlkYW1pci1rYWxpbmluNw==","status":"RUNNING","data":{"report_id":null,"start_day":null,"end_date":null,"s3_path":{}}}'
[2024-02-11 22:25:07,462] {logging_mixin.py:115} INFO - Response is b'{"task_id":"MjAyNC0wMi0xMVQyMjoyNDoyNAlkYW1pci1rYWxpbmluNw==","status":"RUNNING","data":{"report_id":null,"start_day":null,"end_date":null,"s3_path":{}}}'
[2024-02-11 22:25:17,805] {logging_mixin.py:115} INFO - Response is b'{"task_id":"MjAyNC0wMi0xMVQyMjoyNDoyNAlkYW1pci1rYWxpbmluNw==","status":"RUNNING","data":{"report_id":null,"start_day":null,"end_date":null,"s3_path":{}}}'
[2024-02-11 22:25:31,152] {logging_mixin.py:115} INFO - Response is b'{"task_id":"MjAyNC0wMi0xMVQyMjoyNDoyNAlkYW1pci1rYWxpbmluNw==","status":"SUCCESS","data":{"report_id":"TWpBeU5DMHdNaTB4TVZReU1qb3lORG95TkFsa1lXMXBjaTFyWVd4cGJtbHVOdz09","start_day":"2024-01-12 00:00:00","end_date":"2024-02-03 00:00:00","s3_path":{"customer_research":"https://storage.yandexcloud.net/s3-sprint3/cohort_22/damir-kalinin7/project/TWpBeU5DMHdNaTB4TVZReU1qb3lORG95TkFsa1lXMXBjaTFyWVd4cGJtbHVOdz09/customer_research.csv","user_order_log":"https://storage.yandexcloud.net/s3-sprint3/cohort_22/damir-kalinin7/project/TWpBeU5DMHdNaTB4TVZReU1qb3lORG95TkFsa1lXMXBjaTFyWVd4cGJtbHVOdz09/user_order_log.csv","user_activity_log":"https://storage.yandexcloud.net/s3-sprint3/cohort_22/damir-kalinin7/project/TWpBeU5DMHdNaTB4TVZReU1qb3lORG95TkFsa1lXMXBjaTFyWVd4cGJtbHVOdz09/user_activity_log.csv","price_log":"https://storage.yandexcloud.net/s3-sprint3/cohort_22/damir-kalinin7/project/TWpBeU5DMHdNaTB4TVZReU1qb3lORG95TkFsa1lXMXBjaTFyWVd4cGJtbHVOdz09/price_log.csv"}}}'
[2024-02-11 22:25:31,172] {logging_mixin.py:115} INFO - Report_id=TWpBeU5DMHdNaTB4TVZReU1qb3lORG95TkFsa1lXMXBjaTFyWVd4cGJtbHVOdz09
[2024-02-11 22:25:31,172] {python.py:173} INFO - Done. Returned value was: None
[2024-02-11 22:25:31,190] {taskinstance.py:1395} INFO - Marking task as SUCCESS. dag_id=sales_mart, task_id=get_report, execution_date=20240208T221804, start_date=20240211T222425, end_date=20240211T222531
[2024-02-11 22:25:31,237] {local_task_job.py:156} INFO - Task exited with return code 0
[2024-02-11 22:25:31,266] {local_task_job.py:273} INFO - 1 downstream tasks scheduled from follow-on schedule check
