[2024-02-12 14:01:51,237] {taskinstance.py:1159} INFO - Dependencies all met for <TaskInstance: sales_mart.update_d_item manual__2024-02-12T13:59:54.803582+00:00 [queued]>
[2024-02-12 14:01:51,243] {taskinstance.py:1159} INFO - Dependencies all met for <TaskInstance: sales_mart.update_d_item manual__2024-02-12T13:59:54.803582+00:00 [queued]>
[2024-02-12 14:01:51,243] {taskinstance.py:1356} INFO - 
--------------------------------------------------------------------------------
[2024-02-12 14:01:51,243] {taskinstance.py:1357} INFO - Starting attempt 1 of 1
[2024-02-12 14:01:51,243] {taskinstance.py:1358} INFO - 
--------------------------------------------------------------------------------
[2024-02-12 14:01:51,249] {taskinstance.py:1377} INFO - Executing <Task(PostgresOperator): update_d_item> on 2024-02-12 13:59:54.803582+00:00
[2024-02-12 14:01:51,251] {standard_task_runner.py:52} INFO - Started process 27186 to run task
[2024-02-12 14:01:51,253] {standard_task_runner.py:79} INFO - Running: ['airflow', 'tasks', 'run', 'sales_mart', 'update_d_item', 'manual__2024-02-12T13:59:54.803582+00:00', '--job-id', '518', '--raw', '--subdir', 'DAGS_FOLDER/sales_mart.py', '--cfg-path', '/tmp/tmpzu5vh2n_', '--error-file', '/tmp/tmp55k6oo27']
[2024-02-12 14:01:51,253] {standard_task_runner.py:80} INFO - Job 518: Subtask update_d_item
[2024-02-12 14:01:51,284] {task_command.py:369} INFO - Running <TaskInstance: sales_mart.update_d_item manual__2024-02-12T13:59:54.803582+00:00 [running]> on host 91766ce79ef0
[2024-02-12 14:01:51,320] {taskinstance.py:1569} INFO - Exporting the following env vars:
AIRFLOW_CTX_DAG_EMAIL=student@example.com
AIRFLOW_CTX_DAG_OWNER=student
AIRFLOW_CTX_DAG_ID=sales_mart
AIRFLOW_CTX_TASK_ID=update_d_item
AIRFLOW_CTX_EXECUTION_DATE=2024-02-12T13:59:54.803582+00:00
AIRFLOW_CTX_TRY_NUMBER=1
AIRFLOW_CTX_DAG_RUN_ID=manual__2024-02-12T13:59:54.803582+00:00
[2024-02-12 14:01:51,327] {base.py:68} INFO - Using connection ID 'postgresql_de' for task execution.
[2024-02-12 14:01:51,331] {sql.py:315} INFO - Running statement: insert into 
    mart.d_item (item_id, 
        item_name)
select 
    item_id, 
    item_name 
from staging.user_order_log
where item_id not in (select item_id from mart.d_item)
group by item_id, item_name, parameters: None
[2024-02-12 14:01:51,333] {sql.py:324} INFO - Rows affected: 12
[2024-02-12 14:01:51,343] {taskinstance.py:1395} INFO - Marking task as SUCCESS. dag_id=sales_mart, task_id=update_d_item, execution_date=20240212T135954, start_date=20240212T140151, end_date=20240212T140151
[2024-02-12 14:01:51,385] {local_task_job.py:156} INFO - Task exited with return code 0
[2024-02-12 14:01:51,409] {local_task_job.py:273} INFO - 0 downstream tasks scheduled from follow-on schedule check
