[2024-02-12 07:49:44,681] {taskinstance.py:1159} INFO - Dependencies all met for <TaskInstance: sales_mart_inc.get_report scheduled__2024-02-08T07:44:56.593240+00:00 [queued]>
[2024-02-12 07:49:44,685] {taskinstance.py:1159} INFO - Dependencies all met for <TaskInstance: sales_mart_inc.get_report scheduled__2024-02-08T07:44:56.593240+00:00 [queued]>
[2024-02-12 07:49:44,685] {taskinstance.py:1356} INFO - 
--------------------------------------------------------------------------------
[2024-02-12 07:49:44,685] {taskinstance.py:1357} INFO - Starting attempt 1 of 1
[2024-02-12 07:49:44,685] {taskinstance.py:1358} INFO - 
--------------------------------------------------------------------------------
[2024-02-12 07:49:44,690] {taskinstance.py:1377} INFO - Executing <Task(PythonOperator): get_report> on 2024-02-08 07:44:56.593240+00:00
[2024-02-12 07:49:44,693] {standard_task_runner.py:52} INFO - Started process 8811 to run task
[2024-02-12 07:49:44,695] {standard_task_runner.py:79} INFO - Running: ['airflow', 'tasks', 'run', 'sales_mart_inc', 'get_report', 'scheduled__2024-02-08T07:44:56.593240+00:00', '--job-id', '190', '--raw', '--subdir', 'DAGS_FOLDER/sales_mart_inc.py', '--cfg-path', '/tmp/tmpve4vecdw', '--error-file', '/tmp/tmp08qi1910']
[2024-02-12 07:49:44,695] {standard_task_runner.py:80} INFO - Job 190: Subtask get_report
[2024-02-12 07:49:44,725] {task_command.py:369} INFO - Running <TaskInstance: sales_mart_inc.get_report scheduled__2024-02-08T07:44:56.593240+00:00 [running]> on host 91766ce79ef0
[2024-02-12 07:49:44,759] {taskinstance.py:1569} INFO - Exporting the following env vars:
AIRFLOW_CTX_DAG_EMAIL=student@example.com
AIRFLOW_CTX_DAG_OWNER=student
AIRFLOW_CTX_DAG_ID=sales_mart_inc
AIRFLOW_CTX_TASK_ID=get_report
AIRFLOW_CTX_EXECUTION_DATE=2024-02-08T07:44:56.593240+00:00
AIRFLOW_CTX_TRY_NUMBER=1
AIRFLOW_CTX_DAG_RUN_ID=scheduled__2024-02-08T07:44:56.593240+00:00
[2024-02-12 07:49:44,760] {logging_mixin.py:115} INFO - Making request get_report
[2024-02-12 07:49:45,594] {logging_mixin.py:115} INFO - Response is b'{"task_id":"MjAyNC0wMi0xMlQwNzo0OTo0MwlkYW1pci1rYWxpbmluNw==","status":"RUNNING","data":{"report_id":null,"start_day":null,"end_date":null,"s3_path":{}}}'
[2024-02-12 07:49:55,969] {logging_mixin.py:115} INFO - Response is b'{"task_id":"MjAyNC0wMi0xMlQwNzo0OTo0MwlkYW1pci1rYWxpbmluNw==","status":"RUNNING","data":{"report_id":null,"start_day":null,"end_date":null,"s3_path":{}}}'
[2024-02-12 07:50:06,341] {logging_mixin.py:115} INFO - Response is b'{"task_id":"MjAyNC0wMi0xMlQwNzo0OTo0MwlkYW1pci1rYWxpbmluNw==","status":"RUNNING","data":{"report_id":null,"start_day":null,"end_date":null,"s3_path":{}}}'
[2024-02-12 07:50:16,685] {logging_mixin.py:115} INFO - Response is b'{"task_id":"MjAyNC0wMi0xMlQwNzo0OTo0MwlkYW1pci1rYWxpbmluNw==","status":"RUNNING","data":{"report_id":null,"start_day":null,"end_date":null,"s3_path":{}}}'
[2024-02-12 07:50:27,463] {logging_mixin.py:115} INFO - Response is b'{"task_id":"MjAyNC0wMi0xMlQwNzo0OTo0MwlkYW1pci1rYWxpbmluNw==","status":"RUNNING","data":{"report_id":null,"start_day":null,"end_date":null,"s3_path":{}}}'
[2024-02-12 07:50:37,799] {logging_mixin.py:115} INFO - Response is b'{"task_id":"MjAyNC0wMi0xMlQwNzo0OTo0MwlkYW1pci1rYWxpbmluNw==","status":"RUNNING","data":{"report_id":null,"start_day":null,"end_date":null,"s3_path":{}}}'
[2024-02-12 07:50:51,994] {logging_mixin.py:115} INFO - Response is b'{"task_id":"MjAyNC0wMi0xMlQwNzo0OTo0MwlkYW1pci1rYWxpbmluNw==","status":"SUCCESS","data":{"report_id":"TWpBeU5DMHdNaTB4TWxRd056bzBPVG8wTXdsa1lXMXBjaTFyWVd4cGJtbHVOdz09","start_day":"2024-01-13 00:00:00","end_date":"2024-02-04 00:00:00","s3_path":{"customer_research":"https://storage.yandexcloud.net/s3-sprint3/cohort_22/damir-kalinin7/project/TWpBeU5DMHdNaTB4TWxRd056bzBPVG8wTXdsa1lXMXBjaTFyWVd4cGJtbHVOdz09/customer_research.csv","user_order_log":"https://storage.yandexcloud.net/s3-sprint3/cohort_22/damir-kalinin7/project/TWpBeU5DMHdNaTB4TWxRd056bzBPVG8wTXdsa1lXMXBjaTFyWVd4cGJtbHVOdz09/user_order_log.csv","user_activity_log":"https://storage.yandexcloud.net/s3-sprint3/cohort_22/damir-kalinin7/project/TWpBeU5DMHdNaTB4TWxRd056bzBPVG8wTXdsa1lXMXBjaTFyWVd4cGJtbHVOdz09/user_activity_log.csv","price_log":"https://storage.yandexcloud.net/s3-sprint3/cohort_22/damir-kalinin7/project/TWpBeU5DMHdNaTB4TWxRd056bzBPVG8wTXdsa1lXMXBjaTFyWVd4cGJtbHVOdz09/price_log.csv"}}}'
[2024-02-12 07:50:52,006] {logging_mixin.py:115} INFO - Report_id=TWpBeU5DMHdNaTB4TWxRd056bzBPVG8wTXdsa1lXMXBjaTFyWVd4cGJtbHVOdz09
[2024-02-12 07:50:52,006] {python.py:173} INFO - Done. Returned value was: None
[2024-02-12 07:50:52,015] {taskinstance.py:1395} INFO - Marking task as SUCCESS. dag_id=sales_mart_inc, task_id=get_report, execution_date=20240208T074456, start_date=20240212T074944, end_date=20240212T075052
[2024-02-12 07:50:52,058] {local_task_job.py:156} INFO - Task exited with return code 0
[2024-02-12 07:50:52,083] {local_task_job.py:273} INFO - 1 downstream tasks scheduled from follow-on schedule check
