[2024-02-12 07:49:42,691] {taskinstance.py:1159} INFO - Dependencies all met for <TaskInstance: sales_mart_inc.generate_report scheduled__2024-02-08T07:44:56.593240+00:00 [queued]>
[2024-02-12 07:49:42,696] {taskinstance.py:1159} INFO - Dependencies all met for <TaskInstance: sales_mart_inc.generate_report scheduled__2024-02-08T07:44:56.593240+00:00 [queued]>
[2024-02-12 07:49:42,696] {taskinstance.py:1356} INFO - 
--------------------------------------------------------------------------------
[2024-02-12 07:49:42,696] {taskinstance.py:1357} INFO - Starting attempt 1 of 1
[2024-02-12 07:49:42,696] {taskinstance.py:1358} INFO - 
--------------------------------------------------------------------------------
[2024-02-12 07:49:42,702] {taskinstance.py:1377} INFO - Executing <Task(PythonOperator): generate_report> on 2024-02-08 07:44:56.593240+00:00
[2024-02-12 07:49:42,704] {standard_task_runner.py:52} INFO - Started process 8779 to run task
[2024-02-12 07:49:42,706] {standard_task_runner.py:79} INFO - Running: ['airflow', 'tasks', 'run', 'sales_mart_inc', 'generate_report', 'scheduled__2024-02-08T07:44:56.593240+00:00', '--job-id', '189', '--raw', '--subdir', 'DAGS_FOLDER/sales_mart_inc.py', '--cfg-path', '/tmp/tmpwpsmh881', '--error-file', '/tmp/tmp9oqsqc46']
[2024-02-12 07:49:42,706] {standard_task_runner.py:80} INFO - Job 189: Subtask generate_report
[2024-02-12 07:49:42,736] {task_command.py:369} INFO - Running <TaskInstance: sales_mart_inc.generate_report scheduled__2024-02-08T07:44:56.593240+00:00 [running]> on host 91766ce79ef0
[2024-02-12 07:49:42,771] {taskinstance.py:1569} INFO - Exporting the following env vars:
AIRFLOW_CTX_DAG_EMAIL=student@example.com
AIRFLOW_CTX_DAG_OWNER=student
AIRFLOW_CTX_DAG_ID=sales_mart_inc
AIRFLOW_CTX_TASK_ID=generate_report
AIRFLOW_CTX_EXECUTION_DATE=2024-02-08T07:44:56.593240+00:00
AIRFLOW_CTX_TRY_NUMBER=1
AIRFLOW_CTX_DAG_RUN_ID=scheduled__2024-02-08T07:44:56.593240+00:00
[2024-02-12 07:49:42,771] {logging_mixin.py:115} INFO - Making request generate_report
[2024-02-12 07:49:43,670] {logging_mixin.py:115} INFO - Response is b'{"task_id":"MjAyNC0wMi0xMlQwNzo0OTo0MwlkYW1pci1rYWxpbmluNw=="}'
[2024-02-12 07:49:43,670] {python.py:173} INFO - Done. Returned value was: None
[2024-02-12 07:49:43,678] {taskinstance.py:1395} INFO - Marking task as SUCCESS. dag_id=sales_mart_inc, task_id=generate_report, execution_date=20240208T074456, start_date=20240212T074942, end_date=20240212T074943
[2024-02-12 07:49:43,722] {local_task_job.py:156} INFO - Task exited with return code 0
[2024-02-12 07:49:43,745] {local_task_job.py:273} INFO - 1 downstream tasks scheduled from follow-on schedule check
