[2024-02-11 22:52:47,844] {taskinstance.py:1159} INFO - Dependencies all met for <TaskInstance: sales_mart.get_report scheduled__2024-02-04T22:52:38.597307+00:00 [queued]>
[2024-02-11 22:52:47,849] {taskinstance.py:1159} INFO - Dependencies all met for <TaskInstance: sales_mart.get_report scheduled__2024-02-04T22:52:38.597307+00:00 [queued]>
[2024-02-11 22:52:47,849] {taskinstance.py:1356} INFO - 
--------------------------------------------------------------------------------
[2024-02-11 22:52:47,849] {taskinstance.py:1357} INFO - Starting attempt 1 of 1
[2024-02-11 22:52:47,849] {taskinstance.py:1358} INFO - 
--------------------------------------------------------------------------------
[2024-02-11 22:52:47,855] {taskinstance.py:1377} INFO - Executing <Task(PythonOperator): get_report> on 2024-02-04 22:52:38.597307+00:00
[2024-02-11 22:52:47,858] {standard_task_runner.py:52} INFO - Started process 46187 to run task
[2024-02-11 22:52:47,859] {standard_task_runner.py:79} INFO - Running: ['airflow', 'tasks', 'run', 'sales_mart', 'get_report', 'scheduled__2024-02-04T22:52:38.597307+00:00', '--job-id', '1123', '--raw', '--subdir', 'DAGS_FOLDER/sprint3 copy.py', '--cfg-path', '/tmp/tmpyg70sqfw', '--error-file', '/tmp/tmp4krxt5dw']
[2024-02-11 22:52:47,860] {standard_task_runner.py:80} INFO - Job 1123: Subtask get_report
[2024-02-11 22:52:47,890] {task_command.py:369} INFO - Running <TaskInstance: sales_mart.get_report scheduled__2024-02-04T22:52:38.597307+00:00 [running]> on host 2a8d1eb5116f
[2024-02-11 22:52:47,923] {taskinstance.py:1569} INFO - Exporting the following env vars:
AIRFLOW_CTX_DAG_EMAIL=student@example.com
AIRFLOW_CTX_DAG_OWNER=student
AIRFLOW_CTX_DAG_ID=sales_mart
AIRFLOW_CTX_TASK_ID=get_report
AIRFLOW_CTX_EXECUTION_DATE=2024-02-04T22:52:38.597307+00:00
AIRFLOW_CTX_TRY_NUMBER=1
AIRFLOW_CTX_DAG_RUN_ID=scheduled__2024-02-04T22:52:38.597307+00:00
[2024-02-11 22:52:47,923] {logging_mixin.py:115} INFO - Making request get_report
[2024-02-11 22:52:48,706] {logging_mixin.py:115} INFO - Response is b'{"task_id":"MjAyNC0wMi0xMVQyMjo1Mjo0NglkYW1pci1rYWxpbmluNw==","status":"RUNNING","data":{"report_id":null,"start_day":null,"end_date":null,"s3_path":{}}}'
[2024-02-11 22:52:59,453] {logging_mixin.py:115} INFO - Response is b'{"task_id":"MjAyNC0wMi0xMVQyMjo1Mjo0NglkYW1pci1rYWxpbmluNw==","status":"RUNNING","data":{"report_id":null,"start_day":null,"end_date":null,"s3_path":{}}}'
[2024-02-11 22:53:09,714] {logging_mixin.py:115} INFO - Response is b'{"task_id":"MjAyNC0wMi0xMVQyMjo1Mjo0NglkYW1pci1rYWxpbmluNw==","status":"RUNNING","data":{"report_id":null,"start_day":null,"end_date":null,"s3_path":{}}}'
[2024-02-11 22:53:20,083] {logging_mixin.py:115} INFO - Response is b'{"task_id":"MjAyNC0wMi0xMVQyMjo1Mjo0NglkYW1pci1rYWxpbmluNw==","status":"RUNNING","data":{"report_id":null,"start_day":null,"end_date":null,"s3_path":{}}}'
[2024-02-11 22:53:30,379] {logging_mixin.py:115} INFO - Response is b'{"task_id":"MjAyNC0wMi0xMVQyMjo1Mjo0NglkYW1pci1rYWxpbmluNw==","status":"RUNNING","data":{"report_id":null,"start_day":null,"end_date":null,"s3_path":{}}}'
[2024-02-11 22:53:40,654] {logging_mixin.py:115} INFO - Response is b'{"task_id":"MjAyNC0wMi0xMVQyMjo1Mjo0NglkYW1pci1rYWxpbmluNw==","status":"RUNNING","data":{"report_id":null,"start_day":null,"end_date":null,"s3_path":{}}}'
[2024-02-11 22:53:54,445] {logging_mixin.py:115} INFO - Response is b'{"task_id":"MjAyNC0wMi0xMVQyMjo1Mjo0NglkYW1pci1rYWxpbmluNw==","status":"SUCCESS","data":{"report_id":"TWpBeU5DMHdNaTB4TVZReU1qbzFNam8wTmdsa1lXMXBjaTFyWVd4cGJtbHVOdz09","start_day":"2024-01-12 00:00:00","end_date":"2024-02-03 00:00:00","s3_path":{"customer_research":"https://storage.yandexcloud.net/s3-sprint3/cohort_22/damir-kalinin7/project/TWpBeU5DMHdNaTB4TVZReU1qbzFNam8wTmdsa1lXMXBjaTFyWVd4cGJtbHVOdz09/customer_research.csv","user_order_log":"https://storage.yandexcloud.net/s3-sprint3/cohort_22/damir-kalinin7/project/TWpBeU5DMHdNaTB4TVZReU1qbzFNam8wTmdsa1lXMXBjaTFyWVd4cGJtbHVOdz09/user_order_log.csv","user_activity_log":"https://storage.yandexcloud.net/s3-sprint3/cohort_22/damir-kalinin7/project/TWpBeU5DMHdNaTB4TVZReU1qbzFNam8wTmdsa1lXMXBjaTFyWVd4cGJtbHVOdz09/user_activity_log.csv","price_log":"https://storage.yandexcloud.net/s3-sprint3/cohort_22/damir-kalinin7/project/TWpBeU5DMHdNaTB4TVZReU1qbzFNam8wTmdsa1lXMXBjaTFyWVd4cGJtbHVOdz09/price_log.csv"}}}'
[2024-02-11 22:53:54,457] {logging_mixin.py:115} INFO - Report_id=TWpBeU5DMHdNaTB4TVZReU1qbzFNam8wTmdsa1lXMXBjaTFyWVd4cGJtbHVOdz09
[2024-02-11 22:53:54,457] {python.py:173} INFO - Done. Returned value was: None
[2024-02-11 22:53:54,464] {taskinstance.py:1395} INFO - Marking task as SUCCESS. dag_id=sales_mart, task_id=get_report, execution_date=20240204T225238, start_date=20240211T225247, end_date=20240211T225354
[2024-02-11 22:53:54,494] {local_task_job.py:156} INFO - Task exited with return code 0
[2024-02-11 22:53:54,516] {local_task_job.py:273} INFO - 1 downstream tasks scheduled from follow-on schedule check
