[2024-02-11 20:12:22,815] {taskinstance.py:1159} INFO - Dependencies all met for <TaskInstance: sales_mart.generate_report scheduled__2024-02-09T20:09:05.122683+00:00 [queued]>
[2024-02-11 20:12:22,820] {taskinstance.py:1159} INFO - Dependencies all met for <TaskInstance: sales_mart.generate_report scheduled__2024-02-09T20:09:05.122683+00:00 [queued]>
[2024-02-11 20:12:22,820] {taskinstance.py:1356} INFO - 
--------------------------------------------------------------------------------
[2024-02-11 20:12:22,820] {taskinstance.py:1357} INFO - Starting attempt 1 of 1
[2024-02-11 20:12:22,820] {taskinstance.py:1358} INFO - 
--------------------------------------------------------------------------------
[2024-02-11 20:12:22,825] {taskinstance.py:1377} INFO - Executing <Task(PythonOperator): generate_report> on 2024-02-09 20:09:05.122683+00:00
[2024-02-11 20:12:22,828] {standard_task_runner.py:52} INFO - Started process 18550 to run task
[2024-02-11 20:12:22,830] {standard_task_runner.py:79} INFO - Running: ['airflow', 'tasks', 'run', 'sales_mart', 'generate_report', 'scheduled__2024-02-09T20:09:05.122683+00:00', '--job-id', '421', '--raw', '--subdir', 'DAGS_FOLDER/sprint3 copy.py', '--cfg-path', '/tmp/tmptg1xv3p2', '--error-file', '/tmp/tmp3v_jow25']
[2024-02-11 20:12:22,830] {standard_task_runner.py:80} INFO - Job 421: Subtask generate_report
[2024-02-11 20:12:22,862] {task_command.py:369} INFO - Running <TaskInstance: sales_mart.generate_report scheduled__2024-02-09T20:09:05.122683+00:00 [running]> on host 2a8d1eb5116f
[2024-02-11 20:12:22,900] {taskinstance.py:1569} INFO - Exporting the following env vars:
AIRFLOW_CTX_DAG_EMAIL=student@example.com
AIRFLOW_CTX_DAG_OWNER=student
AIRFLOW_CTX_DAG_ID=sales_mart
AIRFLOW_CTX_TASK_ID=generate_report
AIRFLOW_CTX_EXECUTION_DATE=2024-02-09T20:09:05.122683+00:00
AIRFLOW_CTX_TRY_NUMBER=1
AIRFLOW_CTX_DAG_RUN_ID=scheduled__2024-02-09T20:09:05.122683+00:00
[2024-02-11 20:12:22,901] {logging_mixin.py:115} INFO - Making request generate_report
[2024-02-11 20:12:23,189] {logging_mixin.py:115} INFO - Response is b'{"task_id":"MjAyNC0wMi0xMVQyMDoxMjoyMwlkYW1pci1rYWxpbmluNw=="}'
[2024-02-11 20:12:23,190] {python.py:173} INFO - Done. Returned value was: None
[2024-02-11 20:12:23,199] {taskinstance.py:1395} INFO - Marking task as SUCCESS. dag_id=sales_mart, task_id=generate_report, execution_date=20240209T200905, start_date=20240211T201222, end_date=20240211T201223
[2024-02-11 20:12:23,243] {local_task_job.py:156} INFO - Task exited with return code 0
[2024-02-11 20:12:23,270] {local_task_job.py:273} INFO - 1 downstream tasks scheduled from follow-on schedule check
