[2024-02-12 06:54:52,865] {taskinstance.py:1159} INFO - Dependencies all met for <TaskInstance: sales_mart.truncate_price_log manual__2024-02-12T06:54:47.245678+00:00 [queued]>
[2024-02-12 06:54:52,870] {taskinstance.py:1159} INFO - Dependencies all met for <TaskInstance: sales_mart.truncate_price_log manual__2024-02-12T06:54:47.245678+00:00 [queued]>
[2024-02-12 06:54:52,870] {taskinstance.py:1356} INFO - 
--------------------------------------------------------------------------------
[2024-02-12 06:54:52,870] {taskinstance.py:1357} INFO - Starting attempt 1 of 1
[2024-02-12 06:54:52,870] {taskinstance.py:1358} INFO - 
--------------------------------------------------------------------------------
[2024-02-12 06:54:52,876] {taskinstance.py:1377} INFO - Executing <Task(PostgresOperator): truncate_price_log> on 2024-02-12 06:54:47.245678+00:00
[2024-02-12 06:54:52,878] {standard_task_runner.py:52} INFO - Started process 1759 to run task
[2024-02-12 06:54:52,880] {standard_task_runner.py:79} INFO - Running: ['airflow', 'tasks', 'run', 'sales_mart', 'truncate_price_log', 'manual__2024-02-12T06:54:47.245678+00:00', '--job-id', '18', '--raw', '--subdir', 'DAGS_FOLDER/sprint3 copy.py', '--cfg-path', '/tmp/tmp_kpj5ay0', '--error-file', '/tmp/tmpfcchnn_w']
[2024-02-12 06:54:52,881] {standard_task_runner.py:80} INFO - Job 18: Subtask truncate_price_log
[2024-02-12 06:54:52,911] {task_command.py:369} INFO - Running <TaskInstance: sales_mart.truncate_price_log manual__2024-02-12T06:54:47.245678+00:00 [running]> on host 91766ce79ef0
[2024-02-12 06:54:52,948] {taskinstance.py:1569} INFO - Exporting the following env vars:
AIRFLOW_CTX_DAG_EMAIL=student@example.com
AIRFLOW_CTX_DAG_OWNER=student
AIRFLOW_CTX_DAG_ID=sales_mart
AIRFLOW_CTX_TASK_ID=truncate_price_log
AIRFLOW_CTX_EXECUTION_DATE=2024-02-12T06:54:47.245678+00:00
AIRFLOW_CTX_TRY_NUMBER=1
AIRFLOW_CTX_DAG_RUN_ID=manual__2024-02-12T06:54:47.245678+00:00
[2024-02-12 06:54:52,955] {base.py:68} INFO - Using connection ID 'postgresql_de' for task execution.
[2024-02-12 06:54:52,958] {sql.py:315} INFO - Running statement: truncate staging.price_log;, parameters: None
[2024-02-12 06:54:52,968] {taskinstance.py:1395} INFO - Marking task as SUCCESS. dag_id=sales_mart, task_id=truncate_price_log, execution_date=20240212T065447, start_date=20240212T065452, end_date=20240212T065452
[2024-02-12 06:54:53,012] {local_task_job.py:156} INFO - Task exited with return code 0
[2024-02-12 06:54:53,043] {local_task_job.py:273} INFO - 1 downstream tasks scheduled from follow-on schedule check
