[2024-02-12 07:53:54,759] {taskinstance.py:1159} INFO - Dependencies all met for <TaskInstance: sales_mart_inc.upload_user_activity_log_inc scheduled__2024-02-10T07:44:56.593240+00:00 [queued]>
[2024-02-12 07:53:54,764] {taskinstance.py:1159} INFO - Dependencies all met for <TaskInstance: sales_mart_inc.upload_user_activity_log_inc scheduled__2024-02-10T07:44:56.593240+00:00 [queued]>
[2024-02-12 07:53:54,764] {taskinstance.py:1356} INFO - 
--------------------------------------------------------------------------------
[2024-02-12 07:53:54,764] {taskinstance.py:1357} INFO - Starting attempt 1 of 1
[2024-02-12 07:53:54,764] {taskinstance.py:1358} INFO - 
--------------------------------------------------------------------------------
[2024-02-12 07:53:54,770] {taskinstance.py:1377} INFO - Executing <Task(PythonOperator): upload_user_activity_log_inc> on 2024-02-10 07:44:56.593240+00:00
[2024-02-12 07:53:54,773] {standard_task_runner.py:52} INFO - Started process 10099 to run task
[2024-02-12 07:53:54,775] {standard_task_runner.py:79} INFO - Running: ['airflow', 'tasks', 'run', 'sales_mart_inc', 'upload_user_activity_log_inc', 'scheduled__2024-02-10T07:44:56.593240+00:00', '--job-id', '224', '--raw', '--subdir', 'DAGS_FOLDER/sales_mart_inc.py', '--cfg-path', '/tmp/tmpyv8jc59g', '--error-file', '/tmp/tmpacblei1s']
[2024-02-12 07:53:54,775] {standard_task_runner.py:80} INFO - Job 224: Subtask upload_user_activity_log_inc
[2024-02-12 07:53:54,807] {task_command.py:369} INFO - Running <TaskInstance: sales_mart_inc.upload_user_activity_log_inc scheduled__2024-02-10T07:44:56.593240+00:00 [running]> on host 91766ce79ef0
[2024-02-12 07:53:54,844] {taskinstance.py:1569} INFO - Exporting the following env vars:
AIRFLOW_CTX_DAG_EMAIL=student@example.com
AIRFLOW_CTX_DAG_OWNER=student
AIRFLOW_CTX_DAG_ID=sales_mart_inc
AIRFLOW_CTX_TASK_ID=upload_user_activity_log_inc
AIRFLOW_CTX_EXECUTION_DATE=2024-02-10T07:44:56.593240+00:00
AIRFLOW_CTX_TRY_NUMBER=1
AIRFLOW_CTX_DAG_RUN_ID=scheduled__2024-02-10T07:44:56.593240+00:00
[2024-02-12 07:53:54,851] {logging_mixin.py:115} INFO - https://storage.yandexcloud.net/s3-sprint3/cohort_22/damir-kalinin7/project/MjAyNC0wMi0xMFQwMDowMDowMAlUV3BCZVU1RE1IZE5hVEI0VFd4UmQwNTZiekZOYW04d1RVRnNhMWxYTVhCamFURnlXVmQ0Y0dKdGJIVk9kejA5/user_activity_log_inc.csv
[2024-02-12 07:53:54,851] {logging_mixin.py:115} INFO - 20240210_user_activity_log_inc.csv
[2024-02-12 07:53:55,106] {logging_mixin.py:115} INFO - b'id,uniq_id,date_time,action_id,customer_id,quantity\r\n1,e2b682d0b1fb0439113cf9b5d170e42b,2024-02-10T00:00:00,1,200,1\r\n2,8d593c8c9595225be185315709e17b67,2024-02-10T00:00:00,0,890,5\r\n'
[2024-02-12 07:53:55,111] {logging_mixin.py:115} INFO - Index(['uniq_id', 'date_time', 'action_id', 'customer_id', 'quantity'], dtype='object')
[2024-02-12 07:53:55,118] {base.py:68} INFO - Using connection ID 'postgresql_de' for task execution.
[2024-02-12 07:53:55,130] {logging_mixin.py:115} INFO - 2 rows was inserted
[2024-02-12 07:53:55,130] {python.py:173} INFO - Done. Returned value was: None
[2024-02-12 07:53:55,140] {taskinstance.py:1395} INFO - Marking task as SUCCESS. dag_id=sales_mart_inc, task_id=upload_user_activity_log_inc, execution_date=20240210T074456, start_date=20240212T075354, end_date=20240212T075355
[2024-02-12 07:53:55,148] {local_task_job.py:156} INFO - Task exited with return code 0
[2024-02-12 07:53:55,176] {local_task_job.py:273} INFO - 1 downstream tasks scheduled from follow-on schedule check
