[2024-02-11 20:12:05,637] {taskinstance.py:1159} INFO - Dependencies all met for <TaskInstance: sales_mart.truncate_customer_research scheduled__2024-02-09T20:09:05.122683+00:00 [queued]>
[2024-02-11 20:12:05,641] {taskinstance.py:1159} INFO - Dependencies all met for <TaskInstance: sales_mart.truncate_customer_research scheduled__2024-02-09T20:09:05.122683+00:00 [queued]>
[2024-02-11 20:12:05,641] {taskinstance.py:1356} INFO - 
--------------------------------------------------------------------------------
[2024-02-11 20:12:05,641] {taskinstance.py:1357} INFO - Starting attempt 1 of 1
[2024-02-11 20:12:05,642] {taskinstance.py:1358} INFO - 
--------------------------------------------------------------------------------
[2024-02-11 20:12:05,647] {taskinstance.py:1377} INFO - Executing <Task(PostgresOperator): truncate_customer_research> on 2024-02-09 20:09:05.122683+00:00
[2024-02-11 20:12:05,650] {standard_task_runner.py:52} INFO - Started process 18221 to run task
[2024-02-11 20:12:05,651] {standard_task_runner.py:79} INFO - Running: ['airflow', 'tasks', 'run', 'sales_mart', 'truncate_customer_research', 'scheduled__2024-02-09T20:09:05.122683+00:00', '--job-id', '411', '--raw', '--subdir', 'DAGS_FOLDER/sprint3 copy.py', '--cfg-path', '/tmp/tmpfmw7_kdv', '--error-file', '/tmp/tmpswr6clni']
[2024-02-11 20:12:05,652] {standard_task_runner.py:80} INFO - Job 411: Subtask truncate_customer_research
[2024-02-11 20:12:05,683] {task_command.py:369} INFO - Running <TaskInstance: sales_mart.truncate_customer_research scheduled__2024-02-09T20:09:05.122683+00:00 [running]> on host 2a8d1eb5116f
[2024-02-11 20:12:05,718] {taskinstance.py:1569} INFO - Exporting the following env vars:
AIRFLOW_CTX_DAG_EMAIL=student@example.com
AIRFLOW_CTX_DAG_OWNER=student
AIRFLOW_CTX_DAG_ID=sales_mart
AIRFLOW_CTX_TASK_ID=truncate_customer_research
AIRFLOW_CTX_EXECUTION_DATE=2024-02-09T20:09:05.122683+00:00
AIRFLOW_CTX_TRY_NUMBER=1
AIRFLOW_CTX_DAG_RUN_ID=scheduled__2024-02-09T20:09:05.122683+00:00
[2024-02-11 20:12:05,724] {base.py:68} INFO - Using connection ID 'postgresql_de' for task execution.
[2024-02-11 20:12:05,727] {sql.py:315} INFO - Running statement: truncate staging.customer_research;, parameters: None
[2024-02-11 20:12:05,736] {taskinstance.py:1395} INFO - Marking task as SUCCESS. dag_id=sales_mart, task_id=truncate_customer_research, execution_date=20240209T200905, start_date=20240211T201205, end_date=20240211T201205
[2024-02-11 20:12:05,743] {local_task_job.py:156} INFO - Task exited with return code 0
[2024-02-11 20:12:05,764] {local_task_job.py:273} INFO - 0 downstream tasks scheduled from follow-on schedule check
