[2024-02-12 14:00:01,553] {taskinstance.py:1159} INFO - Dependencies all met for <TaskInstance: sales_mart.generate_report manual__2024-02-12T13:59:54.803582+00:00 [queued]>
[2024-02-12 14:00:01,558] {taskinstance.py:1159} INFO - Dependencies all met for <TaskInstance: sales_mart.generate_report manual__2024-02-12T13:59:54.803582+00:00 [queued]>
[2024-02-12 14:00:01,558] {taskinstance.py:1356} INFO - 
--------------------------------------------------------------------------------
[2024-02-12 14:00:01,558] {taskinstance.py:1357} INFO - Starting attempt 1 of 1
[2024-02-12 14:00:01,558] {taskinstance.py:1358} INFO - 
--------------------------------------------------------------------------------
[2024-02-12 14:00:01,565] {taskinstance.py:1377} INFO - Executing <Task(PythonOperator): generate_report> on 2024-02-12 13:59:54.803582+00:00
[2024-02-12 14:00:01,568] {standard_task_runner.py:52} INFO - Started process 26874 to run task
[2024-02-12 14:00:01,569] {standard_task_runner.py:79} INFO - Running: ['airflow', 'tasks', 'run', 'sales_mart', 'generate_report', 'manual__2024-02-12T13:59:54.803582+00:00', '--job-id', '511', '--raw', '--subdir', 'DAGS_FOLDER/sales_mart.py', '--cfg-path', '/tmp/tmp31403n62', '--error-file', '/tmp/tmp73dulfqf']
[2024-02-12 14:00:01,570] {standard_task_runner.py:80} INFO - Job 511: Subtask generate_report
[2024-02-12 14:00:01,603] {task_command.py:369} INFO - Running <TaskInstance: sales_mart.generate_report manual__2024-02-12T13:59:54.803582+00:00 [running]> on host 91766ce79ef0
[2024-02-12 14:00:01,638] {taskinstance.py:1569} INFO - Exporting the following env vars:
AIRFLOW_CTX_DAG_EMAIL=student@example.com
AIRFLOW_CTX_DAG_OWNER=student
AIRFLOW_CTX_DAG_ID=sales_mart
AIRFLOW_CTX_TASK_ID=generate_report
AIRFLOW_CTX_EXECUTION_DATE=2024-02-12T13:59:54.803582+00:00
AIRFLOW_CTX_TRY_NUMBER=1
AIRFLOW_CTX_DAG_RUN_ID=manual__2024-02-12T13:59:54.803582+00:00
[2024-02-12 14:00:01,639] {logging_mixin.py:115} INFO - Making request generate_report
[2024-02-12 14:00:02,952] {logging_mixin.py:115} INFO - Response is b'{"task_id":"MjAyNC0wMi0xMlQxNDowMDowMglkYW1pci1rYWxpbmluNw=="}'
[2024-02-12 14:00:02,953] {python.py:173} INFO - Done. Returned value was: None
[2024-02-12 14:00:02,962] {taskinstance.py:1395} INFO - Marking task as SUCCESS. dag_id=sales_mart, task_id=generate_report, execution_date=20240212T135954, start_date=20240212T140001, end_date=20240212T140002
[2024-02-12 14:00:02,987] {local_task_job.py:156} INFO - Task exited with return code 0
[2024-02-12 14:00:03,017] {local_task_job.py:273} INFO - 1 downstream tasks scheduled from follow-on schedule check
