[2024-02-12 08:15:47,560] {taskinstance.py:1159} INFO - Dependencies all met for <TaskInstance: sales_mart_inc.upload_user_activity_log_inc scheduled__2024-02-08T08:09:37.968777+00:00 [queued]>
[2024-02-12 08:15:47,567] {taskinstance.py:1159} INFO - Dependencies all met for <TaskInstance: sales_mart_inc.upload_user_activity_log_inc scheduled__2024-02-08T08:09:37.968777+00:00 [queued]>
[2024-02-12 08:15:47,567] {taskinstance.py:1356} INFO - 
--------------------------------------------------------------------------------
[2024-02-12 08:15:47,567] {taskinstance.py:1357} INFO - Starting attempt 1 of 1
[2024-02-12 08:15:47,567] {taskinstance.py:1358} INFO - 
--------------------------------------------------------------------------------
[2024-02-12 08:15:47,574] {taskinstance.py:1377} INFO - Executing <Task(PythonOperator): upload_user_activity_log_inc> on 2024-02-08 08:09:37.968777+00:00
[2024-02-12 08:15:47,576] {standard_task_runner.py:52} INFO - Started process 13732 to run task
[2024-02-12 08:15:47,578] {standard_task_runner.py:79} INFO - Running: ['airflow', 'tasks', 'run', 'sales_mart_inc', 'upload_user_activity_log_inc', 'scheduled__2024-02-08T08:09:37.968777+00:00', '--job-id', '314', '--raw', '--subdir', 'DAGS_FOLDER/sales_mart_inc.py', '--cfg-path', '/tmp/tmpqtj60kil', '--error-file', '/tmp/tmpszcvtajr']
[2024-02-12 08:15:47,578] {standard_task_runner.py:80} INFO - Job 314: Subtask upload_user_activity_log_inc
[2024-02-12 08:15:47,611] {task_command.py:369} INFO - Running <TaskInstance: sales_mart_inc.upload_user_activity_log_inc scheduled__2024-02-08T08:09:37.968777+00:00 [running]> on host 91766ce79ef0
[2024-02-12 08:15:47,648] {taskinstance.py:1569} INFO - Exporting the following env vars:
AIRFLOW_CTX_DAG_EMAIL=student@example.com
AIRFLOW_CTX_DAG_OWNER=student
AIRFLOW_CTX_DAG_ID=sales_mart_inc
AIRFLOW_CTX_TASK_ID=upload_user_activity_log_inc
AIRFLOW_CTX_EXECUTION_DATE=2024-02-08T08:09:37.968777+00:00
AIRFLOW_CTX_TRY_NUMBER=1
AIRFLOW_CTX_DAG_RUN_ID=scheduled__2024-02-08T08:09:37.968777+00:00
[2024-02-12 08:15:47,656] {logging_mixin.py:115} INFO - https://storage.yandexcloud.net/s3-sprint3/cohort_22/damir-kalinin7/project/MjAyNC0wMi0wOFQwMDowMDowMAlUV3BCZVU1RE1IZE5hVEI0VFd4UmQwOUViM2hPUkc5NlRWRnNhMWxYTVhCamFURnlXVmQ0Y0dKdGJIVk9kejA5/user_activity_log_inc.csv
[2024-02-12 08:15:47,656] {logging_mixin.py:115} INFO - 20240208_user_activity_log_inc.csv
[2024-02-12 08:15:47,912] {logging_mixin.py:115} INFO - b'id,uniq_id,date_time,action_id,customer_id,quantity\r\n1,81d9e11c4f1ba5b262b5a7148b46a0d2,2024-02-08T00:00:00,3,440,8\r\n2,54182978004b693cc33c326241fc57ca,2024-02-08T00:00:00,0,950,8\r\n3,341a9eae787a527684b55509d81a9661,2024-02-08T00:00:00,0,271,7\r\n4,635b1741b76759bfdbe15b47e00694dd,2024-02-08T00:00:00,3,880,12\r\n'
[2024-02-12 08:15:47,917] {logging_mixin.py:115} INFO - Index(['uniq_id', 'date_time', 'action_id', 'customer_id', 'quantity'], dtype='object')
[2024-02-12 08:15:47,924] {base.py:68} INFO - Using connection ID 'postgresql_de' for task execution.
[2024-02-12 08:15:47,933] {logging_mixin.py:115} INFO - 4 rows was inserted
[2024-02-12 08:15:47,933] {python.py:173} INFO - Done. Returned value was: None
[2024-02-12 08:15:47,941] {taskinstance.py:1395} INFO - Marking task as SUCCESS. dag_id=sales_mart_inc, task_id=upload_user_activity_log_inc, execution_date=20240208T080937, start_date=20240212T081547, end_date=20240212T081547
[2024-02-12 08:15:47,951] {local_task_job.py:156} INFO - Task exited with return code 0
[2024-02-12 08:15:47,970] {local_task_job.py:273} INFO - 0 downstream tasks scheduled from follow-on schedule check
