[2024-02-12 14:09:49,367] {taskinstance.py:1159} INFO - Dependencies all met for <TaskInstance: sales_mart_inc.upload_user_activity_log_inc scheduled__2024-02-09T14:01:59.240675+00:00 [queued]>
[2024-02-12 14:09:49,372] {taskinstance.py:1159} INFO - Dependencies all met for <TaskInstance: sales_mart_inc.upload_user_activity_log_inc scheduled__2024-02-09T14:01:59.240675+00:00 [queued]>
[2024-02-12 14:09:49,372] {taskinstance.py:1356} INFO - 
--------------------------------------------------------------------------------
[2024-02-12 14:09:49,372] {taskinstance.py:1357} INFO - Starting attempt 1 of 1
[2024-02-12 14:09:49,372] {taskinstance.py:1358} INFO - 
--------------------------------------------------------------------------------
[2024-02-12 14:09:49,377] {taskinstance.py:1377} INFO - Executing <Task(PythonOperator): upload_user_activity_log_inc> on 2024-02-09 14:01:59.240675+00:00
[2024-02-12 14:09:49,380] {standard_task_runner.py:52} INFO - Started process 30009 to run task
[2024-02-12 14:09:49,382] {standard_task_runner.py:79} INFO - Running: ['airflow', 'tasks', 'run', 'sales_mart_inc', 'upload_user_activity_log_inc', 'scheduled__2024-02-09T14:01:59.240675+00:00', '--job-id', '595', '--raw', '--subdir', 'DAGS_FOLDER/sales_mart_inc.py', '--cfg-path', '/tmp/tmp4xk21mj_', '--error-file', '/tmp/tmprer8d9e0']
[2024-02-12 14:09:49,383] {standard_task_runner.py:80} INFO - Job 595: Subtask upload_user_activity_log_inc
[2024-02-12 14:09:49,418] {task_command.py:369} INFO - Running <TaskInstance: sales_mart_inc.upload_user_activity_log_inc scheduled__2024-02-09T14:01:59.240675+00:00 [running]> on host 91766ce79ef0
[2024-02-12 14:09:49,459] {taskinstance.py:1569} INFO - Exporting the following env vars:
AIRFLOW_CTX_DAG_EMAIL=student@example.com
AIRFLOW_CTX_DAG_OWNER=student
AIRFLOW_CTX_DAG_ID=sales_mart_inc
AIRFLOW_CTX_TASK_ID=upload_user_activity_log_inc
AIRFLOW_CTX_EXECUTION_DATE=2024-02-09T14:01:59.240675+00:00
AIRFLOW_CTX_TRY_NUMBER=1
AIRFLOW_CTX_DAG_RUN_ID=scheduled__2024-02-09T14:01:59.240675+00:00
[2024-02-12 14:09:49,466] {logging_mixin.py:115} INFO - https://storage.yandexcloud.net/s3-sprint3/cohort_22/damir-kalinin7/project/MjAyNC0wMi0wOVQwMDowMDowMAlUV3BCZVU1RE1IZE5hVEI0VFd4UmVFNUViM2RQUkc5NlRWRnNhMWxYTVhCamFURnlXVmQ0Y0dKdGJIVk9kejA5/user_activity_log_inc.csv
[2024-02-12 14:09:49,466] {logging_mixin.py:115} INFO - 20240209_user_activity_log_inc.csv
[2024-02-12 14:09:49,700] {logging_mixin.py:115} INFO - b'id,uniq_id,date_time,action_id,customer_id,quantity\r\n1,4cc12472ffbbc8f161022eb16bec69ac,2024-02-09T00:00:00,2,101,23\r\n2,a58fc696bf6f2950fe2589264a6c6b1e,2024-02-09T00:00:00,0,891,16\r\n3,19d603a4c82abd937438439fa208a61e,2024-02-09T00:00:00,2,210,6\r\n4,7aaefd7924496f82c63ddcd37b02813a,2024-02-09T00:00:00,2,671,21\r\n5,01790af113fdd8a908eaa10d99cb7e41,2024-02-09T00:00:00,0,240,7\r\n6,5f86bf8a4d6f6a89b75b08949172e87e,2024-02-09T00:00:00,3,751,11\r\n7,627a8d68d25fccf4aa5d003237aa940f,2024-02-09T00:00:00,0,591,10\r\n8,ce5513f24bbc2dd2a11571857145b654,2024-02-09T00:00:00,1,490,3\r\n9,e073e0d84632917f35b9a58038c58305,2024-02-09T00:00:00,0,351,21\r\n10,e542849a22aac99b02157cd4a82890cb,2024-02-09T00:00:00,0,711,20\r\n11,6f906247ac7690c63b154af69776ae7a,2024-02-09T00:00:00,1,911,24\r\n12,d083f7b3f5439699e482d003d7049982,2024-02-09T00:00:00,2,880,20\r\n13,b0ea6d3b6aa28c35f8e6b01bd23ffc57,2024-02-09T00:00:00,2,230,12\r\n14,5fb2628d7035efdea71ca63ce1004798,2024-02-09T00:00:00,3,530,0\r\n'
[2024-02-12 14:09:49,705] {logging_mixin.py:115} INFO - Index(['uniq_id', 'date_time', 'action_id', 'customer_id', 'quantity'], dtype='object')
[2024-02-12 14:09:49,711] {base.py:68} INFO - Using connection ID 'postgresql_de' for task execution.
[2024-02-12 14:09:49,721] {logging_mixin.py:115} INFO - 14 rows was inserted
[2024-02-12 14:09:49,721] {python.py:173} INFO - Done. Returned value was: None
[2024-02-12 14:09:49,728] {taskinstance.py:1395} INFO - Marking task as SUCCESS. dag_id=sales_mart_inc, task_id=upload_user_activity_log_inc, execution_date=20240209T140159, start_date=20240212T140949, end_date=20240212T140949
[2024-02-12 14:09:49,756] {local_task_job.py:156} INFO - Task exited with return code 0
[2024-02-12 14:09:49,777] {local_task_job.py:273} INFO - 0 downstream tasks scheduled from follow-on schedule check
