[2024-02-12 09:52:36,542] {taskinstance.py:1159} INFO - Dependencies all met for <TaskInstance: sales_mart.update_d_customer manual__2024-02-12T09:51:07.647434+00:00 [queued]>
[2024-02-12 09:52:36,548] {taskinstance.py:1159} INFO - Dependencies all met for <TaskInstance: sales_mart.update_d_customer manual__2024-02-12T09:51:07.647434+00:00 [queued]>
[2024-02-12 09:52:36,548] {taskinstance.py:1356} INFO - 
--------------------------------------------------------------------------------
[2024-02-12 09:52:36,548] {taskinstance.py:1357} INFO - Starting attempt 1 of 1
[2024-02-12 09:52:36,548] {taskinstance.py:1358} INFO - 
--------------------------------------------------------------------------------
[2024-02-12 09:52:36,554] {taskinstance.py:1377} INFO - Executing <Task(PostgresOperator): update_d_customer> on 2024-02-12 09:51:07.647434+00:00
[2024-02-12 09:52:36,557] {standard_task_runner.py:52} INFO - Started process 17693 to run task
[2024-02-12 09:52:36,559] {standard_task_runner.py:79} INFO - Running: ['airflow', 'tasks', 'run', 'sales_mart', 'update_d_customer', 'manual__2024-02-12T09:51:07.647434+00:00', '--job-id', '377', '--raw', '--subdir', 'DAGS_FOLDER/sales_mart.py', '--cfg-path', '/tmp/tmpow7i75p4', '--error-file', '/tmp/tmpaqouihnj']
[2024-02-12 09:52:36,559] {standard_task_runner.py:80} INFO - Job 377: Subtask update_d_customer
[2024-02-12 09:52:36,592] {task_command.py:369} INFO - Running <TaskInstance: sales_mart.update_d_customer manual__2024-02-12T09:51:07.647434+00:00 [running]> on host 91766ce79ef0
[2024-02-12 09:52:36,636] {taskinstance.py:1569} INFO - Exporting the following env vars:
AIRFLOW_CTX_DAG_EMAIL=student@example.com
AIRFLOW_CTX_DAG_OWNER=student
AIRFLOW_CTX_DAG_ID=sales_mart
AIRFLOW_CTX_TASK_ID=update_d_customer
AIRFLOW_CTX_EXECUTION_DATE=2024-02-12T09:51:07.647434+00:00
AIRFLOW_CTX_TRY_NUMBER=1
AIRFLOW_CTX_DAG_RUN_ID=manual__2024-02-12T09:51:07.647434+00:00
[2024-02-12 09:52:36,643] {base.py:68} INFO - Using connection ID 'postgresql_de' for task execution.
[2024-02-12 09:52:36,648] {sql.py:315} INFO - Running statement: insert into mart.d_customer (customer_id, first_name, last_name, city_id)
select customer_id, first_name, last_name, max(city_id) from staging.user_order_log
where customer_id not in (select customer_id from mart.d_customer)
group by customer_id, first_name, last_name, parameters: None
[2024-02-12 09:52:36,659] {sql.py:324} INFO - Rows affected: 1822
[2024-02-12 09:52:36,674] {taskinstance.py:1395} INFO - Marking task as SUCCESS. dag_id=sales_mart, task_id=update_d_customer, execution_date=20240212T095107, start_date=20240212T095236, end_date=20240212T095236
[2024-02-12 09:52:36,690] {local_task_job.py:156} INFO - Task exited with return code 0
[2024-02-12 09:52:36,717] {local_task_job.py:273} INFO - 1 downstream tasks scheduled from follow-on schedule check
