[2024-02-11 22:40:50,012] {taskinstance.py:1159} INFO - Dependencies all met for <TaskInstance: sales_mart.get_report scheduled__2024-02-08T22:34:02.383162+00:00 [queued]>
[2024-02-11 22:40:50,017] {taskinstance.py:1159} INFO - Dependencies all met for <TaskInstance: sales_mart.get_report scheduled__2024-02-08T22:34:02.383162+00:00 [queued]>
[2024-02-11 22:40:50,017] {taskinstance.py:1356} INFO - 
--------------------------------------------------------------------------------
[2024-02-11 22:40:50,017] {taskinstance.py:1357} INFO - Starting attempt 1 of 1
[2024-02-11 22:40:50,017] {taskinstance.py:1358} INFO - 
--------------------------------------------------------------------------------
[2024-02-11 22:40:50,022] {taskinstance.py:1377} INFO - Executing <Task(PythonOperator): get_report> on 2024-02-08 22:34:02.383162+00:00
[2024-02-11 22:40:50,025] {standard_task_runner.py:52} INFO - Started process 45487 to run task
[2024-02-11 22:40:50,026] {standard_task_runner.py:79} INFO - Running: ['airflow', 'tasks', 'run', 'sales_mart', 'get_report', 'scheduled__2024-02-08T22:34:02.383162+00:00', '--job-id', '1109', '--raw', '--subdir', 'DAGS_FOLDER/sprint3 copy.py', '--cfg-path', '/tmp/tmpqirh3r0g', '--error-file', '/tmp/tmpnf6el0ma']
[2024-02-11 22:40:50,027] {standard_task_runner.py:80} INFO - Job 1109: Subtask get_report
[2024-02-11 22:40:50,057] {task_command.py:369} INFO - Running <TaskInstance: sales_mart.get_report scheduled__2024-02-08T22:34:02.383162+00:00 [running]> on host 2a8d1eb5116f
[2024-02-11 22:40:50,090] {taskinstance.py:1569} INFO - Exporting the following env vars:
AIRFLOW_CTX_DAG_EMAIL=student@example.com
AIRFLOW_CTX_DAG_OWNER=student
AIRFLOW_CTX_DAG_ID=sales_mart
AIRFLOW_CTX_TASK_ID=get_report
AIRFLOW_CTX_EXECUTION_DATE=2024-02-08T22:34:02.383162+00:00
AIRFLOW_CTX_TRY_NUMBER=1
AIRFLOW_CTX_DAG_RUN_ID=scheduled__2024-02-08T22:34:02.383162+00:00
[2024-02-11 22:40:50,090] {logging_mixin.py:115} INFO - Making request get_report
[2024-02-11 22:40:50,774] {logging_mixin.py:115} INFO - Response is b'{"task_id":"MjAyNC0wMi0xMVQyMjo0MDo0OAlkYW1pci1rYWxpbmluNw==","status":"RUNNING","data":{"report_id":null,"start_day":null,"end_date":null,"s3_path":{}}}'
[2024-02-11 22:41:00,143] {local_task_job.py:220} WARNING - State of this instance has been externally set to success. Terminating instance.
[2024-02-11 22:41:00,145] {process_utils.py:125} INFO - Sending Signals.SIGTERM to group 45487. PIDs of all processes in the group: [45487]
[2024-02-11 22:41:00,145] {process_utils.py:80} INFO - Sending the signal Signals.SIGTERM to group 45487
[2024-02-11 22:41:00,145] {taskinstance.py:1541} ERROR - Received SIGTERM. Terminating subprocesses.
[2024-02-11 22:41:00,171] {process_utils.py:75} INFO - Process psutil.Process(pid=45487, status='terminated', exitcode=0, started='22:40:49') (45487) terminated with exit code 0
