[2024-02-11 19:08:55,341] {taskinstance.py:1159} INFO - Dependencies all met for <TaskInstance: sales_mart.truncate_user_order_log scheduled__2024-02-10T19:05:42.790265+00:00 [queued]>
[2024-02-11 19:08:55,345] {taskinstance.py:1159} INFO - Dependencies all met for <TaskInstance: sales_mart.truncate_user_order_log scheduled__2024-02-10T19:05:42.790265+00:00 [queued]>
[2024-02-11 19:08:55,345] {taskinstance.py:1356} INFO - 
--------------------------------------------------------------------------------
[2024-02-11 19:08:55,346] {taskinstance.py:1357} INFO - Starting attempt 1 of 1
[2024-02-11 19:08:55,346] {taskinstance.py:1358} INFO - 
--------------------------------------------------------------------------------
[2024-02-11 19:08:55,351] {taskinstance.py:1377} INFO - Executing <Task(PostgresOperator): truncate_user_order_log> on 2024-02-10 19:05:42.790265+00:00
[2024-02-11 19:08:55,353] {standard_task_runner.py:52} INFO - Started process 15625 to run task
[2024-02-11 19:08:55,355] {standard_task_runner.py:79} INFO - Running: ['airflow', 'tasks', 'run', 'sales_mart', 'truncate_user_order_log', 'scheduled__2024-02-10T19:05:42.790265+00:00', '--job-id', '357', '--raw', '--subdir', 'DAGS_FOLDER/sprint3.py', '--cfg-path', '/tmp/tmpv_upbt7h', '--error-file', '/tmp/tmp82xjqwbv']
[2024-02-11 19:08:55,355] {standard_task_runner.py:80} INFO - Job 357: Subtask truncate_user_order_log
[2024-02-11 19:08:55,386] {task_command.py:369} INFO - Running <TaskInstance: sales_mart.truncate_user_order_log scheduled__2024-02-10T19:05:42.790265+00:00 [running]> on host 2a8d1eb5116f
[2024-02-11 19:08:55,420] {taskinstance.py:1569} INFO - Exporting the following env vars:
AIRFLOW_CTX_DAG_EMAIL=student@example.com
AIRFLOW_CTX_DAG_OWNER=student
AIRFLOW_CTX_DAG_ID=sales_mart
AIRFLOW_CTX_TASK_ID=truncate_user_order_log
AIRFLOW_CTX_EXECUTION_DATE=2024-02-10T19:05:42.790265+00:00
AIRFLOW_CTX_TRY_NUMBER=1
AIRFLOW_CTX_DAG_RUN_ID=scheduled__2024-02-10T19:05:42.790265+00:00
[2024-02-11 19:08:55,427] {base.py:68} INFO - Using connection ID 'postgresql_de' for task execution.
[2024-02-11 19:08:55,430] {sql.py:315} INFO - Running statement: truncate staging.user_order_log;, parameters: None
[2024-02-11 19:08:55,443] {taskinstance.py:1395} INFO - Marking task as SUCCESS. dag_id=sales_mart, task_id=truncate_user_order_log, execution_date=20240210T190542, start_date=20240211T190855, end_date=20240211T190855
[2024-02-11 19:08:55,487] {local_task_job.py:156} INFO - Task exited with return code 0
[2024-02-11 19:08:55,512] {local_task_job.py:273} INFO - 0 downstream tasks scheduled from follow-on schedule check
