[2024-02-12 08:17:35,745] {taskinstance.py:1159} INFO - Dependencies all met for <TaskInstance: sales_mart_inc.generate_report scheduled__2024-02-10T08:09:37.968777+00:00 [queued]>
[2024-02-12 08:17:35,751] {taskinstance.py:1159} INFO - Dependencies all met for <TaskInstance: sales_mart_inc.generate_report scheduled__2024-02-10T08:09:37.968777+00:00 [queued]>
[2024-02-12 08:17:35,751] {taskinstance.py:1356} INFO - 
--------------------------------------------------------------------------------
[2024-02-12 08:17:35,751] {taskinstance.py:1357} INFO - Starting attempt 1 of 1
[2024-02-12 08:17:35,751] {taskinstance.py:1358} INFO - 
--------------------------------------------------------------------------------
[2024-02-12 08:17:35,757] {taskinstance.py:1377} INFO - Executing <Task(PythonOperator): generate_report> on 2024-02-10 08:09:37.968777+00:00
[2024-02-12 08:17:35,760] {standard_task_runner.py:52} INFO - Started process 14608 to run task
[2024-02-12 08:17:35,761] {standard_task_runner.py:79} INFO - Running: ['airflow', 'tasks', 'run', 'sales_mart_inc', 'generate_report', 'scheduled__2024-02-10T08:09:37.968777+00:00', '--job-id', '339', '--raw', '--subdir', 'DAGS_FOLDER/sales_mart_inc.py', '--cfg-path', '/tmp/tmpp31k__os', '--error-file', '/tmp/tmpmseg6cw4']
[2024-02-12 08:17:35,762] {standard_task_runner.py:80} INFO - Job 339: Subtask generate_report
[2024-02-12 08:17:35,798] {task_command.py:369} INFO - Running <TaskInstance: sales_mart_inc.generate_report scheduled__2024-02-10T08:09:37.968777+00:00 [running]> on host 91766ce79ef0
[2024-02-12 08:17:35,849] {taskinstance.py:1569} INFO - Exporting the following env vars:
AIRFLOW_CTX_DAG_EMAIL=student@example.com
AIRFLOW_CTX_DAG_OWNER=student
AIRFLOW_CTX_DAG_ID=sales_mart_inc
AIRFLOW_CTX_TASK_ID=generate_report
AIRFLOW_CTX_EXECUTION_DATE=2024-02-10T08:09:37.968777+00:00
AIRFLOW_CTX_TRY_NUMBER=1
AIRFLOW_CTX_DAG_RUN_ID=scheduled__2024-02-10T08:09:37.968777+00:00
[2024-02-12 08:17:35,850] {logging_mixin.py:115} INFO - Making request generate_report
[2024-02-12 08:17:36,235] {logging_mixin.py:115} INFO - Response is b'{"task_id":"MjAyNC0wMi0xMlQwODoxNzozNglkYW1pci1rYWxpbmluNw=="}'
[2024-02-12 08:17:36,235] {python.py:173} INFO - Done. Returned value was: None
[2024-02-12 08:17:36,243] {taskinstance.py:1395} INFO - Marking task as SUCCESS. dag_id=sales_mart_inc, task_id=generate_report, execution_date=20240210T080937, start_date=20240212T081735, end_date=20240212T081736
[2024-02-12 08:17:36,255] {local_task_job.py:156} INFO - Task exited with return code 0
[2024-02-12 08:17:36,286] {local_task_job.py:273} INFO - 1 downstream tasks scheduled from follow-on schedule check
