[2024-02-11 19:00:55,810] {taskinstance.py:1159} INFO - Dependencies all met for <TaskInstance: sales_mart.truncate_user_order_log scheduled__2024-02-07T18:59:21.955301+00:00 [queued]>
[2024-02-11 19:00:55,816] {taskinstance.py:1159} INFO - Dependencies all met for <TaskInstance: sales_mart.truncate_user_order_log scheduled__2024-02-07T18:59:21.955301+00:00 [queued]>
[2024-02-11 19:00:55,816] {taskinstance.py:1356} INFO - 
--------------------------------------------------------------------------------
[2024-02-11 19:00:55,816] {taskinstance.py:1357} INFO - Starting attempt 1 of 1
[2024-02-11 19:00:55,816] {taskinstance.py:1358} INFO - 
--------------------------------------------------------------------------------
[2024-02-11 19:00:55,822] {taskinstance.py:1377} INFO - Executing <Task(PostgresOperator): truncate_user_order_log> on 2024-02-07 18:59:21.955301+00:00
[2024-02-11 19:00:55,825] {standard_task_runner.py:52} INFO - Started process 12928 to run task
[2024-02-11 19:00:55,826] {standard_task_runner.py:79} INFO - Running: ['airflow', 'tasks', 'run', 'sales_mart', 'truncate_user_order_log', 'scheduled__2024-02-07T18:59:21.955301+00:00', '--job-id', '280', '--raw', '--subdir', 'DAGS_FOLDER/sprint3.py', '--cfg-path', '/tmp/tmpctv4m2vw', '--error-file', '/tmp/tmpbre_c16g']
[2024-02-11 19:00:55,826] {standard_task_runner.py:80} INFO - Job 280: Subtask truncate_user_order_log
[2024-02-11 19:00:55,857] {task_command.py:369} INFO - Running <TaskInstance: sales_mart.truncate_user_order_log scheduled__2024-02-07T18:59:21.955301+00:00 [running]> on host 2a8d1eb5116f
[2024-02-11 19:00:55,892] {taskinstance.py:1569} INFO - Exporting the following env vars:
AIRFLOW_CTX_DAG_EMAIL=student@example.com
AIRFLOW_CTX_DAG_OWNER=student
AIRFLOW_CTX_DAG_ID=sales_mart
AIRFLOW_CTX_TASK_ID=truncate_user_order_log
AIRFLOW_CTX_EXECUTION_DATE=2024-02-07T18:59:21.955301+00:00
AIRFLOW_CTX_TRY_NUMBER=1
AIRFLOW_CTX_DAG_RUN_ID=scheduled__2024-02-07T18:59:21.955301+00:00
[2024-02-11 19:00:55,899] {base.py:68} INFO - Using connection ID 'postgresql_de' for task execution.
[2024-02-11 19:00:55,903] {sql.py:315} INFO - Running statement: truncate staging.user_order_log;, parameters: None
[2024-02-11 19:00:55,918] {taskinstance.py:1395} INFO - Marking task as SUCCESS. dag_id=sales_mart, task_id=truncate_user_order_log, execution_date=20240207T185921, start_date=20240211T190055, end_date=20240211T190055
[2024-02-11 19:00:55,958] {local_task_job.py:156} INFO - Task exited with return code 0
[2024-02-11 19:00:55,985] {local_task_job.py:273} INFO - 1 downstream tasks scheduled from follow-on schedule check
