[2024-02-11 22:00:42,699] {taskinstance.py:1159} INFO - Dependencies all met for <TaskInstance: sales_mart.get_report scheduled__2024-02-05T21:59:02.348014+00:00 [queued]>
[2024-02-11 22:00:42,704] {taskinstance.py:1159} INFO - Dependencies all met for <TaskInstance: sales_mart.get_report scheduled__2024-02-05T21:59:02.348014+00:00 [queued]>
[2024-02-11 22:00:42,704] {taskinstance.py:1356} INFO - 
--------------------------------------------------------------------------------
[2024-02-11 22:00:42,704] {taskinstance.py:1357} INFO - Starting attempt 1 of 1
[2024-02-11 22:00:42,704] {taskinstance.py:1358} INFO - 
--------------------------------------------------------------------------------
[2024-02-11 22:00:42,710] {taskinstance.py:1377} INFO - Executing <Task(PythonOperator): get_report> on 2024-02-05 21:59:02.348014+00:00
[2024-02-11 22:00:42,713] {standard_task_runner.py:52} INFO - Started process 36859 to run task
[2024-02-11 22:00:42,714] {standard_task_runner.py:79} INFO - Running: ['airflow', 'tasks', 'run', 'sales_mart', 'get_report', 'scheduled__2024-02-05T21:59:02.348014+00:00', '--job-id', '884', '--raw', '--subdir', 'DAGS_FOLDER/sprint3 copy.py', '--cfg-path', '/tmp/tmp8_jtqmun', '--error-file', '/tmp/tmp2_rcdgk_']
[2024-02-11 22:00:42,715] {standard_task_runner.py:80} INFO - Job 884: Subtask get_report
[2024-02-11 22:00:42,750] {task_command.py:369} INFO - Running <TaskInstance: sales_mart.get_report scheduled__2024-02-05T21:59:02.348014+00:00 [running]> on host 2a8d1eb5116f
[2024-02-11 22:00:42,786] {taskinstance.py:1569} INFO - Exporting the following env vars:
AIRFLOW_CTX_DAG_EMAIL=student@example.com
AIRFLOW_CTX_DAG_OWNER=student
AIRFLOW_CTX_DAG_ID=sales_mart
AIRFLOW_CTX_TASK_ID=get_report
AIRFLOW_CTX_EXECUTION_DATE=2024-02-05T21:59:02.348014+00:00
AIRFLOW_CTX_TRY_NUMBER=1
AIRFLOW_CTX_DAG_RUN_ID=scheduled__2024-02-05T21:59:02.348014+00:00
[2024-02-11 22:00:42,787] {logging_mixin.py:115} INFO - Making request get_report
[2024-02-11 22:00:43,042] {logging_mixin.py:115} INFO - Response is b'{"task_id":"MjAyNC0wMi0xMVQyMjowMDo0MQlkYW1pci1rYWxpbmluNw==","status":"RUNNING","data":{"report_id":null,"start_day":null,"end_date":null,"s3_path":{}}}'
[2024-02-11 22:00:53,606] {logging_mixin.py:115} INFO - Response is b'{"task_id":"MjAyNC0wMi0xMVQyMjowMDo0MQlkYW1pci1rYWxpbmluNw==","status":"RUNNING","data":{"report_id":null,"start_day":null,"end_date":null,"s3_path":{}}}'
[2024-02-11 22:01:03,854] {logging_mixin.py:115} INFO - Response is b'{"task_id":"MjAyNC0wMi0xMVQyMjowMDo0MQlkYW1pci1rYWxpbmluNw==","status":"RUNNING","data":{"report_id":null,"start_day":null,"end_date":null,"s3_path":{}}}'
[2024-02-11 22:01:14,047] {logging_mixin.py:115} INFO - Response is b'{"task_id":"MjAyNC0wMi0xMVQyMjowMDo0MQlkYW1pci1rYWxpbmluNw==","status":"RUNNING","data":{"report_id":null,"start_day":null,"end_date":null,"s3_path":{}}}'
[2024-02-11 22:01:23,184] {local_task_job.py:220} WARNING - State of this instance has been externally set to failed. Terminating instance.
[2024-02-11 22:01:23,185] {process_utils.py:125} INFO - Sending Signals.SIGTERM to group 36859. PIDs of all processes in the group: [36859]
[2024-02-11 22:01:23,185] {process_utils.py:80} INFO - Sending the signal Signals.SIGTERM to group 36859
[2024-02-11 22:01:23,185] {taskinstance.py:1541} ERROR - Received SIGTERM. Terminating subprocesses.
[2024-02-11 22:01:23,199] {process_utils.py:75} INFO - Process psutil.Process(pid=36859, status='terminated', exitcode=0, started='22:00:42') (36859) terminated with exit code 0
