[2024-02-11 19:03:39,595] {taskinstance.py:1159} INFO - Dependencies all met for <TaskInstance: sales_mart.generate_report scheduled__2024-02-10T18:59:21.955301+00:00 [queued]>
[2024-02-11 19:03:39,600] {taskinstance.py:1159} INFO - Dependencies all met for <TaskInstance: sales_mart.generate_report scheduled__2024-02-10T18:59:21.955301+00:00 [queued]>
[2024-02-11 19:03:39,600] {taskinstance.py:1356} INFO - 
--------------------------------------------------------------------------------
[2024-02-11 19:03:39,600] {taskinstance.py:1357} INFO - Starting attempt 1 of 1
[2024-02-11 19:03:39,600] {taskinstance.py:1358} INFO - 
--------------------------------------------------------------------------------
[2024-02-11 19:03:39,606] {taskinstance.py:1377} INFO - Executing <Task(PythonOperator): generate_report> on 2024-02-10 18:59:21.955301+00:00
[2024-02-11 19:03:39,609] {standard_task_runner.py:52} INFO - Started process 13986 to run task
[2024-02-11 19:03:39,610] {standard_task_runner.py:79} INFO - Running: ['airflow', 'tasks', 'run', 'sales_mart', 'generate_report', 'scheduled__2024-02-10T18:59:21.955301+00:00', '--job-id', '310', '--raw', '--subdir', 'DAGS_FOLDER/sprint3.py', '--cfg-path', '/tmp/tmpz7eurs7c', '--error-file', '/tmp/tmpjtodbxvy']
[2024-02-11 19:03:39,611] {standard_task_runner.py:80} INFO - Job 310: Subtask generate_report
[2024-02-11 19:03:39,648] {task_command.py:369} INFO - Running <TaskInstance: sales_mart.generate_report scheduled__2024-02-10T18:59:21.955301+00:00 [running]> on host 2a8d1eb5116f
[2024-02-11 19:03:39,686] {taskinstance.py:1569} INFO - Exporting the following env vars:
AIRFLOW_CTX_DAG_EMAIL=student@example.com
AIRFLOW_CTX_DAG_OWNER=student
AIRFLOW_CTX_DAG_ID=sales_mart
AIRFLOW_CTX_TASK_ID=generate_report
AIRFLOW_CTX_EXECUTION_DATE=2024-02-10T18:59:21.955301+00:00
AIRFLOW_CTX_TRY_NUMBER=1
AIRFLOW_CTX_DAG_RUN_ID=scheduled__2024-02-10T18:59:21.955301+00:00
[2024-02-11 19:03:39,687] {logging_mixin.py:115} INFO - Making request generate_report
[2024-02-11 19:03:40,133] {logging_mixin.py:115} INFO - Response is b'{"task_id":"MjAyNC0wMi0xMVQxOTowMzo0MAlkYW1pci1rYWxpbmluNw=="}'
[2024-02-11 19:03:40,134] {python.py:173} INFO - Done. Returned value was: None
[2024-02-11 19:03:40,142] {taskinstance.py:1395} INFO - Marking task as SUCCESS. dag_id=sales_mart, task_id=generate_report, execution_date=20240210T185921, start_date=20240211T190339, end_date=20240211T190340
[2024-02-11 19:03:40,185] {local_task_job.py:156} INFO - Task exited with return code 0
[2024-02-11 19:03:40,212] {local_task_job.py:273} INFO - 1 downstream tasks scheduled from follow-on schedule check
