[2024-02-11 20:42:49,483] {taskinstance.py:1159} INFO - Dependencies all met for <TaskInstance: sales_mart.get_report scheduled__2024-02-07T20:38:33.974261+00:00 [queued]>
[2024-02-11 20:42:49,488] {taskinstance.py:1159} INFO - Dependencies all met for <TaskInstance: sales_mart.get_report scheduled__2024-02-07T20:38:33.974261+00:00 [queued]>
[2024-02-11 20:42:49,488] {taskinstance.py:1356} INFO - 
--------------------------------------------------------------------------------
[2024-02-11 20:42:49,488] {taskinstance.py:1357} INFO - Starting attempt 1 of 1
[2024-02-11 20:42:49,488] {taskinstance.py:1358} INFO - 
--------------------------------------------------------------------------------
[2024-02-11 20:42:49,495] {taskinstance.py:1377} INFO - Executing <Task(PythonOperator): get_report> on 2024-02-07 20:38:33.974261+00:00
[2024-02-11 20:42:49,497] {standard_task_runner.py:52} INFO - Started process 25337 to run task
[2024-02-11 20:42:49,499] {standard_task_runner.py:79} INFO - Running: ['airflow', 'tasks', 'run', 'sales_mart', 'get_report', 'scheduled__2024-02-07T20:38:33.974261+00:00', '--job-id', '600', '--raw', '--subdir', 'DAGS_FOLDER/sprint3 copy.py', '--cfg-path', '/tmp/tmp8211kya7', '--error-file', '/tmp/tmpuc2ljrsi']
[2024-02-11 20:42:49,499] {standard_task_runner.py:80} INFO - Job 600: Subtask get_report
[2024-02-11 20:42:49,532] {task_command.py:369} INFO - Running <TaskInstance: sales_mart.get_report scheduled__2024-02-07T20:38:33.974261+00:00 [running]> on host 2a8d1eb5116f
[2024-02-11 20:42:49,567] {taskinstance.py:1569} INFO - Exporting the following env vars:
AIRFLOW_CTX_DAG_EMAIL=student@example.com
AIRFLOW_CTX_DAG_OWNER=student
AIRFLOW_CTX_DAG_ID=sales_mart
AIRFLOW_CTX_TASK_ID=get_report
AIRFLOW_CTX_EXECUTION_DATE=2024-02-07T20:38:33.974261+00:00
AIRFLOW_CTX_TRY_NUMBER=1
AIRFLOW_CTX_DAG_RUN_ID=scheduled__2024-02-07T20:38:33.974261+00:00
[2024-02-11 20:42:49,567] {logging_mixin.py:115} INFO - Making request get_report
[2024-02-11 20:42:49,810] {logging_mixin.py:115} INFO - Response is b'{"task_id":"MjAyNC0wMi0xMVQyMDo0Mjo0OAlkYW1pci1rYWxpbmluNw==","status":"RUNNING","data":{"report_id":null,"start_day":null,"end_date":null,"s3_path":{}}}'
[2024-02-11 20:43:00,224] {logging_mixin.py:115} INFO - Response is b'{"task_id":"MjAyNC0wMi0xMVQyMDo0Mjo0OAlkYW1pci1rYWxpbmluNw==","status":"RUNNING","data":{"report_id":null,"start_day":null,"end_date":null,"s3_path":{}}}'
[2024-02-11 20:43:10,575] {logging_mixin.py:115} INFO - Response is b'{"task_id":"MjAyNC0wMi0xMVQyMDo0Mjo0OAlkYW1pci1rYWxpbmluNw==","status":"RUNNING","data":{"report_id":null,"start_day":null,"end_date":null,"s3_path":{}}}'
[2024-02-11 20:43:20,852] {logging_mixin.py:115} INFO - Response is b'{"task_id":"MjAyNC0wMi0xMVQyMDo0Mjo0OAlkYW1pci1rYWxpbmluNw==","status":"RUNNING","data":{"report_id":null,"start_day":null,"end_date":null,"s3_path":{}}}'
[2024-02-11 20:43:31,125] {logging_mixin.py:115} INFO - Response is b'{"task_id":"MjAyNC0wMi0xMVQyMDo0Mjo0OAlkYW1pci1rYWxpbmluNw==","status":"RUNNING","data":{"report_id":null,"start_day":null,"end_date":null,"s3_path":{}}}'
[2024-02-11 20:43:41,500] {logging_mixin.py:115} INFO - Response is b'{"task_id":"MjAyNC0wMi0xMVQyMDo0Mjo0OAlkYW1pci1rYWxpbmluNw==","status":"RUNNING","data":{"report_id":null,"start_day":null,"end_date":null,"s3_path":{}}}'
[2024-02-11 20:43:55,026] {logging_mixin.py:115} INFO - Response is b'{"task_id":"MjAyNC0wMi0xMVQyMDo0Mjo0OAlkYW1pci1rYWxpbmluNw==","status":"SUCCESS","data":{"report_id":"TWpBeU5DMHdNaTB4TVZReU1EbzBNam8wT0Fsa1lXMXBjaTFyWVd4cGJtbHVOdz09","start_day":"2024-01-12 00:00:00","end_date":"2024-02-03 00:00:00","s3_path":{"customer_research":"https://storage.yandexcloud.net/s3-sprint3/cohort_22/damir-kalinin7/project/TWpBeU5DMHdNaTB4TVZReU1EbzBNam8wT0Fsa1lXMXBjaTFyWVd4cGJtbHVOdz09/customer_research.csv","user_order_log":"https://storage.yandexcloud.net/s3-sprint3/cohort_22/damir-kalinin7/project/TWpBeU5DMHdNaTB4TVZReU1EbzBNam8wT0Fsa1lXMXBjaTFyWVd4cGJtbHVOdz09/user_order_log.csv","user_activity_log":"https://storage.yandexcloud.net/s3-sprint3/cohort_22/damir-kalinin7/project/TWpBeU5DMHdNaTB4TVZReU1EbzBNam8wT0Fsa1lXMXBjaTFyWVd4cGJtbHVOdz09/user_activity_log.csv","price_log":"https://storage.yandexcloud.net/s3-sprint3/cohort_22/damir-kalinin7/project/TWpBeU5DMHdNaTB4TVZReU1EbzBNam8wT0Fsa1lXMXBjaTFyWVd4cGJtbHVOdz09/price_log.csv"}}}'
[2024-02-11 20:43:55,038] {logging_mixin.py:115} INFO - Report_id=TWpBeU5DMHdNaTB4TVZReU1EbzBNam8wT0Fsa1lXMXBjaTFyWVd4cGJtbHVOdz09
[2024-02-11 20:43:55,038] {python.py:173} INFO - Done. Returned value was: None
[2024-02-11 20:43:55,047] {taskinstance.py:1395} INFO - Marking task as SUCCESS. dag_id=sales_mart, task_id=get_report, execution_date=20240207T203833, start_date=20240211T204249, end_date=20240211T204355
[2024-02-11 20:43:55,061] {local_task_job.py:156} INFO - Task exited with return code 0
[2024-02-11 20:43:55,083] {local_task_job.py:273} INFO - 3 downstream tasks scheduled from follow-on schedule check
