[2024-02-12 07:50:59,548] {taskinstance.py:1159} INFO - Dependencies all met for <TaskInstance: sales_mart_inc.upload_user_activity_log_inc scheduled__2024-02-08T07:44:56.593240+00:00 [queued]>
[2024-02-12 07:50:59,555] {taskinstance.py:1159} INFO - Dependencies all met for <TaskInstance: sales_mart_inc.upload_user_activity_log_inc scheduled__2024-02-08T07:44:56.593240+00:00 [queued]>
[2024-02-12 07:50:59,555] {taskinstance.py:1356} INFO - 
--------------------------------------------------------------------------------
[2024-02-12 07:50:59,555] {taskinstance.py:1357} INFO - Starting attempt 1 of 1
[2024-02-12 07:50:59,555] {taskinstance.py:1358} INFO - 
--------------------------------------------------------------------------------
[2024-02-12 07:50:59,564] {taskinstance.py:1377} INFO - Executing <Task(PythonOperator): upload_user_activity_log_inc> on 2024-02-08 07:44:56.593240+00:00
[2024-02-12 07:50:59,568] {standard_task_runner.py:52} INFO - Started process 9003 to run task
[2024-02-12 07:50:59,570] {standard_task_runner.py:79} INFO - Running: ['airflow', 'tasks', 'run', 'sales_mart_inc', 'upload_user_activity_log_inc', 'scheduled__2024-02-08T07:44:56.593240+00:00', '--job-id', '194', '--raw', '--subdir', 'DAGS_FOLDER/sales_mart_inc.py', '--cfg-path', '/tmp/tmpmox5obxy', '--error-file', '/tmp/tmp1mn27pe1']
[2024-02-12 07:50:59,570] {standard_task_runner.py:80} INFO - Job 194: Subtask upload_user_activity_log_inc
[2024-02-12 07:50:59,609] {task_command.py:369} INFO - Running <TaskInstance: sales_mart_inc.upload_user_activity_log_inc scheduled__2024-02-08T07:44:56.593240+00:00 [running]> on host 91766ce79ef0
[2024-02-12 07:50:59,655] {taskinstance.py:1569} INFO - Exporting the following env vars:
AIRFLOW_CTX_DAG_EMAIL=student@example.com
AIRFLOW_CTX_DAG_OWNER=student
AIRFLOW_CTX_DAG_ID=sales_mart_inc
AIRFLOW_CTX_TASK_ID=upload_user_activity_log_inc
AIRFLOW_CTX_EXECUTION_DATE=2024-02-08T07:44:56.593240+00:00
AIRFLOW_CTX_TRY_NUMBER=1
AIRFLOW_CTX_DAG_RUN_ID=scheduled__2024-02-08T07:44:56.593240+00:00
[2024-02-12 07:50:59,664] {logging_mixin.py:115} INFO - https://storage.yandexcloud.net/s3-sprint3/cohort_22/damir-kalinin7/project/MjAyNC0wMi0wOFQwMDowMDowMAlUV3BCZVU1RE1IZE5hVEI0VFd4UmQwNTZiekJQVkc4d1RYZHNhMWxYTVhCamFURnlXVmQ0Y0dKdGJIVk9kejA5/user_activity_log_inc.csv
[2024-02-12 07:50:59,665] {logging_mixin.py:115} INFO - 20240208_user_activity_log_inc.csv
[2024-02-12 07:50:59,941] {logging_mixin.py:115} INFO - b'id,uniq_id,date_time,action_id,customer_id,quantity\r\n1,81d9e11c4f1ba5b262b5a7148b46a0d2,2024-02-08T00:00:00,3,440,8\r\n2,54182978004b693cc33c326241fc57ca,2024-02-08T00:00:00,0,950,8\r\n3,341a9eae787a527684b55509d81a9661,2024-02-08T00:00:00,0,271,7\r\n4,635b1741b76759bfdbe15b47e00694dd,2024-02-08T00:00:00,3,880,12\r\n'
[2024-02-12 07:50:59,947] {logging_mixin.py:115} INFO - Index(['uniq_id', 'date_time', 'action_id', 'customer_id', 'quantity'], dtype='object')
[2024-02-12 07:50:59,955] {base.py:68} INFO - Using connection ID 'postgresql_de' for task execution.
[2024-02-12 07:50:59,967] {logging_mixin.py:115} INFO - 4 rows was inserted
[2024-02-12 07:50:59,968] {python.py:173} INFO - Done. Returned value was: None
[2024-02-12 07:50:59,979] {taskinstance.py:1395} INFO - Marking task as SUCCESS. dag_id=sales_mart_inc, task_id=upload_user_activity_log_inc, execution_date=20240208T074456, start_date=20240212T075059, end_date=20240212T075059
[2024-02-12 07:51:00,024] {local_task_job.py:156} INFO - Task exited with return code 0
[2024-02-12 07:51:00,051] {local_task_job.py:273} INFO - 1 downstream tasks scheduled from follow-on schedule check
