[2024-02-11 20:46:48,357] {taskinstance.py:1159} INFO - Dependencies all met for <TaskInstance: sales_mart.truncate_customer_research scheduled__2024-02-10T20:38:33.974261+00:00 [queued]>
[2024-02-11 20:46:48,364] {taskinstance.py:1159} INFO - Dependencies all met for <TaskInstance: sales_mart.truncate_customer_research scheduled__2024-02-10T20:38:33.974261+00:00 [queued]>
[2024-02-11 20:46:48,364] {taskinstance.py:1356} INFO - 
--------------------------------------------------------------------------------
[2024-02-11 20:46:48,364] {taskinstance.py:1357} INFO - Starting attempt 1 of 1
[2024-02-11 20:46:48,364] {taskinstance.py:1358} INFO - 
--------------------------------------------------------------------------------
[2024-02-11 20:46:48,374] {taskinstance.py:1377} INFO - Executing <Task(PostgresOperator): truncate_customer_research> on 2024-02-10 20:38:33.974261+00:00
[2024-02-11 20:46:48,378] {standard_task_runner.py:52} INFO - Started process 26252 to run task
[2024-02-11 20:46:48,380] {standard_task_runner.py:79} INFO - Running: ['airflow', 'tasks', 'run', 'sales_mart', 'truncate_customer_research', 'scheduled__2024-02-10T20:38:33.974261+00:00', '--job-id', '623', '--raw', '--subdir', 'DAGS_FOLDER/sprint3 copy.py', '--cfg-path', '/tmp/tmpwjqs1w13', '--error-file', '/tmp/tmpog60bwh5']
[2024-02-11 20:46:48,380] {standard_task_runner.py:80} INFO - Job 623: Subtask truncate_customer_research
[2024-02-11 20:46:48,422] {task_command.py:369} INFO - Running <TaskInstance: sales_mart.truncate_customer_research scheduled__2024-02-10T20:38:33.974261+00:00 [running]> on host 2a8d1eb5116f
[2024-02-11 20:46:48,460] {taskinstance.py:1569} INFO - Exporting the following env vars:
AIRFLOW_CTX_DAG_EMAIL=student@example.com
AIRFLOW_CTX_DAG_OWNER=student
AIRFLOW_CTX_DAG_ID=sales_mart
AIRFLOW_CTX_TASK_ID=truncate_customer_research
AIRFLOW_CTX_EXECUTION_DATE=2024-02-10T20:38:33.974261+00:00
AIRFLOW_CTX_TRY_NUMBER=1
AIRFLOW_CTX_DAG_RUN_ID=scheduled__2024-02-10T20:38:33.974261+00:00
[2024-02-11 20:46:48,466] {base.py:68} INFO - Using connection ID 'postgresql_de' for task execution.
[2024-02-11 20:46:48,470] {sql.py:315} INFO - Running statement: truncate staging.customer_research;, parameters: None
[2024-02-11 20:46:48,480] {taskinstance.py:1395} INFO - Marking task as SUCCESS. dag_id=sales_mart, task_id=truncate_customer_research, execution_date=20240210T203833, start_date=20240211T204648, end_date=20240211T204648
[2024-02-11 20:46:48,511] {local_task_job.py:156} INFO - Task exited with return code 0
[2024-02-11 20:46:48,539] {local_task_job.py:273} INFO - 0 downstream tasks scheduled from follow-on schedule check
