[2024-02-12 14:08:16,152] {taskinstance.py:1159} INFO - Dependencies all met for <TaskInstance: sales_mart_inc.upload_customer_research_inc scheduled__2024-02-08T14:01:59.240675+00:00 [queued]>
[2024-02-12 14:08:16,158] {taskinstance.py:1159} INFO - Dependencies all met for <TaskInstance: sales_mart_inc.upload_customer_research_inc scheduled__2024-02-08T14:01:59.240675+00:00 [queued]>
[2024-02-12 14:08:16,158] {taskinstance.py:1356} INFO - 
--------------------------------------------------------------------------------
[2024-02-12 14:08:16,158] {taskinstance.py:1357} INFO - Starting attempt 1 of 1
[2024-02-12 14:08:16,158] {taskinstance.py:1358} INFO - 
--------------------------------------------------------------------------------
[2024-02-12 14:08:16,164] {taskinstance.py:1377} INFO - Executing <Task(PythonOperator): upload_customer_research_inc> on 2024-02-08 14:01:59.240675+00:00
[2024-02-12 14:08:16,168] {standard_task_runner.py:52} INFO - Started process 29387 to run task
[2024-02-12 14:08:16,170] {standard_task_runner.py:79} INFO - Running: ['airflow', 'tasks', 'run', 'sales_mart_inc', 'upload_customer_research_inc', 'scheduled__2024-02-08T14:01:59.240675+00:00', '--job-id', '578', '--raw', '--subdir', 'DAGS_FOLDER/sales_mart_inc.py', '--cfg-path', '/tmp/tmp6v7qeumf', '--error-file', '/tmp/tmp3u5jmki_']
[2024-02-12 14:08:16,170] {standard_task_runner.py:80} INFO - Job 578: Subtask upload_customer_research_inc
[2024-02-12 14:08:16,204] {task_command.py:369} INFO - Running <TaskInstance: sales_mart_inc.upload_customer_research_inc scheduled__2024-02-08T14:01:59.240675+00:00 [running]> on host 91766ce79ef0
[2024-02-12 14:08:16,253] {taskinstance.py:1569} INFO - Exporting the following env vars:
AIRFLOW_CTX_DAG_EMAIL=student@example.com
AIRFLOW_CTX_DAG_OWNER=student
AIRFLOW_CTX_DAG_ID=sales_mart_inc
AIRFLOW_CTX_TASK_ID=upload_customer_research_inc
AIRFLOW_CTX_EXECUTION_DATE=2024-02-08T14:01:59.240675+00:00
AIRFLOW_CTX_TRY_NUMBER=1
AIRFLOW_CTX_DAG_RUN_ID=scheduled__2024-02-08T14:01:59.240675+00:00
[2024-02-12 14:08:16,261] {logging_mixin.py:115} INFO - https://storage.yandexcloud.net/s3-sprint3/cohort_22/damir-kalinin7/project/MjAyNC0wMi0wOFQwMDowMDowMAlUV3BCZVU1RE1IZE5hVEI0VFd4UmVFNUViM2RPZW05M1RVRnNhMWxYTVhCamFURnlXVmQ0Y0dKdGJIVk9kejA5/customer_research_inc.csv
[2024-02-12 14:08:16,261] {logging_mixin.py:115} INFO - 20240208_customer_research_inc.csv
[2024-02-12 14:08:16,548] {logging_mixin.py:115} INFO - b'date_id,category_id,geo_id,sales_qty,sales_amt\r\n2024-02-08T00:00:00,1001,1,8,4416\r\n2024-02-08T00:00:00,1001,2,7,3864\r\n2024-02-08T00:00:00,1001,3,2,1104\r\n2024-02-08T00:00:00,1002,1,2,1104\r\n2024-02-08T00:00:00,1002,2,4,2208\r\n2024-02-08T00:00:00,1002,3,6,3312\r\n2024-02-08T00:00:00,1003,1,0,0\r\n2024-02-08T00:00:00,1003,2,1,552\r\n2024-02-08T00:00:00,1003,3,1,552\r\n2024-02-08T00:00:00,1004,1,8,4416\r\n2024-02-08T00:00:00,1004,2,2,1104\r\n2024-02-08T00:00:00,1004,3,5,2760\r\n2024-02-08T00:00:00,1005,1,1,552\r\n2024-02-08T00:00:00,1005,2,1,552\r\n2024-02-08T00:00:00,1005,3,4,2208\r\n2024-02-08T00:00:00,1006,1,0,0\r\n2024-02-08T00:00:00,1006,2,3,1656\r\n2024-02-08T00:00:00,1006,3,3,1656\r\n2024-02-08T00:00:00,1007,1,4,2208\r\n2024-02-08T00:00:00,1007,2,3,1656\r\n2024-02-08T00:00:00,1007,3,9,4968\r\n2024-02-08T00:00:00,1008,1,2,1104\r\n2024-02-08T00:00:00,1008,2,4,2208\r\n2024-02-08T00:00:00,1008,3,3,1656\r\n2024-02-08T00:00:00,1009,1,3,1656\r\n2024-02-08T00:00:00,1009,2,1,552\r\n2024-02-08T00:00:00,1009,3,4,2208\r\n2024-02-08T00:00:00,1010,1,2,1104\r\n2024-02-08T00:00:00,1010,2,7,3864\r\n2024-02-08T00:00:00,1010,3,6,3312\r\n'
[2024-02-12 14:08:16,553] {logging_mixin.py:115} INFO - Index(['date_id', 'category_id', 'geo_id', 'sales_qty', 'sales_amt'], dtype='object')
[2024-02-12 14:08:16,560] {base.py:68} INFO - Using connection ID 'postgresql_de' for task execution.
[2024-02-12 14:08:16,572] {logging_mixin.py:115} INFO - 30 rows was inserted
[2024-02-12 14:08:16,572] {python.py:173} INFO - Done. Returned value was: None
[2024-02-12 14:08:16,580] {taskinstance.py:1395} INFO - Marking task as SUCCESS. dag_id=sales_mart_inc, task_id=upload_customer_research_inc, execution_date=20240208T140159, start_date=20240212T140816, end_date=20240212T140816
[2024-02-12 14:08:16,623] {local_task_job.py:156} INFO - Task exited with return code 0
[2024-02-12 14:08:16,643] {local_task_job.py:273} INFO - 0 downstream tasks scheduled from follow-on schedule check
