[2024-02-12 07:34:15,221] {taskinstance.py:1159} INFO - Dependencies all met for <TaskInstance: sales_mart_inc.upload_user_activity_log_inc scheduled__2024-02-07T07:30:05.907678+00:00 [queued]>
[2024-02-12 07:34:15,226] {taskinstance.py:1159} INFO - Dependencies all met for <TaskInstance: sales_mart_inc.upload_user_activity_log_inc scheduled__2024-02-07T07:30:05.907678+00:00 [queued]>
[2024-02-12 07:34:15,226] {taskinstance.py:1356} INFO - 
--------------------------------------------------------------------------------
[2024-02-12 07:34:15,226] {taskinstance.py:1357} INFO - Starting attempt 1 of 1
[2024-02-12 07:34:15,226] {taskinstance.py:1358} INFO - 
--------------------------------------------------------------------------------
[2024-02-12 07:34:15,231] {taskinstance.py:1377} INFO - Executing <Task(PythonOperator): upload_user_activity_log_inc> on 2024-02-07 07:30:05.907678+00:00
[2024-02-12 07:34:15,234] {standard_task_runner.py:52} INFO - Started process 4670 to run task
[2024-02-12 07:34:15,235] {standard_task_runner.py:79} INFO - Running: ['airflow', 'tasks', 'run', 'sales_mart_inc', 'upload_user_activity_log_inc', 'scheduled__2024-02-07T07:30:05.907678+00:00', '--job-id', '79', '--raw', '--subdir', 'DAGS_FOLDER/sprint3 copy 2.py', '--cfg-path', '/tmp/tmplcyvqo8a', '--error-file', '/tmp/tmpwnvb4_l_']
[2024-02-12 07:34:15,236] {standard_task_runner.py:80} INFO - Job 79: Subtask upload_user_activity_log_inc
[2024-02-12 07:34:15,265] {task_command.py:369} INFO - Running <TaskInstance: sales_mart_inc.upload_user_activity_log_inc scheduled__2024-02-07T07:30:05.907678+00:00 [running]> on host 91766ce79ef0
[2024-02-12 07:34:15,300] {taskinstance.py:1569} INFO - Exporting the following env vars:
AIRFLOW_CTX_DAG_EMAIL=student@example.com
AIRFLOW_CTX_DAG_OWNER=student
AIRFLOW_CTX_DAG_ID=sales_mart_inc
AIRFLOW_CTX_TASK_ID=upload_user_activity_log_inc
AIRFLOW_CTX_EXECUTION_DATE=2024-02-07T07:30:05.907678+00:00
AIRFLOW_CTX_TRY_NUMBER=1
AIRFLOW_CTX_DAG_RUN_ID=scheduled__2024-02-07T07:30:05.907678+00:00
[2024-02-12 07:34:15,300] {taskinstance.py:1889} ERROR - Task failed with exception
Traceback (most recent call last):
  File "/usr/local/lib/python3.8/dist-packages/airflow/operators/python.py", line 171, in execute
    return_value = self.execute_callable()
  File "/usr/local/lib/python3.8/dist-packages/airflow/operators/python.py", line 189, in execute_callable
    return self.python_callable(*self.op_args, **self.op_kwargs)
TypeError: upload_data_to_staging() missing 1 required positional argument: 'b_inc'
[2024-02-12 07:34:15,305] {taskinstance.py:1395} INFO - Marking task as FAILED. dag_id=sales_mart_inc, task_id=upload_user_activity_log_inc, execution_date=20240207T073005, start_date=20240212T073415, end_date=20240212T073415
[2024-02-12 07:34:15,310] {standard_task_runner.py:92} ERROR - Failed to execute job 79 for task upload_user_activity_log_inc (upload_data_to_staging() missing 1 required positional argument: 'b_inc'; 4670)
[2024-02-12 07:34:15,327] {local_task_job.py:156} INFO - Task exited with return code 1
[2024-02-12 07:34:15,353] {local_task_job.py:273} INFO - 0 downstream tasks scheduled from follow-on schedule check
