[2024-02-12 07:36:54,594] {taskinstance.py:1159} INFO - Dependencies all met for <TaskInstance: sales_mart_inc.get_increment scheduled__2024-02-09T07:30:05.907678+00:00 [queued]>
[2024-02-12 07:36:54,598] {taskinstance.py:1159} INFO - Dependencies all met for <TaskInstance: sales_mart_inc.get_increment scheduled__2024-02-09T07:30:05.907678+00:00 [queued]>
[2024-02-12 07:36:54,599] {taskinstance.py:1356} INFO - 
--------------------------------------------------------------------------------
[2024-02-12 07:36:54,599] {taskinstance.py:1357} INFO - Starting attempt 1 of 1
[2024-02-12 07:36:54,599] {taskinstance.py:1358} INFO - 
--------------------------------------------------------------------------------
[2024-02-12 07:36:54,604] {taskinstance.py:1377} INFO - Executing <Task(PythonOperator): get_increment> on 2024-02-09 07:30:05.907678+00:00
[2024-02-12 07:36:54,607] {standard_task_runner.py:52} INFO - Started process 5392 to run task
[2024-02-12 07:36:54,608] {standard_task_runner.py:79} INFO - Running: ['airflow', 'tasks', 'run', 'sales_mart_inc', 'get_increment', 'scheduled__2024-02-09T07:30:05.907678+00:00', '--job-id', '98', '--raw', '--subdir', 'DAGS_FOLDER/sprint3 copy 2.py', '--cfg-path', '/tmp/tmpoca8fctq', '--error-file', '/tmp/tmpycr4ongr']
[2024-02-12 07:36:54,609] {standard_task_runner.py:80} INFO - Job 98: Subtask get_increment
[2024-02-12 07:36:54,637] {task_command.py:369} INFO - Running <TaskInstance: sales_mart_inc.get_increment scheduled__2024-02-09T07:30:05.907678+00:00 [running]> on host 91766ce79ef0
[2024-02-12 07:36:54,672] {taskinstance.py:1569} INFO - Exporting the following env vars:
AIRFLOW_CTX_DAG_EMAIL=student@example.com
AIRFLOW_CTX_DAG_OWNER=student
AIRFLOW_CTX_DAG_ID=sales_mart_inc
AIRFLOW_CTX_TASK_ID=get_increment
AIRFLOW_CTX_EXECUTION_DATE=2024-02-09T07:30:05.907678+00:00
AIRFLOW_CTX_TRY_NUMBER=1
AIRFLOW_CTX_DAG_RUN_ID=scheduled__2024-02-09T07:30:05.907678+00:00
[2024-02-12 07:36:54,672] {logging_mixin.py:115} INFO - Making request get_increment
[2024-02-12 07:36:56,898] {logging_mixin.py:115} INFO - Response is b'{"report_id":"TWpBeU5DMHdNaTB4TWxRd056b3pOVG8wTlFsa1lXMXBjaTFyWVd4cGJtbHVOdz09","date":"2024-02-09 00:00:00","status":"SUCCESS","data":{"increment_id":"MjAyNC0wMi0wOVQwMDowMDowMAlUV3BCZVU1RE1IZE5hVEI0VFd4UmQwNTZiM3BPVkc4d1RsRnNhMWxYTVhCamFURnlXVmQ0Y0dKdGJIVk9kejA5","s3_path":{"customer_research_inc":"https://storage.yandexcloud.net/s3-sprint3/cohort_22/damir-kalinin7/project/MjAyNC0wMi0wOVQwMDowMDowMAlUV3BCZVU1RE1IZE5hVEI0VFd4UmQwNTZiM3BPVkc4d1RsRnNhMWxYTVhCamFURnlXVmQ0Y0dKdGJIVk9kejA5/customer_research_inc.csv","user_order_log_inc":"https://storage.yandexcloud.net/s3-sprint3/cohort_22/damir-kalinin7/project/MjAyNC0wMi0wOVQwMDowMDowMAlUV3BCZVU1RE1IZE5hVEI0VFd4UmQwNTZiM3BPVkc4d1RsRnNhMWxYTVhCamFURnlXVmQ0Y0dKdGJIVk9kejA5/user_order_log_inc.csv","user_activity_log_inc":"https://storage.yandexcloud.net/s3-sprint3/cohort_22/damir-kalinin7/project/MjAyNC0wMi0wOVQwMDowMDowMAlUV3BCZVU1RE1IZE5hVEI0VFd4UmQwNTZiM3BPVkc4d1RsRnNhMWxYTVhCamFURnlXVmQ0Y0dKdGJIVk9kejA5/user_activity_log_inc.csv","price_log_inc":"https://storage.yandexcloud.net/s3-sprint3/cohort_22/damir-kalinin7/project/TWpBeU5DMHdNaTB4TWxRd056b3pOVG8wTlFsa1lXMXBjaTFyWVd4cGJtbHVOdz09/price_log_inc.csv"}}}'
[2024-02-12 07:36:56,910] {logging_mixin.py:115} INFO - increment_id=MjAyNC0wMi0wOVQwMDowMDowMAlUV3BCZVU1RE1IZE5hVEI0VFd4UmQwNTZiM3BPVkc4d1RsRnNhMWxYTVhCamFURnlXVmQ0Y0dKdGJIVk9kejA5
[2024-02-12 07:36:56,910] {python.py:173} INFO - Done. Returned value was: None
[2024-02-12 07:36:56,918] {taskinstance.py:1395} INFO - Marking task as SUCCESS. dag_id=sales_mart_inc, task_id=get_increment, execution_date=20240209T073005, start_date=20240212T073654, end_date=20240212T073656
[2024-02-12 07:36:56,955] {local_task_job.py:156} INFO - Task exited with return code 0
[2024-02-12 07:36:56,980] {local_task_job.py:273} INFO - 3 downstream tasks scheduled from follow-on schedule check
