[2024-02-12 10:08:01,220] {taskinstance.py:1159} INFO - Dependencies all met for <TaskInstance: sales_mart_inc.staging_schema_create scheduled__2024-02-07T10:05:47.421232+00:00 [queued]>
[2024-02-12 10:08:01,226] {taskinstance.py:1159} INFO - Dependencies all met for <TaskInstance: sales_mart_inc.staging_schema_create scheduled__2024-02-07T10:05:47.421232+00:00 [queued]>
[2024-02-12 10:08:01,226] {taskinstance.py:1356} INFO - 
--------------------------------------------------------------------------------
[2024-02-12 10:08:01,226] {taskinstance.py:1357} INFO - Starting attempt 1 of 1
[2024-02-12 10:08:01,226] {taskinstance.py:1358} INFO - 
--------------------------------------------------------------------------------
[2024-02-12 10:08:01,232] {taskinstance.py:1377} INFO - Executing <Task(PostgresOperator): staging_schema_create> on 2024-02-07 10:05:47.421232+00:00
[2024-02-12 10:08:01,234] {standard_task_runner.py:52} INFO - Started process 19339 to run task
[2024-02-12 10:08:01,236] {standard_task_runner.py:79} INFO - Running: ['airflow', 'tasks', 'run', 'sales_mart_inc', 'staging_schema_create', 'scheduled__2024-02-07T10:05:47.421232+00:00', '--job-id', '416', '--raw', '--subdir', 'DAGS_FOLDER/sales_mart_inc.py', '--cfg-path', '/tmp/tmpuim2ujde', '--error-file', '/tmp/tmpn3hggr6d']
[2024-02-12 10:08:01,236] {standard_task_runner.py:80} INFO - Job 416: Subtask staging_schema_create
[2024-02-12 10:08:01,268] {task_command.py:369} INFO - Running <TaskInstance: sales_mart_inc.staging_schema_create scheduled__2024-02-07T10:05:47.421232+00:00 [running]> on host 91766ce79ef0
[2024-02-12 10:08:01,309] {taskinstance.py:1569} INFO - Exporting the following env vars:
AIRFLOW_CTX_DAG_EMAIL=student@example.com
AIRFLOW_CTX_DAG_OWNER=student
AIRFLOW_CTX_DAG_ID=sales_mart_inc
AIRFLOW_CTX_TASK_ID=staging_schema_create
AIRFLOW_CTX_EXECUTION_DATE=2024-02-07T10:05:47.421232+00:00
AIRFLOW_CTX_TRY_NUMBER=1
AIRFLOW_CTX_DAG_RUN_ID=scheduled__2024-02-07T10:05:47.421232+00:00
[2024-02-12 10:08:01,316] {base.py:68} INFO - Using connection ID 'postgresql_de' for task execution.
[2024-02-12 10:08:01,320] {sql.py:315} INFO - Running statement: create schema if not exists staging;

CREATE table if not exists staging.user_order_log (
	uniq_id varchar(32) NOT NULL,
	date_time timestamp NOT NULL,
	city_id int4 NOT NULL,
	city_name varchar(100) NULL,
	customer_id int4 NOT NULL,
	first_name varchar(100) NULL,
	last_name varchar(100) NULL,
	item_id int4 NOT NULL,
	item_name varchar(100) NULL,
	quantity int8 NULL,
	payment_amount numeric(10, 2) NULL,
	status varchar(15),
	CONSTRAINT user_order_log_pk PRIMARY KEY (uniq_id)
);
CREATE INDEX if not exists uo1 ON staging.user_order_log USING btree (customer_id);
CREATE INDEX if not exists uo2 ON staging.user_order_log USING btree (item_id);
alter table if exists staging.user_order_log add column if not exists status varchar(15);

create table if not exists staging.customer_research(
	date_id timestamp,
	category_id int,
	geo_id int,
	sales_qty int,
	sales_amt numeric(14,2)
);

create table if not exists staging.user_activity_log(
	uniq_id varchar(100),
	action_id bigint,
	customer_id bigint,
	date_time timestamp,
	quantity bigint
);

create table if not exists staging.price_log(
	name varchar(100),
	price int
);, parameters: None
[2024-02-12 10:08:01,321] {postgres.py:96} INFO - NOTICE:  schema "staging" already exists, skipping

[2024-02-12 10:08:01,321] {postgres.py:96} INFO - NOTICE:  relation "user_order_log" already exists, skipping

[2024-02-12 10:08:01,321] {postgres.py:96} INFO - NOTICE:  relation "uo1" already exists, skipping

[2024-02-12 10:08:01,321] {postgres.py:96} INFO - NOTICE:  relation "uo2" already exists, skipping

[2024-02-12 10:08:01,321] {postgres.py:96} INFO - NOTICE:  column "status" of relation "user_order_log" already exists, skipping

[2024-02-12 10:08:01,321] {postgres.py:96} INFO - NOTICE:  relation "customer_research" already exists, skipping

[2024-02-12 10:08:01,321] {postgres.py:96} INFO - NOTICE:  relation "user_activity_log" already exists, skipping

[2024-02-12 10:08:01,321] {postgres.py:96} INFO - NOTICE:  relation "price_log" already exists, skipping

[2024-02-12 10:08:01,332] {taskinstance.py:1395} INFO - Marking task as SUCCESS. dag_id=sales_mart_inc, task_id=staging_schema_create, execution_date=20240207T100547, start_date=20240212T100801, end_date=20240212T100801
[2024-02-12 10:08:01,368] {local_task_job.py:156} INFO - Task exited with return code 0
[2024-02-12 10:08:01,400] {local_task_job.py:273} INFO - 4 downstream tasks scheduled from follow-on schedule check
