[2024-02-12 14:09:58,317] {taskinstance.py:1159} INFO - Dependencies all met for <TaskInstance: sales_mart_inc.truncate_customer_research scheduled__2024-02-10T14:01:59.240675+00:00 [queued]>
[2024-02-12 14:09:58,323] {taskinstance.py:1159} INFO - Dependencies all met for <TaskInstance: sales_mart_inc.truncate_customer_research scheduled__2024-02-10T14:01:59.240675+00:00 [queued]>
[2024-02-12 14:09:58,323] {taskinstance.py:1356} INFO - 
--------------------------------------------------------------------------------
[2024-02-12 14:09:58,323] {taskinstance.py:1357} INFO - Starting attempt 1 of 1
[2024-02-12 14:09:58,323] {taskinstance.py:1358} INFO - 
--------------------------------------------------------------------------------
[2024-02-12 14:09:58,329] {taskinstance.py:1377} INFO - Executing <Task(PostgresOperator): truncate_customer_research> on 2024-02-10 14:01:59.240675+00:00
[2024-02-12 14:09:58,331] {standard_task_runner.py:52} INFO - Started process 30235 to run task
[2024-02-12 14:09:58,333] {standard_task_runner.py:79} INFO - Running: ['airflow', 'tasks', 'run', 'sales_mart_inc', 'truncate_customer_research', 'scheduled__2024-02-10T14:01:59.240675+00:00', '--job-id', '602', '--raw', '--subdir', 'DAGS_FOLDER/sales_mart_inc.py', '--cfg-path', '/tmp/tmpr9q11q_5', '--error-file', '/tmp/tmpgs5_r8sl']
[2024-02-12 14:09:58,334] {standard_task_runner.py:80} INFO - Job 602: Subtask truncate_customer_research
[2024-02-12 14:09:58,365] {task_command.py:369} INFO - Running <TaskInstance: sales_mart_inc.truncate_customer_research scheduled__2024-02-10T14:01:59.240675+00:00 [running]> on host 91766ce79ef0
[2024-02-12 14:09:58,401] {taskinstance.py:1569} INFO - Exporting the following env vars:
AIRFLOW_CTX_DAG_EMAIL=student@example.com
AIRFLOW_CTX_DAG_OWNER=student
AIRFLOW_CTX_DAG_ID=sales_mart_inc
AIRFLOW_CTX_TASK_ID=truncate_customer_research
AIRFLOW_CTX_EXECUTION_DATE=2024-02-10T14:01:59.240675+00:00
AIRFLOW_CTX_TRY_NUMBER=1
AIRFLOW_CTX_DAG_RUN_ID=scheduled__2024-02-10T14:01:59.240675+00:00
[2024-02-12 14:09:58,407] {base.py:68} INFO - Using connection ID 'postgresql_de' for task execution.
[2024-02-12 14:09:58,410] {sql.py:315} INFO - Running statement: truncate staging.customer_research;, parameters: None
[2024-02-12 14:09:58,419] {taskinstance.py:1395} INFO - Marking task as SUCCESS. dag_id=sales_mart_inc, task_id=truncate_customer_research, execution_date=20240210T140159, start_date=20240212T140958, end_date=20240212T140958
[2024-02-12 14:09:58,465] {local_task_job.py:156} INFO - Task exited with return code 0
[2024-02-12 14:09:58,495] {local_task_job.py:273} INFO - 0 downstream tasks scheduled from follow-on schedule check
