[2024-02-11 16:23:34,208] {taskinstance.py:1159} INFO - Dependencies all met for <TaskInstance: sales_mart.get_report scheduled__2024-02-05T16:21:54.440112+00:00 [queued]>
[2024-02-11 16:23:34,212] {taskinstance.py:1159} INFO - Dependencies all met for <TaskInstance: sales_mart.get_report scheduled__2024-02-05T16:21:54.440112+00:00 [queued]>
[2024-02-11 16:23:34,212] {taskinstance.py:1356} INFO - 
--------------------------------------------------------------------------------
[2024-02-11 16:23:34,212] {taskinstance.py:1357} INFO - Starting attempt 1 of 1
[2024-02-11 16:23:34,212] {taskinstance.py:1358} INFO - 
--------------------------------------------------------------------------------
[2024-02-11 16:23:34,218] {taskinstance.py:1377} INFO - Executing <Task(PythonOperator): get_report> on 2024-02-05 16:21:54.440112+00:00
[2024-02-11 16:23:34,220] {standard_task_runner.py:52} INFO - Started process 1451 to run task
[2024-02-11 16:23:34,222] {standard_task_runner.py:79} INFO - Running: ['airflow', 'tasks', 'run', 'sales_mart', 'get_report', 'scheduled__2024-02-05T16:21:54.440112+00:00', '--job-id', '6', '--raw', '--subdir', 'DAGS_FOLDER/sprint3.py', '--cfg-path', '/tmp/tmp7x_w2haa', '--error-file', '/tmp/tmpjoncbvyn']
[2024-02-11 16:23:34,222] {standard_task_runner.py:80} INFO - Job 6: Subtask get_report
[2024-02-11 16:23:34,253] {task_command.py:369} INFO - Running <TaskInstance: sales_mart.get_report scheduled__2024-02-05T16:21:54.440112+00:00 [running]> on host 2a8d1eb5116f
[2024-02-11 16:23:34,288] {taskinstance.py:1569} INFO - Exporting the following env vars:
AIRFLOW_CTX_DAG_EMAIL=student@example.com
AIRFLOW_CTX_DAG_OWNER=student
AIRFLOW_CTX_DAG_ID=sales_mart
AIRFLOW_CTX_TASK_ID=get_report
AIRFLOW_CTX_EXECUTION_DATE=2024-02-05T16:21:54.440112+00:00
AIRFLOW_CTX_TRY_NUMBER=1
AIRFLOW_CTX_DAG_RUN_ID=scheduled__2024-02-05T16:21:54.440112+00:00
[2024-02-11 16:23:34,288] {logging_mixin.py:115} INFO - Making request get_report
[2024-02-11 16:23:34,503] {logging_mixin.py:115} INFO - Response is b'{"task_id":"MjAyNC0wMi0xMVQxNjoyMzozMwlkYW1pci1rYWxpbmluNw==","status":"RUNNING","data":{"report_id":null,"start_day":null,"end_date":null,"s3_path":{}}}'
[2024-02-11 16:23:44,860] {logging_mixin.py:115} INFO - Response is b'{"task_id":"MjAyNC0wMi0xMVQxNjoyMzozMwlkYW1pci1rYWxpbmluNw==","status":"RUNNING","data":{"report_id":null,"start_day":null,"end_date":null,"s3_path":{}}}'
[2024-02-11 16:23:55,198] {logging_mixin.py:115} INFO - Response is b'{"task_id":"MjAyNC0wMi0xMVQxNjoyMzozMwlkYW1pci1rYWxpbmluNw==","status":"RUNNING","data":{"report_id":null,"start_day":null,"end_date":null,"s3_path":{}}}'
[2024-02-11 16:24:05,545] {logging_mixin.py:115} INFO - Response is b'{"task_id":"MjAyNC0wMi0xMVQxNjoyMzozMwlkYW1pci1rYWxpbmluNw==","status":"RUNNING","data":{"report_id":null,"start_day":null,"end_date":null,"s3_path":{}}}'
[2024-02-11 16:24:15,797] {logging_mixin.py:115} INFO - Response is b'{"task_id":"MjAyNC0wMi0xMVQxNjoyMzozMwlkYW1pci1rYWxpbmluNw==","status":"RUNNING","data":{"report_id":null,"start_day":null,"end_date":null,"s3_path":{}}}'
[2024-02-11 16:24:26,233] {logging_mixin.py:115} INFO - Response is b'{"task_id":"MjAyNC0wMi0xMVQxNjoyMzozMwlkYW1pci1rYWxpbmluNw==","status":"RUNNING","data":{"report_id":null,"start_day":null,"end_date":null,"s3_path":{}}}'
[2024-02-11 16:24:40,174] {logging_mixin.py:115} INFO - Response is b'{"task_id":"MjAyNC0wMi0xMVQxNjoyMzozMwlkYW1pci1rYWxpbmluNw==","status":"SUCCESS","data":{"report_id":"TWpBeU5DMHdNaTB4TVZReE5qb3lNem96TXdsa1lXMXBjaTFyWVd4cGJtbHVOdz09","start_day":"2024-01-12 00:00:00","end_date":"2024-02-03 00:00:00","s3_path":{"customer_research":"https://storage.yandexcloud.net/s3-sprint3/cohort_22/damir-kalinin7/project/TWpBeU5DMHdNaTB4TVZReE5qb3lNem96TXdsa1lXMXBjaTFyWVd4cGJtbHVOdz09/customer_research.csv","user_order_log":"https://storage.yandexcloud.net/s3-sprint3/cohort_22/damir-kalinin7/project/TWpBeU5DMHdNaTB4TVZReE5qb3lNem96TXdsa1lXMXBjaTFyWVd4cGJtbHVOdz09/user_order_log.csv","user_activity_log":"https://storage.yandexcloud.net/s3-sprint3/cohort_22/damir-kalinin7/project/TWpBeU5DMHdNaTB4TVZReE5qb3lNem96TXdsa1lXMXBjaTFyWVd4cGJtbHVOdz09/user_activity_log.csv","price_log":"https://storage.yandexcloud.net/s3-sprint3/cohort_22/damir-kalinin7/project/TWpBeU5DMHdNaTB4TVZReE5qb3lNem96TXdsa1lXMXBjaTFyWVd4cGJtbHVOdz09/price_log.csv"}}}'
[2024-02-11 16:24:40,188] {logging_mixin.py:115} INFO - Report_id=TWpBeU5DMHdNaTB4TVZReE5qb3lNem96TXdsa1lXMXBjaTFyWVd4cGJtbHVOdz09
[2024-02-11 16:24:40,189] {python.py:173} INFO - Done. Returned value was: None
[2024-02-11 16:24:40,197] {taskinstance.py:1395} INFO - Marking task as SUCCESS. dag_id=sales_mart, task_id=get_report, execution_date=20240205T162154, start_date=20240211T162334, end_date=20240211T162440
[2024-02-11 16:24:40,231] {local_task_job.py:156} INFO - Task exited with return code 0
[2024-02-11 16:24:40,247] {local_task_job.py:273} INFO - 0 downstream tasks scheduled from follow-on schedule check
[2024-02-11 16:24:40,259] {dagrun.py:562} INFO - Marking run <DagRun sales_mart @ 2024-02-05 16:21:54.440112+00:00: scheduled__2024-02-05T16:21:54.440112+00:00, externally triggered: False> successful
[2024-02-11 16:24:40,259] {dagrun.py:607} INFO - DagRun Finished: dag_id=sales_mart, execution_date=2024-02-05 16:21:54.440112+00:00, run_id=scheduled__2024-02-05T16:21:54.440112+00:00, run_start_date=2024-02-11 16:23:32.117794+00:00, run_end_date=2024-02-11 16:24:40.259930+00:00, run_duration=68.142136, state=success, external_trigger=False, run_type=scheduled, data_interval_start=2024-02-05 16:21:54.440112+00:00, data_interval_end=2024-02-06 16:21:54.440112+00:00, dag_hash=313d507731b2a1a93b30b2e29e70ef0e
