[2024-02-11 22:59:51,253] {taskinstance.py:1159} INFO - Dependencies all met for <TaskInstance: sales_mart.get_report scheduled__2024-02-06T22:56:10.247391+00:00 [queued]>
[2024-02-11 22:59:51,257] {taskinstance.py:1159} INFO - Dependencies all met for <TaskInstance: sales_mart.get_report scheduled__2024-02-06T22:56:10.247391+00:00 [queued]>
[2024-02-11 22:59:51,257] {taskinstance.py:1356} INFO - 
--------------------------------------------------------------------------------
[2024-02-11 22:59:51,257] {taskinstance.py:1357} INFO - Starting attempt 1 of 1
[2024-02-11 22:59:51,257] {taskinstance.py:1358} INFO - 
--------------------------------------------------------------------------------
[2024-02-11 22:59:51,263] {taskinstance.py:1377} INFO - Executing <Task(PythonOperator): get_report> on 2024-02-06 22:56:10.247391+00:00
[2024-02-11 22:59:51,266] {standard_task_runner.py:52} INFO - Started process 48504 to run task
[2024-02-11 22:59:51,268] {standard_task_runner.py:79} INFO - Running: ['airflow', 'tasks', 'run', 'sales_mart', 'get_report', 'scheduled__2024-02-06T22:56:10.247391+00:00', '--job-id', '1187', '--raw', '--subdir', 'DAGS_FOLDER/sprint3 copy.py', '--cfg-path', '/tmp/tmpj34cajak', '--error-file', '/tmp/tmprc6z_1uc']
[2024-02-11 22:59:51,268] {standard_task_runner.py:80} INFO - Job 1187: Subtask get_report
[2024-02-11 22:59:51,299] {task_command.py:369} INFO - Running <TaskInstance: sales_mart.get_report scheduled__2024-02-06T22:56:10.247391+00:00 [running]> on host 2a8d1eb5116f
[2024-02-11 22:59:51,333] {taskinstance.py:1569} INFO - Exporting the following env vars:
AIRFLOW_CTX_DAG_EMAIL=student@example.com
AIRFLOW_CTX_DAG_OWNER=student
AIRFLOW_CTX_DAG_ID=sales_mart
AIRFLOW_CTX_TASK_ID=get_report
AIRFLOW_CTX_EXECUTION_DATE=2024-02-06T22:56:10.247391+00:00
AIRFLOW_CTX_TRY_NUMBER=1
AIRFLOW_CTX_DAG_RUN_ID=scheduled__2024-02-06T22:56:10.247391+00:00
[2024-02-11 22:59:51,334] {logging_mixin.py:115} INFO - Making request get_report
[2024-02-11 22:59:51,554] {logging_mixin.py:115} INFO - Response is b'{"task_id":"MjAyNC0wMi0xMVQyMjo1OTo1MAlkYW1pci1rYWxpbmluNw==","status":"RUNNING","data":{"report_id":null,"start_day":null,"end_date":null,"s3_path":{}}}'
[2024-02-11 23:00:01,959] {logging_mixin.py:115} INFO - Response is b'{"task_id":"MjAyNC0wMi0xMVQyMjo1OTo1MAlkYW1pci1rYWxpbmluNw==","status":"RUNNING","data":{"report_id":null,"start_day":null,"end_date":null,"s3_path":{}}}'
[2024-02-11 23:00:12,235] {logging_mixin.py:115} INFO - Response is b'{"task_id":"MjAyNC0wMi0xMVQyMjo1OTo1MAlkYW1pci1rYWxpbmluNw==","status":"RUNNING","data":{"report_id":null,"start_day":null,"end_date":null,"s3_path":{}}}'
[2024-02-11 23:00:22,465] {logging_mixin.py:115} INFO - Response is b'{"task_id":"MjAyNC0wMi0xMVQyMjo1OTo1MAlkYW1pci1rYWxpbmluNw==","status":"RUNNING","data":{"report_id":null,"start_day":null,"end_date":null,"s3_path":{}}}'
[2024-02-11 23:00:33,089] {logging_mixin.py:115} INFO - Response is b'{"task_id":"MjAyNC0wMi0xMVQyMjo1OTo1MAlkYW1pci1rYWxpbmluNw==","status":"RUNNING","data":{"report_id":null,"start_day":null,"end_date":null,"s3_path":{}}}'
[2024-02-11 23:00:43,430] {logging_mixin.py:115} INFO - Response is b'{"task_id":"MjAyNC0wMi0xMVQyMjo1OTo1MAlkYW1pci1rYWxpbmluNw==","status":"RUNNING","data":{"report_id":null,"start_day":null,"end_date":null,"s3_path":{}}}'
[2024-02-11 23:00:46,879] {local_task_job.py:220} WARNING - State of this instance has been externally set to success. Terminating instance.
[2024-02-11 23:00:46,881] {process_utils.py:125} INFO - Sending Signals.SIGTERM to group 48504. PIDs of all processes in the group: [48504]
[2024-02-11 23:00:46,881] {process_utils.py:80} INFO - Sending the signal Signals.SIGTERM to group 48504
[2024-02-11 23:00:46,881] {taskinstance.py:1541} ERROR - Received SIGTERM. Terminating subprocesses.
[2024-02-11 23:00:46,908] {process_utils.py:75} INFO - Process psutil.Process(pid=48504, status='terminated', exitcode=0, started='22:59:50') (48504) terminated with exit code 0
