[2024-02-12 06:56:14,331] {taskinstance.py:1159} INFO - Dependencies all met for <TaskInstance: sales_mart.upload_price manual__2024-02-12T06:54:47.245678+00:00 [queued]>
[2024-02-12 06:56:14,337] {taskinstance.py:1159} INFO - Dependencies all met for <TaskInstance: sales_mart.upload_price manual__2024-02-12T06:54:47.245678+00:00 [queued]>
[2024-02-12 06:56:14,337] {taskinstance.py:1356} INFO - 
--------------------------------------------------------------------------------
[2024-02-12 06:56:14,337] {taskinstance.py:1357} INFO - Starting attempt 1 of 1
[2024-02-12 06:56:14,337] {taskinstance.py:1358} INFO - 
--------------------------------------------------------------------------------
[2024-02-12 06:56:14,343] {taskinstance.py:1377} INFO - Executing <Task(PythonOperator): upload_price> on 2024-02-12 06:54:47.245678+00:00
[2024-02-12 06:56:14,346] {standard_task_runner.py:52} INFO - Started process 2018 to run task
[2024-02-12 06:56:14,348] {standard_task_runner.py:79} INFO - Running: ['airflow', 'tasks', 'run', 'sales_mart', 'upload_price', 'manual__2024-02-12T06:54:47.245678+00:00', '--job-id', '24', '--raw', '--subdir', 'DAGS_FOLDER/sprint3 copy.py', '--cfg-path', '/tmp/tmpznkwxuo8', '--error-file', '/tmp/tmpbnm0vgik']
[2024-02-12 06:56:14,348] {standard_task_runner.py:80} INFO - Job 24: Subtask upload_price
[2024-02-12 06:56:14,384] {task_command.py:369} INFO - Running <TaskInstance: sales_mart.upload_price manual__2024-02-12T06:54:47.245678+00:00 [running]> on host 91766ce79ef0
[2024-02-12 06:56:14,420] {taskinstance.py:1569} INFO - Exporting the following env vars:
AIRFLOW_CTX_DAG_EMAIL=student@example.com
AIRFLOW_CTX_DAG_OWNER=student
AIRFLOW_CTX_DAG_ID=sales_mart
AIRFLOW_CTX_TASK_ID=upload_price
AIRFLOW_CTX_EXECUTION_DATE=2024-02-12T06:54:47.245678+00:00
AIRFLOW_CTX_TRY_NUMBER=1
AIRFLOW_CTX_DAG_RUN_ID=manual__2024-02-12T06:54:47.245678+00:00
[2024-02-12 06:56:14,427] {logging_mixin.py:115} INFO - https://storage.yandexcloud.net/s3-sprint3/cohort_22/damir-kalinin7/project/TWpBeU5DMHdNaTB4TWxRd05qbzFORG8xTlFsa1lXMXBjaTFyWVd4cGJtbHVOdz09/price_log.csv
[2024-02-12 06:56:14,428] {logging_mixin.py:115} INFO - 20240212_price_log.csv
[2024-02-12 06:56:14,697] {logging_mixin.py:115} INFO - b'\xd0\x9c\xd0\xbe\xd0\xbb\xd0\xbe\xd0\xba\xd0\xbe 1%,100\r\n\xd0\x9c\xd0\xbe\xd0\xbb\xd0\xbe\xd0\xba\xd0\xbe 3%,120\r\n\xd0\x9c\xd0\xbe\xd0\xbb\xd0\xbe\xd0\xba\xd0\xbe 5%,150\r\n\xd0\xa3\xd1\x81\xd1\x82\xd1\x80\xd0\xbe\xd0\xb9\xd1\x81\xd1\x82\xd0\xb2\xd0\xbe \xd0\xb4\xd0\xbb\xd1\x8f \xd0\xbd\xd0\xb0\xd0\xb3\xd1\x80\xd0\xb5\xd0\xb2\xd0\xb0\xd0\xbd\xd0\xb8\xd1\x8f \xd1\x82\xd0\xb0\xd0\xb1\xd0\xb0\xd0\xba\xd0\xb0 \xd0\xa2\xd1\x80\xd1\x83\xd0\xb1\xd0\xba\xd0\xb0 \xd0\x9c\xd0\xb8\xd1\x80\xd0\xb0,500\r\n\xd0\xa1\xd0\xb0\xd1\x85\xd0\xb0\xd1\x80 \xd0\xbf\xd0\xb5\xd1\x81\xd0\xbe\xd0\xba,50\r\n\xd0\xaf\xd0\xb1\xd0\xbb\xd0\xbe\xd0\xba\xd0\xbe \xd0\xbc\xd0\xbe\xd0\xbb\xd0\xbe\xd0\xb4\xd0\xb8\xd0\xbb\xd1\x8c\xd0\xbd\xd0\xbe\xd0\xb5,400\r\n\xd0\xaf\xd0\xb1\xd0\xbb\xd0\xbe\xd0\xba\xd0\xbe,140\r\n\xd0\xa1\xd1\x80\xd0\xb5\xd0\xb4\xd1\x81\xd1\x82\xd0\xb2\xd0\xbe \xd0\xb4\xd0\xbb\xd1\x8f \xd0\xbc\xd1\x8b\xd1\x82\xd1\x8c\xd1\x8f \xd0\xbf\xd0\xbe\xd1\x81\xd1\x83\xd0\xb4\xd1\x8b,200\r\n\xd0\x9b\xd0\xb0\xd0\xbc\xd0\xbf\xd0\xbe\xd1\x87\xd0\xba\xd0\xb0 LED,300\r\n\xd0\xa0\xd1\x83\xd1\x87\xd0\xba\xd0\xb0 \xd1\x88\xd0\xb0\xd1\x80\xd0\xb8\xd0\xba\xd0\xbe\xd0\xb2\xd0\xb0\xd1\x8f,45\r\n\xd0\xa2\xd0\xbe\xd0\xbc\xd0\xb0\xd1\x82\xd1\x8b,50\r\n\xd0\xa5\xd0\xbb\xd0\xb5\xd0\xb1 \xd1\x80\xd0\xb6\xd0\xb0\xd0\xbd\xd0\xbe\xd0\xb9,20\r\n'
[2024-02-12 06:56:14,701] {logging_mixin.py:115} INFO - Index(['name', 'price'], dtype='object')
[2024-02-12 06:56:14,707] {base.py:68} INFO - Using connection ID 'postgresql_de' for task execution.
[2024-02-12 06:56:14,717] {logging_mixin.py:115} INFO - 12 rows was inserted
[2024-02-12 06:56:14,717] {python.py:173} INFO - Done. Returned value was: None
[2024-02-12 06:56:14,724] {taskinstance.py:1395} INFO - Marking task as SUCCESS. dag_id=sales_mart, task_id=upload_price, execution_date=20240212T065447, start_date=20240212T065614, end_date=20240212T065614
[2024-02-12 06:56:14,761] {local_task_job.py:156} INFO - Task exited with return code 0
[2024-02-12 06:56:14,785] {local_task_job.py:273} INFO - 1 downstream tasks scheduled from follow-on schedule check
