[2024-02-12 06:54:49,525] {taskinstance.py:1159} INFO - Dependencies all met for <TaskInstance: sales_mart.truncate_customer_research manual__2024-02-12T06:54:47.245678+00:00 [queued]>
[2024-02-12 06:54:49,533] {taskinstance.py:1159} INFO - Dependencies all met for <TaskInstance: sales_mart.truncate_customer_research manual__2024-02-12T06:54:47.245678+00:00 [queued]>
[2024-02-12 06:54:49,533] {taskinstance.py:1356} INFO - 
--------------------------------------------------------------------------------
[2024-02-12 06:54:49,533] {taskinstance.py:1357} INFO - Starting attempt 1 of 1
[2024-02-12 06:54:49,533] {taskinstance.py:1358} INFO - 
--------------------------------------------------------------------------------
[2024-02-12 06:54:49,539] {taskinstance.py:1377} INFO - Executing <Task(PostgresOperator): truncate_customer_research> on 2024-02-12 06:54:47.245678+00:00
[2024-02-12 06:54:49,541] {standard_task_runner.py:52} INFO - Started process 1663 to run task
[2024-02-12 06:54:49,543] {standard_task_runner.py:79} INFO - Running: ['airflow', 'tasks', 'run', 'sales_mart', 'truncate_customer_research', 'manual__2024-02-12T06:54:47.245678+00:00', '--job-id', '15', '--raw', '--subdir', 'DAGS_FOLDER/sprint3 copy.py', '--cfg-path', '/tmp/tmp2nr1zpja', '--error-file', '/tmp/tmp4rd2ubv0']
[2024-02-12 06:54:49,543] {standard_task_runner.py:80} INFO - Job 15: Subtask truncate_customer_research
[2024-02-12 06:54:49,573] {task_command.py:369} INFO - Running <TaskInstance: sales_mart.truncate_customer_research manual__2024-02-12T06:54:47.245678+00:00 [running]> on host 91766ce79ef0
[2024-02-12 06:54:49,609] {taskinstance.py:1569} INFO - Exporting the following env vars:
AIRFLOW_CTX_DAG_EMAIL=student@example.com
AIRFLOW_CTX_DAG_OWNER=student
AIRFLOW_CTX_DAG_ID=sales_mart
AIRFLOW_CTX_TASK_ID=truncate_customer_research
AIRFLOW_CTX_EXECUTION_DATE=2024-02-12T06:54:47.245678+00:00
AIRFLOW_CTX_TRY_NUMBER=1
AIRFLOW_CTX_DAG_RUN_ID=manual__2024-02-12T06:54:47.245678+00:00
[2024-02-12 06:54:49,615] {base.py:68} INFO - Using connection ID 'postgresql_de' for task execution.
[2024-02-12 06:54:49,618] {sql.py:315} INFO - Running statement: truncate staging.customer_research;, parameters: None
[2024-02-12 06:54:49,627] {taskinstance.py:1395} INFO - Marking task as SUCCESS. dag_id=sales_mart, task_id=truncate_customer_research, execution_date=20240212T065447, start_date=20240212T065449, end_date=20240212T065449
[2024-02-12 06:54:49,635] {local_task_job.py:156} INFO - Task exited with return code 0
[2024-02-12 06:54:49,661] {local_task_job.py:273} INFO - 0 downstream tasks scheduled from follow-on schedule check
