[2024-02-12 08:12:50,635] {taskinstance.py:1159} INFO - Dependencies all met for <TaskInstance: sales_mart_inc.update_d_city scheduled__2024-02-06T08:09:37.968777+00:00 [queued]>
[2024-02-12 08:12:50,639] {taskinstance.py:1159} INFO - Dependencies all met for <TaskInstance: sales_mart_inc.update_d_city scheduled__2024-02-06T08:09:37.968777+00:00 [queued]>
[2024-02-12 08:12:50,639] {taskinstance.py:1356} INFO - 
--------------------------------------------------------------------------------
[2024-02-12 08:12:50,640] {taskinstance.py:1357} INFO - Starting attempt 1 of 1
[2024-02-12 08:12:50,640] {taskinstance.py:1358} INFO - 
--------------------------------------------------------------------------------
[2024-02-12 08:12:50,645] {taskinstance.py:1377} INFO - Executing <Task(PostgresOperator): update_d_city> on 2024-02-06 08:09:37.968777+00:00
[2024-02-12 08:12:50,647] {standard_task_runner.py:52} INFO - Started process 12667 to run task
[2024-02-12 08:12:50,649] {standard_task_runner.py:79} INFO - Running: ['airflow', 'tasks', 'run', 'sales_mart_inc', 'update_d_city', 'scheduled__2024-02-06T08:09:37.968777+00:00', '--job-id', '285', '--raw', '--subdir', 'DAGS_FOLDER/sales_mart_inc.py', '--cfg-path', '/tmp/tmpebs99q2k', '--error-file', '/tmp/tmpk76xo_wm']
[2024-02-12 08:12:50,650] {standard_task_runner.py:80} INFO - Job 285: Subtask update_d_city
[2024-02-12 08:12:50,680] {task_command.py:369} INFO - Running <TaskInstance: sales_mart_inc.update_d_city scheduled__2024-02-06T08:09:37.968777+00:00 [running]> on host 91766ce79ef0
[2024-02-12 08:12:50,715] {taskinstance.py:1569} INFO - Exporting the following env vars:
AIRFLOW_CTX_DAG_EMAIL=student@example.com
AIRFLOW_CTX_DAG_OWNER=student
AIRFLOW_CTX_DAG_ID=sales_mart_inc
AIRFLOW_CTX_TASK_ID=update_d_city
AIRFLOW_CTX_EXECUTION_DATE=2024-02-06T08:09:37.968777+00:00
AIRFLOW_CTX_TRY_NUMBER=1
AIRFLOW_CTX_DAG_RUN_ID=scheduled__2024-02-06T08:09:37.968777+00:00
[2024-02-12 08:12:50,721] {base.py:68} INFO - Using connection ID 'postgresql_de' for task execution.
[2024-02-12 08:12:50,724] {sql.py:315} INFO - Running statement: insert into mart.d_city (city_id, city_name)
select city_id, city_name from staging.user_order_log
where city_id not in (select city_id from mart.d_city)
group by city_id, city_name;, parameters: None
[2024-02-12 08:12:50,725] {sql.py:324} INFO - Rows affected: 0
[2024-02-12 08:12:50,735] {taskinstance.py:1395} INFO - Marking task as SUCCESS. dag_id=sales_mart_inc, task_id=update_d_city, execution_date=20240206T080937, start_date=20240212T081250, end_date=20240212T081250
[2024-02-12 08:12:50,781] {local_task_job.py:156} INFO - Task exited with return code 0
[2024-02-12 08:12:50,801] {local_task_job.py:273} INFO - 1 downstream tasks scheduled from follow-on schedule check
