[2024-02-11 21:59:13,486] {taskinstance.py:1159} INFO - Dependencies all met for <TaskInstance: sales_mart.truncate_price_log scheduled__2024-02-04T21:59:02.348014+00:00 [queued]>
[2024-02-11 21:59:13,491] {taskinstance.py:1159} INFO - Dependencies all met for <TaskInstance: sales_mart.truncate_price_log scheduled__2024-02-04T21:59:02.348014+00:00 [queued]>
[2024-02-11 21:59:13,491] {taskinstance.py:1356} INFO - 
--------------------------------------------------------------------------------
[2024-02-11 21:59:13,491] {taskinstance.py:1357} INFO - Starting attempt 1 of 1
[2024-02-11 21:59:13,491] {taskinstance.py:1358} INFO - 
--------------------------------------------------------------------------------
[2024-02-11 21:59:13,496] {taskinstance.py:1377} INFO - Executing <Task(PostgresOperator): truncate_price_log> on 2024-02-04 21:59:02.348014+00:00
[2024-02-11 21:59:13,500] {standard_task_runner.py:52} INFO - Started process 36350 to run task
[2024-02-11 21:59:13,502] {standard_task_runner.py:79} INFO - Running: ['airflow', 'tasks', 'run', 'sales_mart', 'truncate_price_log', 'scheduled__2024-02-04T21:59:02.348014+00:00', '--job-id', '870', '--raw', '--subdir', 'DAGS_FOLDER/sprint3 copy.py', '--cfg-path', '/tmp/tmp_vk74zdh', '--error-file', '/tmp/tmpf433zfny']
[2024-02-11 21:59:13,502] {standard_task_runner.py:80} INFO - Job 870: Subtask truncate_price_log
[2024-02-11 21:59:13,539] {task_command.py:369} INFO - Running <TaskInstance: sales_mart.truncate_price_log scheduled__2024-02-04T21:59:02.348014+00:00 [running]> on host 2a8d1eb5116f
[2024-02-11 21:59:13,574] {taskinstance.py:1569} INFO - Exporting the following env vars:
AIRFLOW_CTX_DAG_EMAIL=student@example.com
AIRFLOW_CTX_DAG_OWNER=student
AIRFLOW_CTX_DAG_ID=sales_mart
AIRFLOW_CTX_TASK_ID=truncate_price_log
AIRFLOW_CTX_EXECUTION_DATE=2024-02-04T21:59:02.348014+00:00
AIRFLOW_CTX_TRY_NUMBER=1
AIRFLOW_CTX_DAG_RUN_ID=scheduled__2024-02-04T21:59:02.348014+00:00
[2024-02-11 21:59:13,580] {base.py:68} INFO - Using connection ID 'postgresql_de' for task execution.
[2024-02-11 21:59:13,585] {sql.py:315} INFO - Running statement: truncate staging.price_log;, parameters: None
[2024-02-11 21:59:13,594] {taskinstance.py:1395} INFO - Marking task as SUCCESS. dag_id=sales_mart, task_id=truncate_price_log, execution_date=20240204T215902, start_date=20240211T215913, end_date=20240211T215913
[2024-02-11 21:59:13,634] {local_task_job.py:156} INFO - Task exited with return code 0
[2024-02-11 21:59:13,663] {local_task_job.py:273} INFO - 1 downstream tasks scheduled from follow-on schedule check
