[2024-02-11 18:41:23,262] {taskinstance.py:1159} INFO - Dependencies all met for <TaskInstance: sales_mart.get_report scheduled__2024-02-10T18:36:55.121353+00:00 [queued]>
[2024-02-11 18:41:23,268] {taskinstance.py:1159} INFO - Dependencies all met for <TaskInstance: sales_mart.get_report scheduled__2024-02-10T18:36:55.121353+00:00 [queued]>
[2024-02-11 18:41:23,268] {taskinstance.py:1356} INFO - 
--------------------------------------------------------------------------------
[2024-02-11 18:41:23,268] {taskinstance.py:1357} INFO - Starting attempt 1 of 1
[2024-02-11 18:41:23,268] {taskinstance.py:1358} INFO - 
--------------------------------------------------------------------------------
[2024-02-11 18:41:23,275] {taskinstance.py:1377} INFO - Executing <Task(PythonOperator): get_report> on 2024-02-10 18:36:55.121353+00:00
[2024-02-11 18:41:23,277] {standard_task_runner.py:52} INFO - Started process 9800 to run task
[2024-02-11 18:41:23,279] {standard_task_runner.py:79} INFO - Running: ['airflow', 'tasks', 'run', 'sales_mart', 'get_report', 'scheduled__2024-02-10T18:36:55.121353+00:00', '--job-id', '194', '--raw', '--subdir', 'DAGS_FOLDER/sprint3.py', '--cfg-path', '/tmp/tmpbd2tt2w3', '--error-file', '/tmp/tmpcqstg_52']
[2024-02-11 18:41:23,279] {standard_task_runner.py:80} INFO - Job 194: Subtask get_report
[2024-02-11 18:41:23,310] {task_command.py:369} INFO - Running <TaskInstance: sales_mart.get_report scheduled__2024-02-10T18:36:55.121353+00:00 [running]> on host 2a8d1eb5116f
[2024-02-11 18:41:23,347] {taskinstance.py:1569} INFO - Exporting the following env vars:
AIRFLOW_CTX_DAG_EMAIL=student@example.com
AIRFLOW_CTX_DAG_OWNER=student
AIRFLOW_CTX_DAG_ID=sales_mart
AIRFLOW_CTX_TASK_ID=get_report
AIRFLOW_CTX_EXECUTION_DATE=2024-02-10T18:36:55.121353+00:00
AIRFLOW_CTX_TRY_NUMBER=1
AIRFLOW_CTX_DAG_RUN_ID=scheduled__2024-02-10T18:36:55.121353+00:00
[2024-02-11 18:41:23,347] {logging_mixin.py:115} INFO - Making request get_report
[2024-02-11 18:41:23,550] {logging_mixin.py:115} INFO - Response is b'{"task_id":"MjAyNC0wMi0xMVQxODo0MToxMAlkYW1pci1rYWxpbmluNw==","status":"RUNNING","data":{"report_id":null,"start_day":null,"end_date":null,"s3_path":{}}}'
[2024-02-11 18:41:33,761] {logging_mixin.py:115} INFO - Response is b'{"task_id":"MjAyNC0wMi0xMVQxODo0MToxMAlkYW1pci1rYWxpbmluNw==","status":"RUNNING","data":{"report_id":null,"start_day":null,"end_date":null,"s3_path":{}}}'
[2024-02-11 18:41:44,181] {logging_mixin.py:115} INFO - Response is b'{"task_id":"MjAyNC0wMi0xMVQxODo0MToxMAlkYW1pci1rYWxpbmluNw==","status":"RUNNING","data":{"report_id":null,"start_day":null,"end_date":null,"s3_path":{}}}'
[2024-02-11 18:41:54,432] {logging_mixin.py:115} INFO - Response is b'{"task_id":"MjAyNC0wMi0xMVQxODo0MToxMAlkYW1pci1rYWxpbmluNw==","status":"RUNNING","data":{"report_id":null,"start_day":null,"end_date":null,"s3_path":{}}}'
[2024-02-11 18:42:03,737] {local_task_job.py:220} WARNING - State of this instance has been externally set to restarting. Terminating instance.
[2024-02-11 18:42:03,739] {process_utils.py:125} INFO - Sending Signals.SIGTERM to group 9800. PIDs of all processes in the group: [9800]
[2024-02-11 18:42:03,739] {process_utils.py:80} INFO - Sending the signal Signals.SIGTERM to group 9800
[2024-02-11 18:42:03,739] {taskinstance.py:1541} ERROR - Received SIGTERM. Terminating subprocesses.
[2024-02-11 18:42:03,747] {taskinstance.py:1889} ERROR - Task failed with exception
Traceback (most recent call last):
  File "/usr/local/lib/python3.8/dist-packages/airflow/operators/python.py", line 171, in execute
    return_value = self.execute_callable()
  File "/usr/local/lib/python3.8/dist-packages/airflow/operators/python.py", line 189, in execute_callable
    return self.python_callable(*self.op_args, **self.op_kwargs)
  File "/lessons/dags/sprint3.py", line 55, in get_report
    time.sleep(10)
  File "/usr/local/lib/python3.8/dist-packages/airflow/models/taskinstance.py", line 1543, in signal_handler
    raise AirflowException("Task received SIGTERM signal")
airflow.exceptions.AirflowException: Task received SIGTERM signal
[2024-02-11 18:42:03,749] {taskinstance.py:1395} INFO - Marking task as UP_FOR_RETRY. dag_id=sales_mart, task_id=get_report, execution_date=20240210T183655, start_date=20240211T184123, end_date=20240211T184203
[2024-02-11 18:42:03,755] {standard_task_runner.py:92} ERROR - Failed to execute job 194 for task get_report (Task received SIGTERM signal; 9800)
[2024-02-11 18:42:03,765] {process_utils.py:75} INFO - Process psutil.Process(pid=9800, status='terminated', exitcode=1, started='18:41:22') (9800) terminated with exit code 1
