[2024-02-11 17:19:01,042] {taskinstance.py:1159} INFO - Dependencies all met for <TaskInstance: sales_mart.generate_report scheduled__2024-02-07T16:44:13.497842+00:00 [queued]>
[2024-02-11 17:19:01,045] {taskinstance.py:1159} INFO - Dependencies all met for <TaskInstance: sales_mart.generate_report scheduled__2024-02-07T16:44:13.497842+00:00 [queued]>
[2024-02-11 17:19:01,045] {taskinstance.py:1356} INFO - 
--------------------------------------------------------------------------------
[2024-02-11 17:19:01,045] {taskinstance.py:1357} INFO - Starting attempt 2 of 2
[2024-02-11 17:19:01,045] {taskinstance.py:1358} INFO - 
--------------------------------------------------------------------------------
[2024-02-11 17:19:01,051] {taskinstance.py:1377} INFO - Executing <Task(PythonOperator): generate_report> on 2024-02-07 16:44:13.497842+00:00
[2024-02-11 17:19:01,054] {standard_task_runner.py:52} INFO - Started process 4080 to run task
[2024-02-11 17:19:01,056] {standard_task_runner.py:79} INFO - Running: ['airflow', 'tasks', 'run', 'sales_mart', 'generate_report', 'scheduled__2024-02-07T16:44:13.497842+00:00', '--job-id', '59', '--raw', '--subdir', 'DAGS_FOLDER/sprint3.py', '--cfg-path', '/tmp/tmppau8fndw', '--error-file', '/tmp/tmpgrnat9jq']
[2024-02-11 17:19:01,056] {standard_task_runner.py:80} INFO - Job 59: Subtask generate_report
[2024-02-11 17:19:01,087] {task_command.py:369} INFO - Running <TaskInstance: sales_mart.generate_report scheduled__2024-02-07T16:44:13.497842+00:00 [running]> on host 2a8d1eb5116f
[2024-02-11 17:19:01,127] {taskinstance.py:1569} INFO - Exporting the following env vars:
AIRFLOW_CTX_DAG_EMAIL=student@example.com
AIRFLOW_CTX_DAG_OWNER=student
AIRFLOW_CTX_DAG_ID=sales_mart
AIRFLOW_CTX_TASK_ID=generate_report
AIRFLOW_CTX_EXECUTION_DATE=2024-02-07T16:44:13.497842+00:00
AIRFLOW_CTX_TRY_NUMBER=2
AIRFLOW_CTX_DAG_RUN_ID=scheduled__2024-02-07T16:44:13.497842+00:00
[2024-02-11 17:19:01,127] {logging_mixin.py:115} INFO - Making request generate_report
[2024-02-11 17:19:01,327] {logging_mixin.py:115} INFO - Response is b'{"task_id":"MjAyNC0wMi0xMVQxNzoxOTowMQlkYW1pci1rYWxpbmluNw=="}'
[2024-02-11 17:19:01,328] {python.py:173} INFO - Done. Returned value was: None
[2024-02-11 17:19:01,337] {taskinstance.py:1395} INFO - Marking task as SUCCESS. dag_id=sales_mart, task_id=generate_report, execution_date=20240207T164413, start_date=20240211T171901, end_date=20240211T171901
[2024-02-11 17:19:01,349] {local_task_job.py:156} INFO - Task exited with return code 0
[2024-02-11 17:19:01,372] {local_task_job.py:273} INFO - 1 downstream tasks scheduled from follow-on schedule check
