[2024-02-11 18:41:11,986] {taskinstance.py:1159} INFO - Dependencies all met for <TaskInstance: sales_mart.get_report scheduled__2024-02-09T18:36:55.121353+00:00 [queued]>
[2024-02-11 18:41:11,991] {taskinstance.py:1159} INFO - Dependencies all met for <TaskInstance: sales_mart.get_report scheduled__2024-02-09T18:36:55.121353+00:00 [queued]>
[2024-02-11 18:41:11,991] {taskinstance.py:1356} INFO - 
--------------------------------------------------------------------------------
[2024-02-11 18:41:11,991] {taskinstance.py:1357} INFO - Starting attempt 1 of 1
[2024-02-11 18:41:11,991] {taskinstance.py:1358} INFO - 
--------------------------------------------------------------------------------
[2024-02-11 18:41:11,997] {taskinstance.py:1377} INFO - Executing <Task(PythonOperator): get_report> on 2024-02-09 18:36:55.121353+00:00
[2024-02-11 18:41:11,999] {standard_task_runner.py:52} INFO - Started process 9669 to run task
[2024-02-11 18:41:12,001] {standard_task_runner.py:79} INFO - Running: ['airflow', 'tasks', 'run', 'sales_mart', 'get_report', 'scheduled__2024-02-09T18:36:55.121353+00:00', '--job-id', '190', '--raw', '--subdir', 'DAGS_FOLDER/sprint3.py', '--cfg-path', '/tmp/tmpshosplpn', '--error-file', '/tmp/tmp6nt4z_9j']
[2024-02-11 18:41:12,001] {standard_task_runner.py:80} INFO - Job 190: Subtask get_report
[2024-02-11 18:41:12,030] {task_command.py:369} INFO - Running <TaskInstance: sales_mart.get_report scheduled__2024-02-09T18:36:55.121353+00:00 [running]> on host 2a8d1eb5116f
[2024-02-11 18:41:12,070] {taskinstance.py:1569} INFO - Exporting the following env vars:
AIRFLOW_CTX_DAG_EMAIL=student@example.com
AIRFLOW_CTX_DAG_OWNER=student
AIRFLOW_CTX_DAG_ID=sales_mart
AIRFLOW_CTX_TASK_ID=get_report
AIRFLOW_CTX_EXECUTION_DATE=2024-02-09T18:36:55.121353+00:00
AIRFLOW_CTX_TRY_NUMBER=1
AIRFLOW_CTX_DAG_RUN_ID=scheduled__2024-02-09T18:36:55.121353+00:00
[2024-02-11 18:41:12,070] {logging_mixin.py:115} INFO - Making request get_report
[2024-02-11 18:41:15,352] {logging_mixin.py:115} INFO - Response is b'{"task_id":"MjAyNC0wMi0xMVQxODo0MDowNglkYW1pci1rYWxpbmluNw==","status":"SUCCESS","data":{"report_id":"TWpBeU5DMHdNaTB4TVZReE9EbzBNRG93Tmdsa1lXMXBjaTFyWVd4cGJtbHVOdz09","start_day":"2024-01-12 00:00:00","end_date":"2024-02-03 00:00:00","s3_path":{"customer_research":"https://storage.yandexcloud.net/s3-sprint3/cohort_22/damir-kalinin7/project/TWpBeU5DMHdNaTB4TVZReE9EbzBNRG93Tmdsa1lXMXBjaTFyWVd4cGJtbHVOdz09/customer_research.csv","user_order_log":"https://storage.yandexcloud.net/s3-sprint3/cohort_22/damir-kalinin7/project/TWpBeU5DMHdNaTB4TVZReE9EbzBNRG93Tmdsa1lXMXBjaTFyWVd4cGJtbHVOdz09/user_order_log.csv","user_activity_log":"https://storage.yandexcloud.net/s3-sprint3/cohort_22/damir-kalinin7/project/TWpBeU5DMHdNaTB4TVZReE9EbzBNRG93Tmdsa1lXMXBjaTFyWVd4cGJtbHVOdz09/user_activity_log.csv","price_log":"https://storage.yandexcloud.net/s3-sprint3/cohort_22/damir-kalinin7/project/TWpBeU5DMHdNaTB4TVZReE9EbzBNRG93Tmdsa1lXMXBjaTFyWVd4cGJtbHVOdz09/price_log.csv"}}}'
[2024-02-11 18:41:15,365] {logging_mixin.py:115} INFO - Report_id=TWpBeU5DMHdNaTB4TVZReE9EbzBNRG93Tmdsa1lXMXBjaTFyWVd4cGJtbHVOdz09
[2024-02-11 18:41:15,365] {python.py:173} INFO - Done. Returned value was: None
[2024-02-11 18:41:15,371] {taskinstance.py:1395} INFO - Marking task as SUCCESS. dag_id=sales_mart, task_id=get_report, execution_date=20240209T183655, start_date=20240211T184111, end_date=20240211T184115
[2024-02-11 18:41:15,388] {local_task_job.py:156} INFO - Task exited with return code 0
[2024-02-11 18:41:15,410] {local_task_job.py:273} INFO - 1 downstream tasks scheduled from follow-on schedule check
