[2024-02-12 14:09:52,916] {taskinstance.py:1159} INFO - Dependencies all met for <TaskInstance: sales_mart_inc.update_d_customer scheduled__2024-02-09T14:01:59.240675+00:00 [queued]>
[2024-02-12 14:09:52,921] {taskinstance.py:1159} INFO - Dependencies all met for <TaskInstance: sales_mart_inc.update_d_customer scheduled__2024-02-09T14:01:59.240675+00:00 [queued]>
[2024-02-12 14:09:52,921] {taskinstance.py:1356} INFO - 
--------------------------------------------------------------------------------
[2024-02-12 14:09:52,921] {taskinstance.py:1357} INFO - Starting attempt 1 of 1
[2024-02-12 14:09:52,921] {taskinstance.py:1358} INFO - 
--------------------------------------------------------------------------------
[2024-02-12 14:09:52,927] {taskinstance.py:1377} INFO - Executing <Task(PostgresOperator): update_d_customer> on 2024-02-09 14:01:59.240675+00:00
[2024-02-12 14:09:52,929] {standard_task_runner.py:52} INFO - Started process 30106 to run task
[2024-02-12 14:09:52,931] {standard_task_runner.py:79} INFO - Running: ['airflow', 'tasks', 'run', 'sales_mart_inc', 'update_d_customer', 'scheduled__2024-02-09T14:01:59.240675+00:00', '--job-id', '598', '--raw', '--subdir', 'DAGS_FOLDER/sales_mart_inc.py', '--cfg-path', '/tmp/tmpp38y5ngw', '--error-file', '/tmp/tmplwtlw1tq']
[2024-02-12 14:09:52,931] {standard_task_runner.py:80} INFO - Job 598: Subtask update_d_customer
[2024-02-12 14:09:52,962] {task_command.py:369} INFO - Running <TaskInstance: sales_mart_inc.update_d_customer scheduled__2024-02-09T14:01:59.240675+00:00 [running]> on host 91766ce79ef0
[2024-02-12 14:09:52,997] {taskinstance.py:1569} INFO - Exporting the following env vars:
AIRFLOW_CTX_DAG_EMAIL=student@example.com
AIRFLOW_CTX_DAG_OWNER=student
AIRFLOW_CTX_DAG_ID=sales_mart_inc
AIRFLOW_CTX_TASK_ID=update_d_customer
AIRFLOW_CTX_EXECUTION_DATE=2024-02-09T14:01:59.240675+00:00
AIRFLOW_CTX_TRY_NUMBER=1
AIRFLOW_CTX_DAG_RUN_ID=scheduled__2024-02-09T14:01:59.240675+00:00
[2024-02-12 14:09:53,003] {base.py:68} INFO - Using connection ID 'postgresql_de' for task execution.
[2024-02-12 14:09:53,007] {sql.py:315} INFO - Running statement: insert into mart.d_customer (customer_id, first_name, last_name, city_id)
select customer_id, first_name, last_name, max(city_id) from staging.user_order_log
where customer_id not in (select customer_id from mart.d_customer)
group by customer_id, first_name, last_name, parameters: None
[2024-02-12 14:09:53,008] {sql.py:324} INFO - Rows affected: 5
[2024-02-12 14:09:53,017] {taskinstance.py:1395} INFO - Marking task as SUCCESS. dag_id=sales_mart_inc, task_id=update_d_customer, execution_date=20240209T140159, start_date=20240212T140952, end_date=20240212T140953
[2024-02-12 14:09:53,063] {local_task_job.py:156} INFO - Task exited with return code 0
[2024-02-12 14:09:53,084] {local_task_job.py:273} INFO - 1 downstream tasks scheduled from follow-on schedule check
