[2024-02-12 14:00:04,022] {taskinstance.py:1159} INFO - Dependencies all met for <TaskInstance: sales_mart.get_report manual__2024-02-12T13:59:54.803582+00:00 [queued]>
[2024-02-12 14:00:04,028] {taskinstance.py:1159} INFO - Dependencies all met for <TaskInstance: sales_mart.get_report manual__2024-02-12T13:59:54.803582+00:00 [queued]>
[2024-02-12 14:00:04,028] {taskinstance.py:1356} INFO - 
--------------------------------------------------------------------------------
[2024-02-12 14:00:04,028] {taskinstance.py:1357} INFO - Starting attempt 1 of 1
[2024-02-12 14:00:04,028] {taskinstance.py:1358} INFO - 
--------------------------------------------------------------------------------
[2024-02-12 14:00:04,034] {taskinstance.py:1377} INFO - Executing <Task(PythonOperator): get_report> on 2024-02-12 13:59:54.803582+00:00
[2024-02-12 14:00:04,036] {standard_task_runner.py:52} INFO - Started process 26905 to run task
[2024-02-12 14:00:04,038] {standard_task_runner.py:79} INFO - Running: ['airflow', 'tasks', 'run', 'sales_mart', 'get_report', 'manual__2024-02-12T13:59:54.803582+00:00', '--job-id', '512', '--raw', '--subdir', 'DAGS_FOLDER/sales_mart.py', '--cfg-path', '/tmp/tmpyz0kibc9', '--error-file', '/tmp/tmp9ppdtajx']
[2024-02-12 14:00:04,038] {standard_task_runner.py:80} INFO - Job 512: Subtask get_report
[2024-02-12 14:00:04,075] {task_command.py:369} INFO - Running <TaskInstance: sales_mart.get_report manual__2024-02-12T13:59:54.803582+00:00 [running]> on host 91766ce79ef0
[2024-02-12 14:00:04,116] {taskinstance.py:1569} INFO - Exporting the following env vars:
AIRFLOW_CTX_DAG_EMAIL=student@example.com
AIRFLOW_CTX_DAG_OWNER=student
AIRFLOW_CTX_DAG_ID=sales_mart
AIRFLOW_CTX_TASK_ID=get_report
AIRFLOW_CTX_EXECUTION_DATE=2024-02-12T13:59:54.803582+00:00
AIRFLOW_CTX_TRY_NUMBER=1
AIRFLOW_CTX_DAG_RUN_ID=manual__2024-02-12T13:59:54.803582+00:00
[2024-02-12 14:00:04,116] {logging_mixin.py:115} INFO - Making request get_report
[2024-02-12 14:00:04,975] {logging_mixin.py:115} INFO - Response is b'{"task_id":"MjAyNC0wMi0xMlQxNDowMDowMglkYW1pci1rYWxpbmluNw==","status":"RUNNING","data":{"report_id":null,"start_day":null,"end_date":null,"s3_path":{}}}'
[2024-02-12 14:00:15,800] {logging_mixin.py:115} INFO - Response is b'{"task_id":"MjAyNC0wMi0xMlQxNDowMDowMglkYW1pci1rYWxpbmluNw==","status":"RUNNING","data":{"report_id":null,"start_day":null,"end_date":null,"s3_path":{}}}'
[2024-02-12 14:00:26,188] {logging_mixin.py:115} INFO - Response is b'{"task_id":"MjAyNC0wMi0xMlQxNDowMDowMglkYW1pci1rYWxpbmluNw==","status":"RUNNING","data":{"report_id":null,"start_day":null,"end_date":null,"s3_path":{}}}'
[2024-02-12 14:00:37,682] {logging_mixin.py:115} INFO - Response is b'{"task_id":"MjAyNC0wMi0xMlQxNDowMDowMglkYW1pci1rYWxpbmluNw==","status":"RUNNING","data":{"report_id":null,"start_day":null,"end_date":null,"s3_path":{}}}'
[2024-02-12 14:00:49,105] {logging_mixin.py:115} INFO - Response is b'{"task_id":"MjAyNC0wMi0xMlQxNDowMDowMglkYW1pci1rYWxpbmluNw==","status":"RUNNING","data":{"report_id":null,"start_day":null,"end_date":null,"s3_path":{}}}'
[2024-02-12 14:00:59,446] {logging_mixin.py:115} INFO - Response is b'{"task_id":"MjAyNC0wMi0xMlQxNDowMDowMglkYW1pci1rYWxpbmluNw==","status":"RUNNING","data":{"report_id":null,"start_day":null,"end_date":null,"s3_path":{}}}'
[2024-02-12 14:01:14,603] {logging_mixin.py:115} INFO - Response is b'{"task_id":"MjAyNC0wMi0xMlQxNDowMDowMglkYW1pci1rYWxpbmluNw==","status":"SUCCESS","data":{"report_id":"TWpBeU5DMHdNaTB4TWxReE5Eb3dNRG93TWdsa1lXMXBjaTFyWVd4cGJtbHVOdz09","start_day":"2024-01-13 00:00:00","end_date":"2024-02-04 00:00:00","s3_path":{"customer_research":"https://storage.yandexcloud.net/s3-sprint3/cohort_22/damir-kalinin7/project/TWpBeU5DMHdNaTB4TWxReE5Eb3dNRG93TWdsa1lXMXBjaTFyWVd4cGJtbHVOdz09/customer_research.csv","user_order_log":"https://storage.yandexcloud.net/s3-sprint3/cohort_22/damir-kalinin7/project/TWpBeU5DMHdNaTB4TWxReE5Eb3dNRG93TWdsa1lXMXBjaTFyWVd4cGJtbHVOdz09/user_order_log.csv","user_activity_log":"https://storage.yandexcloud.net/s3-sprint3/cohort_22/damir-kalinin7/project/TWpBeU5DMHdNaTB4TWxReE5Eb3dNRG93TWdsa1lXMXBjaTFyWVd4cGJtbHVOdz09/user_activity_log.csv","price_log":"https://storage.yandexcloud.net/s3-sprint3/cohort_22/damir-kalinin7/project/TWpBeU5DMHdNaTB4TWxReE5Eb3dNRG93TWdsa1lXMXBjaTFyWVd4cGJtbHVOdz09/price_log.csv"}}}'
[2024-02-12 14:01:14,616] {logging_mixin.py:115} INFO - Report_id=TWpBeU5DMHdNaTB4TWxReE5Eb3dNRG93TWdsa1lXMXBjaTFyWVd4cGJtbHVOdz09
[2024-02-12 14:01:14,616] {python.py:173} INFO - Done. Returned value was: None
[2024-02-12 14:01:14,623] {taskinstance.py:1395} INFO - Marking task as SUCCESS. dag_id=sales_mart, task_id=get_report, execution_date=20240212T135954, start_date=20240212T140004, end_date=20240212T140114
[2024-02-12 14:01:14,656] {local_task_job.py:156} INFO - Task exited with return code 0
[2024-02-12 14:01:14,680] {local_task_job.py:273} INFO - 4 downstream tasks scheduled from follow-on schedule check
