[2024-02-12 08:06:46,899] {taskinstance.py:1159} INFO - Dependencies all met for <TaskInstance: sales_mart.truncate_user_order_log manual__2024-02-12T08:06:42.256346+00:00 [queued]>
[2024-02-12 08:06:46,906] {taskinstance.py:1159} INFO - Dependencies all met for <TaskInstance: sales_mart.truncate_user_order_log manual__2024-02-12T08:06:42.256346+00:00 [queued]>
[2024-02-12 08:06:46,906] {taskinstance.py:1356} INFO - 
--------------------------------------------------------------------------------
[2024-02-12 08:06:46,906] {taskinstance.py:1357} INFO - Starting attempt 1 of 1
[2024-02-12 08:06:46,906] {taskinstance.py:1358} INFO - 
--------------------------------------------------------------------------------
[2024-02-12 08:06:46,912] {taskinstance.py:1377} INFO - Executing <Task(PostgresOperator): truncate_user_order_log> on 2024-02-12 08:06:42.256346+00:00
[2024-02-12 08:06:46,914] {standard_task_runner.py:52} INFO - Started process 11212 to run task
[2024-02-12 08:06:46,916] {standard_task_runner.py:79} INFO - Running: ['airflow', 'tasks', 'run', 'sales_mart', 'truncate_user_order_log', 'manual__2024-02-12T08:06:42.256346+00:00', '--job-id', '247', '--raw', '--subdir', 'DAGS_FOLDER/sales_mart.py', '--cfg-path', '/tmp/tmpkl7bf8iz', '--error-file', '/tmp/tmpjc0b74ft']
[2024-02-12 08:06:46,916] {standard_task_runner.py:80} INFO - Job 247: Subtask truncate_user_order_log
[2024-02-12 08:06:46,948] {task_command.py:369} INFO - Running <TaskInstance: sales_mart.truncate_user_order_log manual__2024-02-12T08:06:42.256346+00:00 [running]> on host 91766ce79ef0
[2024-02-12 08:06:46,983] {taskinstance.py:1569} INFO - Exporting the following env vars:
AIRFLOW_CTX_DAG_EMAIL=student@example.com
AIRFLOW_CTX_DAG_OWNER=student
AIRFLOW_CTX_DAG_ID=sales_mart
AIRFLOW_CTX_TASK_ID=truncate_user_order_log
AIRFLOW_CTX_EXECUTION_DATE=2024-02-12T08:06:42.256346+00:00
AIRFLOW_CTX_TRY_NUMBER=1
AIRFLOW_CTX_DAG_RUN_ID=manual__2024-02-12T08:06:42.256346+00:00
[2024-02-12 08:06:46,990] {base.py:68} INFO - Using connection ID 'postgresql_de' for task execution.
[2024-02-12 08:06:46,994] {sql.py:315} INFO - Running statement: truncate staging.user_order_log;, parameters: None
[2024-02-12 08:06:47,009] {taskinstance.py:1395} INFO - Marking task as SUCCESS. dag_id=sales_mart, task_id=truncate_user_order_log, execution_date=20240212T080642, start_date=20240212T080646, end_date=20240212T080647
[2024-02-12 08:06:47,048] {local_task_job.py:156} INFO - Task exited with return code 0
[2024-02-12 08:06:47,071] {local_task_job.py:273} INFO - 0 downstream tasks scheduled from follow-on schedule check
