[2024-02-11 22:04:26,224] {taskinstance.py:1159} INFO - Dependencies all met for <TaskInstance: sales_mart.get_report scheduled__2024-02-05T22:02:39.255005+00:00 [queued]>
[2024-02-11 22:04:26,229] {taskinstance.py:1159} INFO - Dependencies all met for <TaskInstance: sales_mart.get_report scheduled__2024-02-05T22:02:39.255005+00:00 [queued]>
[2024-02-11 22:04:26,229] {taskinstance.py:1356} INFO - 
--------------------------------------------------------------------------------
[2024-02-11 22:04:26,229] {taskinstance.py:1357} INFO - Starting attempt 1 of 1
[2024-02-11 22:04:26,229] {taskinstance.py:1358} INFO - 
--------------------------------------------------------------------------------
[2024-02-11 22:04:26,235] {taskinstance.py:1377} INFO - Executing <Task(PythonOperator): get_report> on 2024-02-05 22:02:39.255005+00:00
[2024-02-11 22:04:26,238] {standard_task_runner.py:52} INFO - Started process 37624 to run task
[2024-02-11 22:04:26,240] {standard_task_runner.py:79} INFO - Running: ['airflow', 'tasks', 'run', 'sales_mart', 'get_report', 'scheduled__2024-02-05T22:02:39.255005+00:00', '--job-id', '904', '--raw', '--subdir', 'DAGS_FOLDER/sprint3 copy.py', '--cfg-path', '/tmp/tmphw4qloac', '--error-file', '/tmp/tmphs9jkeid']
[2024-02-11 22:04:26,240] {standard_task_runner.py:80} INFO - Job 904: Subtask get_report
[2024-02-11 22:04:26,273] {task_command.py:369} INFO - Running <TaskInstance: sales_mart.get_report scheduled__2024-02-05T22:02:39.255005+00:00 [running]> on host 2a8d1eb5116f
[2024-02-11 22:04:26,308] {taskinstance.py:1569} INFO - Exporting the following env vars:
AIRFLOW_CTX_DAG_EMAIL=student@example.com
AIRFLOW_CTX_DAG_OWNER=student
AIRFLOW_CTX_DAG_ID=sales_mart
AIRFLOW_CTX_TASK_ID=get_report
AIRFLOW_CTX_EXECUTION_DATE=2024-02-05T22:02:39.255005+00:00
AIRFLOW_CTX_TRY_NUMBER=1
AIRFLOW_CTX_DAG_RUN_ID=scheduled__2024-02-05T22:02:39.255005+00:00
[2024-02-11 22:04:26,308] {logging_mixin.py:115} INFO - Making request get_report
[2024-02-11 22:04:26,579] {logging_mixin.py:115} INFO - Response is b'{"task_id":"MjAyNC0wMi0xMVQyMjowNDoyNQlkYW1pci1rYWxpbmluNw==","status":"RUNNING","data":{"report_id":null,"start_day":null,"end_date":null,"s3_path":{}}}'
[2024-02-11 22:04:36,927] {logging_mixin.py:115} INFO - Response is b'{"task_id":"MjAyNC0wMi0xMVQyMjowNDoyNQlkYW1pci1rYWxpbmluNw==","status":"RUNNING","data":{"report_id":null,"start_day":null,"end_date":null,"s3_path":{}}}'
[2024-02-11 22:04:47,457] {logging_mixin.py:115} INFO - Response is b'{"task_id":"MjAyNC0wMi0xMVQyMjowNDoyNQlkYW1pci1rYWxpbmluNw==","status":"RUNNING","data":{"report_id":null,"start_day":null,"end_date":null,"s3_path":{}}}'
[2024-02-11 22:04:57,678] {logging_mixin.py:115} INFO - Response is b'{"task_id":"MjAyNC0wMi0xMVQyMjowNDoyNQlkYW1pci1rYWxpbmluNw==","status":"RUNNING","data":{"report_id":null,"start_day":null,"end_date":null,"s3_path":{}}}'
[2024-02-11 22:05:08,154] {logging_mixin.py:115} INFO - Response is b'{"task_id":"MjAyNC0wMi0xMVQyMjowNDoyNQlkYW1pci1rYWxpbmluNw==","status":"RUNNING","data":{"report_id":null,"start_day":null,"end_date":null,"s3_path":{}}}'
[2024-02-11 22:05:18,400] {logging_mixin.py:115} INFO - Response is b'{"task_id":"MjAyNC0wMi0xMVQyMjowNDoyNQlkYW1pci1rYWxpbmluNw==","status":"RUNNING","data":{"report_id":null,"start_day":null,"end_date":null,"s3_path":{}}}'
[2024-02-11 22:05:31,911] {logging_mixin.py:115} INFO - Response is b'{"task_id":"MjAyNC0wMi0xMVQyMjowNDoyNQlkYW1pci1rYWxpbmluNw==","status":"SUCCESS","data":{"report_id":"TWpBeU5DMHdNaTB4TVZReU1qb3dORG95TlFsa1lXMXBjaTFyWVd4cGJtbHVOdz09","start_day":"2024-01-12 00:00:00","end_date":"2024-02-03 00:00:00","s3_path":{"customer_research":"https://storage.yandexcloud.net/s3-sprint3/cohort_22/damir-kalinin7/project/TWpBeU5DMHdNaTB4TVZReU1qb3dORG95TlFsa1lXMXBjaTFyWVd4cGJtbHVOdz09/customer_research.csv","user_order_log":"https://storage.yandexcloud.net/s3-sprint3/cohort_22/damir-kalinin7/project/TWpBeU5DMHdNaTB4TVZReU1qb3dORG95TlFsa1lXMXBjaTFyWVd4cGJtbHVOdz09/user_order_log.csv","user_activity_log":"https://storage.yandexcloud.net/s3-sprint3/cohort_22/damir-kalinin7/project/TWpBeU5DMHdNaTB4TVZReU1qb3dORG95TlFsa1lXMXBjaTFyWVd4cGJtbHVOdz09/user_activity_log.csv","price_log":"https://storage.yandexcloud.net/s3-sprint3/cohort_22/damir-kalinin7/project/TWpBeU5DMHdNaTB4TVZReU1qb3dORG95TlFsa1lXMXBjaTFyWVd4cGJtbHVOdz09/price_log.csv"}}}'
[2024-02-11 22:05:31,925] {logging_mixin.py:115} INFO - Report_id=TWpBeU5DMHdNaTB4TVZReU1qb3dORG95TlFsa1lXMXBjaTFyWVd4cGJtbHVOdz09
[2024-02-11 22:05:31,925] {python.py:173} INFO - Done. Returned value was: None
[2024-02-11 22:05:31,933] {taskinstance.py:1395} INFO - Marking task as SUCCESS. dag_id=sales_mart, task_id=get_report, execution_date=20240205T220239, start_date=20240211T220426, end_date=20240211T220531
[2024-02-11 22:05:31,944] {local_task_job.py:156} INFO - Task exited with return code 0
[2024-02-11 22:05:31,969] {local_task_job.py:273} INFO - 1 downstream tasks scheduled from follow-on schedule check
