[2024-02-11 22:22:50,524] {taskinstance.py:1159} INFO - Dependencies all met for <TaskInstance: sales_mart.truncate_customer_research scheduled__2024-02-07T22:18:04.422328+00:00 [queued]>
[2024-02-11 22:22:50,530] {taskinstance.py:1159} INFO - Dependencies all met for <TaskInstance: sales_mart.truncate_customer_research scheduled__2024-02-07T22:18:04.422328+00:00 [queued]>
[2024-02-11 22:22:50,530] {taskinstance.py:1356} INFO - 
--------------------------------------------------------------------------------
[2024-02-11 22:22:50,530] {taskinstance.py:1357} INFO - Starting attempt 1 of 1
[2024-02-11 22:22:50,530] {taskinstance.py:1358} INFO - 
--------------------------------------------------------------------------------
[2024-02-11 22:22:50,536] {taskinstance.py:1377} INFO - Executing <Task(PostgresOperator): truncate_customer_research> on 2024-02-07 22:18:04.422328+00:00
[2024-02-11 22:22:50,539] {standard_task_runner.py:52} INFO - Started process 40428 to run task
[2024-02-11 22:22:50,541] {standard_task_runner.py:79} INFO - Running: ['airflow', 'tasks', 'run', 'sales_mart', 'truncate_customer_research', 'scheduled__2024-02-07T22:18:04.422328+00:00', '--job-id', '972', '--raw', '--subdir', 'DAGS_FOLDER/sprint3 copy.py', '--cfg-path', '/tmp/tmp0ltf5h78', '--error-file', '/tmp/tmp_xb3dl60']
[2024-02-11 22:22:50,541] {standard_task_runner.py:80} INFO - Job 972: Subtask truncate_customer_research
[2024-02-11 22:22:50,578] {task_command.py:369} INFO - Running <TaskInstance: sales_mart.truncate_customer_research scheduled__2024-02-07T22:18:04.422328+00:00 [running]> on host 2a8d1eb5116f
[2024-02-11 22:22:50,615] {taskinstance.py:1569} INFO - Exporting the following env vars:
AIRFLOW_CTX_DAG_EMAIL=student@example.com
AIRFLOW_CTX_DAG_OWNER=student
AIRFLOW_CTX_DAG_ID=sales_mart
AIRFLOW_CTX_TASK_ID=truncate_customer_research
AIRFLOW_CTX_EXECUTION_DATE=2024-02-07T22:18:04.422328+00:00
AIRFLOW_CTX_TRY_NUMBER=1
AIRFLOW_CTX_DAG_RUN_ID=scheduled__2024-02-07T22:18:04.422328+00:00
[2024-02-11 22:22:50,621] {base.py:68} INFO - Using connection ID 'postgresql_de' for task execution.
[2024-02-11 22:22:50,626] {sql.py:315} INFO - Running statement: truncate staging.customer_research;, parameters: None
[2024-02-11 22:22:50,635] {taskinstance.py:1395} INFO - Marking task as SUCCESS. dag_id=sales_mart, task_id=truncate_customer_research, execution_date=20240207T221804, start_date=20240211T222250, end_date=20240211T222250
[2024-02-11 22:22:50,672] {local_task_job.py:156} INFO - Task exited with return code 0
[2024-02-11 22:22:50,696] {local_task_job.py:273} INFO - 0 downstream tasks scheduled from follow-on schedule check
