[2024-02-11 22:59:39,064] {taskinstance.py:1159} INFO - Dependencies all met for <TaskInstance: sales_mart.update_d_city scheduled__2024-02-05T22:56:10.247391+00:00 [queued]>
[2024-02-11 22:59:39,069] {taskinstance.py:1159} INFO - Dependencies all met for <TaskInstance: sales_mart.update_d_city scheduled__2024-02-05T22:56:10.247391+00:00 [queued]>
[2024-02-11 22:59:39,070] {taskinstance.py:1356} INFO - 
--------------------------------------------------------------------------------
[2024-02-11 22:59:39,070] {taskinstance.py:1357} INFO - Starting attempt 1 of 1
[2024-02-11 22:59:39,070] {taskinstance.py:1358} INFO - 
--------------------------------------------------------------------------------
[2024-02-11 22:59:39,075] {taskinstance.py:1377} INFO - Executing <Task(PostgresOperator): update_d_city> on 2024-02-05 22:56:10.247391+00:00
[2024-02-11 22:59:39,078] {standard_task_runner.py:52} INFO - Started process 48214 to run task
[2024-02-11 22:59:39,079] {standard_task_runner.py:79} INFO - Running: ['airflow', 'tasks', 'run', 'sales_mart', 'update_d_city', 'scheduled__2024-02-05T22:56:10.247391+00:00', '--job-id', '1178', '--raw', '--subdir', 'DAGS_FOLDER/sprint3 copy.py', '--cfg-path', '/tmp/tmpuhm3vfzu', '--error-file', '/tmp/tmp6ml1f7ei']
[2024-02-11 22:59:39,080] {standard_task_runner.py:80} INFO - Job 1178: Subtask update_d_city
[2024-02-11 22:59:39,113] {task_command.py:369} INFO - Running <TaskInstance: sales_mart.update_d_city scheduled__2024-02-05T22:56:10.247391+00:00 [running]> on host 2a8d1eb5116f
[2024-02-11 22:59:39,150] {taskinstance.py:1569} INFO - Exporting the following env vars:
AIRFLOW_CTX_DAG_EMAIL=student@example.com
AIRFLOW_CTX_DAG_OWNER=student
AIRFLOW_CTX_DAG_ID=sales_mart
AIRFLOW_CTX_TASK_ID=update_d_city
AIRFLOW_CTX_EXECUTION_DATE=2024-02-05T22:56:10.247391+00:00
AIRFLOW_CTX_TRY_NUMBER=1
AIRFLOW_CTX_DAG_RUN_ID=scheduled__2024-02-05T22:56:10.247391+00:00
[2024-02-11 22:59:39,156] {base.py:68} INFO - Using connection ID 'postgresql_de' for task execution.
[2024-02-11 22:59:39,160] {sql.py:315} INFO - Running statement: insert into mart.d_city (city_id, city_name)
select city_id, city_name from staging.user_order_log
where city_id not in (select city_id from mart.d_city)
group by city_id, city_name;, parameters: None
[2024-02-11 22:59:39,161] {sql.py:324} INFO - Rows affected: 0
[2024-02-11 22:59:39,170] {taskinstance.py:1395} INFO - Marking task as SUCCESS. dag_id=sales_mart, task_id=update_d_city, execution_date=20240205T225610, start_date=20240211T225939, end_date=20240211T225939
[2024-02-11 22:59:39,211] {local_task_job.py:156} INFO - Task exited with return code 0
[2024-02-11 22:59:39,234] {local_task_job.py:273} INFO - 0 downstream tasks scheduled from follow-on schedule check
