[2024-02-11 18:45:14,340] {taskinstance.py:1159} INFO - Dependencies all met for <TaskInstance: sales_mart.truncate_user_activity_log scheduled__2024-02-10T18:42:14.555547+00:00 [queued]>
[2024-02-11 18:45:14,345] {taskinstance.py:1159} INFO - Dependencies all met for <TaskInstance: sales_mart.truncate_user_activity_log scheduled__2024-02-10T18:42:14.555547+00:00 [queued]>
[2024-02-11 18:45:14,345] {taskinstance.py:1356} INFO - 
--------------------------------------------------------------------------------
[2024-02-11 18:45:14,345] {taskinstance.py:1357} INFO - Starting attempt 1 of 1
[2024-02-11 18:45:14,345] {taskinstance.py:1358} INFO - 
--------------------------------------------------------------------------------
[2024-02-11 18:45:14,352] {taskinstance.py:1377} INFO - Executing <Task(PostgresOperator): truncate_user_activity_log> on 2024-02-10 18:42:14.555547+00:00
[2024-02-11 18:45:14,355] {standard_task_runner.py:52} INFO - Started process 11349 to run task
[2024-02-11 18:45:14,356] {standard_task_runner.py:79} INFO - Running: ['airflow', 'tasks', 'run', 'sales_mart', 'truncate_user_activity_log', 'scheduled__2024-02-10T18:42:14.555547+00:00', '--job-id', '239', '--raw', '--subdir', 'DAGS_FOLDER/sprint3.py', '--cfg-path', '/tmp/tmpxim5dm93', '--error-file', '/tmp/tmpk4yf1s20']
[2024-02-11 18:45:14,357] {standard_task_runner.py:80} INFO - Job 239: Subtask truncate_user_activity_log
[2024-02-11 18:45:14,393] {task_command.py:369} INFO - Running <TaskInstance: sales_mart.truncate_user_activity_log scheduled__2024-02-10T18:42:14.555547+00:00 [running]> on host 2a8d1eb5116f
[2024-02-11 18:45:14,431] {taskinstance.py:1569} INFO - Exporting the following env vars:
AIRFLOW_CTX_DAG_EMAIL=student@example.com
AIRFLOW_CTX_DAG_OWNER=student
AIRFLOW_CTX_DAG_ID=sales_mart
AIRFLOW_CTX_TASK_ID=truncate_user_activity_log
AIRFLOW_CTX_EXECUTION_DATE=2024-02-10T18:42:14.555547+00:00
AIRFLOW_CTX_TRY_NUMBER=1
AIRFLOW_CTX_DAG_RUN_ID=scheduled__2024-02-10T18:42:14.555547+00:00
[2024-02-11 18:45:14,438] {base.py:68} INFO - Using connection ID 'postgresql_de' for task execution.
[2024-02-11 18:45:14,441] {sql.py:315} INFO - Running statement: truncate staging.user_activity_log;, parameters: None
[2024-02-11 18:45:14,451] {taskinstance.py:1395} INFO - Marking task as SUCCESS. dag_id=sales_mart, task_id=truncate_user_activity_log, execution_date=20240210T184214, start_date=20240211T184514, end_date=20240211T184514
[2024-02-11 18:45:14,488] {local_task_job.py:156} INFO - Task exited with return code 0
[2024-02-11 18:45:14,511] {local_task_job.py:273} INFO - 0 downstream tasks scheduled from follow-on schedule check
