[2024-02-11 16:31:00,570] {taskinstance.py:1159} INFO - Dependencies all met for <TaskInstance: sales_mart.get_increment scheduled__2024-02-09T16:25:44.328903+00:00 [queued]>
[2024-02-11 16:31:00,573] {taskinstance.py:1159} INFO - Dependencies all met for <TaskInstance: sales_mart.get_increment scheduled__2024-02-09T16:25:44.328903+00:00 [queued]>
[2024-02-11 16:31:00,573] {taskinstance.py:1356} INFO - 
--------------------------------------------------------------------------------
[2024-02-11 16:31:00,573] {taskinstance.py:1357} INFO - Starting attempt 1 of 1
[2024-02-11 16:31:00,574] {taskinstance.py:1358} INFO - 
--------------------------------------------------------------------------------
[2024-02-11 16:31:00,579] {taskinstance.py:1377} INFO - Executing <Task(PythonOperator): get_increment> on 2024-02-09 16:25:44.328903+00:00
[2024-02-11 16:31:00,582] {standard_task_runner.py:52} INFO - Started process 2343 to run task
[2024-02-11 16:31:00,583] {standard_task_runner.py:79} INFO - Running: ['airflow', 'tasks', 'run', 'sales_mart', 'get_increment', 'scheduled__2024-02-09T16:25:44.328903+00:00', '--job-id', '26', '--raw', '--subdir', 'DAGS_FOLDER/sprint3.py', '--cfg-path', '/tmp/tmpb37bdd7h', '--error-file', '/tmp/tmpzt5v68n8']
[2024-02-11 16:31:00,584] {standard_task_runner.py:80} INFO - Job 26: Subtask get_increment
[2024-02-11 16:31:00,614] {task_command.py:369} INFO - Running <TaskInstance: sales_mart.get_increment scheduled__2024-02-09T16:25:44.328903+00:00 [running]> on host 2a8d1eb5116f
[2024-02-11 16:31:00,650] {taskinstance.py:1569} INFO - Exporting the following env vars:
AIRFLOW_CTX_DAG_EMAIL=student@example.com
AIRFLOW_CTX_DAG_OWNER=student
AIRFLOW_CTX_DAG_ID=sales_mart
AIRFLOW_CTX_TASK_ID=get_increment
AIRFLOW_CTX_EXECUTION_DATE=2024-02-09T16:25:44.328903+00:00
AIRFLOW_CTX_TRY_NUMBER=1
AIRFLOW_CTX_DAG_RUN_ID=scheduled__2024-02-09T16:25:44.328903+00:00
[2024-02-11 16:31:00,651] {logging_mixin.py:115} INFO - Making request get_increment
[2024-02-11 16:31:03,215] {logging_mixin.py:115} INFO - Response is b'{"report_id":"TWpBeU5DMHdNaTB4TVZReE5qb3lPVG8wTkFsa1lXMXBjaTFyWVd4cGJtbHVOdz09","date":"2024-02-09 00:00:00","status":"SUCCESS","data":{"increment_id":"MjAyNC0wMi0wOVQwMDowMDowMAlUV3BCZVU1RE1IZE5hVEI0VFZaUmVFNXFiM2xQVkc4d1RrRnNhMWxYTVhCamFURnlXVmQ0Y0dKdGJIVk9kejA5","s3_path":{"customer_research_inc":"https://storage.yandexcloud.net/s3-sprint3/cohort_22/damir-kalinin7/project/MjAyNC0wMi0wOVQwMDowMDowMAlUV3BCZVU1RE1IZE5hVEI0VFZaUmVFNXFiM2xQVkc4d1RrRnNhMWxYTVhCamFURnlXVmQ0Y0dKdGJIVk9kejA5/customer_research_inc.csv","user_order_log_inc":"https://storage.yandexcloud.net/s3-sprint3/cohort_22/damir-kalinin7/project/MjAyNC0wMi0wOVQwMDowMDowMAlUV3BCZVU1RE1IZE5hVEI0VFZaUmVFNXFiM2xQVkc4d1RrRnNhMWxYTVhCamFURnlXVmQ0Y0dKdGJIVk9kejA5/user_order_log_inc.csv","user_activity_log_inc":"https://storage.yandexcloud.net/s3-sprint3/cohort_22/damir-kalinin7/project/MjAyNC0wMi0wOVQwMDowMDowMAlUV3BCZVU1RE1IZE5hVEI0VFZaUmVFNXFiM2xQVkc4d1RrRnNhMWxYTVhCamFURnlXVmQ0Y0dKdGJIVk9kejA5/user_activity_log_inc.csv","price_log_inc":"https://storage.yandexcloud.net/s3-sprint3/cohort_22/damir-kalinin7/project/TWpBeU5DMHdNaTB4TVZReE5qb3lPVG8wTkFsa1lXMXBjaTFyWVd4cGJtbHVOdz09/price_log_inc.csv"}}}'
[2024-02-11 16:31:03,226] {logging_mixin.py:115} INFO - increment_id=MjAyNC0wMi0wOVQwMDowMDowMAlUV3BCZVU1RE1IZE5hVEI0VFZaUmVFNXFiM2xQVkc4d1RrRnNhMWxYTVhCamFURnlXVmQ0Y0dKdGJIVk9kejA5
[2024-02-11 16:31:03,226] {python.py:173} INFO - Done. Returned value was: None
[2024-02-11 16:31:03,232] {taskinstance.py:1395} INFO - Marking task as SUCCESS. dag_id=sales_mart, task_id=get_increment, execution_date=20240209T162544, start_date=20240211T163100, end_date=20240211T163103
[2024-02-11 16:31:03,249] {local_task_job.py:156} INFO - Task exited with return code 0
[2024-02-11 16:31:03,265] {local_task_job.py:273} INFO - 0 downstream tasks scheduled from follow-on schedule check
