[2024-02-11 22:25:52,121] {taskinstance.py:1159} INFO - Dependencies all met for <TaskInstance: sales_mart.truncate_price_log scheduled__2024-02-09T22:18:04.422328+00:00 [queued]>
[2024-02-11 22:25:52,127] {taskinstance.py:1159} INFO - Dependencies all met for <TaskInstance: sales_mart.truncate_price_log scheduled__2024-02-09T22:18:04.422328+00:00 [queued]>
[2024-02-11 22:25:52,127] {taskinstance.py:1356} INFO - 
--------------------------------------------------------------------------------
[2024-02-11 22:25:52,127] {taskinstance.py:1357} INFO - Starting attempt 1 of 1
[2024-02-11 22:25:52,127] {taskinstance.py:1358} INFO - 
--------------------------------------------------------------------------------
[2024-02-11 22:25:52,133] {taskinstance.py:1377} INFO - Executing <Task(PostgresOperator): truncate_price_log> on 2024-02-09 22:18:04.422328+00:00
[2024-02-11 22:25:52,135] {standard_task_runner.py:52} INFO - Started process 41547 to run task
[2024-02-11 22:25:52,137] {standard_task_runner.py:79} INFO - Running: ['airflow', 'tasks', 'run', 'sales_mart', 'truncate_price_log', 'scheduled__2024-02-09T22:18:04.422328+00:00', '--job-id', '1003', '--raw', '--subdir', 'DAGS_FOLDER/sprint3 copy.py', '--cfg-path', '/tmp/tmp8pqcjq88', '--error-file', '/tmp/tmpcu1avh8_']
[2024-02-11 22:25:52,137] {standard_task_runner.py:80} INFO - Job 1003: Subtask truncate_price_log
[2024-02-11 22:25:52,174] {task_command.py:369} INFO - Running <TaskInstance: sales_mart.truncate_price_log scheduled__2024-02-09T22:18:04.422328+00:00 [running]> on host 2a8d1eb5116f
[2024-02-11 22:25:52,215] {taskinstance.py:1569} INFO - Exporting the following env vars:
AIRFLOW_CTX_DAG_EMAIL=student@example.com
AIRFLOW_CTX_DAG_OWNER=student
AIRFLOW_CTX_DAG_ID=sales_mart
AIRFLOW_CTX_TASK_ID=truncate_price_log
AIRFLOW_CTX_EXECUTION_DATE=2024-02-09T22:18:04.422328+00:00
AIRFLOW_CTX_TRY_NUMBER=1
AIRFLOW_CTX_DAG_RUN_ID=scheduled__2024-02-09T22:18:04.422328+00:00
[2024-02-11 22:25:52,222] {base.py:68} INFO - Using connection ID 'postgresql_de' for task execution.
[2024-02-11 22:25:52,226] {sql.py:315} INFO - Running statement: truncate staging.price_log;, parameters: None
[2024-02-11 22:25:52,236] {taskinstance.py:1395} INFO - Marking task as SUCCESS. dag_id=sales_mart, task_id=truncate_price_log, execution_date=20240209T221804, start_date=20240211T222552, end_date=20240211T222552
[2024-02-11 22:25:52,269] {local_task_job.py:156} INFO - Task exited with return code 0
[2024-02-11 22:25:52,294] {local_task_job.py:273} INFO - 0 downstream tasks scheduled from follow-on schedule check
