[2024-02-12 07:04:18,957] {taskinstance.py:1159} INFO - Dependencies all met for <TaskInstance: sales_mart_inc.truncate_price_log scheduled__2024-02-06T07:02:28.947473+00:00 [queued]>
[2024-02-12 07:04:18,965] {taskinstance.py:1159} INFO - Dependencies all met for <TaskInstance: sales_mart_inc.truncate_price_log scheduled__2024-02-06T07:02:28.947473+00:00 [queued]>
[2024-02-12 07:04:18,965] {taskinstance.py:1356} INFO - 
--------------------------------------------------------------------------------
[2024-02-12 07:04:18,965] {taskinstance.py:1357} INFO - Starting attempt 1 of 1
[2024-02-12 07:04:18,965] {taskinstance.py:1358} INFO - 
--------------------------------------------------------------------------------
[2024-02-12 07:04:18,973] {taskinstance.py:1377} INFO - Executing <Task(PostgresOperator): truncate_price_log> on 2024-02-06 07:02:28.947473+00:00
[2024-02-12 07:04:18,976] {standard_task_runner.py:52} INFO - Started process 2897 to run task
[2024-02-12 07:04:18,977] {standard_task_runner.py:79} INFO - Running: ['airflow', 'tasks', 'run', 'sales_mart_inc', 'truncate_price_log', 'scheduled__2024-02-06T07:02:28.947473+00:00', '--job-id', '44', '--raw', '--subdir', 'DAGS_FOLDER/sprint3 copy 2.py', '--cfg-path', '/tmp/tmpoli57blw', '--error-file', '/tmp/tmpdya2q3l2']
[2024-02-12 07:04:18,978] {standard_task_runner.py:80} INFO - Job 44: Subtask truncate_price_log
[2024-02-12 07:04:19,009] {task_command.py:369} INFO - Running <TaskInstance: sales_mart_inc.truncate_price_log scheduled__2024-02-06T07:02:28.947473+00:00 [running]> on host 91766ce79ef0
[2024-02-12 07:04:19,043] {taskinstance.py:1569} INFO - Exporting the following env vars:
AIRFLOW_CTX_DAG_EMAIL=student@example.com
AIRFLOW_CTX_DAG_OWNER=student
AIRFLOW_CTX_DAG_ID=sales_mart_inc
AIRFLOW_CTX_TASK_ID=truncate_price_log
AIRFLOW_CTX_EXECUTION_DATE=2024-02-06T07:02:28.947473+00:00
AIRFLOW_CTX_TRY_NUMBER=1
AIRFLOW_CTX_DAG_RUN_ID=scheduled__2024-02-06T07:02:28.947473+00:00
[2024-02-12 07:04:19,049] {base.py:68} INFO - Using connection ID 'postgresql_de' for task execution.
[2024-02-12 07:04:19,052] {sql.py:315} INFO - Running statement: truncate staging.price_log;, parameters: None
[2024-02-12 07:04:19,062] {taskinstance.py:1395} INFO - Marking task as SUCCESS. dag_id=sales_mart_inc, task_id=truncate_price_log, execution_date=20240206T070228, start_date=20240212T070418, end_date=20240212T070419
[2024-02-12 07:04:19,070] {local_task_job.py:156} INFO - Task exited with return code 0
[2024-02-12 07:04:19,095] {local_task_job.py:273} INFO - 1 downstream tasks scheduled from follow-on schedule check
