[2024-02-11 18:43:53,213] {taskinstance.py:1159} INFO - Dependencies all met for <TaskInstance: sales_mart.generate_report scheduled__2024-02-07T18:42:14.555547+00:00 [queued]>
[2024-02-11 18:43:53,218] {taskinstance.py:1159} INFO - Dependencies all met for <TaskInstance: sales_mart.generate_report scheduled__2024-02-07T18:42:14.555547+00:00 [queued]>
[2024-02-11 18:43:53,218] {taskinstance.py:1356} INFO - 
--------------------------------------------------------------------------------
[2024-02-11 18:43:53,218] {taskinstance.py:1357} INFO - Starting attempt 1 of 1
[2024-02-11 18:43:53,218] {taskinstance.py:1358} INFO - 
--------------------------------------------------------------------------------
[2024-02-11 18:43:53,224] {taskinstance.py:1377} INFO - Executing <Task(PythonOperator): generate_report> on 2024-02-07 18:42:14.555547+00:00
[2024-02-11 18:43:53,226] {standard_task_runner.py:52} INFO - Started process 10861 to run task
[2024-02-11 18:43:53,228] {standard_task_runner.py:79} INFO - Running: ['airflow', 'tasks', 'run', 'sales_mart', 'generate_report', 'scheduled__2024-02-07T18:42:14.555547+00:00', '--job-id', '225', '--raw', '--subdir', 'DAGS_FOLDER/sprint3.py', '--cfg-path', '/tmp/tmpvyjyn9nh', '--error-file', '/tmp/tmpblq5qxho']
[2024-02-11 18:43:53,228] {standard_task_runner.py:80} INFO - Job 225: Subtask generate_report
[2024-02-11 18:43:53,258] {task_command.py:369} INFO - Running <TaskInstance: sales_mart.generate_report scheduled__2024-02-07T18:42:14.555547+00:00 [running]> on host 2a8d1eb5116f
[2024-02-11 18:43:53,291] {taskinstance.py:1569} INFO - Exporting the following env vars:
AIRFLOW_CTX_DAG_EMAIL=student@example.com
AIRFLOW_CTX_DAG_OWNER=student
AIRFLOW_CTX_DAG_ID=sales_mart
AIRFLOW_CTX_TASK_ID=generate_report
AIRFLOW_CTX_EXECUTION_DATE=2024-02-07T18:42:14.555547+00:00
AIRFLOW_CTX_TRY_NUMBER=1
AIRFLOW_CTX_DAG_RUN_ID=scheduled__2024-02-07T18:42:14.555547+00:00
[2024-02-11 18:43:53,292] {logging_mixin.py:115} INFO - Making request generate_report
[2024-02-11 18:43:54,076] {logging_mixin.py:115} INFO - Response is b'{"task_id":"MjAyNC0wMi0xMVQxODo0Mzo1MwlkYW1pci1rYWxpbmluNw=="}'
[2024-02-11 18:43:54,076] {python.py:173} INFO - Done. Returned value was: None
[2024-02-11 18:43:54,086] {taskinstance.py:1395} INFO - Marking task as SUCCESS. dag_id=sales_mart, task_id=generate_report, execution_date=20240207T184214, start_date=20240211T184353, end_date=20240211T184354
[2024-02-11 18:43:54,124] {local_task_job.py:156} INFO - Task exited with return code 0
[2024-02-11 18:43:54,148] {local_task_job.py:273} INFO - 1 downstream tasks scheduled from follow-on schedule check
