[2024-02-11 18:38:33,620] {taskinstance.py:1159} INFO - Dependencies all met for <TaskInstance: sales_mart.get_increment scheduled__2024-02-04T18:36:55.121353+00:00 [queued]>
[2024-02-11 18:38:33,624] {taskinstance.py:1159} INFO - Dependencies all met for <TaskInstance: sales_mart.get_increment scheduled__2024-02-04T18:36:55.121353+00:00 [queued]>
[2024-02-11 18:38:33,624] {taskinstance.py:1356} INFO - 
--------------------------------------------------------------------------------
[2024-02-11 18:38:33,624] {taskinstance.py:1357} INFO - Starting attempt 1 of 1
[2024-02-11 18:38:33,624] {taskinstance.py:1358} INFO - 
--------------------------------------------------------------------------------
[2024-02-11 18:38:33,630] {taskinstance.py:1377} INFO - Executing <Task(PythonOperator): get_increment> on 2024-02-04 18:36:55.121353+00:00
[2024-02-11 18:38:33,633] {standard_task_runner.py:52} INFO - Started process 8667 to run task
[2024-02-11 18:38:33,634] {standard_task_runner.py:79} INFO - Running: ['airflow', 'tasks', 'run', 'sales_mart', 'get_increment', 'scheduled__2024-02-04T18:36:55.121353+00:00', '--job-id', '162', '--raw', '--subdir', 'DAGS_FOLDER/sprint3.py', '--cfg-path', '/tmp/tmptmauedot', '--error-file', '/tmp/tmpj1letqds']
[2024-02-11 18:38:33,635] {standard_task_runner.py:80} INFO - Job 162: Subtask get_increment
[2024-02-11 18:38:33,665] {task_command.py:369} INFO - Running <TaskInstance: sales_mart.get_increment scheduled__2024-02-04T18:36:55.121353+00:00 [running]> on host 2a8d1eb5116f
[2024-02-11 18:38:33,702] {taskinstance.py:1569} INFO - Exporting the following env vars:
AIRFLOW_CTX_DAG_EMAIL=student@example.com
AIRFLOW_CTX_DAG_OWNER=student
AIRFLOW_CTX_DAG_ID=sales_mart
AIRFLOW_CTX_TASK_ID=get_increment
AIRFLOW_CTX_EXECUTION_DATE=2024-02-04T18:36:55.121353+00:00
AIRFLOW_CTX_TRY_NUMBER=1
AIRFLOW_CTX_DAG_RUN_ID=scheduled__2024-02-04T18:36:55.121353+00:00
[2024-02-11 18:38:33,702] {logging_mixin.py:115} INFO - Making request get_increment
[2024-02-11 18:38:35,743] {logging_mixin.py:115} INFO - Response is b'{"report_id":"TWpBeU5DMHdNaTB4TVZReE9Eb3pOem93T1Fsa1lXMXBjaTFyWVd4cGJtbHVOdz09","date":"2024-02-04 00:00:00","status":"SUCCESS","data":{"increment_id":"MjAyNC0wMi0wNFQwMDowMDowMAlUV3BCZVU1RE1IZE5hVEI0VFZaUmVFOUViM3BPZW05M1QxRnNhMWxYTVhCamFURnlXVmQ0Y0dKdGJIVk9kejA5","s3_path":{"customer_research_inc":"https://storage.yandexcloud.net/s3-sprint3/cohort_22/damir-kalinin7/project/MjAyNC0wMi0wNFQwMDowMDowMAlUV3BCZVU1RE1IZE5hVEI0VFZaUmVFOUViM3BPZW05M1QxRnNhMWxYTVhCamFURnlXVmQ0Y0dKdGJIVk9kejA5/customer_research_inc.csv","user_order_log_inc":"https://storage.yandexcloud.net/s3-sprint3/cohort_22/damir-kalinin7/project/MjAyNC0wMi0wNFQwMDowMDowMAlUV3BCZVU1RE1IZE5hVEI0VFZaUmVFOUViM3BPZW05M1QxRnNhMWxYTVhCamFURnlXVmQ0Y0dKdGJIVk9kejA5/user_order_log_inc.csv","user_activity_log_inc":"https://storage.yandexcloud.net/s3-sprint3/cohort_22/damir-kalinin7/project/MjAyNC0wMi0wNFQwMDowMDowMAlUV3BCZVU1RE1IZE5hVEI0VFZaUmVFOUViM3BPZW05M1QxRnNhMWxYTVhCamFURnlXVmQ0Y0dKdGJIVk9kejA5/user_activity_log_inc.csv","price_log_inc":"https://storage.yandexcloud.net/s3-sprint3/cohort_22/damir-kalinin7/project/TWpBeU5DMHdNaTB4TVZReE9Eb3pOem93T1Fsa1lXMXBjaTFyWVd4cGJtbHVOdz09/price_log_inc.csv"}}}'
[2024-02-11 18:38:35,755] {logging_mixin.py:115} INFO - increment_id=MjAyNC0wMi0wNFQwMDowMDowMAlUV3BCZVU1RE1IZE5hVEI0VFZaUmVFOUViM3BPZW05M1QxRnNhMWxYTVhCamFURnlXVmQ0Y0dKdGJIVk9kejA5
[2024-02-11 18:38:35,755] {python.py:173} INFO - Done. Returned value was: None
[2024-02-11 18:38:35,763] {taskinstance.py:1395} INFO - Marking task as SUCCESS. dag_id=sales_mart, task_id=get_increment, execution_date=20240204T183655, start_date=20240211T183833, end_date=20240211T183835
[2024-02-11 18:38:35,777] {local_task_job.py:156} INFO - Task exited with return code 0
[2024-02-11 18:38:35,797] {local_task_job.py:273} INFO - 2 downstream tasks scheduled from follow-on schedule check
