[2024-02-12 08:08:11,602] {taskinstance.py:1159} INFO - Dependencies all met for <TaskInstance: sales_mart.update_d_city manual__2024-02-12T08:06:42.256346+00:00 [queued]>
[2024-02-12 08:08:11,607] {taskinstance.py:1159} INFO - Dependencies all met for <TaskInstance: sales_mart.update_d_city manual__2024-02-12T08:06:42.256346+00:00 [queued]>
[2024-02-12 08:08:11,607] {taskinstance.py:1356} INFO - 
--------------------------------------------------------------------------------
[2024-02-12 08:08:11,607] {taskinstance.py:1357} INFO - Starting attempt 1 of 1
[2024-02-12 08:08:11,607] {taskinstance.py:1358} INFO - 
--------------------------------------------------------------------------------
[2024-02-12 08:08:11,613] {taskinstance.py:1377} INFO - Executing <Task(PostgresOperator): update_d_city> on 2024-02-12 08:06:42.256346+00:00
[2024-02-12 08:08:11,616] {standard_task_runner.py:52} INFO - Started process 11537 to run task
[2024-02-12 08:08:11,617] {standard_task_runner.py:79} INFO - Running: ['airflow', 'tasks', 'run', 'sales_mart', 'update_d_city', 'manual__2024-02-12T08:06:42.256346+00:00', '--job-id', '255', '--raw', '--subdir', 'DAGS_FOLDER/sales_mart.py', '--cfg-path', '/tmp/tmpzl2i6f06', '--error-file', '/tmp/tmpohbl08wq']
[2024-02-12 08:08:11,618] {standard_task_runner.py:80} INFO - Job 255: Subtask update_d_city
[2024-02-12 08:08:11,647] {task_command.py:369} INFO - Running <TaskInstance: sales_mart.update_d_city manual__2024-02-12T08:06:42.256346+00:00 [running]> on host 91766ce79ef0
[2024-02-12 08:08:11,680] {taskinstance.py:1569} INFO - Exporting the following env vars:
AIRFLOW_CTX_DAG_EMAIL=student@example.com
AIRFLOW_CTX_DAG_OWNER=student
AIRFLOW_CTX_DAG_ID=sales_mart
AIRFLOW_CTX_TASK_ID=update_d_city
AIRFLOW_CTX_EXECUTION_DATE=2024-02-12T08:06:42.256346+00:00
AIRFLOW_CTX_TRY_NUMBER=1
AIRFLOW_CTX_DAG_RUN_ID=manual__2024-02-12T08:06:42.256346+00:00
[2024-02-12 08:08:11,686] {base.py:68} INFO - Using connection ID 'postgresql_de' for task execution.
[2024-02-12 08:08:11,690] {sql.py:315} INFO - Running statement: insert into mart.d_city (city_id, city_name)
select city_id, city_name from staging.user_order_log
where city_id not in (select city_id from mart.d_city)
group by city_id, city_name;, parameters: None
[2024-02-12 08:08:11,691] {sql.py:324} INFO - Rows affected: 0
[2024-02-12 08:08:11,700] {taskinstance.py:1395} INFO - Marking task as SUCCESS. dag_id=sales_mart, task_id=update_d_city, execution_date=20240212T080642, start_date=20240212T080811, end_date=20240212T080811
[2024-02-12 08:08:11,709] {local_task_job.py:156} INFO - Task exited with return code 0
[2024-02-12 08:08:11,731] {local_task_job.py:273} INFO - 1 downstream tasks scheduled from follow-on schedule check
