[2024-02-11 20:20:03,572] {taskinstance.py:1159} INFO - Dependencies all met for <TaskInstance: sales_mart.truncate_customer_research scheduled__2024-02-05T20:19:43.258150+00:00 [queued]>
[2024-02-11 20:20:03,577] {taskinstance.py:1159} INFO - Dependencies all met for <TaskInstance: sales_mart.truncate_customer_research scheduled__2024-02-05T20:19:43.258150+00:00 [queued]>
[2024-02-11 20:20:03,577] {taskinstance.py:1356} INFO - 
--------------------------------------------------------------------------------
[2024-02-11 20:20:03,577] {taskinstance.py:1357} INFO - Starting attempt 1 of 1
[2024-02-11 20:20:03,577] {taskinstance.py:1358} INFO - 
--------------------------------------------------------------------------------
[2024-02-11 20:20:03,582] {taskinstance.py:1377} INFO - Executing <Task(PostgresOperator): truncate_customer_research> on 2024-02-05 20:19:43.258150+00:00
[2024-02-11 20:20:03,585] {standard_task_runner.py:52} INFO - Started process 20150 to run task
[2024-02-11 20:20:03,587] {standard_task_runner.py:79} INFO - Running: ['airflow', 'tasks', 'run', 'sales_mart', 'truncate_customer_research', 'scheduled__2024-02-05T20:19:43.258150+00:00', '--job-id', '460', '--raw', '--subdir', 'DAGS_FOLDER/sprint3 copy.py', '--cfg-path', '/tmp/tmpiygbr2bh', '--error-file', '/tmp/tmpi9v__7ki']
[2024-02-11 20:20:03,587] {standard_task_runner.py:80} INFO - Job 460: Subtask truncate_customer_research
[2024-02-11 20:20:03,619] {task_command.py:369} INFO - Running <TaskInstance: sales_mart.truncate_customer_research scheduled__2024-02-05T20:19:43.258150+00:00 [running]> on host 2a8d1eb5116f
[2024-02-11 20:20:03,653] {taskinstance.py:1569} INFO - Exporting the following env vars:
AIRFLOW_CTX_DAG_EMAIL=student@example.com
AIRFLOW_CTX_DAG_OWNER=student
AIRFLOW_CTX_DAG_ID=sales_mart
AIRFLOW_CTX_TASK_ID=truncate_customer_research
AIRFLOW_CTX_EXECUTION_DATE=2024-02-05T20:19:43.258150+00:00
AIRFLOW_CTX_TRY_NUMBER=1
AIRFLOW_CTX_DAG_RUN_ID=scheduled__2024-02-05T20:19:43.258150+00:00
[2024-02-11 20:20:03,659] {base.py:68} INFO - Using connection ID 'postgresql_de' for task execution.
[2024-02-11 20:20:03,663] {sql.py:315} INFO - Running statement: truncate staging.customer_research;, parameters: None
[2024-02-11 20:20:03,671] {taskinstance.py:1395} INFO - Marking task as SUCCESS. dag_id=sales_mart, task_id=truncate_customer_research, execution_date=20240205T201943, start_date=20240211T202003, end_date=20240211T202003
[2024-02-11 20:20:03,679] {local_task_job.py:156} INFO - Task exited with return code 0
[2024-02-11 20:20:03,700] {local_task_job.py:273} INFO - 0 downstream tasks scheduled from follow-on schedule check
