[2024-02-12 09:59:51,883] {taskinstance.py:1159} INFO - Dependencies all met for <TaskInstance: sales_mart.truncate_customer_research manual__2024-02-12T09:59:49.063603+00:00 [queued]>
[2024-02-12 09:59:51,888] {taskinstance.py:1159} INFO - Dependencies all met for <TaskInstance: sales_mart.truncate_customer_research manual__2024-02-12T09:59:49.063603+00:00 [queued]>
[2024-02-12 09:59:51,888] {taskinstance.py:1356} INFO - 
--------------------------------------------------------------------------------
[2024-02-12 09:59:51,888] {taskinstance.py:1357} INFO - Starting attempt 1 of 1
[2024-02-12 09:59:51,888] {taskinstance.py:1358} INFO - 
--------------------------------------------------------------------------------
[2024-02-12 09:59:51,894] {taskinstance.py:1377} INFO - Executing <Task(PostgresOperator): truncate_customer_research> on 2024-02-12 09:59:49.063603+00:00
[2024-02-12 09:59:51,897] {standard_task_runner.py:52} INFO - Started process 17935 to run task
[2024-02-12 09:59:51,898] {standard_task_runner.py:79} INFO - Running: ['airflow', 'tasks', 'run', 'sales_mart', 'truncate_customer_research', 'manual__2024-02-12T09:59:49.063603+00:00', '--job-id', '380', '--raw', '--subdir', 'DAGS_FOLDER/sales_mart.py', '--cfg-path', '/tmp/tmpwooat2fq', '--error-file', '/tmp/tmp0hszeen_']
[2024-02-12 09:59:51,899] {standard_task_runner.py:80} INFO - Job 380: Subtask truncate_customer_research
[2024-02-12 09:59:51,933] {task_command.py:369} INFO - Running <TaskInstance: sales_mart.truncate_customer_research manual__2024-02-12T09:59:49.063603+00:00 [running]> on host 91766ce79ef0
[2024-02-12 09:59:51,970] {taskinstance.py:1569} INFO - Exporting the following env vars:
AIRFLOW_CTX_DAG_EMAIL=student@example.com
AIRFLOW_CTX_DAG_OWNER=student
AIRFLOW_CTX_DAG_ID=sales_mart
AIRFLOW_CTX_TASK_ID=truncate_customer_research
AIRFLOW_CTX_EXECUTION_DATE=2024-02-12T09:59:49.063603+00:00
AIRFLOW_CTX_TRY_NUMBER=1
AIRFLOW_CTX_DAG_RUN_ID=manual__2024-02-12T09:59:49.063603+00:00
[2024-02-12 09:59:51,976] {base.py:68} INFO - Using connection ID 'postgresql_de' for task execution.
[2024-02-12 09:59:51,980] {sql.py:315} INFO - Running statement: truncate staging.customer_research;, parameters: None
[2024-02-12 09:59:51,990] {taskinstance.py:1395} INFO - Marking task as SUCCESS. dag_id=sales_mart, task_id=truncate_customer_research, execution_date=20240212T095949, start_date=20240212T095951, end_date=20240212T095951
[2024-02-12 09:59:52,030] {local_task_job.py:156} INFO - Task exited with return code 0
[2024-02-12 09:59:52,058] {local_task_job.py:273} INFO - 0 downstream tasks scheduled from follow-on schedule check
