[2024-02-12 07:51:13,486] {taskinstance.py:1159} INFO - Dependencies all met for <TaskInstance: sales_mart_inc.get_report scheduled__2024-02-09T07:44:56.593240+00:00 [queued]>
[2024-02-12 07:51:13,491] {taskinstance.py:1159} INFO - Dependencies all met for <TaskInstance: sales_mart_inc.get_report scheduled__2024-02-09T07:44:56.593240+00:00 [queued]>
[2024-02-12 07:51:13,491] {taskinstance.py:1356} INFO - 
--------------------------------------------------------------------------------
[2024-02-12 07:51:13,492] {taskinstance.py:1357} INFO - Starting attempt 1 of 1
[2024-02-12 07:51:13,492] {taskinstance.py:1358} INFO - 
--------------------------------------------------------------------------------
[2024-02-12 07:51:13,497] {taskinstance.py:1377} INFO - Executing <Task(PythonOperator): get_report> on 2024-02-09 07:44:56.593240+00:00
[2024-02-12 07:51:13,502] {standard_task_runner.py:52} INFO - Started process 9360 to run task
[2024-02-12 07:51:13,504] {standard_task_runner.py:79} INFO - Running: ['airflow', 'tasks', 'run', 'sales_mart_inc', 'get_report', 'scheduled__2024-02-09T07:44:56.593240+00:00', '--job-id', '205', '--raw', '--subdir', 'DAGS_FOLDER/sales_mart_inc.py', '--cfg-path', '/tmp/tmp39quk4mi', '--error-file', '/tmp/tmpfxybn5k5']
[2024-02-12 07:51:13,504] {standard_task_runner.py:80} INFO - Job 205: Subtask get_report
[2024-02-12 07:51:13,539] {task_command.py:369} INFO - Running <TaskInstance: sales_mart_inc.get_report scheduled__2024-02-09T07:44:56.593240+00:00 [running]> on host 91766ce79ef0
[2024-02-12 07:51:13,582] {taskinstance.py:1569} INFO - Exporting the following env vars:
AIRFLOW_CTX_DAG_EMAIL=student@example.com
AIRFLOW_CTX_DAG_OWNER=student
AIRFLOW_CTX_DAG_ID=sales_mart_inc
AIRFLOW_CTX_TASK_ID=get_report
AIRFLOW_CTX_EXECUTION_DATE=2024-02-09T07:44:56.593240+00:00
AIRFLOW_CTX_TRY_NUMBER=1
AIRFLOW_CTX_DAG_RUN_ID=scheduled__2024-02-09T07:44:56.593240+00:00
[2024-02-12 07:51:13,583] {logging_mixin.py:115} INFO - Making request get_report
[2024-02-12 07:51:13,902] {logging_mixin.py:115} INFO - Response is b'{"task_id":"MjAyNC0wMi0xMlQwNzo1MToxMglkYW1pci1rYWxpbmluNw==","status":"RUNNING","data":{"report_id":null,"start_day":null,"end_date":null,"s3_path":{}}}'
[2024-02-12 07:51:24,411] {logging_mixin.py:115} INFO - Response is b'{"task_id":"MjAyNC0wMi0xMlQwNzo1MToxMglkYW1pci1rYWxpbmluNw==","status":"RUNNING","data":{"report_id":null,"start_day":null,"end_date":null,"s3_path":{}}}'
[2024-02-12 07:51:34,756] {logging_mixin.py:115} INFO - Response is b'{"task_id":"MjAyNC0wMi0xMlQwNzo1MToxMglkYW1pci1rYWxpbmluNw==","status":"RUNNING","data":{"report_id":null,"start_day":null,"end_date":null,"s3_path":{}}}'
[2024-02-12 07:51:45,300] {logging_mixin.py:115} INFO - Response is b'{"task_id":"MjAyNC0wMi0xMlQwNzo1MToxMglkYW1pci1rYWxpbmluNw==","status":"RUNNING","data":{"report_id":null,"start_day":null,"end_date":null,"s3_path":{}}}'
[2024-02-12 07:51:55,666] {logging_mixin.py:115} INFO - Response is b'{"task_id":"MjAyNC0wMi0xMlQwNzo1MToxMglkYW1pci1rYWxpbmluNw==","status":"RUNNING","data":{"report_id":null,"start_day":null,"end_date":null,"s3_path":{}}}'
[2024-02-12 07:52:06,042] {logging_mixin.py:115} INFO - Response is b'{"task_id":"MjAyNC0wMi0xMlQwNzo1MToxMglkYW1pci1rYWxpbmluNw==","status":"RUNNING","data":{"report_id":null,"start_day":null,"end_date":null,"s3_path":{}}}'
[2024-02-12 07:52:20,117] {logging_mixin.py:115} INFO - Response is b'{"task_id":"MjAyNC0wMi0xMlQwNzo1MToxMglkYW1pci1rYWxpbmluNw==","status":"SUCCESS","data":{"report_id":"TWpBeU5DMHdNaTB4TWxRd056bzFNVG94TWdsa1lXMXBjaTFyWVd4cGJtbHVOdz09","start_day":"2024-01-13 00:00:00","end_date":"2024-02-04 00:00:00","s3_path":{"customer_research":"https://storage.yandexcloud.net/s3-sprint3/cohort_22/damir-kalinin7/project/TWpBeU5DMHdNaTB4TWxRd056bzFNVG94TWdsa1lXMXBjaTFyWVd4cGJtbHVOdz09/customer_research.csv","user_order_log":"https://storage.yandexcloud.net/s3-sprint3/cohort_22/damir-kalinin7/project/TWpBeU5DMHdNaTB4TWxRd056bzFNVG94TWdsa1lXMXBjaTFyWVd4cGJtbHVOdz09/user_order_log.csv","user_activity_log":"https://storage.yandexcloud.net/s3-sprint3/cohort_22/damir-kalinin7/project/TWpBeU5DMHdNaTB4TWxRd056bzFNVG94TWdsa1lXMXBjaTFyWVd4cGJtbHVOdz09/user_activity_log.csv","price_log":"https://storage.yandexcloud.net/s3-sprint3/cohort_22/damir-kalinin7/project/TWpBeU5DMHdNaTB4TWxRd056bzFNVG94TWdsa1lXMXBjaTFyWVd4cGJtbHVOdz09/price_log.csv"}}}'
[2024-02-12 07:52:20,133] {logging_mixin.py:115} INFO - Report_id=TWpBeU5DMHdNaTB4TWxRd056bzFNVG94TWdsa1lXMXBjaTFyWVd4cGJtbHVOdz09
[2024-02-12 07:52:20,133] {python.py:173} INFO - Done. Returned value was: None
[2024-02-12 07:52:20,141] {taskinstance.py:1395} INFO - Marking task as SUCCESS. dag_id=sales_mart_inc, task_id=get_report, execution_date=20240209T074456, start_date=20240212T075113, end_date=20240212T075220
[2024-02-12 07:52:20,179] {local_task_job.py:156} INFO - Task exited with return code 0
[2024-02-12 07:52:20,202] {local_task_job.py:273} INFO - 1 downstream tasks scheduled from follow-on schedule check
