[2024-02-12 08:11:27,758] {taskinstance.py:1159} INFO - Dependencies all met for <TaskInstance: sales_mart_inc.truncate_customer_research scheduled__2024-02-06T08:09:37.968777+00:00 [queued]>
[2024-02-12 08:11:27,763] {taskinstance.py:1159} INFO - Dependencies all met for <TaskInstance: sales_mart_inc.truncate_customer_research scheduled__2024-02-06T08:09:37.968777+00:00 [queued]>
[2024-02-12 08:11:27,763] {taskinstance.py:1356} INFO - 
--------------------------------------------------------------------------------
[2024-02-12 08:11:27,763] {taskinstance.py:1357} INFO - Starting attempt 1 of 1
[2024-02-12 08:11:27,763] {taskinstance.py:1358} INFO - 
--------------------------------------------------------------------------------
[2024-02-12 08:11:27,768] {taskinstance.py:1377} INFO - Executing <Task(PostgresOperator): truncate_customer_research> on 2024-02-06 08:09:37.968777+00:00
[2024-02-12 08:11:27,771] {standard_task_runner.py:52} INFO - Started process 12279 to run task
[2024-02-12 08:11:27,773] {standard_task_runner.py:79} INFO - Running: ['airflow', 'tasks', 'run', 'sales_mart_inc', 'truncate_customer_research', 'scheduled__2024-02-06T08:09:37.968777+00:00', '--job-id', '275', '--raw', '--subdir', 'DAGS_FOLDER/sales_mart_inc.py', '--cfg-path', '/tmp/tmpu3n95ae1', '--error-file', '/tmp/tmpegasn3j9']
[2024-02-12 08:11:27,773] {standard_task_runner.py:80} INFO - Job 275: Subtask truncate_customer_research
[2024-02-12 08:11:27,805] {task_command.py:369} INFO - Running <TaskInstance: sales_mart_inc.truncate_customer_research scheduled__2024-02-06T08:09:37.968777+00:00 [running]> on host 91766ce79ef0
[2024-02-12 08:11:27,843] {taskinstance.py:1569} INFO - Exporting the following env vars:
AIRFLOW_CTX_DAG_EMAIL=student@example.com
AIRFLOW_CTX_DAG_OWNER=student
AIRFLOW_CTX_DAG_ID=sales_mart_inc
AIRFLOW_CTX_TASK_ID=truncate_customer_research
AIRFLOW_CTX_EXECUTION_DATE=2024-02-06T08:09:37.968777+00:00
AIRFLOW_CTX_TRY_NUMBER=1
AIRFLOW_CTX_DAG_RUN_ID=scheduled__2024-02-06T08:09:37.968777+00:00
[2024-02-12 08:11:27,849] {base.py:68} INFO - Using connection ID 'postgresql_de' for task execution.
[2024-02-12 08:11:27,853] {sql.py:315} INFO - Running statement: truncate staging.customer_research;, parameters: None
[2024-02-12 08:11:27,863] {taskinstance.py:1395} INFO - Marking task as SUCCESS. dag_id=sales_mart_inc, task_id=truncate_customer_research, execution_date=20240206T080937, start_date=20240212T081127, end_date=20240212T081127
[2024-02-12 08:11:27,905] {local_task_job.py:156} INFO - Task exited with return code 0
[2024-02-12 08:11:27,930] {local_task_job.py:273} INFO - 0 downstream tasks scheduled from follow-on schedule check
