[2024-02-12 07:46:32,403] {taskinstance.py:1159} INFO - Dependencies all met for <TaskInstance: sales_mart_inc.upload_user_activity_log_inc scheduled__2024-02-05T07:44:56.593240+00:00 [queued]>
[2024-02-12 07:46:32,408] {taskinstance.py:1159} INFO - Dependencies all met for <TaskInstance: sales_mart_inc.upload_user_activity_log_inc scheduled__2024-02-05T07:44:56.593240+00:00 [queued]>
[2024-02-12 07:46:32,408] {taskinstance.py:1356} INFO - 
--------------------------------------------------------------------------------
[2024-02-12 07:46:32,408] {taskinstance.py:1357} INFO - Starting attempt 1 of 1
[2024-02-12 07:46:32,408] {taskinstance.py:1358} INFO - 
--------------------------------------------------------------------------------
[2024-02-12 07:46:32,413] {taskinstance.py:1377} INFO - Executing <Task(PythonOperator): upload_user_activity_log_inc> on 2024-02-05 07:44:56.593240+00:00
[2024-02-12 07:46:32,418] {standard_task_runner.py:52} INFO - Started process 7358 to run task
[2024-02-12 07:46:32,419] {standard_task_runner.py:79} INFO - Running: ['airflow', 'tasks', 'run', 'sales_mart_inc', 'upload_user_activity_log_inc', 'scheduled__2024-02-05T07:44:56.593240+00:00', '--job-id', '149', '--raw', '--subdir', 'DAGS_FOLDER/sales_mart_inc.py', '--cfg-path', '/tmp/tmpfuol91v6', '--error-file', '/tmp/tmp56xcd10j']
[2024-02-12 07:46:32,419] {standard_task_runner.py:80} INFO - Job 149: Subtask upload_user_activity_log_inc
[2024-02-12 07:46:32,452] {task_command.py:369} INFO - Running <TaskInstance: sales_mart_inc.upload_user_activity_log_inc scheduled__2024-02-05T07:44:56.593240+00:00 [running]> on host 91766ce79ef0
[2024-02-12 07:46:32,488] {taskinstance.py:1569} INFO - Exporting the following env vars:
AIRFLOW_CTX_DAG_EMAIL=student@example.com
AIRFLOW_CTX_DAG_OWNER=student
AIRFLOW_CTX_DAG_ID=sales_mart_inc
AIRFLOW_CTX_TASK_ID=upload_user_activity_log_inc
AIRFLOW_CTX_EXECUTION_DATE=2024-02-05T07:44:56.593240+00:00
AIRFLOW_CTX_TRY_NUMBER=1
AIRFLOW_CTX_DAG_RUN_ID=scheduled__2024-02-05T07:44:56.593240+00:00
[2024-02-12 07:46:32,495] {logging_mixin.py:115} INFO - https://storage.yandexcloud.net/s3-sprint3/cohort_22/damir-kalinin7/project/MjAyNC0wMi0wNVQwMDowMDowMAlUV3BCZVU1RE1IZE5hVEI0VFd4UmQwNTZiekJPVkc5NFRtZHNhMWxYTVhCamFURnlXVmQ0Y0dKdGJIVk9kejA5/user_activity_log_inc.csv
[2024-02-12 07:46:32,495] {logging_mixin.py:115} INFO - 20240205_user_activity_log_inc.csv
[2024-02-12 07:46:32,782] {logging_mixin.py:115} INFO - b'id,uniq_id,date_time,action_id,customer_id,quantity\r\n1,4e293fde62a7e5d4035c206c5d9df6a5,2024-02-05T00:00:00,2,910,17\r\n2,f4452f16387feddc534f5a3faeaf979b,2024-02-05T00:00:00,3,280,17\r\n3,803eac2da55030b4b0ec7ebe2d43064a,2024-02-05T00:00:00,1,510,24\r\n4,cf75002c2df0d47a01517403740fc9ab,2024-02-05T00:00:00,3,381,8\r\n5,83b0456912e56993daa5c1014bcf55ae,2024-02-05T00:00:00,0,361,15\r\n6,263115be3a8b7d402b9a7c6d8cef7aa3,2024-02-05T00:00:00,2,731,1\r\n7,c037edaf69264633fa5dad4d9b12a3af,2024-02-05T00:00:00,2,840,9\r\n8,93efabacf11ef239916447e2b0a7fc4d,2024-02-05T00:00:00,0,551,7\r\n9,4e2239bba479f8eaeaa49ab9334a7fd8,2024-02-05T00:00:00,3,50,5\r\n10,50bd038baa396e54d0aaa332edea3988,2024-02-05T00:00:00,1,560,10\r\n11,ab7ea7e4099c8480cf6a6c2b82c8775f,2024-02-05T00:00:00,3,471,13\r\n12,ad326638539b235de10f8aa62af90384,2024-02-05T00:00:00,1,750,5\r\n13,7eaf041989a02c86d1a6d3f9c047a6cb,2024-02-05T00:00:00,3,280,16\r\n'
[2024-02-12 07:46:32,788] {logging_mixin.py:115} INFO - Index(['uniq_id', 'date_time', 'action_id', 'customer_id', 'quantity'], dtype='object')
[2024-02-12 07:46:32,794] {base.py:68} INFO - Using connection ID 'postgresql_de' for task execution.
[2024-02-12 07:46:32,808] {logging_mixin.py:115} INFO - 13 rows was inserted
[2024-02-12 07:46:32,808] {python.py:173} INFO - Done. Returned value was: None
[2024-02-12 07:46:32,818] {taskinstance.py:1395} INFO - Marking task as SUCCESS. dag_id=sales_mart_inc, task_id=upload_user_activity_log_inc, execution_date=20240205T074456, start_date=20240212T074632, end_date=20240212T074632
[2024-02-12 07:46:32,833] {local_task_job.py:156} INFO - Task exited with return code 0
[2024-02-12 07:46:32,859] {local_task_job.py:273} INFO - 1 downstream tasks scheduled from follow-on schedule check
