[2024-02-12 10:01:18,029] {taskinstance.py:1159} INFO - Dependencies all met for <TaskInstance: sales_mart.update_d_item manual__2024-02-12T09:59:49.063603+00:00 [queued]>
[2024-02-12 10:01:18,035] {taskinstance.py:1159} INFO - Dependencies all met for <TaskInstance: sales_mart.update_d_item manual__2024-02-12T09:59:49.063603+00:00 [queued]>
[2024-02-12 10:01:18,035] {taskinstance.py:1356} INFO - 
--------------------------------------------------------------------------------
[2024-02-12 10:01:18,035] {taskinstance.py:1357} INFO - Starting attempt 1 of 1
[2024-02-12 10:01:18,035] {taskinstance.py:1358} INFO - 
--------------------------------------------------------------------------------
[2024-02-12 10:01:18,040] {taskinstance.py:1377} INFO - Executing <Task(PostgresOperator): update_d_item> on 2024-02-12 09:59:49.063603+00:00
[2024-02-12 10:01:18,045] {standard_task_runner.py:52} INFO - Started process 18357 to run task
[2024-02-12 10:01:18,046] {standard_task_runner.py:79} INFO - Running: ['airflow', 'tasks', 'run', 'sales_mart', 'update_d_item', 'manual__2024-02-12T09:59:49.063603+00:00', '--job-id', '391', '--raw', '--subdir', 'DAGS_FOLDER/sales_mart.py', '--cfg-path', '/tmp/tmp9ytxetrx', '--error-file', '/tmp/tmprvyra7th']
[2024-02-12 10:01:18,047] {standard_task_runner.py:80} INFO - Job 391: Subtask update_d_item
[2024-02-12 10:01:18,082] {task_command.py:369} INFO - Running <TaskInstance: sales_mart.update_d_item manual__2024-02-12T09:59:49.063603+00:00 [running]> on host 91766ce79ef0
[2024-02-12 10:01:18,118] {taskinstance.py:1569} INFO - Exporting the following env vars:
AIRFLOW_CTX_DAG_EMAIL=student@example.com
AIRFLOW_CTX_DAG_OWNER=student
AIRFLOW_CTX_DAG_ID=sales_mart
AIRFLOW_CTX_TASK_ID=update_d_item
AIRFLOW_CTX_EXECUTION_DATE=2024-02-12T09:59:49.063603+00:00
AIRFLOW_CTX_TRY_NUMBER=1
AIRFLOW_CTX_DAG_RUN_ID=manual__2024-02-12T09:59:49.063603+00:00
[2024-02-12 10:01:18,124] {base.py:68} INFO - Using connection ID 'postgresql_de' for task execution.
[2024-02-12 10:01:18,129] {sql.py:315} INFO - Running statement: insert into 
    mart.d_item (item_id, 
        item_name)
select 
    item_id, 
    item_name 
from staging.user_order_log
where item_id not in (select item_id from mart.d_item)
group by item_id, item_name, parameters: None
[2024-02-12 10:01:18,131] {sql.py:324} INFO - Rows affected: 0
[2024-02-12 10:01:18,141] {taskinstance.py:1395} INFO - Marking task as SUCCESS. dag_id=sales_mart, task_id=update_d_item, execution_date=20240212T095949, start_date=20240212T100118, end_date=20240212T100118
[2024-02-12 10:01:18,179] {local_task_job.py:156} INFO - Task exited with return code 0
[2024-02-12 10:01:18,203] {local_task_job.py:273} INFO - 0 downstream tasks scheduled from follow-on schedule check
