[2024-02-12 07:38:28,383] {taskinstance.py:1159} INFO - Dependencies all met for <TaskInstance: sales_mart_inc.truncate_price_log scheduled__2024-02-11T07:30:05.907678+00:00 [queued]>
[2024-02-12 07:38:28,388] {taskinstance.py:1159} INFO - Dependencies all met for <TaskInstance: sales_mart_inc.truncate_price_log scheduled__2024-02-11T07:30:05.907678+00:00 [queued]>
[2024-02-12 07:38:28,388] {taskinstance.py:1356} INFO - 
--------------------------------------------------------------------------------
[2024-02-12 07:38:28,388] {taskinstance.py:1357} INFO - Starting attempt 1 of 1
[2024-02-12 07:38:28,388] {taskinstance.py:1358} INFO - 
--------------------------------------------------------------------------------
[2024-02-12 07:38:28,393] {taskinstance.py:1377} INFO - Executing <Task(PostgresOperator): truncate_price_log> on 2024-02-11 07:30:05.907678+00:00
[2024-02-12 07:38:28,396] {standard_task_runner.py:52} INFO - Started process 6053 to run task
[2024-02-12 07:38:28,397] {standard_task_runner.py:79} INFO - Running: ['airflow', 'tasks', 'run', 'sales_mart_inc', 'truncate_price_log', 'scheduled__2024-02-11T07:30:05.907678+00:00', '--job-id', '117', '--raw', '--subdir', 'DAGS_FOLDER/sprint3 copy 2.py', '--cfg-path', '/tmp/tmpbtvux_am', '--error-file', '/tmp/tmpwr5zpktp']
[2024-02-12 07:38:28,398] {standard_task_runner.py:80} INFO - Job 117: Subtask truncate_price_log
[2024-02-12 07:38:28,427] {task_command.py:369} INFO - Running <TaskInstance: sales_mart_inc.truncate_price_log scheduled__2024-02-11T07:30:05.907678+00:00 [running]> on host 91766ce79ef0
[2024-02-12 07:38:28,460] {taskinstance.py:1569} INFO - Exporting the following env vars:
AIRFLOW_CTX_DAG_EMAIL=student@example.com
AIRFLOW_CTX_DAG_OWNER=student
AIRFLOW_CTX_DAG_ID=sales_mart_inc
AIRFLOW_CTX_TASK_ID=truncate_price_log
AIRFLOW_CTX_EXECUTION_DATE=2024-02-11T07:30:05.907678+00:00
AIRFLOW_CTX_TRY_NUMBER=1
AIRFLOW_CTX_DAG_RUN_ID=scheduled__2024-02-11T07:30:05.907678+00:00
[2024-02-12 07:38:28,466] {base.py:68} INFO - Using connection ID 'postgresql_de' for task execution.
[2024-02-12 07:38:28,469] {sql.py:315} INFO - Running statement: truncate staging.price_log;, parameters: None
[2024-02-12 07:38:28,478] {taskinstance.py:1395} INFO - Marking task as SUCCESS. dag_id=sales_mart_inc, task_id=truncate_price_log, execution_date=20240211T073005, start_date=20240212T073828, end_date=20240212T073828
[2024-02-12 07:38:28,529] {local_task_job.py:156} INFO - Task exited with return code 0
[2024-02-12 07:38:28,558] {local_task_job.py:273} INFO - 1 downstream tasks scheduled from follow-on schedule check
