[2024-02-12 10:13:47,244] {taskinstance.py:1159} INFO - Dependencies all met for <TaskInstance: sales_mart_inc.update_d_city scheduled__2024-02-09T10:05:47.421232+00:00 [queued]>
[2024-02-12 10:13:47,249] {taskinstance.py:1159} INFO - Dependencies all met for <TaskInstance: sales_mart_inc.update_d_city scheduled__2024-02-09T10:05:47.421232+00:00 [queued]>
[2024-02-12 10:13:47,249] {taskinstance.py:1356} INFO - 
--------------------------------------------------------------------------------
[2024-02-12 10:13:47,249] {taskinstance.py:1357} INFO - Starting attempt 1 of 1
[2024-02-12 10:13:47,249] {taskinstance.py:1358} INFO - 
--------------------------------------------------------------------------------
[2024-02-12 10:13:47,255] {taskinstance.py:1377} INFO - Executing <Task(PostgresOperator): update_d_city> on 2024-02-09 10:05:47.421232+00:00
[2024-02-12 10:13:47,258] {standard_task_runner.py:52} INFO - Started process 21406 to run task
[2024-02-12 10:13:47,259] {standard_task_runner.py:79} INFO - Running: ['airflow', 'tasks', 'run', 'sales_mart_inc', 'update_d_city', 'scheduled__2024-02-09T10:05:47.421232+00:00', '--job-id', '472', '--raw', '--subdir', 'DAGS_FOLDER/sales_mart_inc.py', '--cfg-path', '/tmp/tmptsei7i34', '--error-file', '/tmp/tmpnii5j803']
[2024-02-12 10:13:47,259] {standard_task_runner.py:80} INFO - Job 472: Subtask update_d_city
[2024-02-12 10:13:47,294] {task_command.py:369} INFO - Running <TaskInstance: sales_mart_inc.update_d_city scheduled__2024-02-09T10:05:47.421232+00:00 [running]> on host 91766ce79ef0
[2024-02-12 10:13:47,338] {taskinstance.py:1569} INFO - Exporting the following env vars:
AIRFLOW_CTX_DAG_EMAIL=student@example.com
AIRFLOW_CTX_DAG_OWNER=student
AIRFLOW_CTX_DAG_ID=sales_mart_inc
AIRFLOW_CTX_TASK_ID=update_d_city
AIRFLOW_CTX_EXECUTION_DATE=2024-02-09T10:05:47.421232+00:00
AIRFLOW_CTX_TRY_NUMBER=1
AIRFLOW_CTX_DAG_RUN_ID=scheduled__2024-02-09T10:05:47.421232+00:00
[2024-02-12 10:13:47,345] {base.py:68} INFO - Using connection ID 'postgresql_de' for task execution.
[2024-02-12 10:13:47,349] {sql.py:315} INFO - Running statement: insert into mart.d_city (city_id, city_name)
select city_id, city_name from staging.user_order_log
where city_id not in (select city_id from mart.d_city)
group by city_id, city_name;, parameters: None
[2024-02-12 10:13:47,350] {sql.py:324} INFO - Rows affected: 0
[2024-02-12 10:13:47,360] {taskinstance.py:1395} INFO - Marking task as SUCCESS. dag_id=sales_mart_inc, task_id=update_d_city, execution_date=20240209T100547, start_date=20240212T101347, end_date=20240212T101347
[2024-02-12 10:13:47,391] {local_task_job.py:156} INFO - Task exited with return code 0
[2024-02-12 10:13:47,413] {local_task_job.py:273} INFO - 1 downstream tasks scheduled from follow-on schedule check
