[2024-02-11 19:07:16,789] {taskinstance.py:1159} INFO - Dependencies all met for <TaskInstance: sales_mart.truncate_user_activity_log scheduled__2024-02-07T19:05:42.790265+00:00 [queued]>
[2024-02-11 19:07:16,794] {taskinstance.py:1159} INFO - Dependencies all met for <TaskInstance: sales_mart.truncate_user_activity_log scheduled__2024-02-07T19:05:42.790265+00:00 [queued]>
[2024-02-11 19:07:16,795] {taskinstance.py:1356} INFO - 
--------------------------------------------------------------------------------
[2024-02-11 19:07:16,795] {taskinstance.py:1357} INFO - Starting attempt 1 of 1
[2024-02-11 19:07:16,795] {taskinstance.py:1358} INFO - 
--------------------------------------------------------------------------------
[2024-02-11 19:07:16,800] {taskinstance.py:1377} INFO - Executing <Task(PostgresOperator): truncate_user_activity_log> on 2024-02-07 19:05:42.790265+00:00
[2024-02-11 19:07:16,802] {standard_task_runner.py:52} INFO - Started process 14778 to run task
[2024-02-11 19:07:16,804] {standard_task_runner.py:79} INFO - Running: ['airflow', 'tasks', 'run', 'sales_mart', 'truncate_user_activity_log', 'scheduled__2024-02-07T19:05:42.790265+00:00', '--job-id', '332', '--raw', '--subdir', 'DAGS_FOLDER/sprint3.py', '--cfg-path', '/tmp/tmp6z9_q0tc', '--error-file', '/tmp/tmpfymdtpa8']
[2024-02-11 19:07:16,804] {standard_task_runner.py:80} INFO - Job 332: Subtask truncate_user_activity_log
[2024-02-11 19:07:16,838] {task_command.py:369} INFO - Running <TaskInstance: sales_mart.truncate_user_activity_log scheduled__2024-02-07T19:05:42.790265+00:00 [running]> on host 2a8d1eb5116f
[2024-02-11 19:07:16,882] {taskinstance.py:1569} INFO - Exporting the following env vars:
AIRFLOW_CTX_DAG_EMAIL=student@example.com
AIRFLOW_CTX_DAG_OWNER=student
AIRFLOW_CTX_DAG_ID=sales_mart
AIRFLOW_CTX_TASK_ID=truncate_user_activity_log
AIRFLOW_CTX_EXECUTION_DATE=2024-02-07T19:05:42.790265+00:00
AIRFLOW_CTX_TRY_NUMBER=1
AIRFLOW_CTX_DAG_RUN_ID=scheduled__2024-02-07T19:05:42.790265+00:00
[2024-02-11 19:07:16,889] {base.py:68} INFO - Using connection ID 'postgresql_de' for task execution.
[2024-02-11 19:07:16,893] {sql.py:315} INFO - Running statement: truncate staging.user_activity_log;, parameters: None
[2024-02-11 19:07:16,905] {taskinstance.py:1395} INFO - Marking task as SUCCESS. dag_id=sales_mart, task_id=truncate_user_activity_log, execution_date=20240207T190542, start_date=20240211T190716, end_date=20240211T190716
[2024-02-11 19:07:16,936] {local_task_job.py:156} INFO - Task exited with return code 0
[2024-02-11 19:07:16,963] {local_task_job.py:273} INFO - 0 downstream tasks scheduled from follow-on schedule check
