[2024-02-12 07:54:06,497] {taskinstance.py:1159} INFO - Dependencies all met for <TaskInstance: sales_mart_inc.generate_report scheduled__2024-02-11T07:44:56.593240+00:00 [queued]>
[2024-02-12 07:54:06,501] {taskinstance.py:1159} INFO - Dependencies all met for <TaskInstance: sales_mart_inc.generate_report scheduled__2024-02-11T07:44:56.593240+00:00 [queued]>
[2024-02-12 07:54:06,501] {taskinstance.py:1356} INFO - 
--------------------------------------------------------------------------------
[2024-02-12 07:54:06,501] {taskinstance.py:1357} INFO - Starting attempt 1 of 1
[2024-02-12 07:54:06,501] {taskinstance.py:1358} INFO - 
--------------------------------------------------------------------------------
[2024-02-12 07:54:06,507] {taskinstance.py:1377} INFO - Executing <Task(PythonOperator): generate_report> on 2024-02-11 07:44:56.593240+00:00
[2024-02-12 07:54:06,510] {standard_task_runner.py:52} INFO - Started process 10423 to run task
[2024-02-12 07:54:06,511] {standard_task_runner.py:79} INFO - Running: ['airflow', 'tasks', 'run', 'sales_mart_inc', 'generate_report', 'scheduled__2024-02-11T07:44:56.593240+00:00', '--job-id', '234', '--raw', '--subdir', 'DAGS_FOLDER/sales_mart_inc.py', '--cfg-path', '/tmp/tmpu8wrcm1x', '--error-file', '/tmp/tmphvcm0yqb']
[2024-02-12 07:54:06,512] {standard_task_runner.py:80} INFO - Job 234: Subtask generate_report
[2024-02-12 07:54:06,544] {task_command.py:369} INFO - Running <TaskInstance: sales_mart_inc.generate_report scheduled__2024-02-11T07:44:56.593240+00:00 [running]> on host 91766ce79ef0
[2024-02-12 07:54:06,579] {taskinstance.py:1569} INFO - Exporting the following env vars:
AIRFLOW_CTX_DAG_EMAIL=student@example.com
AIRFLOW_CTX_DAG_OWNER=student
AIRFLOW_CTX_DAG_ID=sales_mart_inc
AIRFLOW_CTX_TASK_ID=generate_report
AIRFLOW_CTX_EXECUTION_DATE=2024-02-11T07:44:56.593240+00:00
AIRFLOW_CTX_TRY_NUMBER=1
AIRFLOW_CTX_DAG_RUN_ID=scheduled__2024-02-11T07:44:56.593240+00:00
[2024-02-12 07:54:06,580] {logging_mixin.py:115} INFO - Making request generate_report
[2024-02-12 07:54:07,158] {logging_mixin.py:115} INFO - Response is b'{"task_id":"MjAyNC0wMi0xMlQwNzo1NDowNwlkYW1pci1rYWxpbmluNw=="}'
[2024-02-12 07:54:07,159] {python.py:173} INFO - Done. Returned value was: None
[2024-02-12 07:54:07,169] {taskinstance.py:1395} INFO - Marking task as SUCCESS. dag_id=sales_mart_inc, task_id=generate_report, execution_date=20240211T074456, start_date=20240212T075406, end_date=20240212T075407
[2024-02-12 07:54:07,206] {local_task_job.py:156} INFO - Task exited with return code 0
[2024-02-12 07:54:07,235] {local_task_job.py:273} INFO - 1 downstream tasks scheduled from follow-on schedule check
