[2024-02-11 18:25:27,795] {taskinstance.py:1159} INFO - Dependencies all met for <TaskInstance: sales_mart.truncate_user_activity_log scheduled__2024-02-05T18:25:16.753786+00:00 [queued]>
[2024-02-11 18:25:27,801] {taskinstance.py:1159} INFO - Dependencies all met for <TaskInstance: sales_mart.truncate_user_activity_log scheduled__2024-02-05T18:25:16.753786+00:00 [queued]>
[2024-02-11 18:25:27,801] {taskinstance.py:1356} INFO - 
--------------------------------------------------------------------------------
[2024-02-11 18:25:27,801] {taskinstance.py:1357} INFO - Starting attempt 1 of 1
[2024-02-11 18:25:27,801] {taskinstance.py:1358} INFO - 
--------------------------------------------------------------------------------
[2024-02-11 18:25:27,807] {taskinstance.py:1377} INFO - Executing <Task(PostgresOperator): truncate_user_activity_log> on 2024-02-05 18:25:16.753786+00:00
[2024-02-11 18:25:27,809] {standard_task_runner.py:52} INFO - Started process 7065 to run task
[2024-02-11 18:25:27,811] {standard_task_runner.py:79} INFO - Running: ['airflow', 'tasks', 'run', 'sales_mart', 'truncate_user_activity_log', 'scheduled__2024-02-05T18:25:16.753786+00:00', '--job-id', '119', '--raw', '--subdir', 'DAGS_FOLDER/sprint3.py', '--cfg-path', '/tmp/tmpeep8a445', '--error-file', '/tmp/tmp4so6vgbt']
[2024-02-11 18:25:27,811] {standard_task_runner.py:80} INFO - Job 119: Subtask truncate_user_activity_log
[2024-02-11 18:25:27,844] {task_command.py:369} INFO - Running <TaskInstance: sales_mart.truncate_user_activity_log scheduled__2024-02-05T18:25:16.753786+00:00 [running]> on host 2a8d1eb5116f
[2024-02-11 18:25:27,886] {taskinstance.py:1569} INFO - Exporting the following env vars:
AIRFLOW_CTX_DAG_EMAIL=student@example.com
AIRFLOW_CTX_DAG_OWNER=student
AIRFLOW_CTX_DAG_ID=sales_mart
AIRFLOW_CTX_TASK_ID=truncate_user_activity_log
AIRFLOW_CTX_EXECUTION_DATE=2024-02-05T18:25:16.753786+00:00
AIRFLOW_CTX_TRY_NUMBER=1
AIRFLOW_CTX_DAG_RUN_ID=scheduled__2024-02-05T18:25:16.753786+00:00
[2024-02-11 18:25:27,892] {base.py:68} INFO - Using connection ID 'postgresql_de' for task execution.
[2024-02-11 18:25:27,895] {sql.py:315} INFO - Running statement: truncate staging.user_activity_log;, parameters: None
[2024-02-11 18:25:27,906] {taskinstance.py:1395} INFO - Marking task as SUCCESS. dag_id=sales_mart, task_id=truncate_user_activity_log, execution_date=20240205T182516, start_date=20240211T182527, end_date=20240211T182527
[2024-02-11 18:25:27,942] {local_task_job.py:156} INFO - Task exited with return code 0
[2024-02-11 18:25:27,962] {local_task_job.py:273} INFO - 0 downstream tasks scheduled from follow-on schedule check
