[2024-02-12 09:59:55,308] {taskinstance.py:1159} INFO - Dependencies all met for <TaskInstance: sales_mart.truncate_price_log manual__2024-02-12T09:59:49.063603+00:00 [queued]>
[2024-02-12 09:59:55,313] {taskinstance.py:1159} INFO - Dependencies all met for <TaskInstance: sales_mart.truncate_price_log manual__2024-02-12T09:59:49.063603+00:00 [queued]>
[2024-02-12 09:59:55,313] {taskinstance.py:1356} INFO - 
--------------------------------------------------------------------------------
[2024-02-12 09:59:55,313] {taskinstance.py:1357} INFO - Starting attempt 1 of 1
[2024-02-12 09:59:55,314] {taskinstance.py:1358} INFO - 
--------------------------------------------------------------------------------
[2024-02-12 09:59:55,319] {taskinstance.py:1377} INFO - Executing <Task(PostgresOperator): truncate_price_log> on 2024-02-12 09:59:49.063603+00:00
[2024-02-12 09:59:55,321] {standard_task_runner.py:52} INFO - Started process 18031 to run task
[2024-02-12 09:59:55,323] {standard_task_runner.py:79} INFO - Running: ['airflow', 'tasks', 'run', 'sales_mart', 'truncate_price_log', 'manual__2024-02-12T09:59:49.063603+00:00', '--job-id', '383', '--raw', '--subdir', 'DAGS_FOLDER/sales_mart.py', '--cfg-path', '/tmp/tmpj80mg4po', '--error-file', '/tmp/tmp4bqowa5t']
[2024-02-12 09:59:55,323] {standard_task_runner.py:80} INFO - Job 383: Subtask truncate_price_log
[2024-02-12 09:59:55,356] {task_command.py:369} INFO - Running <TaskInstance: sales_mart.truncate_price_log manual__2024-02-12T09:59:49.063603+00:00 [running]> on host 91766ce79ef0
[2024-02-12 09:59:55,396] {taskinstance.py:1569} INFO - Exporting the following env vars:
AIRFLOW_CTX_DAG_EMAIL=student@example.com
AIRFLOW_CTX_DAG_OWNER=student
AIRFLOW_CTX_DAG_ID=sales_mart
AIRFLOW_CTX_TASK_ID=truncate_price_log
AIRFLOW_CTX_EXECUTION_DATE=2024-02-12T09:59:49.063603+00:00
AIRFLOW_CTX_TRY_NUMBER=1
AIRFLOW_CTX_DAG_RUN_ID=manual__2024-02-12T09:59:49.063603+00:00
[2024-02-12 09:59:55,403] {base.py:68} INFO - Using connection ID 'postgresql_de' for task execution.
[2024-02-12 09:59:55,406] {sql.py:315} INFO - Running statement: truncate staging.price_log;, parameters: None
[2024-02-12 09:59:55,417] {taskinstance.py:1395} INFO - Marking task as SUCCESS. dag_id=sales_mart, task_id=truncate_price_log, execution_date=20240212T095949, start_date=20240212T095955, end_date=20240212T095955
[2024-02-12 09:59:55,455] {local_task_job.py:156} INFO - Task exited with return code 0
[2024-02-12 09:59:55,479] {local_task_job.py:273} INFO - 1 downstream tasks scheduled from follow-on schedule check
