[2024-02-12 09:51:14,867] {taskinstance.py:1159} INFO - Dependencies all met for <TaskInstance: sales_mart.generate_report manual__2024-02-12T09:51:07.647434+00:00 [queued]>
[2024-02-12 09:51:14,873] {taskinstance.py:1159} INFO - Dependencies all met for <TaskInstance: sales_mart.generate_report manual__2024-02-12T09:51:07.647434+00:00 [queued]>
[2024-02-12 09:51:14,873] {taskinstance.py:1356} INFO - 
--------------------------------------------------------------------------------
[2024-02-12 09:51:14,873] {taskinstance.py:1357} INFO - Starting attempt 1 of 1
[2024-02-12 09:51:14,873] {taskinstance.py:1358} INFO - 
--------------------------------------------------------------------------------
[2024-02-12 09:51:14,879] {taskinstance.py:1377} INFO - Executing <Task(PythonOperator): generate_report> on 2024-02-12 09:51:07.647434+00:00
[2024-02-12 09:51:14,882] {standard_task_runner.py:52} INFO - Started process 17372 to run task
[2024-02-12 09:51:14,884] {standard_task_runner.py:79} INFO - Running: ['airflow', 'tasks', 'run', 'sales_mart', 'generate_report', 'manual__2024-02-12T09:51:07.647434+00:00', '--job-id', '369', '--raw', '--subdir', 'DAGS_FOLDER/sales_mart.py', '--cfg-path', '/tmp/tmpky_5xnsp', '--error-file', '/tmp/tmpgkno8nrv']
[2024-02-12 09:51:14,884] {standard_task_runner.py:80} INFO - Job 369: Subtask generate_report
[2024-02-12 09:51:14,923] {task_command.py:369} INFO - Running <TaskInstance: sales_mart.generate_report manual__2024-02-12T09:51:07.647434+00:00 [running]> on host 91766ce79ef0
[2024-02-12 09:51:14,961] {taskinstance.py:1569} INFO - Exporting the following env vars:
AIRFLOW_CTX_DAG_EMAIL=student@example.com
AIRFLOW_CTX_DAG_OWNER=student
AIRFLOW_CTX_DAG_ID=sales_mart
AIRFLOW_CTX_TASK_ID=generate_report
AIRFLOW_CTX_EXECUTION_DATE=2024-02-12T09:51:07.647434+00:00
AIRFLOW_CTX_TRY_NUMBER=1
AIRFLOW_CTX_DAG_RUN_ID=manual__2024-02-12T09:51:07.647434+00:00
[2024-02-12 09:51:14,962] {logging_mixin.py:115} INFO - Making request generate_report
[2024-02-12 09:51:16,499] {logging_mixin.py:115} INFO - Response is b'{"task_id":"MjAyNC0wMi0xMlQwOTo1MToxNglkYW1pci1rYWxpbmluNw=="}'
[2024-02-12 09:51:16,499] {python.py:173} INFO - Done. Returned value was: None
[2024-02-12 09:51:16,508] {taskinstance.py:1395} INFO - Marking task as SUCCESS. dag_id=sales_mart, task_id=generate_report, execution_date=20240212T095107, start_date=20240212T095114, end_date=20240212T095116
[2024-02-12 09:51:16,544] {local_task_job.py:156} INFO - Task exited with return code 0
[2024-02-12 09:51:16,567] {local_task_job.py:273} INFO - 1 downstream tasks scheduled from follow-on schedule check
