[2024-02-11 22:36:03,419] {taskinstance.py:1159} INFO - Dependencies all met for <TaskInstance: sales_mart.truncate_customer_research scheduled__2024-02-05T22:34:02.383162+00:00 [queued]>
[2024-02-11 22:36:03,427] {taskinstance.py:1159} INFO - Dependencies all met for <TaskInstance: sales_mart.truncate_customer_research scheduled__2024-02-05T22:34:02.383162+00:00 [queued]>
[2024-02-11 22:36:03,427] {taskinstance.py:1356} INFO - 
--------------------------------------------------------------------------------
[2024-02-11 22:36:03,427] {taskinstance.py:1357} INFO - Starting attempt 1 of 1
[2024-02-11 22:36:03,427] {taskinstance.py:1358} INFO - 
--------------------------------------------------------------------------------
[2024-02-11 22:36:03,435] {taskinstance.py:1377} INFO - Executing <Task(PostgresOperator): truncate_customer_research> on 2024-02-05 22:34:02.383162+00:00
[2024-02-11 22:36:03,438] {standard_task_runner.py:52} INFO - Started process 43406 to run task
[2024-02-11 22:36:03,440] {standard_task_runner.py:79} INFO - Running: ['airflow', 'tasks', 'run', 'sales_mart', 'truncate_customer_research', 'scheduled__2024-02-05T22:34:02.383162+00:00', '--job-id', '1050', '--raw', '--subdir', 'DAGS_FOLDER/sprint3 copy.py', '--cfg-path', '/tmp/tmp3w9oybf_', '--error-file', '/tmp/tmp7jbr21th']
[2024-02-11 22:36:03,440] {standard_task_runner.py:80} INFO - Job 1050: Subtask truncate_customer_research
[2024-02-11 22:36:03,473] {task_command.py:369} INFO - Running <TaskInstance: sales_mart.truncate_customer_research scheduled__2024-02-05T22:34:02.383162+00:00 [running]> on host 2a8d1eb5116f
[2024-02-11 22:36:03,514] {taskinstance.py:1569} INFO - Exporting the following env vars:
AIRFLOW_CTX_DAG_EMAIL=student@example.com
AIRFLOW_CTX_DAG_OWNER=student
AIRFLOW_CTX_DAG_ID=sales_mart
AIRFLOW_CTX_TASK_ID=truncate_customer_research
AIRFLOW_CTX_EXECUTION_DATE=2024-02-05T22:34:02.383162+00:00
AIRFLOW_CTX_TRY_NUMBER=1
AIRFLOW_CTX_DAG_RUN_ID=scheduled__2024-02-05T22:34:02.383162+00:00
[2024-02-11 22:36:03,523] {base.py:68} INFO - Using connection ID 'postgresql_de' for task execution.
[2024-02-11 22:36:03,527] {sql.py:315} INFO - Running statement: truncate staging.customer_research;, parameters: None
[2024-02-11 22:36:03,537] {taskinstance.py:1395} INFO - Marking task as SUCCESS. dag_id=sales_mart, task_id=truncate_customer_research, execution_date=20240205T223402, start_date=20240211T223603, end_date=20240211T223603
[2024-02-11 22:36:03,572] {local_task_job.py:156} INFO - Task exited with return code 0
[2024-02-11 22:36:03,596] {local_task_job.py:273} INFO - 0 downstream tasks scheduled from follow-on schedule check
