[2024-02-12 07:47:55,612] {taskinstance.py:1159} INFO - Dependencies all met for <TaskInstance: sales_mart_inc.get_increment scheduled__2024-02-06T07:44:56.593240+00:00 [queued]>
[2024-02-12 07:47:55,620] {taskinstance.py:1159} INFO - Dependencies all met for <TaskInstance: sales_mart_inc.get_increment scheduled__2024-02-06T07:44:56.593240+00:00 [queued]>
[2024-02-12 07:47:55,620] {taskinstance.py:1356} INFO - 
--------------------------------------------------------------------------------
[2024-02-12 07:47:55,620] {taskinstance.py:1357} INFO - Starting attempt 1 of 1
[2024-02-12 07:47:55,620] {taskinstance.py:1358} INFO - 
--------------------------------------------------------------------------------
[2024-02-12 07:47:55,627] {taskinstance.py:1377} INFO - Executing <Task(PythonOperator): get_increment> on 2024-02-06 07:44:56.593240+00:00
[2024-02-12 07:47:55,630] {standard_task_runner.py:52} INFO - Started process 7806 to run task
[2024-02-12 07:47:55,631] {standard_task_runner.py:79} INFO - Running: ['airflow', 'tasks', 'run', 'sales_mart_inc', 'get_increment', 'scheduled__2024-02-06T07:44:56.593240+00:00', '--job-id', '161', '--raw', '--subdir', 'DAGS_FOLDER/sales_mart_inc.py', '--cfg-path', '/tmp/tmpotsgfdwn', '--error-file', '/tmp/tmpalfq5_gr']
[2024-02-12 07:47:55,632] {standard_task_runner.py:80} INFO - Job 161: Subtask get_increment
[2024-02-12 07:47:55,667] {task_command.py:369} INFO - Running <TaskInstance: sales_mart_inc.get_increment scheduled__2024-02-06T07:44:56.593240+00:00 [running]> on host 91766ce79ef0
[2024-02-12 07:47:55,702] {taskinstance.py:1569} INFO - Exporting the following env vars:
AIRFLOW_CTX_DAG_EMAIL=student@example.com
AIRFLOW_CTX_DAG_OWNER=student
AIRFLOW_CTX_DAG_ID=sales_mart_inc
AIRFLOW_CTX_TASK_ID=get_increment
AIRFLOW_CTX_EXECUTION_DATE=2024-02-06T07:44:56.593240+00:00
AIRFLOW_CTX_TRY_NUMBER=1
AIRFLOW_CTX_DAG_RUN_ID=scheduled__2024-02-06T07:44:56.593240+00:00
[2024-02-12 07:47:55,702] {logging_mixin.py:115} INFO - Making request get_increment
[2024-02-12 07:47:58,189] {logging_mixin.py:115} INFO - Response is b'{"report_id":"TWpBeU5DMHdNaTB4TWxRd056bzBOam8wTlFsa1lXMXBjaTFyWVd4cGJtbHVOdz09","date":"2024-02-06 00:00:00","status":"SUCCESS","data":{"increment_id":"MjAyNC0wMi0wNlQwMDowMDowMAlUV3BCZVU1RE1IZE5hVEI0VFd4UmQwNTZiekJPYW04d1RsRnNhMWxYTVhCamFURnlXVmQ0Y0dKdGJIVk9kejA5","s3_path":{"customer_research_inc":"https://storage.yandexcloud.net/s3-sprint3/cohort_22/damir-kalinin7/project/MjAyNC0wMi0wNlQwMDowMDowMAlUV3BCZVU1RE1IZE5hVEI0VFd4UmQwNTZiekJPYW04d1RsRnNhMWxYTVhCamFURnlXVmQ0Y0dKdGJIVk9kejA5/customer_research_inc.csv","user_order_log_inc":"https://storage.yandexcloud.net/s3-sprint3/cohort_22/damir-kalinin7/project/MjAyNC0wMi0wNlQwMDowMDowMAlUV3BCZVU1RE1IZE5hVEI0VFd4UmQwNTZiekJPYW04d1RsRnNhMWxYTVhCamFURnlXVmQ0Y0dKdGJIVk9kejA5/user_order_log_inc.csv","user_activity_log_inc":"https://storage.yandexcloud.net/s3-sprint3/cohort_22/damir-kalinin7/project/MjAyNC0wMi0wNlQwMDowMDowMAlUV3BCZVU1RE1IZE5hVEI0VFd4UmQwNTZiekJPYW04d1RsRnNhMWxYTVhCamFURnlXVmQ0Y0dKdGJIVk9kejA5/user_activity_log_inc.csv","price_log_inc":"https://storage.yandexcloud.net/s3-sprint3/cohort_22/damir-kalinin7/project/TWpBeU5DMHdNaTB4TWxRd056bzBOam8wTlFsa1lXMXBjaTFyWVd4cGJtbHVOdz09/price_log_inc.csv"}}}'
[2024-02-12 07:47:58,201] {logging_mixin.py:115} INFO - increment_id=MjAyNC0wMi0wNlQwMDowMDowMAlUV3BCZVU1RE1IZE5hVEI0VFd4UmQwNTZiekJPYW04d1RsRnNhMWxYTVhCamFURnlXVmQ0Y0dKdGJIVk9kejA5
[2024-02-12 07:47:58,201] {python.py:173} INFO - Done. Returned value was: None
[2024-02-12 07:47:58,209] {taskinstance.py:1395} INFO - Marking task as SUCCESS. dag_id=sales_mart_inc, task_id=get_increment, execution_date=20240206T074456, start_date=20240212T074755, end_date=20240212T074758
[2024-02-12 07:47:58,256] {local_task_job.py:156} INFO - Task exited with return code 0
[2024-02-12 07:47:58,281] {local_task_job.py:273} INFO - 3 downstream tasks scheduled from follow-on schedule check
