[2024-02-12 07:44:43,639] {taskinstance.py:1159} INFO - Dependencies all met for <TaskInstance: sales_mart.update_d_item manual__2024-02-12T07:43:13.841626+00:00 [queued]>
[2024-02-12 07:44:43,644] {taskinstance.py:1159} INFO - Dependencies all met for <TaskInstance: sales_mart.update_d_item manual__2024-02-12T07:43:13.841626+00:00 [queued]>
[2024-02-12 07:44:43,644] {taskinstance.py:1356} INFO - 
--------------------------------------------------------------------------------
[2024-02-12 07:44:43,644] {taskinstance.py:1357} INFO - Starting attempt 1 of 1
[2024-02-12 07:44:43,644] {taskinstance.py:1358} INFO - 
--------------------------------------------------------------------------------
[2024-02-12 07:44:43,649] {taskinstance.py:1377} INFO - Executing <Task(PostgresOperator): update_d_item> on 2024-02-12 07:43:13.841626+00:00
[2024-02-12 07:44:43,652] {standard_task_runner.py:52} INFO - Started process 6837 to run task
[2024-02-12 07:44:43,653] {standard_task_runner.py:79} INFO - Running: ['airflow', 'tasks', 'run', 'sales_mart', 'update_d_item', 'manual__2024-02-12T07:43:13.841626+00:00', '--job-id', '135', '--raw', '--subdir', 'DAGS_FOLDER/sales_mart.py', '--cfg-path', '/tmp/tmp8xqe09tz', '--error-file', '/tmp/tmp4tngvvim']
[2024-02-12 07:44:43,654] {standard_task_runner.py:80} INFO - Job 135: Subtask update_d_item
[2024-02-12 07:44:43,685] {task_command.py:369} INFO - Running <TaskInstance: sales_mart.update_d_item manual__2024-02-12T07:43:13.841626+00:00 [running]> on host 91766ce79ef0
[2024-02-12 07:44:43,719] {taskinstance.py:1569} INFO - Exporting the following env vars:
AIRFLOW_CTX_DAG_EMAIL=student@example.com
AIRFLOW_CTX_DAG_OWNER=student
AIRFLOW_CTX_DAG_ID=sales_mart
AIRFLOW_CTX_TASK_ID=update_d_item
AIRFLOW_CTX_EXECUTION_DATE=2024-02-12T07:43:13.841626+00:00
AIRFLOW_CTX_TRY_NUMBER=1
AIRFLOW_CTX_DAG_RUN_ID=manual__2024-02-12T07:43:13.841626+00:00
[2024-02-12 07:44:43,725] {base.py:68} INFO - Using connection ID 'postgresql_de' for task execution.
[2024-02-12 07:44:43,729] {sql.py:315} INFO - Running statement: insert into 
    mart.d_item (item_id, 
        item_name)
select 
    item_id, 
    item_name 
from staging.user_order_log
where item_id not in (select item_id from mart.d_item)
group by item_id, item_name, parameters: None
[2024-02-12 07:44:43,730] {sql.py:324} INFO - Rows affected: 0
[2024-02-12 07:44:43,738] {taskinstance.py:1395} INFO - Marking task as SUCCESS. dag_id=sales_mart, task_id=update_d_item, execution_date=20240212T074313, start_date=20240212T074443, end_date=20240212T074443
[2024-02-12 07:44:43,745] {local_task_job.py:156} INFO - Task exited with return code 0
[2024-02-12 07:44:43,773] {local_task_job.py:273} INFO - 0 downstream tasks scheduled from follow-on schedule check
