[2024-02-11 22:35:58,787] {taskinstance.py:1159} INFO - Dependencies all met for <TaskInstance: sales_mart.update_d_item scheduled__2024-02-04T22:34:02.383162+00:00 [queued]>
[2024-02-11 22:35:58,793] {taskinstance.py:1159} INFO - Dependencies all met for <TaskInstance: sales_mart.update_d_item scheduled__2024-02-04T22:34:02.383162+00:00 [queued]>
[2024-02-11 22:35:58,793] {taskinstance.py:1356} INFO - 
--------------------------------------------------------------------------------
[2024-02-11 22:35:58,793] {taskinstance.py:1357} INFO - Starting attempt 1 of 1
[2024-02-11 22:35:58,793] {taskinstance.py:1358} INFO - 
--------------------------------------------------------------------------------
[2024-02-11 22:35:58,799] {taskinstance.py:1377} INFO - Executing <Task(PostgresOperator): update_d_item> on 2024-02-04 22:34:02.383162+00:00
[2024-02-11 22:35:58,803] {standard_task_runner.py:52} INFO - Started process 43308 to run task
[2024-02-11 22:35:58,805] {standard_task_runner.py:79} INFO - Running: ['airflow', 'tasks', 'run', 'sales_mart', 'update_d_item', 'scheduled__2024-02-04T22:34:02.383162+00:00', '--job-id', '1047', '--raw', '--subdir', 'DAGS_FOLDER/sprint3 copy.py', '--cfg-path', '/tmp/tmph5y682gr', '--error-file', '/tmp/tmpkikp5o2u']
[2024-02-11 22:35:58,805] {standard_task_runner.py:80} INFO - Job 1047: Subtask update_d_item
[2024-02-11 22:35:58,837] {task_command.py:369} INFO - Running <TaskInstance: sales_mart.update_d_item scheduled__2024-02-04T22:34:02.383162+00:00 [running]> on host 2a8d1eb5116f
[2024-02-11 22:35:58,874] {taskinstance.py:1569} INFO - Exporting the following env vars:
AIRFLOW_CTX_DAG_EMAIL=student@example.com
AIRFLOW_CTX_DAG_OWNER=student
AIRFLOW_CTX_DAG_ID=sales_mart
AIRFLOW_CTX_TASK_ID=update_d_item
AIRFLOW_CTX_EXECUTION_DATE=2024-02-04T22:34:02.383162+00:00
AIRFLOW_CTX_TRY_NUMBER=1
AIRFLOW_CTX_DAG_RUN_ID=scheduled__2024-02-04T22:34:02.383162+00:00
[2024-02-11 22:35:58,881] {base.py:68} INFO - Using connection ID 'postgresql_de' for task execution.
[2024-02-11 22:35:58,885] {sql.py:315} INFO - Running statement: insert into 
    mart.d_item (item_id, 
        item_name)
select 
    item_id, 
    item_name 
from staging.user_order_log
where item_id not in (select item_id from mart.d_item)
group by item_id, item_name, parameters: None
[2024-02-11 22:35:58,893] {sql.py:324} INFO - Rows affected: 12
[2024-02-11 22:35:58,903] {taskinstance.py:1395} INFO - Marking task as SUCCESS. dag_id=sales_mart, task_id=update_d_item, execution_date=20240204T223402, start_date=20240211T223558, end_date=20240211T223558
[2024-02-11 22:35:58,936] {local_task_job.py:156} INFO - Task exited with return code 0
[2024-02-11 22:35:58,956] {local_task_job.py:273} INFO - 0 downstream tasks scheduled from follow-on schedule check
