[2024-02-11 22:39:12,394] {taskinstance.py:1159} INFO - Dependencies all met for <TaskInstance: sales_mart.truncate_user_activity_log scheduled__2024-02-07T22:34:02.383162+00:00 [queued]>
[2024-02-11 22:39:12,399] {taskinstance.py:1159} INFO - Dependencies all met for <TaskInstance: sales_mart.truncate_user_activity_log scheduled__2024-02-07T22:34:02.383162+00:00 [queued]>
[2024-02-11 22:39:12,399] {taskinstance.py:1356} INFO - 
--------------------------------------------------------------------------------
[2024-02-11 22:39:12,399] {taskinstance.py:1357} INFO - Starting attempt 1 of 1
[2024-02-11 22:39:12,399] {taskinstance.py:1358} INFO - 
--------------------------------------------------------------------------------
[2024-02-11 22:39:12,404] {taskinstance.py:1377} INFO - Executing <Task(PostgresOperator): truncate_user_activity_log> on 2024-02-07 22:34:02.383162+00:00
[2024-02-11 22:39:12,407] {standard_task_runner.py:52} INFO - Started process 44720 to run task
[2024-02-11 22:39:12,408] {standard_task_runner.py:79} INFO - Running: ['airflow', 'tasks', 'run', 'sales_mart', 'truncate_user_activity_log', 'scheduled__2024-02-07T22:34:02.383162+00:00', '--job-id', '1087', '--raw', '--subdir', 'DAGS_FOLDER/sprint3 copy.py', '--cfg-path', '/tmp/tmpq1n8w75e', '--error-file', '/tmp/tmpxpxvzopp']
[2024-02-11 22:39:12,409] {standard_task_runner.py:80} INFO - Job 1087: Subtask truncate_user_activity_log
[2024-02-11 22:39:12,441] {task_command.py:369} INFO - Running <TaskInstance: sales_mart.truncate_user_activity_log scheduled__2024-02-07T22:34:02.383162+00:00 [running]> on host 2a8d1eb5116f
[2024-02-11 22:39:12,477] {taskinstance.py:1569} INFO - Exporting the following env vars:
AIRFLOW_CTX_DAG_EMAIL=student@example.com
AIRFLOW_CTX_DAG_OWNER=student
AIRFLOW_CTX_DAG_ID=sales_mart
AIRFLOW_CTX_TASK_ID=truncate_user_activity_log
AIRFLOW_CTX_EXECUTION_DATE=2024-02-07T22:34:02.383162+00:00
AIRFLOW_CTX_TRY_NUMBER=1
AIRFLOW_CTX_DAG_RUN_ID=scheduled__2024-02-07T22:34:02.383162+00:00
[2024-02-11 22:39:12,484] {base.py:68} INFO - Using connection ID 'postgresql_de' for task execution.
[2024-02-11 22:39:12,488] {sql.py:315} INFO - Running statement: truncate staging.user_activity_log;, parameters: None
[2024-02-11 22:39:12,500] {taskinstance.py:1395} INFO - Marking task as SUCCESS. dag_id=sales_mart, task_id=truncate_user_activity_log, execution_date=20240207T223402, start_date=20240211T223912, end_date=20240211T223912
[2024-02-11 22:39:12,541] {local_task_job.py:156} INFO - Task exited with return code 0
[2024-02-11 22:39:12,569] {local_task_job.py:273} INFO - 0 downstream tasks scheduled from follow-on schedule check
