[2024-02-12 06:40:59,392] {taskinstance.py:1159} INFO - Dependencies all met for <TaskInstance: sales_mart.truncate_customer_research manual__2024-02-12T06:40:57.266906+00:00 [queued]>
[2024-02-12 06:40:59,397] {taskinstance.py:1159} INFO - Dependencies all met for <TaskInstance: sales_mart.truncate_customer_research manual__2024-02-12T06:40:57.266906+00:00 [queued]>
[2024-02-12 06:40:59,398] {taskinstance.py:1356} INFO - 
--------------------------------------------------------------------------------
[2024-02-12 06:40:59,398] {taskinstance.py:1357} INFO - Starting attempt 1 of 1
[2024-02-12 06:40:59,398] {taskinstance.py:1358} INFO - 
--------------------------------------------------------------------------------
[2024-02-12 06:40:59,405] {taskinstance.py:1377} INFO - Executing <Task(PostgresOperator): truncate_customer_research> on 2024-02-12 06:40:57.266906+00:00
[2024-02-12 06:40:59,407] {standard_task_runner.py:52} INFO - Started process 1017 to run task
[2024-02-12 06:40:59,408] {standard_task_runner.py:79} INFO - Running: ['airflow', 'tasks', 'run', 'sales_mart', 'truncate_customer_research', 'manual__2024-02-12T06:40:57.266906+00:00', '--job-id', '4', '--raw', '--subdir', 'DAGS_FOLDER/sprint3 copy.py', '--cfg-path', '/tmp/tmp0acun1rw', '--error-file', '/tmp/tmpe7yhlbt6']
[2024-02-12 06:40:59,409] {standard_task_runner.py:80} INFO - Job 4: Subtask truncate_customer_research
[2024-02-12 06:40:59,440] {task_command.py:369} INFO - Running <TaskInstance: sales_mart.truncate_customer_research manual__2024-02-12T06:40:57.266906+00:00 [running]> on host 91766ce79ef0
[2024-02-12 06:40:59,477] {taskinstance.py:1569} INFO - Exporting the following env vars:
AIRFLOW_CTX_DAG_EMAIL=student@example.com
AIRFLOW_CTX_DAG_OWNER=student
AIRFLOW_CTX_DAG_ID=sales_mart
AIRFLOW_CTX_TASK_ID=truncate_customer_research
AIRFLOW_CTX_EXECUTION_DATE=2024-02-12T06:40:57.266906+00:00
AIRFLOW_CTX_TRY_NUMBER=1
AIRFLOW_CTX_DAG_RUN_ID=manual__2024-02-12T06:40:57.266906+00:00
[2024-02-12 06:40:59,485] {base.py:68} INFO - Using connection ID 'postgresql_de' for task execution.
[2024-02-12 06:40:59,489] {sql.py:315} INFO - Running statement: truncate staging.customer_research;, parameters: None
[2024-02-12 06:40:59,500] {taskinstance.py:1395} INFO - Marking task as SUCCESS. dag_id=sales_mart, task_id=truncate_customer_research, execution_date=20240212T064057, start_date=20240212T064059, end_date=20240212T064059
[2024-02-12 06:40:59,540] {local_task_job.py:156} INFO - Task exited with return code 0
[2024-02-12 06:40:59,563] {local_task_job.py:273} INFO - 0 downstream tasks scheduled from follow-on schedule check
