[2024-02-11 19:08:52,845] {taskinstance.py:1159} INFO - Dependencies all met for <TaskInstance: sales_mart.upload_user_activity_inc scheduled__2024-02-05T19:05:42.790265+00:00 [queued]>
[2024-02-11 19:08:52,850] {taskinstance.py:1159} INFO - Dependencies all met for <TaskInstance: sales_mart.upload_user_activity_inc scheduled__2024-02-05T19:05:42.790265+00:00 [queued]>
[2024-02-11 19:08:52,850] {taskinstance.py:1356} INFO - 
--------------------------------------------------------------------------------
[2024-02-11 19:08:52,850] {taskinstance.py:1357} INFO - Starting attempt 1 of 1
[2024-02-11 19:08:52,850] {taskinstance.py:1358} INFO - 
--------------------------------------------------------------------------------
[2024-02-11 19:08:52,856] {taskinstance.py:1377} INFO - Executing <Task(PythonOperator): upload_user_activity_inc> on 2024-02-05 19:05:42.790265+00:00
[2024-02-11 19:08:52,858] {standard_task_runner.py:52} INFO - Started process 15559 to run task
[2024-02-11 19:08:52,860] {standard_task_runner.py:79} INFO - Running: ['airflow', 'tasks', 'run', 'sales_mart', 'upload_user_activity_inc', 'scheduled__2024-02-05T19:05:42.790265+00:00', '--job-id', '355', '--raw', '--subdir', 'DAGS_FOLDER/sprint3.py', '--cfg-path', '/tmp/tmpmxa4sj5c', '--error-file', '/tmp/tmprmxul7dl']
[2024-02-11 19:08:52,860] {standard_task_runner.py:80} INFO - Job 355: Subtask upload_user_activity_inc
[2024-02-11 19:08:52,892] {task_command.py:369} INFO - Running <TaskInstance: sales_mart.upload_user_activity_inc scheduled__2024-02-05T19:05:42.790265+00:00 [running]> on host 2a8d1eb5116f
[2024-02-11 19:08:52,929] {taskinstance.py:1569} INFO - Exporting the following env vars:
AIRFLOW_CTX_DAG_EMAIL=student@example.com
AIRFLOW_CTX_DAG_OWNER=student
AIRFLOW_CTX_DAG_ID=sales_mart
AIRFLOW_CTX_TASK_ID=upload_user_activity_inc
AIRFLOW_CTX_EXECUTION_DATE=2024-02-05T19:05:42.790265+00:00
AIRFLOW_CTX_TRY_NUMBER=1
AIRFLOW_CTX_DAG_RUN_ID=scheduled__2024-02-05T19:05:42.790265+00:00
[2024-02-11 19:08:52,936] {logging_mixin.py:115} INFO - https://storage.yandexcloud.net/s3-sprint3/cohort_22/damir-kalinin7/project/MjAyNC0wMi0wNVQwMDowMDowMAlUV3BCZVU1RE1IZE5hVEI0VFZaUmVFOVViM2RPYW05NFRuZHNhMWxYTVhCamFURnlXVmQ0Y0dKdGJIVk9kejA5/user_activity_log_inc.csv
[2024-02-11 19:08:52,936] {logging_mixin.py:115} INFO - 20240205_user_activity_log_inc.csv
[2024-02-11 19:08:53,219] {logging_mixin.py:115} INFO - b'id,uniq_id,date_time,action_id,customer_id,quantity\r\n1,4e293fde62a7e5d4035c206c5d9df6a5,2024-02-05T00:00:00,2,910,17\r\n2,f4452f16387feddc534f5a3faeaf979b,2024-02-05T00:00:00,3,280,17\r\n3,803eac2da55030b4b0ec7ebe2d43064a,2024-02-05T00:00:00,1,510,24\r\n4,cf75002c2df0d47a01517403740fc9ab,2024-02-05T00:00:00,3,381,8\r\n5,83b0456912e56993daa5c1014bcf55ae,2024-02-05T00:00:00,0,361,15\r\n6,263115be3a8b7d402b9a7c6d8cef7aa3,2024-02-05T00:00:00,2,731,1\r\n7,c037edaf69264633fa5dad4d9b12a3af,2024-02-05T00:00:00,2,840,9\r\n8,93efabacf11ef239916447e2b0a7fc4d,2024-02-05T00:00:00,0,551,7\r\n9,4e2239bba479f8eaeaa49ab9334a7fd8,2024-02-05T00:00:00,3,50,5\r\n10,50bd038baa396e54d0aaa332edea3988,2024-02-05T00:00:00,1,560,10\r\n11,ab7ea7e4099c8480cf6a6c2b82c8775f,2024-02-05T00:00:00,3,471,13\r\n12,ad326638539b235de10f8aa62af90384,2024-02-05T00:00:00,1,750,5\r\n13,7eaf041989a02c86d1a6d3f9c047a6cb,2024-02-05T00:00:00,3,280,16\r\n'
[2024-02-11 19:08:53,224] {logging_mixin.py:115} INFO - Index(['uniq_id', 'date_time', 'action_id', 'customer_id', 'quantity'], dtype='object')
[2024-02-11 19:08:53,232] {base.py:68} INFO - Using connection ID 'postgresql_de' for task execution.
[2024-02-11 19:08:53,241] {logging_mixin.py:115} INFO - 13 rows was inserted
[2024-02-11 19:08:53,241] {python.py:173} INFO - Done. Returned value was: None
[2024-02-11 19:08:53,250] {taskinstance.py:1395} INFO - Marking task as SUCCESS. dag_id=sales_mart, task_id=upload_user_activity_inc, execution_date=20240205T190542, start_date=20240211T190852, end_date=20240211T190853
[2024-02-11 19:08:53,273] {local_task_job.py:156} INFO - Task exited with return code 0
[2024-02-11 19:08:53,294] {local_task_job.py:273} INFO - 0 downstream tasks scheduled from follow-on schedule check
