[2024-02-12 10:15:20,668] {taskinstance.py:1159} INFO - Dependencies all met for <TaskInstance: sales_mart_inc.truncate_customer_research scheduled__2024-02-11T10:05:47.421232+00:00 [queued]>
[2024-02-12 10:15:20,673] {taskinstance.py:1159} INFO - Dependencies all met for <TaskInstance: sales_mart_inc.truncate_customer_research scheduled__2024-02-11T10:05:47.421232+00:00 [queued]>
[2024-02-12 10:15:20,673] {taskinstance.py:1356} INFO - 
--------------------------------------------------------------------------------
[2024-02-12 10:15:20,673] {taskinstance.py:1357} INFO - Starting attempt 1 of 1
[2024-02-12 10:15:20,673] {taskinstance.py:1358} INFO - 
--------------------------------------------------------------------------------
[2024-02-12 10:15:20,679] {taskinstance.py:1377} INFO - Executing <Task(PostgresOperator): truncate_customer_research> on 2024-02-11 10:05:47.421232+00:00
[2024-02-12 10:15:20,681] {standard_task_runner.py:52} INFO - Started process 22114 to run task
[2024-02-12 10:15:20,683] {standard_task_runner.py:79} INFO - Running: ['airflow', 'tasks', 'run', 'sales_mart_inc', 'truncate_customer_research', 'scheduled__2024-02-11T10:05:47.421232+00:00', '--job-id', '492', '--raw', '--subdir', 'DAGS_FOLDER/sales_mart_inc.py', '--cfg-path', '/tmp/tmplnw10l1l', '--error-file', '/tmp/tmpvpmq0sb8']
[2024-02-12 10:15:20,683] {standard_task_runner.py:80} INFO - Job 492: Subtask truncate_customer_research
[2024-02-12 10:15:20,714] {task_command.py:369} INFO - Running <TaskInstance: sales_mart_inc.truncate_customer_research scheduled__2024-02-11T10:05:47.421232+00:00 [running]> on host 91766ce79ef0
[2024-02-12 10:15:20,749] {taskinstance.py:1569} INFO - Exporting the following env vars:
AIRFLOW_CTX_DAG_EMAIL=student@example.com
AIRFLOW_CTX_DAG_OWNER=student
AIRFLOW_CTX_DAG_ID=sales_mart_inc
AIRFLOW_CTX_TASK_ID=truncate_customer_research
AIRFLOW_CTX_EXECUTION_DATE=2024-02-11T10:05:47.421232+00:00
AIRFLOW_CTX_TRY_NUMBER=1
AIRFLOW_CTX_DAG_RUN_ID=scheduled__2024-02-11T10:05:47.421232+00:00
[2024-02-12 10:15:20,755] {base.py:68} INFO - Using connection ID 'postgresql_de' for task execution.
[2024-02-12 10:15:20,758] {sql.py:315} INFO - Running statement: truncate staging.customer_research;, parameters: None
[2024-02-12 10:15:20,767] {taskinstance.py:1395} INFO - Marking task as SUCCESS. dag_id=sales_mart_inc, task_id=truncate_customer_research, execution_date=20240211T100547, start_date=20240212T101520, end_date=20240212T101520
[2024-02-12 10:15:20,775] {local_task_job.py:156} INFO - Task exited with return code 0
[2024-02-12 10:15:20,797] {local_task_job.py:273} INFO - 0 downstream tasks scheduled from follow-on schedule check
