[2024-02-12 08:15:40,620] {taskinstance.py:1159} INFO - Dependencies all met for <TaskInstance: sales_mart_inc.get_increment scheduled__2024-02-08T08:09:37.968777+00:00 [queued]>
[2024-02-12 08:15:40,625] {taskinstance.py:1159} INFO - Dependencies all met for <TaskInstance: sales_mart_inc.get_increment scheduled__2024-02-08T08:09:37.968777+00:00 [queued]>
[2024-02-12 08:15:40,626] {taskinstance.py:1356} INFO - 
--------------------------------------------------------------------------------
[2024-02-12 08:15:40,626] {taskinstance.py:1357} INFO - Starting attempt 1 of 1
[2024-02-12 08:15:40,626] {taskinstance.py:1358} INFO - 
--------------------------------------------------------------------------------
[2024-02-12 08:15:40,631] {taskinstance.py:1377} INFO - Executing <Task(PythonOperator): get_increment> on 2024-02-08 08:09:37.968777+00:00
[2024-02-12 08:15:40,634] {standard_task_runner.py:52} INFO - Started process 13629 to run task
[2024-02-12 08:15:40,636] {standard_task_runner.py:79} INFO - Running: ['airflow', 'tasks', 'run', 'sales_mart_inc', 'get_increment', 'scheduled__2024-02-08T08:09:37.968777+00:00', '--job-id', '311', '--raw', '--subdir', 'DAGS_FOLDER/sales_mart_inc.py', '--cfg-path', '/tmp/tmpjsbtaeps', '--error-file', '/tmp/tmp_08ty8iu']
[2024-02-12 08:15:40,637] {standard_task_runner.py:80} INFO - Job 311: Subtask get_increment
[2024-02-12 08:15:40,670] {task_command.py:369} INFO - Running <TaskInstance: sales_mart_inc.get_increment scheduled__2024-02-08T08:09:37.968777+00:00 [running]> on host 91766ce79ef0
[2024-02-12 08:15:40,708] {taskinstance.py:1569} INFO - Exporting the following env vars:
AIRFLOW_CTX_DAG_EMAIL=student@example.com
AIRFLOW_CTX_DAG_OWNER=student
AIRFLOW_CTX_DAG_ID=sales_mart_inc
AIRFLOW_CTX_TASK_ID=get_increment
AIRFLOW_CTX_EXECUTION_DATE=2024-02-08T08:09:37.968777+00:00
AIRFLOW_CTX_TRY_NUMBER=1
AIRFLOW_CTX_DAG_RUN_ID=scheduled__2024-02-08T08:09:37.968777+00:00
[2024-02-12 08:15:40,708] {logging_mixin.py:115} INFO - Making request get_increment
[2024-02-12 08:15:43,178] {logging_mixin.py:115} INFO - Response is b'{"report_id":"TWpBeU5DMHdNaTB4TWxRd09Eb3hORG96TVFsa1lXMXBjaTFyWVd4cGJtbHVOdz09","date":"2024-02-08 00:00:00","status":"SUCCESS","data":{"increment_id":"MjAyNC0wMi0wOFQwMDowMDowMAlUV3BCZVU1RE1IZE5hVEI0VFd4UmQwOUViM2hPUkc5NlRWRnNhMWxYTVhCamFURnlXVmQ0Y0dKdGJIVk9kejA5","s3_path":{"customer_research_inc":"https://storage.yandexcloud.net/s3-sprint3/cohort_22/damir-kalinin7/project/MjAyNC0wMi0wOFQwMDowMDowMAlUV3BCZVU1RE1IZE5hVEI0VFd4UmQwOUViM2hPUkc5NlRWRnNhMWxYTVhCamFURnlXVmQ0Y0dKdGJIVk9kejA5/customer_research_inc.csv","user_order_log_inc":"https://storage.yandexcloud.net/s3-sprint3/cohort_22/damir-kalinin7/project/MjAyNC0wMi0wOFQwMDowMDowMAlUV3BCZVU1RE1IZE5hVEI0VFd4UmQwOUViM2hPUkc5NlRWRnNhMWxYTVhCamFURnlXVmQ0Y0dKdGJIVk9kejA5/user_order_log_inc.csv","user_activity_log_inc":"https://storage.yandexcloud.net/s3-sprint3/cohort_22/damir-kalinin7/project/MjAyNC0wMi0wOFQwMDowMDowMAlUV3BCZVU1RE1IZE5hVEI0VFd4UmQwOUViM2hPUkc5NlRWRnNhMWxYTVhCamFURnlXVmQ0Y0dKdGJIVk9kejA5/user_activity_log_inc.csv","price_log_inc":"https://storage.yandexcloud.net/s3-sprint3/cohort_22/damir-kalinin7/project/TWpBeU5DMHdNaTB4TWxRd09Eb3hORG96TVFsa1lXMXBjaTFyWVd4cGJtbHVOdz09/price_log_inc.csv"}}}'
[2024-02-12 08:15:43,191] {logging_mixin.py:115} INFO - increment_id=MjAyNC0wMi0wOFQwMDowMDowMAlUV3BCZVU1RE1IZE5hVEI0VFd4UmQwOUViM2hPUkc5NlRWRnNhMWxYTVhCamFURnlXVmQ0Y0dKdGJIVk9kejA5
[2024-02-12 08:15:43,191] {python.py:173} INFO - Done. Returned value was: None
[2024-02-12 08:15:43,200] {taskinstance.py:1395} INFO - Marking task as SUCCESS. dag_id=sales_mart_inc, task_id=get_increment, execution_date=20240208T080937, start_date=20240212T081540, end_date=20240212T081543
[2024-02-12 08:15:43,219] {local_task_job.py:156} INFO - Task exited with return code 0
[2024-02-12 08:15:43,246] {local_task_job.py:273} INFO - 3 downstream tasks scheduled from follow-on schedule check
