[2024-02-11 22:21:27,675] {taskinstance.py:1159} INFO - Dependencies all met for <TaskInstance: sales_mart.get_report scheduled__2024-02-06T22:18:04.422328+00:00 [queued]>
[2024-02-11 22:21:27,682] {taskinstance.py:1159} INFO - Dependencies all met for <TaskInstance: sales_mart.get_report scheduled__2024-02-06T22:18:04.422328+00:00 [queued]>
[2024-02-11 22:21:27,682] {taskinstance.py:1356} INFO - 
--------------------------------------------------------------------------------
[2024-02-11 22:21:27,682] {taskinstance.py:1357} INFO - Starting attempt 1 of 1
[2024-02-11 22:21:27,682] {taskinstance.py:1358} INFO - 
--------------------------------------------------------------------------------
[2024-02-11 22:21:27,688] {taskinstance.py:1377} INFO - Executing <Task(PythonOperator): get_report> on 2024-02-06 22:18:04.422328+00:00
[2024-02-11 22:21:27,692] {standard_task_runner.py:52} INFO - Started process 40044 to run task
[2024-02-11 22:21:27,694] {standard_task_runner.py:79} INFO - Running: ['airflow', 'tasks', 'run', 'sales_mart', 'get_report', 'scheduled__2024-02-06T22:18:04.422328+00:00', '--job-id', '962', '--raw', '--subdir', 'DAGS_FOLDER/sprint3 copy.py', '--cfg-path', '/tmp/tmppsc5igpw', '--error-file', '/tmp/tmpako5lhm1']
[2024-02-11 22:21:27,695] {standard_task_runner.py:80} INFO - Job 962: Subtask get_report
[2024-02-11 22:21:27,731] {task_command.py:369} INFO - Running <TaskInstance: sales_mart.get_report scheduled__2024-02-06T22:18:04.422328+00:00 [running]> on host 2a8d1eb5116f
[2024-02-11 22:21:27,772] {taskinstance.py:1569} INFO - Exporting the following env vars:
AIRFLOW_CTX_DAG_EMAIL=student@example.com
AIRFLOW_CTX_DAG_OWNER=student
AIRFLOW_CTX_DAG_ID=sales_mart
AIRFLOW_CTX_TASK_ID=get_report
AIRFLOW_CTX_EXECUTION_DATE=2024-02-06T22:18:04.422328+00:00
AIRFLOW_CTX_TRY_NUMBER=1
AIRFLOW_CTX_DAG_RUN_ID=scheduled__2024-02-06T22:18:04.422328+00:00
[2024-02-11 22:21:27,773] {logging_mixin.py:115} INFO - Making request get_report
[2024-02-11 22:21:28,007] {logging_mixin.py:115} INFO - Response is b'{"task_id":"MjAyNC0wMi0xMVQyMjoyMToyNglkYW1pci1rYWxpbmluNw==","status":"RUNNING","data":{"report_id":null,"start_day":null,"end_date":null,"s3_path":{}}}'
[2024-02-11 22:21:38,363] {logging_mixin.py:115} INFO - Response is b'{"task_id":"MjAyNC0wMi0xMVQyMjoyMToyNglkYW1pci1rYWxpbmluNw==","status":"RUNNING","data":{"report_id":null,"start_day":null,"end_date":null,"s3_path":{}}}'
[2024-02-11 22:21:48,671] {logging_mixin.py:115} INFO - Response is b'{"task_id":"MjAyNC0wMi0xMVQyMjoyMToyNglkYW1pci1rYWxpbmluNw==","status":"RUNNING","data":{"report_id":null,"start_day":null,"end_date":null,"s3_path":{}}}'
[2024-02-11 22:21:58,923] {logging_mixin.py:115} INFO - Response is b'{"task_id":"MjAyNC0wMi0xMVQyMjoyMToyNglkYW1pci1rYWxpbmluNw==","status":"RUNNING","data":{"report_id":null,"start_day":null,"end_date":null,"s3_path":{}}}'
[2024-02-11 22:22:09,496] {logging_mixin.py:115} INFO - Response is b'{"task_id":"MjAyNC0wMi0xMVQyMjoyMToyNglkYW1pci1rYWxpbmluNw==","status":"RUNNING","data":{"report_id":null,"start_day":null,"end_date":null,"s3_path":{}}}'
[2024-02-11 22:22:19,764] {logging_mixin.py:115} INFO - Response is b'{"task_id":"MjAyNC0wMi0xMVQyMjoyMToyNglkYW1pci1rYWxpbmluNw==","status":"RUNNING","data":{"report_id":null,"start_day":null,"end_date":null,"s3_path":{}}}'
[2024-02-11 22:22:33,220] {logging_mixin.py:115} INFO - Response is b'{"task_id":"MjAyNC0wMi0xMVQyMjoyMToyNglkYW1pci1rYWxpbmluNw==","status":"SUCCESS","data":{"report_id":"TWpBeU5DMHdNaTB4TVZReU1qb3lNVG95Tmdsa1lXMXBjaTFyWVd4cGJtbHVOdz09","start_day":"2024-01-12 00:00:00","end_date":"2024-02-03 00:00:00","s3_path":{"customer_research":"https://storage.yandexcloud.net/s3-sprint3/cohort_22/damir-kalinin7/project/TWpBeU5DMHdNaTB4TVZReU1qb3lNVG95Tmdsa1lXMXBjaTFyWVd4cGJtbHVOdz09/customer_research.csv","user_order_log":"https://storage.yandexcloud.net/s3-sprint3/cohort_22/damir-kalinin7/project/TWpBeU5DMHdNaTB4TVZReU1qb3lNVG95Tmdsa1lXMXBjaTFyWVd4cGJtbHVOdz09/user_order_log.csv","user_activity_log":"https://storage.yandexcloud.net/s3-sprint3/cohort_22/damir-kalinin7/project/TWpBeU5DMHdNaTB4TVZReU1qb3lNVG95Tmdsa1lXMXBjaTFyWVd4cGJtbHVOdz09/user_activity_log.csv","price_log":"https://storage.yandexcloud.net/s3-sprint3/cohort_22/damir-kalinin7/project/TWpBeU5DMHdNaTB4TVZReU1qb3lNVG95Tmdsa1lXMXBjaTFyWVd4cGJtbHVOdz09/price_log.csv"}}}'
[2024-02-11 22:22:33,235] {logging_mixin.py:115} INFO - Report_id=TWpBeU5DMHdNaTB4TVZReU1qb3lNVG95Tmdsa1lXMXBjaTFyWVd4cGJtbHVOdz09
[2024-02-11 22:22:33,235] {python.py:173} INFO - Done. Returned value was: None
[2024-02-11 22:22:33,245] {taskinstance.py:1395} INFO - Marking task as SUCCESS. dag_id=sales_mart, task_id=get_report, execution_date=20240206T221804, start_date=20240211T222127, end_date=20240211T222233
[2024-02-11 22:22:33,261] {local_task_job.py:156} INFO - Task exited with return code 0
[2024-02-11 22:22:33,288] {local_task_job.py:273} INFO - 1 downstream tasks scheduled from follow-on schedule check
