[2024-02-11 17:29:37,850] {taskinstance.py:1159} INFO - Dependencies all met for <TaskInstance: sales_mart.get_report scheduled__2024-02-09T17:25:40.503937+00:00 [queued]>
[2024-02-11 17:29:37,853] {taskinstance.py:1159} INFO - Dependencies all met for <TaskInstance: sales_mart.get_report scheduled__2024-02-09T17:25:40.503937+00:00 [queued]>
[2024-02-11 17:29:37,853] {taskinstance.py:1356} INFO - 
--------------------------------------------------------------------------------
[2024-02-11 17:29:37,854] {taskinstance.py:1357} INFO - Starting attempt 1 of 1
[2024-02-11 17:29:37,854] {taskinstance.py:1358} INFO - 
--------------------------------------------------------------------------------
[2024-02-11 17:29:37,859] {taskinstance.py:1377} INFO - Executing <Task(PythonOperator): get_report> on 2024-02-09 17:25:40.503937+00:00
[2024-02-11 17:29:37,862] {standard_task_runner.py:52} INFO - Started process 5786 to run task
[2024-02-11 17:29:37,864] {standard_task_runner.py:79} INFO - Running: ['airflow', 'tasks', 'run', 'sales_mart', 'get_report', 'scheduled__2024-02-09T17:25:40.503937+00:00', '--job-id', '104', '--raw', '--subdir', 'DAGS_FOLDER/sprint3.py', '--cfg-path', '/tmp/tmpy_pmr5g4', '--error-file', '/tmp/tmp47xok1fw']
[2024-02-11 17:29:37,864] {standard_task_runner.py:80} INFO - Job 104: Subtask get_report
[2024-02-11 17:29:37,896] {task_command.py:369} INFO - Running <TaskInstance: sales_mart.get_report scheduled__2024-02-09T17:25:40.503937+00:00 [running]> on host 2a8d1eb5116f
[2024-02-11 17:29:37,935] {taskinstance.py:1569} INFO - Exporting the following env vars:
AIRFLOW_CTX_DAG_EMAIL=student@example.com
AIRFLOW_CTX_DAG_OWNER=student
AIRFLOW_CTX_DAG_ID=sales_mart
AIRFLOW_CTX_TASK_ID=get_report
AIRFLOW_CTX_EXECUTION_DATE=2024-02-09T17:25:40.503937+00:00
AIRFLOW_CTX_TRY_NUMBER=1
AIRFLOW_CTX_DAG_RUN_ID=scheduled__2024-02-09T17:25:40.503937+00:00
[2024-02-11 17:29:37,936] {logging_mixin.py:115} INFO - Making request get_report
[2024-02-11 17:29:38,161] {logging_mixin.py:115} INFO - Response is b'{"task_id":"MjAyNC0wMi0xMVQxNzoyOTozMglkYW1pci1rYWxpbmluNw==","status":"RUNNING","data":{"report_id":null,"start_day":null,"end_date":null,"s3_path":{}}}'
[2024-02-11 17:29:48,441] {logging_mixin.py:115} INFO - Response is b'{"task_id":"MjAyNC0wMi0xMVQxNzoyOTozMglkYW1pci1rYWxpbmluNw==","status":"RUNNING","data":{"report_id":null,"start_day":null,"end_date":null,"s3_path":{}}}'
[2024-02-11 17:29:59,191] {logging_mixin.py:115} INFO - Response is b'{"task_id":"MjAyNC0wMi0xMVQxNzoyOTozMglkYW1pci1rYWxpbmluNw==","status":"RUNNING","data":{"report_id":null,"start_day":null,"end_date":null,"s3_path":{}}}'
[2024-02-11 17:30:09,466] {logging_mixin.py:115} INFO - Response is b'{"task_id":"MjAyNC0wMi0xMVQxNzoyOTozMglkYW1pci1rYWxpbmluNw==","status":"RUNNING","data":{"report_id":null,"start_day":null,"end_date":null,"s3_path":{}}}'
[2024-02-11 17:30:19,802] {logging_mixin.py:115} INFO - Response is b'{"task_id":"MjAyNC0wMi0xMVQxNzoyOTozMglkYW1pci1rYWxpbmluNw==","status":"RUNNING","data":{"report_id":null,"start_day":null,"end_date":null,"s3_path":{}}}'
[2024-02-11 17:30:30,014] {logging_mixin.py:115} INFO - Response is b'{"task_id":"MjAyNC0wMi0xMVQxNzoyOTozMglkYW1pci1rYWxpbmluNw==","status":"RUNNING","data":{"report_id":null,"start_day":null,"end_date":null,"s3_path":{}}}'
[2024-02-11 17:30:43,428] {logging_mixin.py:115} INFO - Response is b'{"task_id":"MjAyNC0wMi0xMVQxNzoyOTozMglkYW1pci1rYWxpbmluNw==","status":"SUCCESS","data":{"report_id":"TWpBeU5DMHdNaTB4TVZReE56b3lPVG96TWdsa1lXMXBjaTFyWVd4cGJtbHVOdz09","start_day":"2024-01-12 00:00:00","end_date":"2024-02-03 00:00:00","s3_path":{"customer_research":"https://storage.yandexcloud.net/s3-sprint3/cohort_22/damir-kalinin7/project/TWpBeU5DMHdNaTB4TVZReE56b3lPVG96TWdsa1lXMXBjaTFyWVd4cGJtbHVOdz09/customer_research.csv","user_order_log":"https://storage.yandexcloud.net/s3-sprint3/cohort_22/damir-kalinin7/project/TWpBeU5DMHdNaTB4TVZReE56b3lPVG96TWdsa1lXMXBjaTFyWVd4cGJtbHVOdz09/user_order_log.csv","user_activity_log":"https://storage.yandexcloud.net/s3-sprint3/cohort_22/damir-kalinin7/project/TWpBeU5DMHdNaTB4TVZReE56b3lPVG96TWdsa1lXMXBjaTFyWVd4cGJtbHVOdz09/user_activity_log.csv","price_log":"https://storage.yandexcloud.net/s3-sprint3/cohort_22/damir-kalinin7/project/TWpBeU5DMHdNaTB4TVZReE56b3lPVG96TWdsa1lXMXBjaTFyWVd4cGJtbHVOdz09/price_log.csv"}}}'
[2024-02-11 17:30:43,439] {logging_mixin.py:115} INFO - Report_id=TWpBeU5DMHdNaTB4TVZReE56b3lPVG96TWdsa1lXMXBjaTFyWVd4cGJtbHVOdz09
[2024-02-11 17:30:43,439] {python.py:173} INFO - Done. Returned value was: None
[2024-02-11 17:30:43,447] {taskinstance.py:1395} INFO - Marking task as SUCCESS. dag_id=sales_mart, task_id=get_report, execution_date=20240209T172540, start_date=20240211T172937, end_date=20240211T173043
[2024-02-11 17:30:43,491] {local_task_job.py:156} INFO - Task exited with return code 0
[2024-02-11 17:30:43,512] {local_task_job.py:273} INFO - 1 downstream tasks scheduled from follow-on schedule check
