[2024-02-11 19:11:14,540] {taskinstance.py:1159} INFO - Dependencies all met for <TaskInstance: sales_mart.upload_user_activity_inc scheduled__2024-02-08T19:05:42.790265+00:00 [queued]>
[2024-02-11 19:11:14,546] {taskinstance.py:1159} INFO - Dependencies all met for <TaskInstance: sales_mart.upload_user_activity_inc scheduled__2024-02-08T19:05:42.790265+00:00 [queued]>
[2024-02-11 19:11:14,546] {taskinstance.py:1356} INFO - 
--------------------------------------------------------------------------------
[2024-02-11 19:11:14,546] {taskinstance.py:1357} INFO - Starting attempt 1 of 1
[2024-02-11 19:11:14,546] {taskinstance.py:1358} INFO - 
--------------------------------------------------------------------------------
[2024-02-11 19:11:14,554] {taskinstance.py:1377} INFO - Executing <Task(PythonOperator): upload_user_activity_inc> on 2024-02-08 19:05:42.790265+00:00
[2024-02-11 19:11:14,557] {standard_task_runner.py:52} INFO - Started process 16190 to run task
[2024-02-11 19:11:14,559] {standard_task_runner.py:79} INFO - Running: ['airflow', 'tasks', 'run', 'sales_mart', 'upload_user_activity_inc', 'scheduled__2024-02-08T19:05:42.790265+00:00', '--job-id', '372', '--raw', '--subdir', 'DAGS_FOLDER/sprint3.py', '--cfg-path', '/tmp/tmpw1rgsofo', '--error-file', '/tmp/tmpg5stay4m']
[2024-02-11 19:11:14,559] {standard_task_runner.py:80} INFO - Job 372: Subtask upload_user_activity_inc
[2024-02-11 19:11:14,592] {task_command.py:369} INFO - Running <TaskInstance: sales_mart.upload_user_activity_inc scheduled__2024-02-08T19:05:42.790265+00:00 [running]> on host 2a8d1eb5116f
[2024-02-11 19:11:14,627] {taskinstance.py:1569} INFO - Exporting the following env vars:
AIRFLOW_CTX_DAG_EMAIL=student@example.com
AIRFLOW_CTX_DAG_OWNER=student
AIRFLOW_CTX_DAG_ID=sales_mart
AIRFLOW_CTX_TASK_ID=upload_user_activity_inc
AIRFLOW_CTX_EXECUTION_DATE=2024-02-08T19:05:42.790265+00:00
AIRFLOW_CTX_TRY_NUMBER=1
AIRFLOW_CTX_DAG_RUN_ID=scheduled__2024-02-08T19:05:42.790265+00:00
[2024-02-11 19:11:14,634] {logging_mixin.py:115} INFO - https://storage.yandexcloud.net/s3-sprint3/cohort_22/damir-kalinin7/project/MjAyNC0wMi0wOFQwMDowMDowMAlUV3BCZVU1RE1IZE5hVEI0VFZaUmVFOVViM2RQUkc4d1RWRnNhMWxYTVhCamFURnlXVmQ0Y0dKdGJIVk9kejA5/user_activity_log_inc.csv
[2024-02-11 19:11:14,634] {logging_mixin.py:115} INFO - 20240208_user_activity_log_inc.csv
[2024-02-11 19:11:14,887] {logging_mixin.py:115} INFO - b'id,uniq_id,date_time,action_id,customer_id,quantity\r\n1,81d9e11c4f1ba5b262b5a7148b46a0d2,2024-02-08T00:00:00,3,440,8\r\n2,54182978004b693cc33c326241fc57ca,2024-02-08T00:00:00,0,950,8\r\n3,341a9eae787a527684b55509d81a9661,2024-02-08T00:00:00,0,271,7\r\n4,635b1741b76759bfdbe15b47e00694dd,2024-02-08T00:00:00,3,880,12\r\n'
[2024-02-11 19:11:14,892] {logging_mixin.py:115} INFO - Index(['uniq_id', 'date_time', 'action_id', 'customer_id', 'quantity'], dtype='object')
[2024-02-11 19:11:14,900] {base.py:68} INFO - Using connection ID 'postgresql_de' for task execution.
[2024-02-11 19:11:14,912] {logging_mixin.py:115} INFO - 4 rows was inserted
[2024-02-11 19:11:14,912] {python.py:173} INFO - Done. Returned value was: None
[2024-02-11 19:11:14,922] {taskinstance.py:1395} INFO - Marking task as SUCCESS. dag_id=sales_mart, task_id=upload_user_activity_inc, execution_date=20240208T190542, start_date=20240211T191114, end_date=20240211T191114
[2024-02-11 19:11:14,972] {local_task_job.py:156} INFO - Task exited with return code 0
[2024-02-11 19:11:14,992] {local_task_job.py:273} INFO - 0 downstream tasks scheduled from follow-on schedule check
