[2024-02-11 22:54:20,152] {taskinstance.py:1159} INFO - Dependencies all met for <TaskInstance: sales_mart.truncate_price_log scheduled__2024-02-05T22:52:38.597307+00:00 [queued]>
[2024-02-11 22:54:20,158] {taskinstance.py:1159} INFO - Dependencies all met for <TaskInstance: sales_mart.truncate_price_log scheduled__2024-02-05T22:52:38.597307+00:00 [queued]>
[2024-02-11 22:54:20,158] {taskinstance.py:1356} INFO - 
--------------------------------------------------------------------------------
[2024-02-11 22:54:20,158] {taskinstance.py:1357} INFO - Starting attempt 1 of 1
[2024-02-11 22:54:20,158] {taskinstance.py:1358} INFO - 
--------------------------------------------------------------------------------
[2024-02-11 22:54:20,164] {taskinstance.py:1377} INFO - Executing <Task(PostgresOperator): truncate_price_log> on 2024-02-05 22:52:38.597307+00:00
[2024-02-11 22:54:20,166] {standard_task_runner.py:52} INFO - Started process 46798 to run task
[2024-02-11 22:54:20,168] {standard_task_runner.py:79} INFO - Running: ['airflow', 'tasks', 'run', 'sales_mart', 'truncate_price_log', 'scheduled__2024-02-05T22:52:38.597307+00:00', '--job-id', '1140', '--raw', '--subdir', 'DAGS_FOLDER/sprint3 copy.py', '--cfg-path', '/tmp/tmpfxcufybx', '--error-file', '/tmp/tmpgmtrsvey']
[2024-02-11 22:54:20,168] {standard_task_runner.py:80} INFO - Job 1140: Subtask truncate_price_log
[2024-02-11 22:54:20,196] {task_command.py:369} INFO - Running <TaskInstance: sales_mart.truncate_price_log scheduled__2024-02-05T22:52:38.597307+00:00 [running]> on host 2a8d1eb5116f
[2024-02-11 22:54:20,229] {taskinstance.py:1569} INFO - Exporting the following env vars:
AIRFLOW_CTX_DAG_EMAIL=student@example.com
AIRFLOW_CTX_DAG_OWNER=student
AIRFLOW_CTX_DAG_ID=sales_mart
AIRFLOW_CTX_TASK_ID=truncate_price_log
AIRFLOW_CTX_EXECUTION_DATE=2024-02-05T22:52:38.597307+00:00
AIRFLOW_CTX_TRY_NUMBER=1
AIRFLOW_CTX_DAG_RUN_ID=scheduled__2024-02-05T22:52:38.597307+00:00
[2024-02-11 22:54:20,235] {base.py:68} INFO - Using connection ID 'postgresql_de' for task execution.
[2024-02-11 22:54:20,238] {sql.py:315} INFO - Running statement: truncate staging.price_log;, parameters: None
[2024-02-11 22:54:20,246] {taskinstance.py:1395} INFO - Marking task as SUCCESS. dag_id=sales_mart, task_id=truncate_price_log, execution_date=20240205T225238, start_date=20240211T225420, end_date=20240211T225420
[2024-02-11 22:54:20,260] {local_task_job.py:156} INFO - Task exited with return code 0
[2024-02-11 22:54:20,290] {local_task_job.py:273} INFO - 1 downstream tasks scheduled from follow-on schedule check
