[2024-02-12 07:43:16,799] {taskinstance.py:1159} INFO - Dependencies all met for <TaskInstance: sales_mart.truncate_customer_research manual__2024-02-12T07:43:13.841626+00:00 [queued]>
[2024-02-12 07:43:16,804] {taskinstance.py:1159} INFO - Dependencies all met for <TaskInstance: sales_mart.truncate_customer_research manual__2024-02-12T07:43:13.841626+00:00 [queued]>
[2024-02-12 07:43:16,804] {taskinstance.py:1356} INFO - 
--------------------------------------------------------------------------------
[2024-02-12 07:43:16,804] {taskinstance.py:1357} INFO - Starting attempt 1 of 1
[2024-02-12 07:43:16,804] {taskinstance.py:1358} INFO - 
--------------------------------------------------------------------------------
[2024-02-12 07:43:16,809] {taskinstance.py:1377} INFO - Executing <Task(PostgresOperator): truncate_customer_research> on 2024-02-12 07:43:13.841626+00:00
[2024-02-12 07:43:16,812] {standard_task_runner.py:52} INFO - Started process 6450 to run task
[2024-02-12 07:43:16,814] {standard_task_runner.py:79} INFO - Running: ['airflow', 'tasks', 'run', 'sales_mart', 'truncate_customer_research', 'manual__2024-02-12T07:43:13.841626+00:00', '--job-id', '125', '--raw', '--subdir', 'DAGS_FOLDER/sales_mart.py', '--cfg-path', '/tmp/tmp8qo6q2pf', '--error-file', '/tmp/tmpxlo0xcfa']
[2024-02-12 07:43:16,815] {standard_task_runner.py:80} INFO - Job 125: Subtask truncate_customer_research
[2024-02-12 07:43:16,845] {task_command.py:369} INFO - Running <TaskInstance: sales_mart.truncate_customer_research manual__2024-02-12T07:43:13.841626+00:00 [running]> on host 91766ce79ef0
[2024-02-12 07:43:16,881] {taskinstance.py:1569} INFO - Exporting the following env vars:
AIRFLOW_CTX_DAG_EMAIL=student@example.com
AIRFLOW_CTX_DAG_OWNER=student
AIRFLOW_CTX_DAG_ID=sales_mart
AIRFLOW_CTX_TASK_ID=truncate_customer_research
AIRFLOW_CTX_EXECUTION_DATE=2024-02-12T07:43:13.841626+00:00
AIRFLOW_CTX_TRY_NUMBER=1
AIRFLOW_CTX_DAG_RUN_ID=manual__2024-02-12T07:43:13.841626+00:00
[2024-02-12 07:43:16,887] {base.py:68} INFO - Using connection ID 'postgresql_de' for task execution.
[2024-02-12 07:43:16,890] {sql.py:315} INFO - Running statement: truncate staging.customer_research;, parameters: None
[2024-02-12 07:43:16,902] {taskinstance.py:1395} INFO - Marking task as SUCCESS. dag_id=sales_mart, task_id=truncate_customer_research, execution_date=20240212T074313, start_date=20240212T074316, end_date=20240212T074316
[2024-02-12 07:43:16,946] {local_task_job.py:156} INFO - Task exited with return code 0
[2024-02-12 07:43:16,977] {local_task_job.py:273} INFO - 0 downstream tasks scheduled from follow-on schedule check
