[2024-02-12 08:09:58,676] {taskinstance.py:1159} INFO - Dependencies all met for <TaskInstance: sales_mart_inc.truncate_user_activity_log scheduled__2024-02-05T08:09:37.968777+00:00 [queued]>
[2024-02-12 08:09:58,681] {taskinstance.py:1159} INFO - Dependencies all met for <TaskInstance: sales_mart_inc.truncate_user_activity_log scheduled__2024-02-05T08:09:37.968777+00:00 [queued]>
[2024-02-12 08:09:58,681] {taskinstance.py:1356} INFO - 
--------------------------------------------------------------------------------
[2024-02-12 08:09:58,681] {taskinstance.py:1357} INFO - Starting attempt 1 of 1
[2024-02-12 08:09:58,681] {taskinstance.py:1358} INFO - 
--------------------------------------------------------------------------------
[2024-02-12 08:09:58,687] {taskinstance.py:1377} INFO - Executing <Task(PostgresOperator): truncate_user_activity_log> on 2024-02-05 08:09:37.968777+00:00
[2024-02-12 08:09:58,689] {standard_task_runner.py:52} INFO - Started process 11763 to run task
[2024-02-12 08:09:58,691] {standard_task_runner.py:79} INFO - Running: ['airflow', 'tasks', 'run', 'sales_mart_inc', 'truncate_user_activity_log', 'scheduled__2024-02-05T08:09:37.968777+00:00', '--job-id', '261', '--raw', '--subdir', 'DAGS_FOLDER/sales_mart_inc.py', '--cfg-path', '/tmp/tmpz9oydvkx', '--error-file', '/tmp/tmpjjm8_20s']
[2024-02-12 08:09:58,692] {standard_task_runner.py:80} INFO - Job 261: Subtask truncate_user_activity_log
[2024-02-12 08:09:58,726] {task_command.py:369} INFO - Running <TaskInstance: sales_mart_inc.truncate_user_activity_log scheduled__2024-02-05T08:09:37.968777+00:00 [running]> on host 91766ce79ef0
[2024-02-12 08:09:58,761] {taskinstance.py:1569} INFO - Exporting the following env vars:
AIRFLOW_CTX_DAG_EMAIL=student@example.com
AIRFLOW_CTX_DAG_OWNER=student
AIRFLOW_CTX_DAG_ID=sales_mart_inc
AIRFLOW_CTX_TASK_ID=truncate_user_activity_log
AIRFLOW_CTX_EXECUTION_DATE=2024-02-05T08:09:37.968777+00:00
AIRFLOW_CTX_TRY_NUMBER=1
AIRFLOW_CTX_DAG_RUN_ID=scheduled__2024-02-05T08:09:37.968777+00:00
[2024-02-12 08:09:58,767] {base.py:68} INFO - Using connection ID 'postgresql_de' for task execution.
[2024-02-12 08:09:58,771] {sql.py:315} INFO - Running statement: truncate staging.user_activity_log;, parameters: None
[2024-02-12 08:09:58,781] {taskinstance.py:1395} INFO - Marking task as SUCCESS. dag_id=sales_mart_inc, task_id=truncate_user_activity_log, execution_date=20240205T080937, start_date=20240212T080958, end_date=20240212T080958
[2024-02-12 08:09:58,823] {local_task_job.py:156} INFO - Task exited with return code 0
[2024-02-12 08:09:58,848] {local_task_job.py:273} INFO - 0 downstream tasks scheduled from follow-on schedule check
