[2024-02-12 09:59:59,149] {taskinstance.py:1159} INFO - Dependencies all met for <TaskInstance: sales_mart.get_report manual__2024-02-12T09:59:49.063603+00:00 [queued]>
[2024-02-12 09:59:59,154] {taskinstance.py:1159} INFO - Dependencies all met for <TaskInstance: sales_mart.get_report manual__2024-02-12T09:59:49.063603+00:00 [queued]>
[2024-02-12 09:59:59,154] {taskinstance.py:1356} INFO - 
--------------------------------------------------------------------------------
[2024-02-12 09:59:59,154] {taskinstance.py:1357} INFO - Starting attempt 1 of 1
[2024-02-12 09:59:59,154] {taskinstance.py:1358} INFO - 
--------------------------------------------------------------------------------
[2024-02-12 09:59:59,160] {taskinstance.py:1377} INFO - Executing <Task(PythonOperator): get_report> on 2024-02-12 09:59:49.063603+00:00
[2024-02-12 09:59:59,163] {standard_task_runner.py:52} INFO - Started process 18095 to run task
[2024-02-12 09:59:59,164] {standard_task_runner.py:79} INFO - Running: ['airflow', 'tasks', 'run', 'sales_mart', 'get_report', 'manual__2024-02-12T09:59:49.063603+00:00', '--job-id', '385', '--raw', '--subdir', 'DAGS_FOLDER/sales_mart.py', '--cfg-path', '/tmp/tmp3wqv_yqs', '--error-file', '/tmp/tmpnun_f4qg']
[2024-02-12 09:59:59,165] {standard_task_runner.py:80} INFO - Job 385: Subtask get_report
[2024-02-12 09:59:59,200] {task_command.py:369} INFO - Running <TaskInstance: sales_mart.get_report manual__2024-02-12T09:59:49.063603+00:00 [running]> on host 91766ce79ef0
[2024-02-12 09:59:59,240] {taskinstance.py:1569} INFO - Exporting the following env vars:
AIRFLOW_CTX_DAG_EMAIL=student@example.com
AIRFLOW_CTX_DAG_OWNER=student
AIRFLOW_CTX_DAG_ID=sales_mart
AIRFLOW_CTX_TASK_ID=get_report
AIRFLOW_CTX_EXECUTION_DATE=2024-02-12T09:59:49.063603+00:00
AIRFLOW_CTX_TRY_NUMBER=1
AIRFLOW_CTX_DAG_RUN_ID=manual__2024-02-12T09:59:49.063603+00:00
[2024-02-12 09:59:59,240] {logging_mixin.py:115} INFO - Making request get_report
[2024-02-12 10:00:00,076] {logging_mixin.py:115} INFO - Response is b'{"task_id":"MjAyNC0wMi0xMlQwOTo1OTo1NwlkYW1pci1rYWxpbmluNw==","status":"RUNNING","data":{"report_id":null,"start_day":null,"end_date":null,"s3_path":{}}}'
[2024-02-12 10:00:11,428] {logging_mixin.py:115} INFO - Response is b'{"task_id":"MjAyNC0wMi0xMlQwOTo1OTo1NwlkYW1pci1rYWxpbmluNw==","status":"RUNNING","data":{"report_id":null,"start_day":null,"end_date":null,"s3_path":{}}}'
[2024-02-12 10:00:22,021] {logging_mixin.py:115} INFO - Response is b'{"task_id":"MjAyNC0wMi0xMlQwOTo1OTo1NwlkYW1pci1rYWxpbmluNw==","status":"RUNNING","data":{"report_id":null,"start_day":null,"end_date":null,"s3_path":{}}}'
[2024-02-12 10:00:32,439] {logging_mixin.py:115} INFO - Response is b'{"task_id":"MjAyNC0wMi0xMlQwOTo1OTo1NwlkYW1pci1rYWxpbmluNw==","status":"RUNNING","data":{"report_id":null,"start_day":null,"end_date":null,"s3_path":{}}}'
[2024-02-12 10:00:43,285] {logging_mixin.py:115} INFO - Response is b'{"task_id":"MjAyNC0wMi0xMlQwOTo1OTo1NwlkYW1pci1rYWxpbmluNw==","status":"RUNNING","data":{"report_id":null,"start_day":null,"end_date":null,"s3_path":{}}}'
[2024-02-12 10:00:53,642] {logging_mixin.py:115} INFO - Response is b'{"task_id":"MjAyNC0wMi0xMlQwOTo1OTo1NwlkYW1pci1rYWxpbmluNw==","status":"RUNNING","data":{"report_id":null,"start_day":null,"end_date":null,"s3_path":{}}}'
[2024-02-12 10:01:07,757] {logging_mixin.py:115} INFO - Response is b'{"task_id":"MjAyNC0wMi0xMlQwOTo1OTo1NwlkYW1pci1rYWxpbmluNw==","status":"SUCCESS","data":{"report_id":"TWpBeU5DMHdNaTB4TWxRd09UbzFPVG8xTndsa1lXMXBjaTFyWVd4cGJtbHVOdz09","start_day":"2024-01-13 00:00:00","end_date":"2024-02-04 00:00:00","s3_path":{"customer_research":"https://storage.yandexcloud.net/s3-sprint3/cohort_22/damir-kalinin7/project/TWpBeU5DMHdNaTB4TWxRd09UbzFPVG8xTndsa1lXMXBjaTFyWVd4cGJtbHVOdz09/customer_research.csv","user_order_log":"https://storage.yandexcloud.net/s3-sprint3/cohort_22/damir-kalinin7/project/TWpBeU5DMHdNaTB4TWxRd09UbzFPVG8xTndsa1lXMXBjaTFyWVd4cGJtbHVOdz09/user_order_log.csv","user_activity_log":"https://storage.yandexcloud.net/s3-sprint3/cohort_22/damir-kalinin7/project/TWpBeU5DMHdNaTB4TWxRd09UbzFPVG8xTndsa1lXMXBjaTFyWVd4cGJtbHVOdz09/user_activity_log.csv","price_log":"https://storage.yandexcloud.net/s3-sprint3/cohort_22/damir-kalinin7/project/TWpBeU5DMHdNaTB4TWxRd09UbzFPVG8xTndsa1lXMXBjaTFyWVd4cGJtbHVOdz09/price_log.csv"}}}'
[2024-02-12 10:01:07,771] {logging_mixin.py:115} INFO - Report_id=TWpBeU5DMHdNaTB4TWxRd09UbzFPVG8xTndsa1lXMXBjaTFyWVd4cGJtbHVOdz09
[2024-02-12 10:01:07,771] {python.py:173} INFO - Done. Returned value was: None
[2024-02-12 10:01:07,781] {taskinstance.py:1395} INFO - Marking task as SUCCESS. dag_id=sales_mart, task_id=get_report, execution_date=20240212T095949, start_date=20240212T095959, end_date=20240212T100107
[2024-02-12 10:01:07,819] {local_task_job.py:156} INFO - Task exited with return code 0
[2024-02-12 10:01:07,847] {local_task_job.py:273} INFO - 4 downstream tasks scheduled from follow-on schedule check
