[2024-02-11 22:19:48,673] {taskinstance.py:1159} INFO - Dependencies all met for <TaskInstance: sales_mart.upload_user_activity_log_inc scheduled__2024-02-04T22:18:04.422328+00:00 [queued]>
[2024-02-11 22:19:48,678] {taskinstance.py:1159} INFO - Dependencies all met for <TaskInstance: sales_mart.upload_user_activity_log_inc scheduled__2024-02-04T22:18:04.422328+00:00 [queued]>
[2024-02-11 22:19:48,679] {taskinstance.py:1356} INFO - 
--------------------------------------------------------------------------------
[2024-02-11 22:19:48,679] {taskinstance.py:1357} INFO - Starting attempt 1 of 1
[2024-02-11 22:19:48,679] {taskinstance.py:1358} INFO - 
--------------------------------------------------------------------------------
[2024-02-11 22:19:48,685] {taskinstance.py:1377} INFO - Executing <Task(PythonOperator): upload_user_activity_log_inc> on 2024-02-04 22:18:04.422328+00:00
[2024-02-11 22:19:48,688] {standard_task_runner.py:52} INFO - Started process 39273 to run task
[2024-02-11 22:19:48,689] {standard_task_runner.py:79} INFO - Running: ['airflow', 'tasks', 'run', 'sales_mart', 'upload_user_activity_log_inc', 'scheduled__2024-02-04T22:18:04.422328+00:00', '--job-id', '940', '--raw', '--subdir', 'DAGS_FOLDER/sprint3 copy.py', '--cfg-path', '/tmp/tmpcelpqvyw', '--error-file', '/tmp/tmpmbm4mvpi']
[2024-02-11 22:19:48,690] {standard_task_runner.py:80} INFO - Job 940: Subtask upload_user_activity_log_inc
[2024-02-11 22:19:48,724] {task_command.py:369} INFO - Running <TaskInstance: sales_mart.upload_user_activity_log_inc scheduled__2024-02-04T22:18:04.422328+00:00 [running]> on host 2a8d1eb5116f
[2024-02-11 22:19:48,762] {taskinstance.py:1569} INFO - Exporting the following env vars:
AIRFLOW_CTX_DAG_EMAIL=student@example.com
AIRFLOW_CTX_DAG_OWNER=student
AIRFLOW_CTX_DAG_ID=sales_mart
AIRFLOW_CTX_TASK_ID=upload_user_activity_log_inc
AIRFLOW_CTX_EXECUTION_DATE=2024-02-04T22:18:04.422328+00:00
AIRFLOW_CTX_TRY_NUMBER=1
AIRFLOW_CTX_DAG_RUN_ID=scheduled__2024-02-04T22:18:04.422328+00:00
[2024-02-11 22:19:48,769] {logging_mixin.py:115} INFO - https://storage.yandexcloud.net/s3-sprint3/cohort_22/damir-kalinin7/project/MjAyNC0wMi0wNFQwMDowMDowMAlUV3BCZVU1RE1IZE5hVEI0VFZaUmVVMXFiM2hQUkc5NVRsRnNhMWxYTVhCamFURnlXVmQ0Y0dKdGJIVk9kejA5/user_activity_log_inc.csv
[2024-02-11 22:19:48,770] {logging_mixin.py:115} INFO - 20240204_user_activity_log_inc.csv
[2024-02-11 22:19:49,112] {logging_mixin.py:115} INFO - b'id,uniq_id,date_time,action_id,customer_id,quantity\r\n1,6430164f7bd9bca469913da7f903bdf3,2024-02-04T00:00:00,1,531,19\r\n2,eda21262bc9b49a2d01fe0e686696913,2024-02-04T00:00:00,1,180,24\r\n3,2ff9f368659ce0910bfa74a96ba6198d,2024-02-04T00:00:00,3,441,0\r\n4,c248137d9590ad495bb191644d7c132a,2024-02-04T00:00:00,3,131,5\r\n'
[2024-02-11 22:19:49,117] {logging_mixin.py:115} INFO - Index(['uniq_id', 'date_time', 'action_id', 'customer_id', 'quantity'], dtype='object')
[2024-02-11 22:19:49,124] {base.py:68} INFO - Using connection ID 'postgresql_de' for task execution.
[2024-02-11 22:19:49,134] {logging_mixin.py:115} INFO - 4 rows was inserted
[2024-02-11 22:19:49,134] {python.py:173} INFO - Done. Returned value was: None
[2024-02-11 22:19:49,142] {taskinstance.py:1395} INFO - Marking task as SUCCESS. dag_id=sales_mart, task_id=upload_user_activity_log_inc, execution_date=20240204T221804, start_date=20240211T221948, end_date=20240211T221949
[2024-02-11 22:19:49,183] {local_task_job.py:156} INFO - Task exited with return code 0
[2024-02-11 22:19:49,207] {local_task_job.py:273} INFO - 0 downstream tasks scheduled from follow-on schedule check
