[2024-02-12 07:55:15,560] {taskinstance.py:1159} INFO - Dependencies all met for <TaskInstance: sales_mart_inc.get_increment scheduled__2024-02-11T07:44:56.593240+00:00 [queued]>
[2024-02-12 07:55:15,564] {taskinstance.py:1159} INFO - Dependencies all met for <TaskInstance: sales_mart_inc.get_increment scheduled__2024-02-11T07:44:56.593240+00:00 [queued]>
[2024-02-12 07:55:15,564] {taskinstance.py:1356} INFO - 
--------------------------------------------------------------------------------
[2024-02-12 07:55:15,564] {taskinstance.py:1357} INFO - Starting attempt 1 of 1
[2024-02-12 07:55:15,564] {taskinstance.py:1358} INFO - 
--------------------------------------------------------------------------------
[2024-02-12 07:55:15,569] {taskinstance.py:1377} INFO - Executing <Task(PythonOperator): get_increment> on 2024-02-11 07:44:56.593240+00:00
[2024-02-12 07:55:15,572] {standard_task_runner.py:52} INFO - Started process 10544 to run task
[2024-02-12 07:55:15,573] {standard_task_runner.py:79} INFO - Running: ['airflow', 'tasks', 'run', 'sales_mart_inc', 'get_increment', 'scheduled__2024-02-11T07:44:56.593240+00:00', '--job-id', '236', '--raw', '--subdir', 'DAGS_FOLDER/sales_mart_inc.py', '--cfg-path', '/tmp/tmpy0fuh8nm', '--error-file', '/tmp/tmp18sb9cen']
[2024-02-12 07:55:15,574] {standard_task_runner.py:80} INFO - Job 236: Subtask get_increment
[2024-02-12 07:55:15,604] {task_command.py:369} INFO - Running <TaskInstance: sales_mart_inc.get_increment scheduled__2024-02-11T07:44:56.593240+00:00 [running]> on host 91766ce79ef0
[2024-02-12 07:55:15,639] {taskinstance.py:1569} INFO - Exporting the following env vars:
AIRFLOW_CTX_DAG_EMAIL=student@example.com
AIRFLOW_CTX_DAG_OWNER=student
AIRFLOW_CTX_DAG_ID=sales_mart_inc
AIRFLOW_CTX_TASK_ID=get_increment
AIRFLOW_CTX_EXECUTION_DATE=2024-02-11T07:44:56.593240+00:00
AIRFLOW_CTX_TRY_NUMBER=1
AIRFLOW_CTX_DAG_RUN_ID=scheduled__2024-02-11T07:44:56.593240+00:00
[2024-02-12 07:55:15,640] {logging_mixin.py:115} INFO - Making request get_increment
[2024-02-12 07:55:18,137] {logging_mixin.py:115} INFO - Response is b'{"report_id":"TWpBeU5DMHdNaTB4TWxRd056bzFORG93Tndsa1lXMXBjaTFyWVd4cGJtbHVOdz09","date":"2024-02-11 00:00:00","status":"SUCCESS","data":{"increment_id":"MjAyNC0wMi0xMVQwMDowMDowMAlUV3BCZVU1RE1IZE5hVEI0VFd4UmQwNTZiekZPUkc5M1RuZHNhMWxYTVhCamFURnlXVmQ0Y0dKdGJIVk9kejA5","s3_path":{"customer_research_inc":"https://storage.yandexcloud.net/s3-sprint3/cohort_22/damir-kalinin7/project/MjAyNC0wMi0xMVQwMDowMDowMAlUV3BCZVU1RE1IZE5hVEI0VFd4UmQwNTZiekZPUkc5M1RuZHNhMWxYTVhCamFURnlXVmQ0Y0dKdGJIVk9kejA5/customer_research_inc.csv","user_order_log_inc":"https://storage.yandexcloud.net/s3-sprint3/cohort_22/damir-kalinin7/project/MjAyNC0wMi0xMVQwMDowMDowMAlUV3BCZVU1RE1IZE5hVEI0VFd4UmQwNTZiekZPUkc5M1RuZHNhMWxYTVhCamFURnlXVmQ0Y0dKdGJIVk9kejA5/user_order_log_inc.csv","user_activity_log_inc":"https://storage.yandexcloud.net/s3-sprint3/cohort_22/damir-kalinin7/project/MjAyNC0wMi0xMVQwMDowMDowMAlUV3BCZVU1RE1IZE5hVEI0VFd4UmQwNTZiekZPUkc5M1RuZHNhMWxYTVhCamFURnlXVmQ0Y0dKdGJIVk9kejA5/user_activity_log_inc.csv","price_log_inc":"https://storage.yandexcloud.net/s3-sprint3/cohort_22/damir-kalinin7/project/TWpBeU5DMHdNaTB4TWxRd056bzFORG93Tndsa1lXMXBjaTFyWVd4cGJtbHVOdz09/price_log_inc.csv"}}}'
[2024-02-12 07:55:18,149] {logging_mixin.py:115} INFO - increment_id=MjAyNC0wMi0xMVQwMDowMDowMAlUV3BCZVU1RE1IZE5hVEI0VFd4UmQwNTZiekZPUkc5M1RuZHNhMWxYTVhCamFURnlXVmQ0Y0dKdGJIVk9kejA5
[2024-02-12 07:55:18,149] {python.py:173} INFO - Done. Returned value was: None
[2024-02-12 07:55:18,158] {taskinstance.py:1395} INFO - Marking task as SUCCESS. dag_id=sales_mart_inc, task_id=get_increment, execution_date=20240211T074456, start_date=20240212T075515, end_date=20240212T075518
[2024-02-12 07:55:18,198] {local_task_job.py:156} INFO - Task exited with return code 0
[2024-02-12 07:55:18,222] {local_task_job.py:273} INFO - 3 downstream tasks scheduled from follow-on schedule check
