[2024-02-11 18:45:17,534] {taskinstance.py:1159} INFO - Dependencies all met for <TaskInstance: sales_mart.generate_report scheduled__2024-02-09T18:42:14.555547+00:00 [queued]>
[2024-02-11 18:45:17,539] {taskinstance.py:1159} INFO - Dependencies all met for <TaskInstance: sales_mart.generate_report scheduled__2024-02-09T18:42:14.555547+00:00 [queued]>
[2024-02-11 18:45:17,539] {taskinstance.py:1356} INFO - 
--------------------------------------------------------------------------------
[2024-02-11 18:45:17,539] {taskinstance.py:1357} INFO - Starting attempt 1 of 1
[2024-02-11 18:45:17,539] {taskinstance.py:1358} INFO - 
--------------------------------------------------------------------------------
[2024-02-11 18:45:17,545] {taskinstance.py:1377} INFO - Executing <Task(PythonOperator): generate_report> on 2024-02-09 18:42:14.555547+00:00
[2024-02-11 18:45:17,547] {standard_task_runner.py:52} INFO - Started process 11446 to run task
[2024-02-11 18:45:17,549] {standard_task_runner.py:79} INFO - Running: ['airflow', 'tasks', 'run', 'sales_mart', 'generate_report', 'scheduled__2024-02-09T18:42:14.555547+00:00', '--job-id', '242', '--raw', '--subdir', 'DAGS_FOLDER/sprint3.py', '--cfg-path', '/tmp/tmpy2hoac57', '--error-file', '/tmp/tmphr26vosf']
[2024-02-11 18:45:17,549] {standard_task_runner.py:80} INFO - Job 242: Subtask generate_report
[2024-02-11 18:45:17,578] {task_command.py:369} INFO - Running <TaskInstance: sales_mart.generate_report scheduled__2024-02-09T18:42:14.555547+00:00 [running]> on host 2a8d1eb5116f
[2024-02-11 18:45:17,611] {taskinstance.py:1569} INFO - Exporting the following env vars:
AIRFLOW_CTX_DAG_EMAIL=student@example.com
AIRFLOW_CTX_DAG_OWNER=student
AIRFLOW_CTX_DAG_ID=sales_mart
AIRFLOW_CTX_TASK_ID=generate_report
AIRFLOW_CTX_EXECUTION_DATE=2024-02-09T18:42:14.555547+00:00
AIRFLOW_CTX_TRY_NUMBER=1
AIRFLOW_CTX_DAG_RUN_ID=scheduled__2024-02-09T18:42:14.555547+00:00
[2024-02-11 18:45:17,611] {logging_mixin.py:115} INFO - Making request generate_report
[2024-02-11 18:45:17,935] {logging_mixin.py:115} INFO - Response is b'{"task_id":"MjAyNC0wMi0xMVQxODo0NToxNwlkYW1pci1rYWxpbmluNw=="}'
[2024-02-11 18:45:17,936] {python.py:173} INFO - Done. Returned value was: None
[2024-02-11 18:45:17,944] {taskinstance.py:1395} INFO - Marking task as SUCCESS. dag_id=sales_mart, task_id=generate_report, execution_date=20240209T184214, start_date=20240211T184517, end_date=20240211T184517
[2024-02-11 18:45:17,963] {local_task_job.py:156} INFO - Task exited with return code 0
[2024-02-11 18:45:17,984] {local_task_job.py:273} INFO - 1 downstream tasks scheduled from follow-on schedule check
