[2024-02-11 20:17:57,843] {taskinstance.py:1159} INFO - Dependencies all met for <TaskInstance: sales_mart.truncate_user_order_log scheduled__2024-02-08T20:16:07.592478+00:00 [queued]>
[2024-02-11 20:17:57,847] {taskinstance.py:1159} INFO - Dependencies all met for <TaskInstance: sales_mart.truncate_user_order_log scheduled__2024-02-08T20:16:07.592478+00:00 [queued]>
[2024-02-11 20:17:57,847] {taskinstance.py:1356} INFO - 
--------------------------------------------------------------------------------
[2024-02-11 20:17:57,847] {taskinstance.py:1357} INFO - Starting attempt 1 of 1
[2024-02-11 20:17:57,847] {taskinstance.py:1358} INFO - 
--------------------------------------------------------------------------------
[2024-02-11 20:17:57,852] {taskinstance.py:1377} INFO - Executing <Task(PostgresOperator): truncate_user_order_log> on 2024-02-08 20:16:07.592478+00:00
[2024-02-11 20:17:57,855] {standard_task_runner.py:52} INFO - Started process 19538 to run task
[2024-02-11 20:17:57,857] {standard_task_runner.py:79} INFO - Running: ['airflow', 'tasks', 'run', 'sales_mart', 'truncate_user_order_log', 'scheduled__2024-02-08T20:16:07.592478+00:00', '--job-id', '443', '--raw', '--subdir', 'DAGS_FOLDER/sprint3 copy.py', '--cfg-path', '/tmp/tmp27k4pebp', '--error-file', '/tmp/tmpygexhiur']
[2024-02-11 20:17:57,857] {standard_task_runner.py:80} INFO - Job 443: Subtask truncate_user_order_log
[2024-02-11 20:17:57,886] {task_command.py:369} INFO - Running <TaskInstance: sales_mart.truncate_user_order_log scheduled__2024-02-08T20:16:07.592478+00:00 [running]> on host 2a8d1eb5116f
[2024-02-11 20:17:57,919] {taskinstance.py:1569} INFO - Exporting the following env vars:
AIRFLOW_CTX_DAG_EMAIL=student@example.com
AIRFLOW_CTX_DAG_OWNER=student
AIRFLOW_CTX_DAG_ID=sales_mart
AIRFLOW_CTX_TASK_ID=truncate_user_order_log
AIRFLOW_CTX_EXECUTION_DATE=2024-02-08T20:16:07.592478+00:00
AIRFLOW_CTX_TRY_NUMBER=1
AIRFLOW_CTX_DAG_RUN_ID=scheduled__2024-02-08T20:16:07.592478+00:00
[2024-02-11 20:17:57,926] {base.py:68} INFO - Using connection ID 'postgresql_de' for task execution.
[2024-02-11 20:17:57,929] {sql.py:315} INFO - Running statement: truncate staging.user_order_log;, parameters: None
[2024-02-11 20:17:57,942] {taskinstance.py:1395} INFO - Marking task as SUCCESS. dag_id=sales_mart, task_id=truncate_user_order_log, execution_date=20240208T201607, start_date=20240211T201757, end_date=20240211T201757
[2024-02-11 20:17:57,988] {local_task_job.py:156} INFO - Task exited with return code 0
[2024-02-11 20:17:58,012] {local_task_job.py:273} INFO - 1 downstream tasks scheduled from follow-on schedule check
