[2024-02-11 22:53:55,471] {taskinstance.py:1159} INFO - Dependencies all met for <TaskInstance: sales_mart.get_increment scheduled__2024-02-04T22:52:38.597307+00:00 [queued]>
[2024-02-11 22:53:55,475] {taskinstance.py:1159} INFO - Dependencies all met for <TaskInstance: sales_mart.get_increment scheduled__2024-02-04T22:52:38.597307+00:00 [queued]>
[2024-02-11 22:53:55,476] {taskinstance.py:1356} INFO - 
--------------------------------------------------------------------------------
[2024-02-11 22:53:55,476] {taskinstance.py:1357} INFO - Starting attempt 1 of 1
[2024-02-11 22:53:55,476] {taskinstance.py:1358} INFO - 
--------------------------------------------------------------------------------
[2024-02-11 22:53:55,482] {taskinstance.py:1377} INFO - Executing <Task(PythonOperator): get_increment> on 2024-02-04 22:52:38.597307+00:00
[2024-02-11 22:53:55,484] {standard_task_runner.py:52} INFO - Started process 46272 to run task
[2024-02-11 22:53:55,486] {standard_task_runner.py:79} INFO - Running: ['airflow', 'tasks', 'run', 'sales_mart', 'get_increment', 'scheduled__2024-02-04T22:52:38.597307+00:00', '--job-id', '1124', '--raw', '--subdir', 'DAGS_FOLDER/sprint3 copy.py', '--cfg-path', '/tmp/tmp0kll7h0o', '--error-file', '/tmp/tmp9lgap5j2']
[2024-02-11 22:53:55,486] {standard_task_runner.py:80} INFO - Job 1124: Subtask get_increment
[2024-02-11 22:53:55,514] {task_command.py:369} INFO - Running <TaskInstance: sales_mart.get_increment scheduled__2024-02-04T22:52:38.597307+00:00 [running]> on host 2a8d1eb5116f
[2024-02-11 22:53:55,551] {taskinstance.py:1569} INFO - Exporting the following env vars:
AIRFLOW_CTX_DAG_EMAIL=student@example.com
AIRFLOW_CTX_DAG_OWNER=student
AIRFLOW_CTX_DAG_ID=sales_mart
AIRFLOW_CTX_TASK_ID=get_increment
AIRFLOW_CTX_EXECUTION_DATE=2024-02-04T22:52:38.597307+00:00
AIRFLOW_CTX_TRY_NUMBER=1
AIRFLOW_CTX_DAG_RUN_ID=scheduled__2024-02-04T22:52:38.597307+00:00
[2024-02-11 22:53:55,551] {logging_mixin.py:115} INFO - Making request get_increment
[2024-02-11 22:53:57,527] {logging_mixin.py:115} INFO - Response is b'{"report_id":"TWpBeU5DMHdNaTB4TVZReU1qbzFNam8wTmdsa1lXMXBjaTFyWVd4cGJtbHVOdz09","date":"2024-02-04 00:00:00","status":"SUCCESS","data":{"increment_id":"MjAyNC0wMi0wNFQwMDowMDowMAlUV3BCZVU1RE1IZE5hVEI0VFZaUmVVMXFiekZOYW04d1RtZHNhMWxYTVhCamFURnlXVmQ0Y0dKdGJIVk9kejA5","s3_path":{"customer_research_inc":"https://storage.yandexcloud.net/s3-sprint3/cohort_22/damir-kalinin7/project/MjAyNC0wMi0wNFQwMDowMDowMAlUV3BCZVU1RE1IZE5hVEI0VFZaUmVVMXFiekZOYW04d1RtZHNhMWxYTVhCamFURnlXVmQ0Y0dKdGJIVk9kejA5/customer_research_inc.csv","user_order_log_inc":"https://storage.yandexcloud.net/s3-sprint3/cohort_22/damir-kalinin7/project/MjAyNC0wMi0wNFQwMDowMDowMAlUV3BCZVU1RE1IZE5hVEI0VFZaUmVVMXFiekZOYW04d1RtZHNhMWxYTVhCamFURnlXVmQ0Y0dKdGJIVk9kejA5/user_order_log_inc.csv","user_activity_log_inc":"https://storage.yandexcloud.net/s3-sprint3/cohort_22/damir-kalinin7/project/MjAyNC0wMi0wNFQwMDowMDowMAlUV3BCZVU1RE1IZE5hVEI0VFZaUmVVMXFiekZOYW04d1RtZHNhMWxYTVhCamFURnlXVmQ0Y0dKdGJIVk9kejA5/user_activity_log_inc.csv","price_log_inc":"https://storage.yandexcloud.net/s3-sprint3/cohort_22/damir-kalinin7/project/TWpBeU5DMHdNaTB4TVZReU1qbzFNam8wTmdsa1lXMXBjaTFyWVd4cGJtbHVOdz09/price_log_inc.csv"}}}'
[2024-02-11 22:53:57,538] {logging_mixin.py:115} INFO - increment_id=MjAyNC0wMi0wNFQwMDowMDowMAlUV3BCZVU1RE1IZE5hVEI0VFZaUmVVMXFiekZOYW04d1RtZHNhMWxYTVhCamFURnlXVmQ0Y0dKdGJIVk9kejA5
[2024-02-11 22:53:57,538] {python.py:173} INFO - Done. Returned value was: None
[2024-02-11 22:53:57,545] {taskinstance.py:1395} INFO - Marking task as SUCCESS. dag_id=sales_mart, task_id=get_increment, execution_date=20240204T225238, start_date=20240211T225355, end_date=20240211T225357
[2024-02-11 22:53:57,588] {local_task_job.py:156} INFO - Task exited with return code 0
[2024-02-11 22:53:57,617] {local_task_job.py:273} INFO - 4 downstream tasks scheduled from follow-on schedule check
