[2024-02-11 21:49:14,895] {taskinstance.py:1159} INFO - Dependencies all met for <TaskInstance: sales_mart.truncate_user_order_log scheduled__2024-02-09T21:42:14.967525+00:00 [queued]>
[2024-02-11 21:49:14,900] {taskinstance.py:1159} INFO - Dependencies all met for <TaskInstance: sales_mart.truncate_user_order_log scheduled__2024-02-09T21:42:14.967525+00:00 [queued]>
[2024-02-11 21:49:14,900] {taskinstance.py:1356} INFO - 
--------------------------------------------------------------------------------
[2024-02-11 21:49:14,900] {taskinstance.py:1357} INFO - Starting attempt 1 of 1
[2024-02-11 21:49:14,900] {taskinstance.py:1358} INFO - 
--------------------------------------------------------------------------------
[2024-02-11 21:49:14,906] {taskinstance.py:1377} INFO - Executing <Task(PostgresOperator): truncate_user_order_log> on 2024-02-09 21:42:14.967525+00:00
[2024-02-11 21:49:14,908] {standard_task_runner.py:52} INFO - Started process 35315 to run task
[2024-02-11 21:49:14,910] {standard_task_runner.py:79} INFO - Running: ['airflow', 'tasks', 'run', 'sales_mart', 'truncate_user_order_log', 'scheduled__2024-02-09T21:42:14.967525+00:00', '--job-id', '847', '--raw', '--subdir', 'DAGS_FOLDER/sprint3 copy.py', '--cfg-path', '/tmp/tmplf0_4yy1', '--error-file', '/tmp/tmpa3oslwlt']
[2024-02-11 21:49:14,910] {standard_task_runner.py:80} INFO - Job 847: Subtask truncate_user_order_log
[2024-02-11 21:49:14,941] {task_command.py:369} INFO - Running <TaskInstance: sales_mart.truncate_user_order_log scheduled__2024-02-09T21:42:14.967525+00:00 [running]> on host 2a8d1eb5116f
[2024-02-11 21:49:14,978] {taskinstance.py:1569} INFO - Exporting the following env vars:
AIRFLOW_CTX_DAG_EMAIL=student@example.com
AIRFLOW_CTX_DAG_OWNER=student
AIRFLOW_CTX_DAG_ID=sales_mart
AIRFLOW_CTX_TASK_ID=truncate_user_order_log
AIRFLOW_CTX_EXECUTION_DATE=2024-02-09T21:42:14.967525+00:00
AIRFLOW_CTX_TRY_NUMBER=1
AIRFLOW_CTX_DAG_RUN_ID=scheduled__2024-02-09T21:42:14.967525+00:00
[2024-02-11 21:49:14,985] {base.py:68} INFO - Using connection ID 'postgresql_de' for task execution.
[2024-02-11 21:49:14,988] {sql.py:315} INFO - Running statement: truncate staging.user_order_log;, parameters: None
[2024-02-11 21:49:15,001] {taskinstance.py:1395} INFO - Marking task as SUCCESS. dag_id=sales_mart, task_id=truncate_user_order_log, execution_date=20240209T214214, start_date=20240211T214914, end_date=20240211T214915
[2024-02-11 21:49:15,042] {local_task_job.py:156} INFO - Task exited with return code 0
[2024-02-11 21:49:15,064] {local_task_job.py:273} INFO - 0 downstream tasks scheduled from follow-on schedule check
