[2024-02-12 08:10:02,192] {taskinstance.py:1159} INFO - Dependencies all met for <TaskInstance: sales_mart_inc.generate_report scheduled__2024-02-05T08:09:37.968777+00:00 [queued]>
[2024-02-12 08:10:02,196] {taskinstance.py:1159} INFO - Dependencies all met for <TaskInstance: sales_mart_inc.generate_report scheduled__2024-02-05T08:09:37.968777+00:00 [queued]>
[2024-02-12 08:10:02,196] {taskinstance.py:1356} INFO - 
--------------------------------------------------------------------------------
[2024-02-12 08:10:02,196] {taskinstance.py:1357} INFO - Starting attempt 1 of 1
[2024-02-12 08:10:02,196] {taskinstance.py:1358} INFO - 
--------------------------------------------------------------------------------
[2024-02-12 08:10:02,201] {taskinstance.py:1377} INFO - Executing <Task(PythonOperator): generate_report> on 2024-02-05 08:09:37.968777+00:00
[2024-02-12 08:10:02,205] {standard_task_runner.py:52} INFO - Started process 11861 to run task
[2024-02-12 08:10:02,207] {standard_task_runner.py:79} INFO - Running: ['airflow', 'tasks', 'run', 'sales_mart_inc', 'generate_report', 'scheduled__2024-02-05T08:09:37.968777+00:00', '--job-id', '264', '--raw', '--subdir', 'DAGS_FOLDER/sales_mart_inc.py', '--cfg-path', '/tmp/tmp2myefo8w', '--error-file', '/tmp/tmp1cl00ebi']
[2024-02-12 08:10:02,207] {standard_task_runner.py:80} INFO - Job 264: Subtask generate_report
[2024-02-12 08:10:02,238] {task_command.py:369} INFO - Running <TaskInstance: sales_mart_inc.generate_report scheduled__2024-02-05T08:09:37.968777+00:00 [running]> on host 91766ce79ef0
[2024-02-12 08:10:02,274] {taskinstance.py:1569} INFO - Exporting the following env vars:
AIRFLOW_CTX_DAG_EMAIL=student@example.com
AIRFLOW_CTX_DAG_OWNER=student
AIRFLOW_CTX_DAG_ID=sales_mart_inc
AIRFLOW_CTX_TASK_ID=generate_report
AIRFLOW_CTX_EXECUTION_DATE=2024-02-05T08:09:37.968777+00:00
AIRFLOW_CTX_TRY_NUMBER=1
AIRFLOW_CTX_DAG_RUN_ID=scheduled__2024-02-05T08:09:37.968777+00:00
[2024-02-12 08:10:02,274] {logging_mixin.py:115} INFO - Making request generate_report
[2024-02-12 08:10:03,699] {logging_mixin.py:115} INFO - Response is b'{"task_id":"MjAyNC0wMi0xMlQwODoxMDowMwlkYW1pci1rYWxpbmluNw=="}'
[2024-02-12 08:10:03,699] {python.py:173} INFO - Done. Returned value was: None
[2024-02-12 08:10:03,708] {taskinstance.py:1395} INFO - Marking task as SUCCESS. dag_id=sales_mart_inc, task_id=generate_report, execution_date=20240205T080937, start_date=20240212T081002, end_date=20240212T081003
[2024-02-12 08:10:03,745] {local_task_job.py:156} INFO - Task exited with return code 0
[2024-02-12 08:10:03,769] {local_task_job.py:273} INFO - 1 downstream tasks scheduled from follow-on schedule check
