[2024-02-12 10:09:16,091] {taskinstance.py:1159} INFO - Dependencies all met for <TaskInstance: sales_mart_inc.get_increment scheduled__2024-02-07T10:05:47.421232+00:00 [queued]>
[2024-02-12 10:09:16,096] {taskinstance.py:1159} INFO - Dependencies all met for <TaskInstance: sales_mart_inc.get_increment scheduled__2024-02-07T10:05:47.421232+00:00 [queued]>
[2024-02-12 10:09:16,096] {taskinstance.py:1356} INFO - 
--------------------------------------------------------------------------------
[2024-02-12 10:09:16,096] {taskinstance.py:1357} INFO - Starting attempt 1 of 1
[2024-02-12 10:09:16,096] {taskinstance.py:1358} INFO - 
--------------------------------------------------------------------------------
[2024-02-12 10:09:16,101] {taskinstance.py:1377} INFO - Executing <Task(PythonOperator): get_increment> on 2024-02-07 10:05:47.421232+00:00
[2024-02-12 10:09:16,104] {standard_task_runner.py:52} INFO - Started process 19623 to run task
[2024-02-12 10:09:16,105] {standard_task_runner.py:79} INFO - Running: ['airflow', 'tasks', 'run', 'sales_mart_inc', 'get_increment', 'scheduled__2024-02-07T10:05:47.421232+00:00', '--job-id', '423', '--raw', '--subdir', 'DAGS_FOLDER/sales_mart_inc.py', '--cfg-path', '/tmp/tmp6rukubec', '--error-file', '/tmp/tmp0lrl1cny']
[2024-02-12 10:09:16,106] {standard_task_runner.py:80} INFO - Job 423: Subtask get_increment
[2024-02-12 10:09:16,135] {task_command.py:369} INFO - Running <TaskInstance: sales_mart_inc.get_increment scheduled__2024-02-07T10:05:47.421232+00:00 [running]> on host 91766ce79ef0
[2024-02-12 10:09:16,170] {taskinstance.py:1569} INFO - Exporting the following env vars:
AIRFLOW_CTX_DAG_EMAIL=student@example.com
AIRFLOW_CTX_DAG_OWNER=student
AIRFLOW_CTX_DAG_ID=sales_mart_inc
AIRFLOW_CTX_TASK_ID=get_increment
AIRFLOW_CTX_EXECUTION_DATE=2024-02-07T10:05:47.421232+00:00
AIRFLOW_CTX_TRY_NUMBER=1
AIRFLOW_CTX_DAG_RUN_ID=scheduled__2024-02-07T10:05:47.421232+00:00
[2024-02-12 10:09:16,170] {logging_mixin.py:115} INFO - Making request get_increment
[2024-02-12 10:09:18,572] {logging_mixin.py:115} INFO - Response is b'{"report_id":"TWpBeU5DMHdNaTB4TWxReE1Eb3dPRG93Tndsa1lXMXBjaTFyWVd4cGJtbHVOdz09","date":"2024-02-07 00:00:00","status":"SUCCESS","data":{"increment_id":"MjAyNC0wMi0wN1QwMDowMDowMAlUV3BCZVU1RE1IZE5hVEI0VFd4UmVFMUViM2RQUkc5M1RuZHNhMWxYTVhCamFURnlXVmQ0Y0dKdGJIVk9kejA5","s3_path":{"customer_research_inc":"https://storage.yandexcloud.net/s3-sprint3/cohort_22/damir-kalinin7/project/MjAyNC0wMi0wN1QwMDowMDowMAlUV3BCZVU1RE1IZE5hVEI0VFd4UmVFMUViM2RQUkc5M1RuZHNhMWxYTVhCamFURnlXVmQ0Y0dKdGJIVk9kejA5/customer_research_inc.csv","user_order_log_inc":"https://storage.yandexcloud.net/s3-sprint3/cohort_22/damir-kalinin7/project/MjAyNC0wMi0wN1QwMDowMDowMAlUV3BCZVU1RE1IZE5hVEI0VFd4UmVFMUViM2RQUkc5M1RuZHNhMWxYTVhCamFURnlXVmQ0Y0dKdGJIVk9kejA5/user_order_log_inc.csv","user_activity_log_inc":"https://storage.yandexcloud.net/s3-sprint3/cohort_22/damir-kalinin7/project/MjAyNC0wMi0wN1QwMDowMDowMAlUV3BCZVU1RE1IZE5hVEI0VFd4UmVFMUViM2RQUkc5M1RuZHNhMWxYTVhCamFURnlXVmQ0Y0dKdGJIVk9kejA5/user_activity_log_inc.csv","price_log_inc":"https://storage.yandexcloud.net/s3-sprint3/cohort_22/damir-kalinin7/project/TWpBeU5DMHdNaTB4TWxReE1Eb3dPRG93Tndsa1lXMXBjaTFyWVd4cGJtbHVOdz09/price_log_inc.csv"}}}'
[2024-02-12 10:09:18,582] {logging_mixin.py:115} INFO - increment_id=MjAyNC0wMi0wN1QwMDowMDowMAlUV3BCZVU1RE1IZE5hVEI0VFd4UmVFMUViM2RQUkc5M1RuZHNhMWxYTVhCamFURnlXVmQ0Y0dKdGJIVk9kejA5
[2024-02-12 10:09:18,582] {python.py:173} INFO - Done. Returned value was: None
[2024-02-12 10:09:18,589] {taskinstance.py:1395} INFO - Marking task as SUCCESS. dag_id=sales_mart_inc, task_id=get_increment, execution_date=20240207T100547, start_date=20240212T100916, end_date=20240212T100918
[2024-02-12 10:09:18,611] {local_task_job.py:156} INFO - Task exited with return code 0
[2024-02-12 10:09:18,635] {local_task_job.py:273} INFO - 3 downstream tasks scheduled from follow-on schedule check
