[2024-02-11 21:46:34,429] {taskinstance.py:1159} INFO - Dependencies all met for <TaskInstance: sales_mart.get_report scheduled__2024-02-07T21:42:14.967525+00:00 [queued]>
[2024-02-11 21:46:34,434] {taskinstance.py:1159} INFO - Dependencies all met for <TaskInstance: sales_mart.get_report scheduled__2024-02-07T21:42:14.967525+00:00 [queued]>
[2024-02-11 21:46:34,434] {taskinstance.py:1356} INFO - 
--------------------------------------------------------------------------------
[2024-02-11 21:46:34,434] {taskinstance.py:1357} INFO - Starting attempt 1 of 1
[2024-02-11 21:46:34,434] {taskinstance.py:1358} INFO - 
--------------------------------------------------------------------------------
[2024-02-11 21:46:34,442] {taskinstance.py:1377} INFO - Executing <Task(PythonOperator): get_report> on 2024-02-07 21:42:14.967525+00:00
[2024-02-11 21:46:34,445] {standard_task_runner.py:52} INFO - Started process 34590 to run task
[2024-02-11 21:46:34,446] {standard_task_runner.py:79} INFO - Running: ['airflow', 'tasks', 'run', 'sales_mart', 'get_report', 'scheduled__2024-02-07T21:42:14.967525+00:00', '--job-id', '828', '--raw', '--subdir', 'DAGS_FOLDER/sprint3 copy.py', '--cfg-path', '/tmp/tmp2658_vo9', '--error-file', '/tmp/tmpuc82ezij']
[2024-02-11 21:46:34,447] {standard_task_runner.py:80} INFO - Job 828: Subtask get_report
[2024-02-11 21:46:34,488] {task_command.py:369} INFO - Running <TaskInstance: sales_mart.get_report scheduled__2024-02-07T21:42:14.967525+00:00 [running]> on host 2a8d1eb5116f
[2024-02-11 21:46:34,529] {taskinstance.py:1569} INFO - Exporting the following env vars:
AIRFLOW_CTX_DAG_EMAIL=student@example.com
AIRFLOW_CTX_DAG_OWNER=student
AIRFLOW_CTX_DAG_ID=sales_mart
AIRFLOW_CTX_TASK_ID=get_report
AIRFLOW_CTX_EXECUTION_DATE=2024-02-07T21:42:14.967525+00:00
AIRFLOW_CTX_TRY_NUMBER=1
AIRFLOW_CTX_DAG_RUN_ID=scheduled__2024-02-07T21:42:14.967525+00:00
[2024-02-11 21:46:34,529] {logging_mixin.py:115} INFO - Making request get_report
[2024-02-11 21:46:34,769] {logging_mixin.py:115} INFO - Response is b'{"task_id":"MjAyNC0wMi0xMVQyMTo0NjozMwlkYW1pci1rYWxpbmluNw==","status":"RUNNING","data":{"report_id":null,"start_day":null,"end_date":null,"s3_path":{}}}'
[2024-02-11 21:46:45,101] {logging_mixin.py:115} INFO - Response is b'{"task_id":"MjAyNC0wMi0xMVQyMTo0NjozMwlkYW1pci1rYWxpbmluNw==","status":"RUNNING","data":{"report_id":null,"start_day":null,"end_date":null,"s3_path":{}}}'
[2024-02-11 21:46:55,707] {logging_mixin.py:115} INFO - Response is b'{"task_id":"MjAyNC0wMi0xMVQyMTo0NjozMwlkYW1pci1rYWxpbmluNw==","status":"RUNNING","data":{"report_id":null,"start_day":null,"end_date":null,"s3_path":{}}}'
[2024-02-11 21:47:05,986] {logging_mixin.py:115} INFO - Response is b'{"task_id":"MjAyNC0wMi0xMVQyMTo0NjozMwlkYW1pci1rYWxpbmluNw==","status":"RUNNING","data":{"report_id":null,"start_day":null,"end_date":null,"s3_path":{}}}'
[2024-02-11 21:47:16,197] {logging_mixin.py:115} INFO - Response is b'{"task_id":"MjAyNC0wMi0xMVQyMTo0NjozMwlkYW1pci1rYWxpbmluNw==","status":"RUNNING","data":{"report_id":null,"start_day":null,"end_date":null,"s3_path":{}}}'
[2024-02-11 21:47:26,467] {logging_mixin.py:115} INFO - Response is b'{"task_id":"MjAyNC0wMi0xMVQyMTo0NjozMwlkYW1pci1rYWxpbmluNw==","status":"RUNNING","data":{"report_id":null,"start_day":null,"end_date":null,"s3_path":{}}}'
[2024-02-11 21:47:39,885] {logging_mixin.py:115} INFO - Response is b'{"task_id":"MjAyNC0wMi0xMVQyMTo0NjozMwlkYW1pci1rYWxpbmluNw==","status":"SUCCESS","data":{"report_id":"TWpBeU5DMHdNaTB4TVZReU1UbzBOam96TXdsa1lXMXBjaTFyWVd4cGJtbHVOdz09","start_day":"2024-01-12 00:00:00","end_date":"2024-02-03 00:00:00","s3_path":{"customer_research":"https://storage.yandexcloud.net/s3-sprint3/cohort_22/damir-kalinin7/project/TWpBeU5DMHdNaTB4TVZReU1UbzBOam96TXdsa1lXMXBjaTFyWVd4cGJtbHVOdz09/customer_research.csv","user_order_log":"https://storage.yandexcloud.net/s3-sprint3/cohort_22/damir-kalinin7/project/TWpBeU5DMHdNaTB4TVZReU1UbzBOam96TXdsa1lXMXBjaTFyWVd4cGJtbHVOdz09/user_order_log.csv","user_activity_log":"https://storage.yandexcloud.net/s3-sprint3/cohort_22/damir-kalinin7/project/TWpBeU5DMHdNaTB4TVZReU1UbzBOam96TXdsa1lXMXBjaTFyWVd4cGJtbHVOdz09/user_activity_log.csv","price_log":"https://storage.yandexcloud.net/s3-sprint3/cohort_22/damir-kalinin7/project/TWpBeU5DMHdNaTB4TVZReU1UbzBOam96TXdsa1lXMXBjaTFyWVd4cGJtbHVOdz09/price_log.csv"}}}'
[2024-02-11 21:47:39,894] {logging_mixin.py:115} INFO - Report_id=TWpBeU5DMHdNaTB4TVZReU1UbzBOam96TXdsa1lXMXBjaTFyWVd4cGJtbHVOdz09
[2024-02-11 21:47:39,895] {python.py:173} INFO - Done. Returned value was: None
[2024-02-11 21:47:39,903] {taskinstance.py:1395} INFO - Marking task as SUCCESS. dag_id=sales_mart, task_id=get_report, execution_date=20240207T214214, start_date=20240211T214634, end_date=20240211T214739
[2024-02-11 21:47:39,941] {local_task_job.py:156} INFO - Task exited with return code 0
[2024-02-11 21:47:39,960] {local_task_job.py:273} INFO - 4 downstream tasks scheduled from follow-on schedule check
