[2024-02-12 14:08:17,611] {taskinstance.py:1159} INFO - Dependencies all met for <TaskInstance: sales_mart_inc.upload_user_activity_log_inc scheduled__2024-02-08T14:01:59.240675+00:00 [queued]>
[2024-02-12 14:08:17,615] {taskinstance.py:1159} INFO - Dependencies all met for <TaskInstance: sales_mart_inc.upload_user_activity_log_inc scheduled__2024-02-08T14:01:59.240675+00:00 [queued]>
[2024-02-12 14:08:17,616] {taskinstance.py:1356} INFO - 
--------------------------------------------------------------------------------
[2024-02-12 14:08:17,616] {taskinstance.py:1357} INFO - Starting attempt 1 of 1
[2024-02-12 14:08:17,616] {taskinstance.py:1358} INFO - 
--------------------------------------------------------------------------------
[2024-02-12 14:08:17,621] {taskinstance.py:1377} INFO - Executing <Task(PythonOperator): upload_user_activity_log_inc> on 2024-02-08 14:01:59.240675+00:00
[2024-02-12 14:08:17,624] {standard_task_runner.py:52} INFO - Started process 29422 to run task
[2024-02-12 14:08:17,625] {standard_task_runner.py:79} INFO - Running: ['airflow', 'tasks', 'run', 'sales_mart_inc', 'upload_user_activity_log_inc', 'scheduled__2024-02-08T14:01:59.240675+00:00', '--job-id', '579', '--raw', '--subdir', 'DAGS_FOLDER/sales_mart_inc.py', '--cfg-path', '/tmp/tmpdfwpi_i7', '--error-file', '/tmp/tmp0relsn4q']
[2024-02-12 14:08:17,626] {standard_task_runner.py:80} INFO - Job 579: Subtask upload_user_activity_log_inc
[2024-02-12 14:08:17,659] {task_command.py:369} INFO - Running <TaskInstance: sales_mart_inc.upload_user_activity_log_inc scheduled__2024-02-08T14:01:59.240675+00:00 [running]> on host 91766ce79ef0
[2024-02-12 14:08:17,694] {taskinstance.py:1569} INFO - Exporting the following env vars:
AIRFLOW_CTX_DAG_EMAIL=student@example.com
AIRFLOW_CTX_DAG_OWNER=student
AIRFLOW_CTX_DAG_ID=sales_mart_inc
AIRFLOW_CTX_TASK_ID=upload_user_activity_log_inc
AIRFLOW_CTX_EXECUTION_DATE=2024-02-08T14:01:59.240675+00:00
AIRFLOW_CTX_TRY_NUMBER=1
AIRFLOW_CTX_DAG_RUN_ID=scheduled__2024-02-08T14:01:59.240675+00:00
[2024-02-12 14:08:17,701] {logging_mixin.py:115} INFO - https://storage.yandexcloud.net/s3-sprint3/cohort_22/damir-kalinin7/project/MjAyNC0wMi0wOFQwMDowMDowMAlUV3BCZVU1RE1IZE5hVEI0VFd4UmVFNUViM2RPZW05M1RVRnNhMWxYTVhCamFURnlXVmQ0Y0dKdGJIVk9kejA5/user_activity_log_inc.csv
[2024-02-12 14:08:17,701] {logging_mixin.py:115} INFO - 20240208_user_activity_log_inc.csv
[2024-02-12 14:08:17,996] {logging_mixin.py:115} INFO - b'id,uniq_id,date_time,action_id,customer_id,quantity\r\n1,81d9e11c4f1ba5b262b5a7148b46a0d2,2024-02-08T00:00:00,3,440,8\r\n2,54182978004b693cc33c326241fc57ca,2024-02-08T00:00:00,0,950,8\r\n3,341a9eae787a527684b55509d81a9661,2024-02-08T00:00:00,0,271,7\r\n4,635b1741b76759bfdbe15b47e00694dd,2024-02-08T00:00:00,3,880,12\r\n'
[2024-02-12 14:08:18,003] {logging_mixin.py:115} INFO - Index(['uniq_id', 'date_time', 'action_id', 'customer_id', 'quantity'], dtype='object')
[2024-02-12 14:08:18,011] {base.py:68} INFO - Using connection ID 'postgresql_de' for task execution.
[2024-02-12 14:08:18,022] {logging_mixin.py:115} INFO - 4 rows was inserted
[2024-02-12 14:08:18,022] {python.py:173} INFO - Done. Returned value was: None
[2024-02-12 14:08:18,030] {taskinstance.py:1395} INFO - Marking task as SUCCESS. dag_id=sales_mart_inc, task_id=upload_user_activity_log_inc, execution_date=20240208T140159, start_date=20240212T140817, end_date=20240212T140818
[2024-02-12 14:08:18,039] {local_task_job.py:156} INFO - Task exited with return code 0
[2024-02-12 14:08:18,060] {local_task_job.py:273} INFO - 0 downstream tasks scheduled from follow-on schedule check
