[2024-02-12 10:05:59,896] {taskinstance.py:1159} INFO - Dependencies all met for <TaskInstance: sales_mart_inc.truncate_user_order_log scheduled__2024-02-05T10:05:47.421232+00:00 [queued]>
[2024-02-12 10:05:59,901] {taskinstance.py:1159} INFO - Dependencies all met for <TaskInstance: sales_mart_inc.truncate_user_order_log scheduled__2024-02-05T10:05:47.421232+00:00 [queued]>
[2024-02-12 10:05:59,901] {taskinstance.py:1356} INFO - 
--------------------------------------------------------------------------------
[2024-02-12 10:05:59,901] {taskinstance.py:1357} INFO - Starting attempt 1 of 1
[2024-02-12 10:05:59,901] {taskinstance.py:1358} INFO - 
--------------------------------------------------------------------------------
[2024-02-12 10:05:59,907] {taskinstance.py:1377} INFO - Executing <Task(PostgresOperator): truncate_user_order_log> on 2024-02-05 10:05:47.421232+00:00
[2024-02-12 10:05:59,910] {standard_task_runner.py:52} INFO - Started process 18644 to run task
[2024-02-12 10:05:59,911] {standard_task_runner.py:79} INFO - Running: ['airflow', 'tasks', 'run', 'sales_mart_inc', 'truncate_user_order_log', 'scheduled__2024-02-05T10:05:47.421232+00:00', '--job-id', '397', '--raw', '--subdir', 'DAGS_FOLDER/sales_mart_inc.py', '--cfg-path', '/tmp/tmps9vgy9lj', '--error-file', '/tmp/tmpb1nhan30']
[2024-02-12 10:05:59,912] {standard_task_runner.py:80} INFO - Job 397: Subtask truncate_user_order_log
[2024-02-12 10:05:59,945] {task_command.py:369} INFO - Running <TaskInstance: sales_mart_inc.truncate_user_order_log scheduled__2024-02-05T10:05:47.421232+00:00 [running]> on host 91766ce79ef0
[2024-02-12 10:05:59,984] {taskinstance.py:1569} INFO - Exporting the following env vars:
AIRFLOW_CTX_DAG_EMAIL=student@example.com
AIRFLOW_CTX_DAG_OWNER=student
AIRFLOW_CTX_DAG_ID=sales_mart_inc
AIRFLOW_CTX_TASK_ID=truncate_user_order_log
AIRFLOW_CTX_EXECUTION_DATE=2024-02-05T10:05:47.421232+00:00
AIRFLOW_CTX_TRY_NUMBER=1
AIRFLOW_CTX_DAG_RUN_ID=scheduled__2024-02-05T10:05:47.421232+00:00
[2024-02-12 10:05:59,992] {base.py:68} INFO - Using connection ID 'postgresql_de' for task execution.
[2024-02-12 10:05:59,996] {sql.py:315} INFO - Running statement: truncate staging.user_order_log;, parameters: None
[2024-02-12 10:06:00,012] {taskinstance.py:1395} INFO - Marking task as SUCCESS. dag_id=sales_mart_inc, task_id=truncate_user_order_log, execution_date=20240205T100547, start_date=20240212T100559, end_date=20240212T100600
[2024-02-12 10:06:00,043] {local_task_job.py:156} INFO - Task exited with return code 0
[2024-02-12 10:06:00,069] {local_task_job.py:273} INFO - 0 downstream tasks scheduled from follow-on schedule check
