[2024-02-12 14:12:58,816] {taskinstance.py:1159} INFO - Dependencies all met for <TaskInstance: sales_mart_inc.update_f_sales scheduled__2024-02-11T14:01:59.240675+00:00 [queued]>
[2024-02-12 14:12:58,823] {taskinstance.py:1159} INFO - Dependencies all met for <TaskInstance: sales_mart_inc.update_f_sales scheduled__2024-02-11T14:01:59.240675+00:00 [queued]>
[2024-02-12 14:12:58,823] {taskinstance.py:1356} INFO - 
--------------------------------------------------------------------------------
[2024-02-12 14:12:58,823] {taskinstance.py:1357} INFO - Starting attempt 1 of 1
[2024-02-12 14:12:58,823] {taskinstance.py:1358} INFO - 
--------------------------------------------------------------------------------
[2024-02-12 14:12:58,829] {taskinstance.py:1377} INFO - Executing <Task(PostgresOperator): update_f_sales> on 2024-02-11 14:01:59.240675+00:00
[2024-02-12 14:12:58,832] {standard_task_runner.py:52} INFO - Started process 31300 to run task
[2024-02-12 14:12:58,833] {standard_task_runner.py:79} INFO - Running: ['airflow', 'tasks', 'run', 'sales_mart_inc', 'update_f_sales', 'scheduled__2024-02-11T14:01:59.240675+00:00', '--job-id', '631', '--raw', '--subdir', 'DAGS_FOLDER/sales_mart_inc.py', '--cfg-path', '/tmp/tmpq0004m8f', '--error-file', '/tmp/tmpdalle1ga']
[2024-02-12 14:12:58,834] {standard_task_runner.py:80} INFO - Job 631: Subtask update_f_sales
[2024-02-12 14:12:58,868] {task_command.py:369} INFO - Running <TaskInstance: sales_mart_inc.update_f_sales scheduled__2024-02-11T14:01:59.240675+00:00 [running]> on host 91766ce79ef0
[2024-02-12 14:12:58,910] {taskinstance.py:1569} INFO - Exporting the following env vars:
AIRFLOW_CTX_DAG_EMAIL=student@example.com
AIRFLOW_CTX_DAG_OWNER=student
AIRFLOW_CTX_DAG_ID=sales_mart_inc
AIRFLOW_CTX_TASK_ID=update_f_sales
AIRFLOW_CTX_EXECUTION_DATE=2024-02-11T14:01:59.240675+00:00
AIRFLOW_CTX_TRY_NUMBER=1
AIRFLOW_CTX_DAG_RUN_ID=scheduled__2024-02-11T14:01:59.240675+00:00
[2024-02-12 14:12:58,918] {base.py:68} INFO - Using connection ID 'postgresql_de' for task execution.
[2024-02-12 14:12:58,923] {sql.py:315} INFO - Running statement: insert into mart.f_sales (date_id, item_id, customer_id, city_id, quantity, payment_amount)
select 
    dc.date_id, 
    item_id, 
    customer_id, 
    city_id, 
    quantity, 
case when uol.status='refunded'  then payment_amount*-1 else payment_amount end as payment_amount
from staging.user_order_log uol
left join mart.d_calendar as dc on uol.date_time::Date = dc.date_actual
where uol.date_time::Date = '2024-02-11';, parameters: {'date': ('{{ ds }}',)}
[2024-02-12 14:12:58,930] {sql.py:324} INFO - Rows affected: 379
[2024-02-12 14:12:58,941] {taskinstance.py:1395} INFO - Marking task as SUCCESS. dag_id=sales_mart_inc, task_id=update_f_sales, execution_date=20240211T140159, start_date=20240212T141258, end_date=20240212T141258
[2024-02-12 14:12:58,965] {local_task_job.py:156} INFO - Task exited with return code 0
[2024-02-12 14:12:58,988] {local_task_job.py:273} INFO - 1 downstream tasks scheduled from follow-on schedule check
