[2024-02-11 22:25:50,972] {taskinstance.py:1159} INFO - Dependencies all met for <TaskInstance: sales_mart.truncate_user_order_log scheduled__2024-02-09T22:18:04.422328+00:00 [queued]>
[2024-02-11 22:25:50,979] {taskinstance.py:1159} INFO - Dependencies all met for <TaskInstance: sales_mart.truncate_user_order_log scheduled__2024-02-09T22:18:04.422328+00:00 [queued]>
[2024-02-11 22:25:50,979] {taskinstance.py:1356} INFO - 
--------------------------------------------------------------------------------
[2024-02-11 22:25:50,979] {taskinstance.py:1357} INFO - Starting attempt 1 of 1
[2024-02-11 22:25:50,979] {taskinstance.py:1358} INFO - 
--------------------------------------------------------------------------------
[2024-02-11 22:25:50,986] {taskinstance.py:1377} INFO - Executing <Task(PostgresOperator): truncate_user_order_log> on 2024-02-09 22:18:04.422328+00:00
[2024-02-11 22:25:50,990] {standard_task_runner.py:52} INFO - Started process 41515 to run task
[2024-02-11 22:25:50,992] {standard_task_runner.py:79} INFO - Running: ['airflow', 'tasks', 'run', 'sales_mart', 'truncate_user_order_log', 'scheduled__2024-02-09T22:18:04.422328+00:00', '--job-id', '1002', '--raw', '--subdir', 'DAGS_FOLDER/sprint3 copy.py', '--cfg-path', '/tmp/tmph94tp1w6', '--error-file', '/tmp/tmpcieu8ah2']
[2024-02-11 22:25:50,993] {standard_task_runner.py:80} INFO - Job 1002: Subtask truncate_user_order_log
[2024-02-11 22:25:51,028] {task_command.py:369} INFO - Running <TaskInstance: sales_mart.truncate_user_order_log scheduled__2024-02-09T22:18:04.422328+00:00 [running]> on host 2a8d1eb5116f
[2024-02-11 22:25:51,067] {taskinstance.py:1569} INFO - Exporting the following env vars:
AIRFLOW_CTX_DAG_EMAIL=student@example.com
AIRFLOW_CTX_DAG_OWNER=student
AIRFLOW_CTX_DAG_ID=sales_mart
AIRFLOW_CTX_TASK_ID=truncate_user_order_log
AIRFLOW_CTX_EXECUTION_DATE=2024-02-09T22:18:04.422328+00:00
AIRFLOW_CTX_TRY_NUMBER=1
AIRFLOW_CTX_DAG_RUN_ID=scheduled__2024-02-09T22:18:04.422328+00:00
[2024-02-11 22:25:51,075] {base.py:68} INFO - Using connection ID 'postgresql_de' for task execution.
[2024-02-11 22:25:51,079] {sql.py:315} INFO - Running statement: truncate staging.user_order_log;, parameters: None
[2024-02-11 22:25:51,095] {taskinstance.py:1395} INFO - Marking task as SUCCESS. dag_id=sales_mart, task_id=truncate_user_order_log, execution_date=20240209T221804, start_date=20240211T222550, end_date=20240211T222551
[2024-02-11 22:25:51,125] {local_task_job.py:156} INFO - Task exited with return code 0
[2024-02-11 22:25:51,150] {local_task_job.py:273} INFO - 0 downstream tasks scheduled from follow-on schedule check
