[2024-02-12 14:03:57,946] {taskinstance.py:1159} INFO - Dependencies all met for <TaskInstance: sales_mart_inc.truncate_price_log scheduled__2024-02-06T14:01:59.240675+00:00 [queued]>
[2024-02-12 14:03:57,952] {taskinstance.py:1159} INFO - Dependencies all met for <TaskInstance: sales_mart_inc.truncate_price_log scheduled__2024-02-06T14:01:59.240675+00:00 [queued]>
[2024-02-12 14:03:57,952] {taskinstance.py:1356} INFO - 
--------------------------------------------------------------------------------
[2024-02-12 14:03:57,952] {taskinstance.py:1357} INFO - Starting attempt 1 of 1
[2024-02-12 14:03:57,952] {taskinstance.py:1358} INFO - 
--------------------------------------------------------------------------------
[2024-02-12 14:03:57,960] {taskinstance.py:1377} INFO - Executing <Task(PostgresOperator): truncate_price_log> on 2024-02-06 14:01:59.240675+00:00
[2024-02-12 14:03:57,964] {standard_task_runner.py:52} INFO - Started process 28003 to run task
[2024-02-12 14:03:57,966] {standard_task_runner.py:79} INFO - Running: ['airflow', 'tasks', 'run', 'sales_mart_inc', 'truncate_price_log', 'scheduled__2024-02-06T14:01:59.240675+00:00', '--job-id', '541', '--raw', '--subdir', 'DAGS_FOLDER/sales_mart_inc.py', '--cfg-path', '/tmp/tmp9zc0t0i3', '--error-file', '/tmp/tmpd7va7d3m']
[2024-02-12 14:03:57,966] {standard_task_runner.py:80} INFO - Job 541: Subtask truncate_price_log
[2024-02-12 14:03:58,001] {task_command.py:369} INFO - Running <TaskInstance: sales_mart_inc.truncate_price_log scheduled__2024-02-06T14:01:59.240675+00:00 [running]> on host 91766ce79ef0
[2024-02-12 14:03:58,041] {taskinstance.py:1569} INFO - Exporting the following env vars:
AIRFLOW_CTX_DAG_EMAIL=student@example.com
AIRFLOW_CTX_DAG_OWNER=student
AIRFLOW_CTX_DAG_ID=sales_mart_inc
AIRFLOW_CTX_TASK_ID=truncate_price_log
AIRFLOW_CTX_EXECUTION_DATE=2024-02-06T14:01:59.240675+00:00
AIRFLOW_CTX_TRY_NUMBER=1
AIRFLOW_CTX_DAG_RUN_ID=scheduled__2024-02-06T14:01:59.240675+00:00
[2024-02-12 14:03:58,049] {base.py:68} INFO - Using connection ID 'postgresql_de' for task execution.
[2024-02-12 14:03:58,052] {sql.py:315} INFO - Running statement: truncate staging.price_log;, parameters: None
[2024-02-12 14:03:58,062] {taskinstance.py:1395} INFO - Marking task as SUCCESS. dag_id=sales_mart_inc, task_id=truncate_price_log, execution_date=20240206T140159, start_date=20240212T140357, end_date=20240212T140358
[2024-02-12 14:03:58,098] {local_task_job.py:156} INFO - Task exited with return code 0
[2024-02-12 14:03:58,125] {local_task_job.py:273} INFO - 1 downstream tasks scheduled from follow-on schedule check
