[2024-02-12 07:43:21,389] {taskinstance.py:1159} INFO - Dependencies all met for <TaskInstance: sales_mart.generate_report manual__2024-02-12T07:43:13.841626+00:00 [queued]>
[2024-02-12 07:43:21,394] {taskinstance.py:1159} INFO - Dependencies all met for <TaskInstance: sales_mart.generate_report manual__2024-02-12T07:43:13.841626+00:00 [queued]>
[2024-02-12 07:43:21,394] {taskinstance.py:1356} INFO - 
--------------------------------------------------------------------------------
[2024-02-12 07:43:21,394] {taskinstance.py:1357} INFO - Starting attempt 1 of 1
[2024-02-12 07:43:21,394] {taskinstance.py:1358} INFO - 
--------------------------------------------------------------------------------
[2024-02-12 07:43:21,401] {taskinstance.py:1377} INFO - Executing <Task(PythonOperator): generate_report> on 2024-02-12 07:43:13.841626+00:00
[2024-02-12 07:43:21,404] {standard_task_runner.py:52} INFO - Started process 6578 to run task
[2024-02-12 07:43:21,405] {standard_task_runner.py:79} INFO - Running: ['airflow', 'tasks', 'run', 'sales_mart', 'generate_report', 'manual__2024-02-12T07:43:13.841626+00:00', '--job-id', '129', '--raw', '--subdir', 'DAGS_FOLDER/sales_mart.py', '--cfg-path', '/tmp/tmpi3spird7', '--error-file', '/tmp/tmp56j7g2dk']
[2024-02-12 07:43:21,405] {standard_task_runner.py:80} INFO - Job 129: Subtask generate_report
[2024-02-12 07:43:21,438] {task_command.py:369} INFO - Running <TaskInstance: sales_mart.generate_report manual__2024-02-12T07:43:13.841626+00:00 [running]> on host 91766ce79ef0
[2024-02-12 07:43:21,473] {taskinstance.py:1569} INFO - Exporting the following env vars:
AIRFLOW_CTX_DAG_EMAIL=student@example.com
AIRFLOW_CTX_DAG_OWNER=student
AIRFLOW_CTX_DAG_ID=sales_mart
AIRFLOW_CTX_TASK_ID=generate_report
AIRFLOW_CTX_EXECUTION_DATE=2024-02-12T07:43:13.841626+00:00
AIRFLOW_CTX_TRY_NUMBER=1
AIRFLOW_CTX_DAG_RUN_ID=manual__2024-02-12T07:43:13.841626+00:00
[2024-02-12 07:43:21,473] {logging_mixin.py:115} INFO - Making request generate_report
[2024-02-12 07:43:22,498] {logging_mixin.py:115} INFO - Response is b'{"task_id":"MjAyNC0wMi0xMlQwNzo0MzoyMglkYW1pci1rYWxpbmluNw=="}'
[2024-02-12 07:43:22,498] {python.py:173} INFO - Done. Returned value was: None
[2024-02-12 07:43:22,508] {taskinstance.py:1395} INFO - Marking task as SUCCESS. dag_id=sales_mart, task_id=generate_report, execution_date=20240212T074313, start_date=20240212T074321, end_date=20240212T074322
[2024-02-12 07:43:22,542] {local_task_job.py:156} INFO - Task exited with return code 0
[2024-02-12 07:43:22,567] {local_task_job.py:273} INFO - 1 downstream tasks scheduled from follow-on schedule check
