[2024-02-12 14:10:02,891] {taskinstance.py:1159} INFO - Dependencies all met for <TaskInstance: sales_mart_inc.generate_report scheduled__2024-02-10T14:01:59.240675+00:00 [queued]>
[2024-02-12 14:10:02,896] {taskinstance.py:1159} INFO - Dependencies all met for <TaskInstance: sales_mart_inc.generate_report scheduled__2024-02-10T14:01:59.240675+00:00 [queued]>
[2024-02-12 14:10:02,896] {taskinstance.py:1356} INFO - 
--------------------------------------------------------------------------------
[2024-02-12 14:10:02,896] {taskinstance.py:1357} INFO - Starting attempt 1 of 1
[2024-02-12 14:10:02,896] {taskinstance.py:1358} INFO - 
--------------------------------------------------------------------------------
[2024-02-12 14:10:02,901] {taskinstance.py:1377} INFO - Executing <Task(PythonOperator): generate_report> on 2024-02-10 14:01:59.240675+00:00
[2024-02-12 14:10:02,904] {standard_task_runner.py:52} INFO - Started process 30363 to run task
[2024-02-12 14:10:02,905] {standard_task_runner.py:79} INFO - Running: ['airflow', 'tasks', 'run', 'sales_mart_inc', 'generate_report', 'scheduled__2024-02-10T14:01:59.240675+00:00', '--job-id', '606', '--raw', '--subdir', 'DAGS_FOLDER/sales_mart_inc.py', '--cfg-path', '/tmp/tmp2omfxy8i', '--error-file', '/tmp/tmpu5ttsai1']
[2024-02-12 14:10:02,906] {standard_task_runner.py:80} INFO - Job 606: Subtask generate_report
[2024-02-12 14:10:02,936] {task_command.py:369} INFO - Running <TaskInstance: sales_mart_inc.generate_report scheduled__2024-02-10T14:01:59.240675+00:00 [running]> on host 91766ce79ef0
[2024-02-12 14:10:02,968] {taskinstance.py:1569} INFO - Exporting the following env vars:
AIRFLOW_CTX_DAG_EMAIL=student@example.com
AIRFLOW_CTX_DAG_OWNER=student
AIRFLOW_CTX_DAG_ID=sales_mart_inc
AIRFLOW_CTX_TASK_ID=generate_report
AIRFLOW_CTX_EXECUTION_DATE=2024-02-10T14:01:59.240675+00:00
AIRFLOW_CTX_TRY_NUMBER=1
AIRFLOW_CTX_DAG_RUN_ID=scheduled__2024-02-10T14:01:59.240675+00:00
[2024-02-12 14:10:02,969] {logging_mixin.py:115} INFO - Making request generate_report
[2024-02-12 14:10:03,342] {logging_mixin.py:115} INFO - Response is b'{"task_id":"MjAyNC0wMi0xMlQxNDoxMDowMwlkYW1pci1rYWxpbmluNw=="}'
[2024-02-12 14:10:03,343] {python.py:173} INFO - Done. Returned value was: None
[2024-02-12 14:10:03,351] {taskinstance.py:1395} INFO - Marking task as SUCCESS. dag_id=sales_mart_inc, task_id=generate_report, execution_date=20240210T140159, start_date=20240212T141002, end_date=20240212T141003
[2024-02-12 14:10:03,359] {local_task_job.py:156} INFO - Task exited with return code 0
[2024-02-12 14:10:03,382] {local_task_job.py:273} INFO - 1 downstream tasks scheduled from follow-on schedule check
