[2024-02-11 16:28:35,421] {taskinstance.py:1159} INFO - Dependencies all met for <TaskInstance: sales_mart.get_report scheduled__2024-02-07T16:25:44.328903+00:00 [queued]>
[2024-02-11 16:28:35,425] {taskinstance.py:1159} INFO - Dependencies all met for <TaskInstance: sales_mart.get_report scheduled__2024-02-07T16:25:44.328903+00:00 [queued]>
[2024-02-11 16:28:35,425] {taskinstance.py:1356} INFO - 
--------------------------------------------------------------------------------
[2024-02-11 16:28:35,425] {taskinstance.py:1357} INFO - Starting attempt 1 of 1
[2024-02-11 16:28:35,425] {taskinstance.py:1358} INFO - 
--------------------------------------------------------------------------------
[2024-02-11 16:28:35,431] {taskinstance.py:1377} INFO - Executing <Task(PythonOperator): get_report> on 2024-02-07 16:25:44.328903+00:00
[2024-02-11 16:28:35,434] {standard_task_runner.py:52} INFO - Started process 1961 to run task
[2024-02-11 16:28:35,436] {standard_task_runner.py:79} INFO - Running: ['airflow', 'tasks', 'run', 'sales_mart', 'get_report', 'scheduled__2024-02-07T16:25:44.328903+00:00', '--job-id', '17', '--raw', '--subdir', 'DAGS_FOLDER/sprint3.py', '--cfg-path', '/tmp/tmpm9054ofc', '--error-file', '/tmp/tmpg1qecfjr']
[2024-02-11 16:28:35,436] {standard_task_runner.py:80} INFO - Job 17: Subtask get_report
[2024-02-11 16:28:35,470] {task_command.py:369} INFO - Running <TaskInstance: sales_mart.get_report scheduled__2024-02-07T16:25:44.328903+00:00 [running]> on host 2a8d1eb5116f
[2024-02-11 16:28:35,511] {taskinstance.py:1569} INFO - Exporting the following env vars:
AIRFLOW_CTX_DAG_EMAIL=student@example.com
AIRFLOW_CTX_DAG_OWNER=student
AIRFLOW_CTX_DAG_ID=sales_mart
AIRFLOW_CTX_TASK_ID=get_report
AIRFLOW_CTX_EXECUTION_DATE=2024-02-07T16:25:44.328903+00:00
AIRFLOW_CTX_TRY_NUMBER=1
AIRFLOW_CTX_DAG_RUN_ID=scheduled__2024-02-07T16:25:44.328903+00:00
[2024-02-11 16:28:35,512] {logging_mixin.py:115} INFO - Making request get_report
[2024-02-11 16:28:39,176] {logging_mixin.py:115} INFO - Response is b'{"task_id":"MjAyNC0wMi0xMVQxNjoyNzozMwlkYW1pci1rYWxpbmluNw==","status":"SUCCESS","data":{"report_id":"TWpBeU5DMHdNaTB4TVZReE5qb3lOem96TXdsa1lXMXBjaTFyWVd4cGJtbHVOdz09","start_day":"2024-01-12 00:00:00","end_date":"2024-02-03 00:00:00","s3_path":{"customer_research":"https://storage.yandexcloud.net/s3-sprint3/cohort_22/damir-kalinin7/project/TWpBeU5DMHdNaTB4TVZReE5qb3lOem96TXdsa1lXMXBjaTFyWVd4cGJtbHVOdz09/customer_research.csv","user_order_log":"https://storage.yandexcloud.net/s3-sprint3/cohort_22/damir-kalinin7/project/TWpBeU5DMHdNaTB4TVZReE5qb3lOem96TXdsa1lXMXBjaTFyWVd4cGJtbHVOdz09/user_order_log.csv","user_activity_log":"https://storage.yandexcloud.net/s3-sprint3/cohort_22/damir-kalinin7/project/TWpBeU5DMHdNaTB4TVZReE5qb3lOem96TXdsa1lXMXBjaTFyWVd4cGJtbHVOdz09/user_activity_log.csv","price_log":"https://storage.yandexcloud.net/s3-sprint3/cohort_22/damir-kalinin7/project/TWpBeU5DMHdNaTB4TVZReE5qb3lOem96TXdsa1lXMXBjaTFyWVd4cGJtbHVOdz09/price_log.csv"}}}'
[2024-02-11 16:28:39,187] {logging_mixin.py:115} INFO - Report_id=TWpBeU5DMHdNaTB4TVZReE5qb3lOem96TXdsa1lXMXBjaTFyWVd4cGJtbHVOdz09
[2024-02-11 16:28:39,187] {python.py:173} INFO - Done. Returned value was: None
[2024-02-11 16:28:39,194] {taskinstance.py:1395} INFO - Marking task as SUCCESS. dag_id=sales_mart, task_id=get_report, execution_date=20240207T162544, start_date=20240211T162835, end_date=20240211T162839
[2024-02-11 16:28:39,240] {local_task_job.py:156} INFO - Task exited with return code 0
[2024-02-11 16:28:39,262] {local_task_job.py:273} INFO - 1 downstream tasks scheduled from follow-on schedule check
