[2024-02-12 10:09:34,119] {taskinstance.py:1159} INFO - Dependencies all met for <TaskInstance: sales_mart_inc.generate_report scheduled__2024-02-05T10:05:47.421232+00:00 [queued]>
[2024-02-12 10:09:34,124] {taskinstance.py:1159} INFO - Dependencies all met for <TaskInstance: sales_mart_inc.generate_report scheduled__2024-02-05T10:05:47.421232+00:00 [queued]>
[2024-02-12 10:09:34,124] {taskinstance.py:1356} INFO - 
--------------------------------------------------------------------------------
[2024-02-12 10:09:34,124] {taskinstance.py:1357} INFO - Starting attempt 2 of 2
[2024-02-12 10:09:34,124] {taskinstance.py:1358} INFO - 
--------------------------------------------------------------------------------
[2024-02-12 10:09:34,130] {taskinstance.py:1377} INFO - Executing <Task(PythonOperator): generate_report> on 2024-02-05 10:05:47.421232+00:00
[2024-02-12 10:09:34,132] {standard_task_runner.py:52} INFO - Started process 20047 to run task
[2024-02-12 10:09:34,134] {standard_task_runner.py:79} INFO - Running: ['airflow', 'tasks', 'run', 'sales_mart_inc', 'generate_report', 'scheduled__2024-02-05T10:05:47.421232+00:00', '--job-id', '436', '--raw', '--subdir', 'DAGS_FOLDER/sales_mart_inc.py', '--cfg-path', '/tmp/tmpse67hruf', '--error-file', '/tmp/tmprmuoke60']
[2024-02-12 10:09:34,134] {standard_task_runner.py:80} INFO - Job 436: Subtask generate_report
[2024-02-12 10:09:34,164] {task_command.py:369} INFO - Running <TaskInstance: sales_mart_inc.generate_report scheduled__2024-02-05T10:05:47.421232+00:00 [running]> on host 91766ce79ef0
[2024-02-12 10:09:34,197] {taskinstance.py:1569} INFO - Exporting the following env vars:
AIRFLOW_CTX_DAG_EMAIL=student@example.com
AIRFLOW_CTX_DAG_OWNER=student
AIRFLOW_CTX_DAG_ID=sales_mart_inc
AIRFLOW_CTX_TASK_ID=generate_report
AIRFLOW_CTX_EXECUTION_DATE=2024-02-05T10:05:47.421232+00:00
AIRFLOW_CTX_TRY_NUMBER=2
AIRFLOW_CTX_DAG_RUN_ID=scheduled__2024-02-05T10:05:47.421232+00:00
[2024-02-12 10:09:34,197] {logging_mixin.py:115} INFO - Making request generate_report
[2024-02-12 10:09:35,051] {logging_mixin.py:115} INFO - Response is b'{"task_id":"MjAyNC0wMi0xMlQxMDowOTozNAlkYW1pci1rYWxpbmluNw=="}'
[2024-02-12 10:09:35,051] {python.py:173} INFO - Done. Returned value was: None
[2024-02-12 10:09:35,059] {taskinstance.py:1395} INFO - Marking task as SUCCESS. dag_id=sales_mart_inc, task_id=generate_report, execution_date=20240205T100547, start_date=20240212T100934, end_date=20240212T100935
[2024-02-12 10:09:35,071] {local_task_job.py:156} INFO - Task exited with return code 0
[2024-02-12 10:09:35,098] {local_task_job.py:273} INFO - 1 downstream tasks scheduled from follow-on schedule check
