[2024-02-12 07:04:17,865] {taskinstance.py:1159} INFO - Dependencies all met for <TaskInstance: sales_mart_inc.truncate_user_order_log scheduled__2024-02-06T07:02:28.947473+00:00 [queued]>
[2024-02-12 07:04:17,869] {taskinstance.py:1159} INFO - Dependencies all met for <TaskInstance: sales_mart_inc.truncate_user_order_log scheduled__2024-02-06T07:02:28.947473+00:00 [queued]>
[2024-02-12 07:04:17,869] {taskinstance.py:1356} INFO - 
--------------------------------------------------------------------------------
[2024-02-12 07:04:17,869] {taskinstance.py:1357} INFO - Starting attempt 1 of 1
[2024-02-12 07:04:17,869] {taskinstance.py:1358} INFO - 
--------------------------------------------------------------------------------
[2024-02-12 07:04:17,875] {taskinstance.py:1377} INFO - Executing <Task(PostgresOperator): truncate_user_order_log> on 2024-02-06 07:02:28.947473+00:00
[2024-02-12 07:04:17,878] {standard_task_runner.py:52} INFO - Started process 2865 to run task
[2024-02-12 07:04:17,879] {standard_task_runner.py:79} INFO - Running: ['airflow', 'tasks', 'run', 'sales_mart_inc', 'truncate_user_order_log', 'scheduled__2024-02-06T07:02:28.947473+00:00', '--job-id', '43', '--raw', '--subdir', 'DAGS_FOLDER/sprint3 copy 2.py', '--cfg-path', '/tmp/tmp3gcwb_xy', '--error-file', '/tmp/tmpq0j0aze0']
[2024-02-12 07:04:17,880] {standard_task_runner.py:80} INFO - Job 43: Subtask truncate_user_order_log
[2024-02-12 07:04:17,909] {task_command.py:369} INFO - Running <TaskInstance: sales_mart_inc.truncate_user_order_log scheduled__2024-02-06T07:02:28.947473+00:00 [running]> on host 91766ce79ef0
[2024-02-12 07:04:17,943] {taskinstance.py:1569} INFO - Exporting the following env vars:
AIRFLOW_CTX_DAG_EMAIL=student@example.com
AIRFLOW_CTX_DAG_OWNER=student
AIRFLOW_CTX_DAG_ID=sales_mart_inc
AIRFLOW_CTX_TASK_ID=truncate_user_order_log
AIRFLOW_CTX_EXECUTION_DATE=2024-02-06T07:02:28.947473+00:00
AIRFLOW_CTX_TRY_NUMBER=1
AIRFLOW_CTX_DAG_RUN_ID=scheduled__2024-02-06T07:02:28.947473+00:00
[2024-02-12 07:04:17,948] {base.py:68} INFO - Using connection ID 'postgresql_de' for task execution.
[2024-02-12 07:04:17,952] {sql.py:315} INFO - Running statement: truncate staging.user_order_log;, parameters: None
[2024-02-12 07:04:17,966] {taskinstance.py:1395} INFO - Marking task as SUCCESS. dag_id=sales_mart_inc, task_id=truncate_user_order_log, execution_date=20240206T070228, start_date=20240212T070417, end_date=20240212T070417
[2024-02-12 07:04:18,011] {local_task_job.py:156} INFO - Task exited with return code 0
[2024-02-12 07:04:18,036] {local_task_job.py:273} INFO - 0 downstream tasks scheduled from follow-on schedule check
