[2024-02-11 22:59:40,153] {taskinstance.py:1159} INFO - Dependencies all met for <TaskInstance: sales_mart.update_d_customer scheduled__2024-02-05T22:56:10.247391+00:00 [queued]>
[2024-02-11 22:59:40,158] {taskinstance.py:1159} INFO - Dependencies all met for <TaskInstance: sales_mart.update_d_customer scheduled__2024-02-05T22:56:10.247391+00:00 [queued]>
[2024-02-11 22:59:40,158] {taskinstance.py:1356} INFO - 
--------------------------------------------------------------------------------
[2024-02-11 22:59:40,158] {taskinstance.py:1357} INFO - Starting attempt 1 of 1
[2024-02-11 22:59:40,158] {taskinstance.py:1358} INFO - 
--------------------------------------------------------------------------------
[2024-02-11 22:59:40,164] {taskinstance.py:1377} INFO - Executing <Task(PostgresOperator): update_d_customer> on 2024-02-05 22:56:10.247391+00:00
[2024-02-11 22:59:40,167] {standard_task_runner.py:52} INFO - Started process 48246 to run task
[2024-02-11 22:59:40,168] {standard_task_runner.py:79} INFO - Running: ['airflow', 'tasks', 'run', 'sales_mart', 'update_d_customer', 'scheduled__2024-02-05T22:56:10.247391+00:00', '--job-id', '1179', '--raw', '--subdir', 'DAGS_FOLDER/sprint3 copy.py', '--cfg-path', '/tmp/tmpx4g13k_1', '--error-file', '/tmp/tmpb9bska_i']
[2024-02-11 22:59:40,169] {standard_task_runner.py:80} INFO - Job 1179: Subtask update_d_customer
[2024-02-11 22:59:40,202] {task_command.py:369} INFO - Running <TaskInstance: sales_mart.update_d_customer scheduled__2024-02-05T22:56:10.247391+00:00 [running]> on host 2a8d1eb5116f
[2024-02-11 22:59:40,238] {taskinstance.py:1569} INFO - Exporting the following env vars:
AIRFLOW_CTX_DAG_EMAIL=student@example.com
AIRFLOW_CTX_DAG_OWNER=student
AIRFLOW_CTX_DAG_ID=sales_mart
AIRFLOW_CTX_TASK_ID=update_d_customer
AIRFLOW_CTX_EXECUTION_DATE=2024-02-05T22:56:10.247391+00:00
AIRFLOW_CTX_TRY_NUMBER=1
AIRFLOW_CTX_DAG_RUN_ID=scheduled__2024-02-05T22:56:10.247391+00:00
[2024-02-11 22:59:40,244] {base.py:68} INFO - Using connection ID 'postgresql_de' for task execution.
[2024-02-11 22:59:40,248] {sql.py:315} INFO - Running statement: insert into mart.d_customer (customer_id, first_name, last_name, city_id)
select customer_id, first_name, last_name, max(city_id) from staging.user_order_log
where customer_id not in (select customer_id from mart.d_customer)
group by customer_id, first_name, last_name, parameters: None
[2024-02-11 22:59:40,249] {sql.py:324} INFO - Rows affected: 0
[2024-02-11 22:59:40,258] {taskinstance.py:1395} INFO - Marking task as SUCCESS. dag_id=sales_mart, task_id=update_d_customer, execution_date=20240205T225610, start_date=20240211T225940, end_date=20240211T225940
[2024-02-11 22:59:40,300] {local_task_job.py:156} INFO - Task exited with return code 0
[2024-02-11 22:59:40,323] {local_task_job.py:273} INFO - 1 downstream tasks scheduled from follow-on schedule check
