[2024-02-11 22:36:09,931] {taskinstance.py:1159} INFO - Dependencies all met for <TaskInstance: sales_mart.get_report scheduled__2024-02-05T22:34:02.383162+00:00 [queued]>
[2024-02-11 22:36:09,936] {taskinstance.py:1159} INFO - Dependencies all met for <TaskInstance: sales_mart.get_report scheduled__2024-02-05T22:34:02.383162+00:00 [queued]>
[2024-02-11 22:36:09,936] {taskinstance.py:1356} INFO - 
--------------------------------------------------------------------------------
[2024-02-11 22:36:09,936] {taskinstance.py:1357} INFO - Starting attempt 1 of 1
[2024-02-11 22:36:09,936] {taskinstance.py:1358} INFO - 
--------------------------------------------------------------------------------
[2024-02-11 22:36:09,942] {taskinstance.py:1377} INFO - Executing <Task(PythonOperator): get_report> on 2024-02-05 22:34:02.383162+00:00
[2024-02-11 22:36:09,945] {standard_task_runner.py:52} INFO - Started process 43566 to run task
[2024-02-11 22:36:09,947] {standard_task_runner.py:79} INFO - Running: ['airflow', 'tasks', 'run', 'sales_mart', 'get_report', 'scheduled__2024-02-05T22:34:02.383162+00:00', '--job-id', '1055', '--raw', '--subdir', 'DAGS_FOLDER/sprint3 copy.py', '--cfg-path', '/tmp/tmp6k8onejg', '--error-file', '/tmp/tmpyp3jqw23']
[2024-02-11 22:36:09,947] {standard_task_runner.py:80} INFO - Job 1055: Subtask get_report
[2024-02-11 22:36:09,982] {task_command.py:369} INFO - Running <TaskInstance: sales_mart.get_report scheduled__2024-02-05T22:34:02.383162+00:00 [running]> on host 2a8d1eb5116f
[2024-02-11 22:36:10,026] {taskinstance.py:1569} INFO - Exporting the following env vars:
AIRFLOW_CTX_DAG_EMAIL=student@example.com
AIRFLOW_CTX_DAG_OWNER=student
AIRFLOW_CTX_DAG_ID=sales_mart
AIRFLOW_CTX_TASK_ID=get_report
AIRFLOW_CTX_EXECUTION_DATE=2024-02-05T22:34:02.383162+00:00
AIRFLOW_CTX_TRY_NUMBER=1
AIRFLOW_CTX_DAG_RUN_ID=scheduled__2024-02-05T22:34:02.383162+00:00
[2024-02-11 22:36:10,026] {logging_mixin.py:115} INFO - Making request get_report
[2024-02-11 22:36:10,302] {logging_mixin.py:115} INFO - Response is b'{"task_id":"MjAyNC0wMi0xMVQyMjozNjowOAlkYW1pci1rYWxpbmluNw==","status":"RUNNING","data":{"report_id":null,"start_day":null,"end_date":null,"s3_path":{}}}'
[2024-02-11 22:36:20,588] {logging_mixin.py:115} INFO - Response is b'{"task_id":"MjAyNC0wMi0xMVQyMjozNjowOAlkYW1pci1rYWxpbmluNw==","status":"RUNNING","data":{"report_id":null,"start_day":null,"end_date":null,"s3_path":{}}}'
[2024-02-11 22:36:30,821] {logging_mixin.py:115} INFO - Response is b'{"task_id":"MjAyNC0wMi0xMVQyMjozNjowOAlkYW1pci1rYWxpbmluNw==","status":"RUNNING","data":{"report_id":null,"start_day":null,"end_date":null,"s3_path":{}}}'
[2024-02-11 22:36:41,432] {logging_mixin.py:115} INFO - Response is b'{"task_id":"MjAyNC0wMi0xMVQyMjozNjowOAlkYW1pci1rYWxpbmluNw==","status":"RUNNING","data":{"report_id":null,"start_day":null,"end_date":null,"s3_path":{}}}'
[2024-02-11 22:36:51,709] {logging_mixin.py:115} INFO - Response is b'{"task_id":"MjAyNC0wMi0xMVQyMjozNjowOAlkYW1pci1rYWxpbmluNw==","status":"RUNNING","data":{"report_id":null,"start_day":null,"end_date":null,"s3_path":{}}}'
[2024-02-11 22:37:02,014] {logging_mixin.py:115} INFO - Response is b'{"task_id":"MjAyNC0wMi0xMVQyMjozNjowOAlkYW1pci1rYWxpbmluNw==","status":"RUNNING","data":{"report_id":null,"start_day":null,"end_date":null,"s3_path":{}}}'
[2024-02-11 22:37:15,429] {logging_mixin.py:115} INFO - Response is b'{"task_id":"MjAyNC0wMi0xMVQyMjozNjowOAlkYW1pci1rYWxpbmluNw==","status":"SUCCESS","data":{"report_id":"TWpBeU5DMHdNaTB4TVZReU1qb3pOam93T0Fsa1lXMXBjaTFyWVd4cGJtbHVOdz09","start_day":"2024-01-12 00:00:00","end_date":"2024-02-03 00:00:00","s3_path":{"customer_research":"https://storage.yandexcloud.net/s3-sprint3/cohort_22/damir-kalinin7/project/TWpBeU5DMHdNaTB4TVZReU1qb3pOam93T0Fsa1lXMXBjaTFyWVd4cGJtbHVOdz09/customer_research.csv","user_order_log":"https://storage.yandexcloud.net/s3-sprint3/cohort_22/damir-kalinin7/project/TWpBeU5DMHdNaTB4TVZReU1qb3pOam93T0Fsa1lXMXBjaTFyWVd4cGJtbHVOdz09/user_order_log.csv","user_activity_log":"https://storage.yandexcloud.net/s3-sprint3/cohort_22/damir-kalinin7/project/TWpBeU5DMHdNaTB4TVZReU1qb3pOam93T0Fsa1lXMXBjaTFyWVd4cGJtbHVOdz09/user_activity_log.csv","price_log":"https://storage.yandexcloud.net/s3-sprint3/cohort_22/damir-kalinin7/project/TWpBeU5DMHdNaTB4TVZReU1qb3pOam93T0Fsa1lXMXBjaTFyWVd4cGJtbHVOdz09/price_log.csv"}}}'
[2024-02-11 22:37:15,443] {logging_mixin.py:115} INFO - Report_id=TWpBeU5DMHdNaTB4TVZReU1qb3pOam93T0Fsa1lXMXBjaTFyWVd4cGJtbHVOdz09
[2024-02-11 22:37:15,443] {python.py:173} INFO - Done. Returned value was: None
[2024-02-11 22:37:15,453] {taskinstance.py:1395} INFO - Marking task as SUCCESS. dag_id=sales_mart, task_id=get_report, execution_date=20240205T223402, start_date=20240211T223609, end_date=20240211T223715
[2024-02-11 22:37:15,469] {local_task_job.py:156} INFO - Task exited with return code 0
[2024-02-11 22:37:15,495] {local_task_job.py:273} INFO - 1 downstream tasks scheduled from follow-on schedule check
