[2024-02-11 18:39:44,397] {taskinstance.py:1159} INFO - Dependencies all met for <TaskInstance: sales_mart.upload_user_activity_inc scheduled__2024-02-04T18:36:55.121353+00:00 [queued]>
[2024-02-11 18:39:44,404] {taskinstance.py:1159} INFO - Dependencies all met for <TaskInstance: sales_mart.upload_user_activity_inc scheduled__2024-02-04T18:36:55.121353+00:00 [queued]>
[2024-02-11 18:39:44,404] {taskinstance.py:1356} INFO - 
--------------------------------------------------------------------------------
[2024-02-11 18:39:44,404] {taskinstance.py:1357} INFO - Starting attempt 1 of 1
[2024-02-11 18:39:44,405] {taskinstance.py:1358} INFO - 
--------------------------------------------------------------------------------
[2024-02-11 18:39:44,411] {taskinstance.py:1377} INFO - Executing <Task(PythonOperator): upload_user_activity_inc> on 2024-02-04 18:36:55.121353+00:00
[2024-02-11 18:39:44,414] {standard_task_runner.py:52} INFO - Started process 8998 to run task
[2024-02-11 18:39:44,416] {standard_task_runner.py:79} INFO - Running: ['airflow', 'tasks', 'run', 'sales_mart', 'upload_user_activity_inc', 'scheduled__2024-02-04T18:36:55.121353+00:00', '--job-id', '171', '--raw', '--subdir', 'DAGS_FOLDER/sprint3.py', '--cfg-path', '/tmp/tmpa9dmd0ky', '--error-file', '/tmp/tmp_kibutsg']
[2024-02-11 18:39:44,416] {standard_task_runner.py:80} INFO - Job 171: Subtask upload_user_activity_inc
[2024-02-11 18:39:44,448] {task_command.py:369} INFO - Running <TaskInstance: sales_mart.upload_user_activity_inc scheduled__2024-02-04T18:36:55.121353+00:00 [running]> on host 2a8d1eb5116f
[2024-02-11 18:39:44,486] {taskinstance.py:1569} INFO - Exporting the following env vars:
AIRFLOW_CTX_DAG_EMAIL=student@example.com
AIRFLOW_CTX_DAG_OWNER=student
AIRFLOW_CTX_DAG_ID=sales_mart
AIRFLOW_CTX_TASK_ID=upload_user_activity_inc
AIRFLOW_CTX_EXECUTION_DATE=2024-02-04T18:36:55.121353+00:00
AIRFLOW_CTX_TRY_NUMBER=1
AIRFLOW_CTX_DAG_RUN_ID=scheduled__2024-02-04T18:36:55.121353+00:00
[2024-02-11 18:39:44,495] {logging_mixin.py:115} INFO - https://storage.yandexcloud.net/s3-sprint3/cohort_22/damir-kalinin7/project/MjAyNC0wMi0wNFQwMDowMDowMAlUV3BCZVU1RE1IZE5hVEI0VFZaUmVFOUViM3BPZW05M1QxRnNhMWxYTVhCamFURnlXVmQ0Y0dKdGJIVk9kejA5/user_activity_log.csv
[2024-02-11 18:39:44,495] {logging_mixin.py:115} INFO - 20240204_user_activity_log.csv
[2024-02-11 18:39:44,980] {taskinstance.py:1889} ERROR - Task failed with exception
Traceback (most recent call last):
  File "/usr/local/lib/python3.8/dist-packages/airflow/operators/python.py", line 171, in execute
    return_value = self.execute_callable()
  File "/usr/local/lib/python3.8/dist-packages/airflow/operators/python.py", line 189, in execute_callable
    return self.python_callable(*self.op_args, **self.op_kwargs)
  File "/lessons/dags/sprint3.py", line 88, in upload_data_to_staging
    response.raise_for_status()
  File "/usr/local/lib/python3.8/dist-packages/requests/models.py", line 960, in raise_for_status
    raise HTTPError(http_error_msg, response=self)
requests.exceptions.HTTPError: 404 Client Error: Not Found for url: https://storage.yandexcloud.net/s3-sprint3/cohort_22/damir-kalinin7/project/MjAyNC0wMi0wNFQwMDowMDowMAlUV3BCZVU1RE1IZE5hVEI0VFZaUmVFOUViM3BPZW05M1QxRnNhMWxYTVhCamFURnlXVmQ0Y0dKdGJIVk9kejA5/user_activity_log.csv
[2024-02-11 18:39:44,990] {taskinstance.py:1395} INFO - Marking task as FAILED. dag_id=sales_mart, task_id=upload_user_activity_inc, execution_date=20240204T183655, start_date=20240211T183944, end_date=20240211T183944
[2024-02-11 18:39:44,997] {standard_task_runner.py:92} ERROR - Failed to execute job 171 for task upload_user_activity_inc (404 Client Error: Not Found for url: https://storage.yandexcloud.net/s3-sprint3/cohort_22/damir-kalinin7/project/MjAyNC0wMi0wNFQwMDowMDowMAlUV3BCZVU1RE1IZE5hVEI0VFZaUmVFOUViM3BPZW05M1QxRnNhMWxYTVhCamFURnlXVmQ0Y0dKdGJIVk9kejA5/user_activity_log.csv; 8998)
[2024-02-11 18:39:45,030] {local_task_job.py:156} INFO - Task exited with return code 1
[2024-02-11 18:39:45,053] {local_task_job.py:273} INFO - 0 downstream tasks scheduled from follow-on schedule check
