[2024-02-11 17:20:02,310] {taskinstance.py:1159} INFO - Dependencies all met for <TaskInstance: sales_mart.get_report scheduled__2024-02-05T16:44:13.497842+00:00 [queued]>
[2024-02-11 17:20:02,314] {taskinstance.py:1159} INFO - Dependencies all met for <TaskInstance: sales_mart.get_report scheduled__2024-02-05T16:44:13.497842+00:00 [queued]>
[2024-02-11 17:20:02,314] {taskinstance.py:1356} INFO - 
--------------------------------------------------------------------------------
[2024-02-11 17:20:02,315] {taskinstance.py:1357} INFO - Starting attempt 2 of 2
[2024-02-11 17:20:02,315] {taskinstance.py:1358} INFO - 
--------------------------------------------------------------------------------
[2024-02-11 17:20:02,322] {taskinstance.py:1377} INFO - Executing <Task(PythonOperator): get_report> on 2024-02-05 16:44:13.497842+00:00
[2024-02-11 17:20:02,324] {standard_task_runner.py:52} INFO - Started process 4285 to run task
[2024-02-11 17:20:02,326] {standard_task_runner.py:79} INFO - Running: ['airflow', 'tasks', 'run', 'sales_mart', 'get_report', 'scheduled__2024-02-05T16:44:13.497842+00:00', '--job-id', '64', '--raw', '--subdir', 'DAGS_FOLDER/sprint3.py', '--cfg-path', '/tmp/tmpsx43khhj', '--error-file', '/tmp/tmpag6gv_x0']
[2024-02-11 17:20:02,326] {standard_task_runner.py:80} INFO - Job 64: Subtask get_report
[2024-02-11 17:20:02,356] {task_command.py:369} INFO - Running <TaskInstance: sales_mart.get_report scheduled__2024-02-05T16:44:13.497842+00:00 [running]> on host 2a8d1eb5116f
[2024-02-11 17:20:02,391] {taskinstance.py:1569} INFO - Exporting the following env vars:
AIRFLOW_CTX_DAG_EMAIL=student@example.com
AIRFLOW_CTX_DAG_OWNER=damir-
AIRFLOW_CTX_DAG_ID=sales_mart
AIRFLOW_CTX_TASK_ID=get_report
AIRFLOW_CTX_EXECUTION_DATE=2024-02-05T16:44:13.497842+00:00
AIRFLOW_CTX_TRY_NUMBER=2
AIRFLOW_CTX_DAG_RUN_ID=scheduled__2024-02-05T16:44:13.497842+00:00
[2024-02-11 17:20:02,391] {logging_mixin.py:115} INFO - Making request get_report
[2024-02-11 17:20:05,761] {logging_mixin.py:115} INFO - Response is b'{"task_id":"MjAyNC0wMi0xMVQxNzoxODo1OAlkYW1pci1rYWxpbmluNw==","status":"SUCCESS","data":{"report_id":"TWpBeU5DMHdNaTB4TVZReE56b3hPRG8xT0Fsa1lXMXBjaTFyWVd4cGJtbHVOdz09","start_day":"2024-01-12 00:00:00","end_date":"2024-02-03 00:00:00","s3_path":{"customer_research":"https://storage.yandexcloud.net/s3-sprint3/cohort_22/damir-kalinin7/project/TWpBeU5DMHdNaTB4TVZReE56b3hPRG8xT0Fsa1lXMXBjaTFyWVd4cGJtbHVOdz09/customer_research.csv","user_order_log":"https://storage.yandexcloud.net/s3-sprint3/cohort_22/damir-kalinin7/project/TWpBeU5DMHdNaTB4TVZReE56b3hPRG8xT0Fsa1lXMXBjaTFyWVd4cGJtbHVOdz09/user_order_log.csv","user_activity_log":"https://storage.yandexcloud.net/s3-sprint3/cohort_22/damir-kalinin7/project/TWpBeU5DMHdNaTB4TVZReE56b3hPRG8xT0Fsa1lXMXBjaTFyWVd4cGJtbHVOdz09/user_activity_log.csv","price_log":"https://storage.yandexcloud.net/s3-sprint3/cohort_22/damir-kalinin7/project/TWpBeU5DMHdNaTB4TVZReE56b3hPRG8xT0Fsa1lXMXBjaTFyWVd4cGJtbHVOdz09/price_log.csv"}}}'
[2024-02-11 17:20:05,774] {logging_mixin.py:115} INFO - Report_id=TWpBeU5DMHdNaTB4TVZReE56b3hPRG8xT0Fsa1lXMXBjaTFyWVd4cGJtbHVOdz09
[2024-02-11 17:20:05,774] {python.py:173} INFO - Done. Returned value was: None
[2024-02-11 17:20:05,781] {taskinstance.py:1395} INFO - Marking task as SUCCESS. dag_id=sales_mart, task_id=get_report, execution_date=20240205T164413, start_date=20240211T172002, end_date=20240211T172005
[2024-02-11 17:20:05,795] {local_task_job.py:156} INFO - Task exited with return code 0
[2024-02-11 17:20:05,819] {local_task_job.py:273} INFO - 1 downstream tasks scheduled from follow-on schedule check
