[2024-02-12 08:12:57,967] {taskinstance.py:1159} INFO - Dependencies all met for <TaskInstance: sales_mart_inc.truncate_user_activity_log scheduled__2024-02-07T08:09:37.968777+00:00 [queued]>
[2024-02-12 08:12:57,972] {taskinstance.py:1159} INFO - Dependencies all met for <TaskInstance: sales_mart_inc.truncate_user_activity_log scheduled__2024-02-07T08:09:37.968777+00:00 [queued]>
[2024-02-12 08:12:57,972] {taskinstance.py:1356} INFO - 
--------------------------------------------------------------------------------
[2024-02-12 08:12:57,972] {taskinstance.py:1357} INFO - Starting attempt 1 of 1
[2024-02-12 08:12:57,972] {taskinstance.py:1358} INFO - 
--------------------------------------------------------------------------------
[2024-02-12 08:12:57,978] {taskinstance.py:1377} INFO - Executing <Task(PostgresOperator): truncate_user_activity_log> on 2024-02-07 08:09:37.968777+00:00
[2024-02-12 08:12:57,982] {standard_task_runner.py:52} INFO - Started process 12860 to run task
[2024-02-12 08:12:57,984] {standard_task_runner.py:79} INFO - Running: ['airflow', 'tasks', 'run', 'sales_mart_inc', 'truncate_user_activity_log', 'scheduled__2024-02-07T08:09:37.968777+00:00', '--job-id', '291', '--raw', '--subdir', 'DAGS_FOLDER/sales_mart_inc.py', '--cfg-path', '/tmp/tmptfod3wqu', '--error-file', '/tmp/tmp71ju9wfi']
[2024-02-12 08:12:57,984] {standard_task_runner.py:80} INFO - Job 291: Subtask truncate_user_activity_log
[2024-02-12 08:12:58,019] {task_command.py:369} INFO - Running <TaskInstance: sales_mart_inc.truncate_user_activity_log scheduled__2024-02-07T08:09:37.968777+00:00 [running]> on host 91766ce79ef0
[2024-02-12 08:12:58,061] {taskinstance.py:1569} INFO - Exporting the following env vars:
AIRFLOW_CTX_DAG_EMAIL=student@example.com
AIRFLOW_CTX_DAG_OWNER=student
AIRFLOW_CTX_DAG_ID=sales_mart_inc
AIRFLOW_CTX_TASK_ID=truncate_user_activity_log
AIRFLOW_CTX_EXECUTION_DATE=2024-02-07T08:09:37.968777+00:00
AIRFLOW_CTX_TRY_NUMBER=1
AIRFLOW_CTX_DAG_RUN_ID=scheduled__2024-02-07T08:09:37.968777+00:00
[2024-02-12 08:12:58,069] {base.py:68} INFO - Using connection ID 'postgresql_de' for task execution.
[2024-02-12 08:12:58,072] {sql.py:315} INFO - Running statement: truncate staging.user_activity_log;, parameters: None
[2024-02-12 08:12:58,082] {taskinstance.py:1395} INFO - Marking task as SUCCESS. dag_id=sales_mart_inc, task_id=truncate_user_activity_log, execution_date=20240207T080937, start_date=20240212T081257, end_date=20240212T081258
[2024-02-12 08:12:58,116] {local_task_job.py:156} INFO - Task exited with return code 0
[2024-02-12 08:12:58,145] {local_task_job.py:273} INFO - 0 downstream tasks scheduled from follow-on schedule check
