[2024-02-11 19:08:35,476] {taskinstance.py:1159} INFO - Dependencies all met for <TaskInstance: sales_mart.upload_user_activity_inc scheduled__2024-02-04T19:05:42.790265+00:00 [queued]>
[2024-02-11 19:08:35,480] {taskinstance.py:1159} INFO - Dependencies all met for <TaskInstance: sales_mart.upload_user_activity_inc scheduled__2024-02-04T19:05:42.790265+00:00 [queued]>
[2024-02-11 19:08:35,481] {taskinstance.py:1356} INFO - 
--------------------------------------------------------------------------------
[2024-02-11 19:08:35,481] {taskinstance.py:1357} INFO - Starting attempt 1 of 1
[2024-02-11 19:08:35,481] {taskinstance.py:1358} INFO - 
--------------------------------------------------------------------------------
[2024-02-11 19:08:35,487] {taskinstance.py:1377} INFO - Executing <Task(PythonOperator): upload_user_activity_inc> on 2024-02-04 19:05:42.790265+00:00
[2024-02-11 19:08:35,489] {standard_task_runner.py:52} INFO - Started process 15267 to run task
[2024-02-11 19:08:35,491] {standard_task_runner.py:79} INFO - Running: ['airflow', 'tasks', 'run', 'sales_mart', 'upload_user_activity_inc', 'scheduled__2024-02-04T19:05:42.790265+00:00', '--job-id', '346', '--raw', '--subdir', 'DAGS_FOLDER/sprint3.py', '--cfg-path', '/tmp/tmpshy2kz0b', '--error-file', '/tmp/tmppj4v707h']
[2024-02-11 19:08:35,491] {standard_task_runner.py:80} INFO - Job 346: Subtask upload_user_activity_inc
[2024-02-11 19:08:35,520] {task_command.py:369} INFO - Running <TaskInstance: sales_mart.upload_user_activity_inc scheduled__2024-02-04T19:05:42.790265+00:00 [running]> on host 2a8d1eb5116f
[2024-02-11 19:08:35,554] {taskinstance.py:1569} INFO - Exporting the following env vars:
AIRFLOW_CTX_DAG_EMAIL=student@example.com
AIRFLOW_CTX_DAG_OWNER=student
AIRFLOW_CTX_DAG_ID=sales_mart
AIRFLOW_CTX_TASK_ID=upload_user_activity_inc
AIRFLOW_CTX_EXECUTION_DATE=2024-02-04T19:05:42.790265+00:00
AIRFLOW_CTX_TRY_NUMBER=1
AIRFLOW_CTX_DAG_RUN_ID=scheduled__2024-02-04T19:05:42.790265+00:00
[2024-02-11 19:08:35,561] {logging_mixin.py:115} INFO - https://storage.yandexcloud.net/s3-sprint3/cohort_22/damir-kalinin7/project/MjAyNC0wMi0wNFQwMDowMDowMAlUV3BCZVU1RE1IZE5hVEI0VFZaUmVFOVViM2RPYW05NFRWRnNhMWxYTVhCamFURnlXVmQ0Y0dKdGJIVk9kejA5/user_activity_log_inc.csv
[2024-02-11 19:08:35,561] {logging_mixin.py:115} INFO - 20240204_user_activity_log_inc.csv
[2024-02-11 19:08:35,834] {logging_mixin.py:115} INFO - b'id,uniq_id,date_time,action_id,customer_id,quantity\r\n1,6430164f7bd9bca469913da7f903bdf3,2024-02-04T00:00:00,1,531,19\r\n2,eda21262bc9b49a2d01fe0e686696913,2024-02-04T00:00:00,1,180,24\r\n3,2ff9f368659ce0910bfa74a96ba6198d,2024-02-04T00:00:00,3,441,0\r\n4,c248137d9590ad495bb191644d7c132a,2024-02-04T00:00:00,3,131,5\r\n'
[2024-02-11 19:08:35,838] {logging_mixin.py:115} INFO - Index(['uniq_id', 'date_time', 'action_id', 'customer_id', 'quantity'], dtype='object')
[2024-02-11 19:08:35,846] {base.py:68} INFO - Using connection ID 'postgresql_de' for task execution.
[2024-02-11 19:08:35,855] {logging_mixin.py:115} INFO - 4 rows was inserted
[2024-02-11 19:08:35,855] {python.py:173} INFO - Done. Returned value was: None
[2024-02-11 19:08:35,864] {taskinstance.py:1395} INFO - Marking task as SUCCESS. dag_id=sales_mart, task_id=upload_user_activity_inc, execution_date=20240204T190542, start_date=20240211T190835, end_date=20240211T190835
[2024-02-11 19:08:35,904] {local_task_job.py:156} INFO - Task exited with return code 0
[2024-02-11 19:08:35,923] {local_task_job.py:273} INFO - 0 downstream tasks scheduled from follow-on schedule check
