[2024-02-12 07:36:57,906] {taskinstance.py:1159} INFO - Dependencies all met for <TaskInstance: sales_mart_inc.upload_user_activity_log_inc scheduled__2024-02-09T07:30:05.907678+00:00 [queued]>
[2024-02-12 07:36:57,911] {taskinstance.py:1159} INFO - Dependencies all met for <TaskInstance: sales_mart_inc.upload_user_activity_log_inc scheduled__2024-02-09T07:30:05.907678+00:00 [queued]>
[2024-02-12 07:36:57,911] {taskinstance.py:1356} INFO - 
--------------------------------------------------------------------------------
[2024-02-12 07:36:57,911] {taskinstance.py:1357} INFO - Starting attempt 1 of 1
[2024-02-12 07:36:57,911] {taskinstance.py:1358} INFO - 
--------------------------------------------------------------------------------
[2024-02-12 07:36:57,916] {taskinstance.py:1377} INFO - Executing <Task(PythonOperator): upload_user_activity_log_inc> on 2024-02-09 07:30:05.907678+00:00
[2024-02-12 07:36:57,919] {standard_task_runner.py:52} INFO - Started process 5424 to run task
[2024-02-12 07:36:57,921] {standard_task_runner.py:79} INFO - Running: ['airflow', 'tasks', 'run', 'sales_mart_inc', 'upload_user_activity_log_inc', 'scheduled__2024-02-09T07:30:05.907678+00:00', '--job-id', '99', '--raw', '--subdir', 'DAGS_FOLDER/sprint3 copy 2.py', '--cfg-path', '/tmp/tmpivnhn2za', '--error-file', '/tmp/tmp_dtzr4fz']
[2024-02-12 07:36:57,921] {standard_task_runner.py:80} INFO - Job 99: Subtask upload_user_activity_log_inc
[2024-02-12 07:36:57,952] {task_command.py:369} INFO - Running <TaskInstance: sales_mart_inc.upload_user_activity_log_inc scheduled__2024-02-09T07:30:05.907678+00:00 [running]> on host 91766ce79ef0
[2024-02-12 07:36:57,988] {taskinstance.py:1569} INFO - Exporting the following env vars:
AIRFLOW_CTX_DAG_EMAIL=student@example.com
AIRFLOW_CTX_DAG_OWNER=student
AIRFLOW_CTX_DAG_ID=sales_mart_inc
AIRFLOW_CTX_TASK_ID=upload_user_activity_log_inc
AIRFLOW_CTX_EXECUTION_DATE=2024-02-09T07:30:05.907678+00:00
AIRFLOW_CTX_TRY_NUMBER=1
AIRFLOW_CTX_DAG_RUN_ID=scheduled__2024-02-09T07:30:05.907678+00:00
[2024-02-12 07:36:57,989] {taskinstance.py:1889} ERROR - Task failed with exception
Traceback (most recent call last):
  File "/usr/local/lib/python3.8/dist-packages/airflow/operators/python.py", line 171, in execute
    return_value = self.execute_callable()
  File "/usr/local/lib/python3.8/dist-packages/airflow/operators/python.py", line 189, in execute_callable
    return self.python_callable(*self.op_args, **self.op_kwargs)
TypeError: upload_data_to_staging() missing 1 required positional argument: 'b_inc'
[2024-02-12 07:36:57,995] {taskinstance.py:1395} INFO - Marking task as FAILED. dag_id=sales_mart_inc, task_id=upload_user_activity_log_inc, execution_date=20240209T073005, start_date=20240212T073657, end_date=20240212T073657
[2024-02-12 07:36:58,000] {standard_task_runner.py:92} ERROR - Failed to execute job 99 for task upload_user_activity_log_inc (upload_data_to_staging() missing 1 required positional argument: 'b_inc'; 5424)
[2024-02-12 07:36:58,012] {local_task_job.py:156} INFO - Task exited with return code 1
[2024-02-12 07:36:58,035] {local_task_job.py:273} INFO - 0 downstream tasks scheduled from follow-on schedule check
