[2024-02-12 07:34:19,481] {taskinstance.py:1159} INFO - Dependencies all met for <TaskInstance: sales_mart_inc.truncate_user_activity_log scheduled__2024-02-08T07:30:05.907678+00:00 [queued]>
[2024-02-12 07:34:19,486] {taskinstance.py:1159} INFO - Dependencies all met for <TaskInstance: sales_mart_inc.truncate_user_activity_log scheduled__2024-02-08T07:30:05.907678+00:00 [queued]>
[2024-02-12 07:34:19,486] {taskinstance.py:1356} INFO - 
--------------------------------------------------------------------------------
[2024-02-12 07:34:19,486] {taskinstance.py:1357} INFO - Starting attempt 1 of 1
[2024-02-12 07:34:19,486] {taskinstance.py:1358} INFO - 
--------------------------------------------------------------------------------
[2024-02-12 07:34:19,492] {taskinstance.py:1377} INFO - Executing <Task(PostgresOperator): truncate_user_activity_log> on 2024-02-08 07:30:05.907678+00:00
[2024-02-12 07:34:19,494] {standard_task_runner.py:52} INFO - Started process 4764 to run task
[2024-02-12 07:34:19,496] {standard_task_runner.py:79} INFO - Running: ['airflow', 'tasks', 'run', 'sales_mart_inc', 'truncate_user_activity_log', 'scheduled__2024-02-08T07:30:05.907678+00:00', '--job-id', '82', '--raw', '--subdir', 'DAGS_FOLDER/sprint3 copy 2.py', '--cfg-path', '/tmp/tmpgfn5hvew', '--error-file', '/tmp/tmpsabjtrce']
[2024-02-12 07:34:19,496] {standard_task_runner.py:80} INFO - Job 82: Subtask truncate_user_activity_log
[2024-02-12 07:34:19,525] {task_command.py:369} INFO - Running <TaskInstance: sales_mart_inc.truncate_user_activity_log scheduled__2024-02-08T07:30:05.907678+00:00 [running]> on host 91766ce79ef0
[2024-02-12 07:34:19,559] {taskinstance.py:1569} INFO - Exporting the following env vars:
AIRFLOW_CTX_DAG_EMAIL=student@example.com
AIRFLOW_CTX_DAG_OWNER=student
AIRFLOW_CTX_DAG_ID=sales_mart_inc
AIRFLOW_CTX_TASK_ID=truncate_user_activity_log
AIRFLOW_CTX_EXECUTION_DATE=2024-02-08T07:30:05.907678+00:00
AIRFLOW_CTX_TRY_NUMBER=1
AIRFLOW_CTX_DAG_RUN_ID=scheduled__2024-02-08T07:30:05.907678+00:00
[2024-02-12 07:34:19,565] {base.py:68} INFO - Using connection ID 'postgresql_de' for task execution.
[2024-02-12 07:34:19,568] {sql.py:315} INFO - Running statement: truncate staging.user_activity_log;, parameters: None
[2024-02-12 07:34:19,577] {taskinstance.py:1395} INFO - Marking task as SUCCESS. dag_id=sales_mart_inc, task_id=truncate_user_activity_log, execution_date=20240208T073005, start_date=20240212T073419, end_date=20240212T073419
[2024-02-12 07:34:19,588] {local_task_job.py:156} INFO - Task exited with return code 0
[2024-02-12 07:34:19,610] {local_task_job.py:273} INFO - 0 downstream tasks scheduled from follow-on schedule check
