[2024-02-11 19:11:24,357] {taskinstance.py:1159} INFO - Dependencies all met for <TaskInstance: sales_mart.upload_user_activity_inc scheduled__2024-02-10T19:05:42.790265+00:00 [queued]>
[2024-02-11 19:11:24,363] {taskinstance.py:1159} INFO - Dependencies all met for <TaskInstance: sales_mart.upload_user_activity_inc scheduled__2024-02-10T19:05:42.790265+00:00 [queued]>
[2024-02-11 19:11:24,364] {taskinstance.py:1356} INFO - 
--------------------------------------------------------------------------------
[2024-02-11 19:11:24,364] {taskinstance.py:1357} INFO - Starting attempt 1 of 1
[2024-02-11 19:11:24,364] {taskinstance.py:1358} INFO - 
--------------------------------------------------------------------------------
[2024-02-11 19:11:24,370] {taskinstance.py:1377} INFO - Executing <Task(PythonOperator): upload_user_activity_inc> on 2024-02-10 19:05:42.790265+00:00
[2024-02-11 19:11:24,373] {standard_task_runner.py:52} INFO - Started process 16356 to run task
[2024-02-11 19:11:24,374] {standard_task_runner.py:79} INFO - Running: ['airflow', 'tasks', 'run', 'sales_mart', 'upload_user_activity_inc', 'scheduled__2024-02-10T19:05:42.790265+00:00', '--job-id', '377', '--raw', '--subdir', 'DAGS_FOLDER/sprint3.py', '--cfg-path', '/tmp/tmplx98f28k', '--error-file', '/tmp/tmpc670qvau']
[2024-02-11 19:11:24,375] {standard_task_runner.py:80} INFO - Job 377: Subtask upload_user_activity_inc
[2024-02-11 19:11:24,411] {task_command.py:369} INFO - Running <TaskInstance: sales_mart.upload_user_activity_inc scheduled__2024-02-10T19:05:42.790265+00:00 [running]> on host 2a8d1eb5116f
[2024-02-11 19:11:24,459] {taskinstance.py:1569} INFO - Exporting the following env vars:
AIRFLOW_CTX_DAG_EMAIL=student@example.com
AIRFLOW_CTX_DAG_OWNER=student
AIRFLOW_CTX_DAG_ID=sales_mart
AIRFLOW_CTX_TASK_ID=upload_user_activity_inc
AIRFLOW_CTX_EXECUTION_DATE=2024-02-10T19:05:42.790265+00:00
AIRFLOW_CTX_TRY_NUMBER=1
AIRFLOW_CTX_DAG_RUN_ID=scheduled__2024-02-10T19:05:42.790265+00:00
[2024-02-11 19:11:24,468] {logging_mixin.py:115} INFO - https://storage.yandexcloud.net/s3-sprint3/cohort_22/damir-kalinin7/project/MjAyNC0wMi0xMFQwMDowMDowMAlUV3BCZVU1RE1IZE5hVEI0VFZaUmVFOVViM2hOUkc5M1RWRnNhMWxYTVhCamFURnlXVmQ0Y0dKdGJIVk9kejA5/user_activity_log_inc.csv
[2024-02-11 19:11:24,468] {logging_mixin.py:115} INFO - 20240210_user_activity_log_inc.csv
[2024-02-11 19:11:24,818] {logging_mixin.py:115} INFO - b'id,uniq_id,date_time,action_id,customer_id,quantity\r\n1,e2b682d0b1fb0439113cf9b5d170e42b,2024-02-10T00:00:00,1,200,1\r\n2,8d593c8c9595225be185315709e17b67,2024-02-10T00:00:00,0,890,5\r\n'
[2024-02-11 19:11:24,822] {logging_mixin.py:115} INFO - Index(['uniq_id', 'date_time', 'action_id', 'customer_id', 'quantity'], dtype='object')
[2024-02-11 19:11:24,832] {base.py:68} INFO - Using connection ID 'postgresql_de' for task execution.
[2024-02-11 19:11:24,844] {logging_mixin.py:115} INFO - 2 rows was inserted
[2024-02-11 19:11:24,844] {python.py:173} INFO - Done. Returned value was: None
[2024-02-11 19:11:24,854] {taskinstance.py:1395} INFO - Marking task as SUCCESS. dag_id=sales_mart, task_id=upload_user_activity_inc, execution_date=20240210T190542, start_date=20240211T191124, end_date=20240211T191124
[2024-02-11 19:11:24,868] {local_task_job.py:156} INFO - Task exited with return code 0
[2024-02-11 19:11:24,888] {local_task_job.py:273} INFO - 0 downstream tasks scheduled from follow-on schedule check
