[2024-02-11 22:25:56,969] {taskinstance.py:1159} INFO - Dependencies all met for <TaskInstance: sales_mart.get_report scheduled__2024-02-09T22:18:04.422328+00:00 [queued]>
[2024-02-11 22:25:56,974] {taskinstance.py:1159} INFO - Dependencies all met for <TaskInstance: sales_mart.get_report scheduled__2024-02-09T22:18:04.422328+00:00 [queued]>
[2024-02-11 22:25:56,974] {taskinstance.py:1356} INFO - 
--------------------------------------------------------------------------------
[2024-02-11 22:25:56,974] {taskinstance.py:1357} INFO - Starting attempt 1 of 1
[2024-02-11 22:25:56,974] {taskinstance.py:1358} INFO - 
--------------------------------------------------------------------------------
[2024-02-11 22:25:56,980] {taskinstance.py:1377} INFO - Executing <Task(PythonOperator): get_report> on 2024-02-09 22:18:04.422328+00:00
[2024-02-11 22:25:56,983] {standard_task_runner.py:52} INFO - Started process 41675 to run task
[2024-02-11 22:25:56,985] {standard_task_runner.py:79} INFO - Running: ['airflow', 'tasks', 'run', 'sales_mart', 'get_report', 'scheduled__2024-02-09T22:18:04.422328+00:00', '--job-id', '1007', '--raw', '--subdir', 'DAGS_FOLDER/sprint3 copy.py', '--cfg-path', '/tmp/tmpgrt7g6jt', '--error-file', '/tmp/tmp7jj_rvjf']
[2024-02-11 22:25:56,985] {standard_task_runner.py:80} INFO - Job 1007: Subtask get_report
[2024-02-11 22:25:57,022] {task_command.py:369} INFO - Running <TaskInstance: sales_mart.get_report scheduled__2024-02-09T22:18:04.422328+00:00 [running]> on host 2a8d1eb5116f
[2024-02-11 22:25:57,060] {taskinstance.py:1569} INFO - Exporting the following env vars:
AIRFLOW_CTX_DAG_EMAIL=student@example.com
AIRFLOW_CTX_DAG_OWNER=student
AIRFLOW_CTX_DAG_ID=sales_mart
AIRFLOW_CTX_TASK_ID=get_report
AIRFLOW_CTX_EXECUTION_DATE=2024-02-09T22:18:04.422328+00:00
AIRFLOW_CTX_TRY_NUMBER=1
AIRFLOW_CTX_DAG_RUN_ID=scheduled__2024-02-09T22:18:04.422328+00:00
[2024-02-11 22:25:57,061] {logging_mixin.py:115} INFO - Making request get_report
[2024-02-11 22:25:57,631] {logging_mixin.py:115} INFO - Response is b'{"task_id":"MjAyNC0wMi0xMVQyMjoyNTo1NQlkYW1pci1rYWxpbmluNw==","status":"RUNNING","data":{"report_id":null,"start_day":null,"end_date":null,"s3_path":{}}}'
[2024-02-11 22:26:07,983] {logging_mixin.py:115} INFO - Response is b'{"task_id":"MjAyNC0wMi0xMVQyMjoyNTo1NQlkYW1pci1rYWxpbmluNw==","status":"RUNNING","data":{"report_id":null,"start_day":null,"end_date":null,"s3_path":{}}}'
[2024-02-11 22:26:18,325] {logging_mixin.py:115} INFO - Response is b'{"task_id":"MjAyNC0wMi0xMVQyMjoyNTo1NQlkYW1pci1rYWxpbmluNw==","status":"RUNNING","data":{"report_id":null,"start_day":null,"end_date":null,"s3_path":{}}}'
[2024-02-11 22:26:28,666] {logging_mixin.py:115} INFO - Response is b'{"task_id":"MjAyNC0wMi0xMVQyMjoyNTo1NQlkYW1pci1rYWxpbmluNw==","status":"RUNNING","data":{"report_id":null,"start_day":null,"end_date":null,"s3_path":{}}}'
[2024-02-11 22:26:38,864] {logging_mixin.py:115} INFO - Response is b'{"task_id":"MjAyNC0wMi0xMVQyMjoyNTo1NQlkYW1pci1rYWxpbmluNw==","status":"RUNNING","data":{"report_id":null,"start_day":null,"end_date":null,"s3_path":{}}}'
[2024-02-11 22:26:49,150] {logging_mixin.py:115} INFO - Response is b'{"task_id":"MjAyNC0wMi0xMVQyMjoyNTo1NQlkYW1pci1rYWxpbmluNw==","status":"RUNNING","data":{"report_id":null,"start_day":null,"end_date":null,"s3_path":{}}}'
[2024-02-11 22:27:02,368] {logging_mixin.py:115} INFO - Response is b'{"task_id":"MjAyNC0wMi0xMVQyMjoyNTo1NQlkYW1pci1rYWxpbmluNw==","status":"SUCCESS","data":{"report_id":"TWpBeU5DMHdNaTB4TVZReU1qb3lOVG8xTlFsa1lXMXBjaTFyWVd4cGJtbHVOdz09","start_day":"2024-01-12 00:00:00","end_date":"2024-02-03 00:00:00","s3_path":{"customer_research":"https://storage.yandexcloud.net/s3-sprint3/cohort_22/damir-kalinin7/project/TWpBeU5DMHdNaTB4TVZReU1qb3lOVG8xTlFsa1lXMXBjaTFyWVd4cGJtbHVOdz09/customer_research.csv","user_order_log":"https://storage.yandexcloud.net/s3-sprint3/cohort_22/damir-kalinin7/project/TWpBeU5DMHdNaTB4TVZReU1qb3lOVG8xTlFsa1lXMXBjaTFyWVd4cGJtbHVOdz09/user_order_log.csv","user_activity_log":"https://storage.yandexcloud.net/s3-sprint3/cohort_22/damir-kalinin7/project/TWpBeU5DMHdNaTB4TVZReU1qb3lOVG8xTlFsa1lXMXBjaTFyWVd4cGJtbHVOdz09/user_activity_log.csv","price_log":"https://storage.yandexcloud.net/s3-sprint3/cohort_22/damir-kalinin7/project/TWpBeU5DMHdNaTB4TVZReU1qb3lOVG8xTlFsa1lXMXBjaTFyWVd4cGJtbHVOdz09/price_log.csv"}}}'
[2024-02-11 22:27:02,381] {logging_mixin.py:115} INFO - Report_id=TWpBeU5DMHdNaTB4TVZReU1qb3lOVG8xTlFsa1lXMXBjaTFyWVd4cGJtbHVOdz09
[2024-02-11 22:27:02,381] {python.py:173} INFO - Done. Returned value was: None
[2024-02-11 22:27:02,390] {taskinstance.py:1395} INFO - Marking task as SUCCESS. dag_id=sales_mart, task_id=get_report, execution_date=20240209T221804, start_date=20240211T222556, end_date=20240211T222702
[2024-02-11 22:27:02,401] {local_task_job.py:156} INFO - Task exited with return code 0
[2024-02-11 22:27:02,428] {local_task_job.py:273} INFO - 1 downstream tasks scheduled from follow-on schedule check
