[2024-02-12 14:06:50,044] {taskinstance.py:1159} INFO - Dependencies all met for <TaskInstance: sales_mart_inc.update_d_customer scheduled__2024-02-07T14:01:59.240675+00:00 [queued]>
[2024-02-12 14:06:50,049] {taskinstance.py:1159} INFO - Dependencies all met for <TaskInstance: sales_mart_inc.update_d_customer scheduled__2024-02-07T14:01:59.240675+00:00 [queued]>
[2024-02-12 14:06:50,049] {taskinstance.py:1356} INFO - 
--------------------------------------------------------------------------------
[2024-02-12 14:06:50,049] {taskinstance.py:1357} INFO - Starting attempt 1 of 1
[2024-02-12 14:06:50,049] {taskinstance.py:1358} INFO - 
--------------------------------------------------------------------------------
[2024-02-12 14:06:50,055] {taskinstance.py:1377} INFO - Executing <Task(PostgresOperator): update_d_customer> on 2024-02-07 14:01:59.240675+00:00
[2024-02-12 14:06:50,057] {standard_task_runner.py:52} INFO - Started process 28939 to run task
[2024-02-12 14:06:50,059] {standard_task_runner.py:79} INFO - Running: ['airflow', 'tasks', 'run', 'sales_mart_inc', 'update_d_customer', 'scheduled__2024-02-07T14:01:59.240675+00:00', '--job-id', '566', '--raw', '--subdir', 'DAGS_FOLDER/sales_mart_inc.py', '--cfg-path', '/tmp/tmpedm21xp8', '--error-file', '/tmp/tmp8kjo4jii']
[2024-02-12 14:06:50,059] {standard_task_runner.py:80} INFO - Job 566: Subtask update_d_customer
[2024-02-12 14:06:50,090] {task_command.py:369} INFO - Running <TaskInstance: sales_mart_inc.update_d_customer scheduled__2024-02-07T14:01:59.240675+00:00 [running]> on host 91766ce79ef0
[2024-02-12 14:06:50,124] {taskinstance.py:1569} INFO - Exporting the following env vars:
AIRFLOW_CTX_DAG_EMAIL=student@example.com
AIRFLOW_CTX_DAG_OWNER=student
AIRFLOW_CTX_DAG_ID=sales_mart_inc
AIRFLOW_CTX_TASK_ID=update_d_customer
AIRFLOW_CTX_EXECUTION_DATE=2024-02-07T14:01:59.240675+00:00
AIRFLOW_CTX_TRY_NUMBER=1
AIRFLOW_CTX_DAG_RUN_ID=scheduled__2024-02-07T14:01:59.240675+00:00
[2024-02-12 14:06:50,130] {base.py:68} INFO - Using connection ID 'postgresql_de' for task execution.
[2024-02-12 14:06:50,135] {sql.py:315} INFO - Running statement: insert into mart.d_customer (customer_id, first_name, last_name, city_id)
select customer_id, first_name, last_name, max(city_id) from staging.user_order_log
where customer_id not in (select customer_id from mart.d_customer)
group by customer_id, first_name, last_name, parameters: None
[2024-02-12 14:06:50,136] {sql.py:324} INFO - Rows affected: 18
[2024-02-12 14:06:50,146] {taskinstance.py:1395} INFO - Marking task as SUCCESS. dag_id=sales_mart_inc, task_id=update_d_customer, execution_date=20240207T140159, start_date=20240212T140650, end_date=20240212T140650
[2024-02-12 14:06:50,191] {local_task_job.py:156} INFO - Task exited with return code 0
[2024-02-12 14:06:50,214] {local_task_job.py:273} INFO - 1 downstream tasks scheduled from follow-on schedule check
