[2024-02-12 08:14:11,040] {taskinstance.py:1159} INFO - Dependencies all met for <TaskInstance: sales_mart_inc.get_increment scheduled__2024-02-07T08:09:37.968777+00:00 [queued]>
[2024-02-12 08:14:11,045] {taskinstance.py:1159} INFO - Dependencies all met for <TaskInstance: sales_mart_inc.get_increment scheduled__2024-02-07T08:09:37.968777+00:00 [queued]>
[2024-02-12 08:14:11,045] {taskinstance.py:1356} INFO - 
--------------------------------------------------------------------------------
[2024-02-12 08:14:11,045] {taskinstance.py:1357} INFO - Starting attempt 1 of 1
[2024-02-12 08:14:11,045] {taskinstance.py:1358} INFO - 
--------------------------------------------------------------------------------
[2024-02-12 08:14:11,051] {taskinstance.py:1377} INFO - Executing <Task(PythonOperator): get_increment> on 2024-02-07 08:09:37.968777+00:00
[2024-02-12 08:14:11,053] {standard_task_runner.py:52} INFO - Started process 13083 to run task
[2024-02-12 08:14:11,055] {standard_task_runner.py:79} INFO - Running: ['airflow', 'tasks', 'run', 'sales_mart_inc', 'get_increment', 'scheduled__2024-02-07T08:09:37.968777+00:00', '--job-id', '296', '--raw', '--subdir', 'DAGS_FOLDER/sales_mart_inc.py', '--cfg-path', '/tmp/tmpyv38xpdq', '--error-file', '/tmp/tmpljkizq1l']
[2024-02-12 08:14:11,055] {standard_task_runner.py:80} INFO - Job 296: Subtask get_increment
[2024-02-12 08:14:11,093] {task_command.py:369} INFO - Running <TaskInstance: sales_mart_inc.get_increment scheduled__2024-02-07T08:09:37.968777+00:00 [running]> on host 91766ce79ef0
[2024-02-12 08:14:11,135] {taskinstance.py:1569} INFO - Exporting the following env vars:
AIRFLOW_CTX_DAG_EMAIL=student@example.com
AIRFLOW_CTX_DAG_OWNER=student
AIRFLOW_CTX_DAG_ID=sales_mart_inc
AIRFLOW_CTX_TASK_ID=get_increment
AIRFLOW_CTX_EXECUTION_DATE=2024-02-07T08:09:37.968777+00:00
AIRFLOW_CTX_TRY_NUMBER=1
AIRFLOW_CTX_DAG_RUN_ID=scheduled__2024-02-07T08:09:37.968777+00:00
[2024-02-12 08:14:11,136] {logging_mixin.py:115} INFO - Making request get_increment
[2024-02-12 08:14:14,367] {logging_mixin.py:115} INFO - Response is b'{"report_id":"TWpBeU5DMHdNaTB4TWxRd09Eb3hNem93TVFsa1lXMXBjaTFyWVd4cGJtbHVOdz09","date":"2024-02-07 00:00:00","status":"SUCCESS","data":{"increment_id":"MjAyNC0wMi0wN1QwMDowMDowMAlUV3BCZVU1RE1IZE5hVEI0VFd4UmQwOUViM2hOZW05M1RWRnNhMWxYTVhCamFURnlXVmQ0Y0dKdGJIVk9kejA5","s3_path":{"customer_research_inc":"https://storage.yandexcloud.net/s3-sprint3/cohort_22/damir-kalinin7/project/MjAyNC0wMi0wN1QwMDowMDowMAlUV3BCZVU1RE1IZE5hVEI0VFd4UmQwOUViM2hOZW05M1RWRnNhMWxYTVhCamFURnlXVmQ0Y0dKdGJIVk9kejA5/customer_research_inc.csv","user_order_log_inc":"https://storage.yandexcloud.net/s3-sprint3/cohort_22/damir-kalinin7/project/MjAyNC0wMi0wN1QwMDowMDowMAlUV3BCZVU1RE1IZE5hVEI0VFd4UmQwOUViM2hOZW05M1RWRnNhMWxYTVhCamFURnlXVmQ0Y0dKdGJIVk9kejA5/user_order_log_inc.csv","user_activity_log_inc":"https://storage.yandexcloud.net/s3-sprint3/cohort_22/damir-kalinin7/project/MjAyNC0wMi0wN1QwMDowMDowMAlUV3BCZVU1RE1IZE5hVEI0VFd4UmQwOUViM2hOZW05M1RWRnNhMWxYTVhCamFURnlXVmQ0Y0dKdGJIVk9kejA5/user_activity_log_inc.csv","price_log_inc":"https://storage.yandexcloud.net/s3-sprint3/cohort_22/damir-kalinin7/project/TWpBeU5DMHdNaTB4TWxRd09Eb3hNem93TVFsa1lXMXBjaTFyWVd4cGJtbHVOdz09/price_log_inc.csv"}}}'
[2024-02-12 08:14:14,380] {logging_mixin.py:115} INFO - increment_id=MjAyNC0wMi0wN1QwMDowMDowMAlUV3BCZVU1RE1IZE5hVEI0VFd4UmQwOUViM2hOZW05M1RWRnNhMWxYTVhCamFURnlXVmQ0Y0dKdGJIVk9kejA5
[2024-02-12 08:14:14,380] {python.py:173} INFO - Done. Returned value was: None
[2024-02-12 08:14:14,388] {taskinstance.py:1395} INFO - Marking task as SUCCESS. dag_id=sales_mart_inc, task_id=get_increment, execution_date=20240207T080937, start_date=20240212T081411, end_date=20240212T081414
[2024-02-12 08:14:14,402] {local_task_job.py:156} INFO - Task exited with return code 0
[2024-02-12 08:14:14,432] {local_task_job.py:273} INFO - 3 downstream tasks scheduled from follow-on schedule check
